ErrorMessage : dasd=
InnerExceptionMessage : {"pdfName":"","premium":"9184","totalPremium":"11515","accidentalDeathPremium":"59","permanentDisabilityPremium":"47","criticalIllnessPremium":"440","premiumWaiver":"0","betterHalfPremium":"0","basePremium":"7783","hcbPremium":"1785","error":null,"isValid":true,"sumAssured":null}
ErrorMessage : https://sis.edelweisstokio.in/shirokuapi/v2/GetPremium
InnerExceptionMessage : { 'product': 'Zindagiplus', 'fullName':  'fgdgf', 'cliGender': 'Male', 'age':'27', 'cliDOB': '01/07/1993', 'maturityAge': '0', 'frequency': 'Yearly', 'smoke': 'No', 'policyTerm': '40', 'premiumPayingTerm': '40', 'sumAssured': '10000000', 'staff': 'No', 'workSiteFlag': 'No', 'index': '0', 'ADB': '100000', 'ATPD': '100000', 'CI': '100000', 'HCB': '100000', 'Term': '', 'WOP': 'No', 'pdf': 'No', 'childAge': '', 'childGender': '', 'maturityOption': '', 'flexibleBenefitYear': '', 'postponement': '', 'largeCap': '', 'top250': '', 'bond': '', 'moneyMarket': '', 'PEBased': '', 'managed': '', 'claimsOption': '', 'LAProposerSame': 'false',   'LAFullName': 'fgdgf', 'LAEmail': 'ff@gmail.com','LAMarriedStatus':'single', 'LANumber': '8954373863', 'LATobacco': 'No', 'LAAge': '27', 'LADOB': '01/07/1993', 'investmentStrategy': '', 'LAGender': 'Male', 'risingStar': 'No', 'policyOption': 'Life Cover with Level Sum Assured', 'distributionChannel': 'Corporate Agent', 'betterHalfBenefit': 'No', 'spouseFirstName': '', 'spouseLastName': ' ', 'spouseDOB': '', 'spouseGender': '', 'spouseAge': '', 'spouseTobaccoUser': '', 'additionalBenefit': '', 'topUpBenefitPercentage': '', 'payoutOption': 'LumpSum', 'payoutMonths': '', 'payoutPercentageLumpsum': '100', 'payoutPercentageLevelIncome': '0', 'payoutPercentageIncreasingIncome': '0', 'tranId': '' }
ErrorMessage : getdetail-webexception=
InnerExceptionMessage : The operation has timed out
ErrorMessage : getdetail-response=
InnerExceptionMessage : Object reference not set to an instance of an object.
ErrorMessage : dasd=
InnerExceptionMessage : {"pdfName":"","premium":"6997","totalPremium":"8691","accidentalDeathPremium":"59","permanentDisabilityPremium":"47","criticalIllnessPremium":"229","premiumWaiver":"0","betterHalfPremium":"0","basePremium":"5930","hcbPremium":"1359","error":null,"isValid":true,"sumAssured":null}
ErrorMessage : dasd=
InnerExceptionMessage : {"pdfName":"","premium":"6997","totalPremium":"8691","accidentalDeathPremium":"59","permanentDisabilityPremium":"47","criticalIllnessPremium":"229","premiumWaiver":"0","betterHalfPremium":"0","basePremium":"5930","hcbPremium":"1359","error":null,"isValid":true,"sumAssured":null}
ErrorMessage : dasd=
InnerExceptionMessage : {"pdfName":"","premium":"6997","totalPremium":"8691","accidentalDeathPremium":"59","permanentDisabilityPremium":"47","criticalIllnessPremium":"229","premiumWaiver":"0","betterHalfPremium":"0","basePremium":"5930","hcbPremium":"1359","error":null,"isValid":true,"sumAssured":null}
ErrorMessage : dasd=
InnerExceptionMessage : {"pdfName":"","premium":"6997","totalPremium":"8691","accidentalDeathPremium":"59","permanentDisabilityPremium":"47","criticalIllnessPremium":"229","premiumWaiver":"0","betterHalfPremium":"0","basePremium":"5930","hcbPremium":"1359","error":null,"isValid":true,"sumAssured":null}
ErrorMessage : https://sis.edelweisstokio.in/shirokuapi/v2/GetPremium
InnerExceptionMessage : { 'product': 'Zindagiplus', 'fullName':  'sfsdfdf', 'cliGender': 'Male', 'age':'30', 'cliDOB': '14/07/1989', 'maturityAge': '0', 'frequency': 'Yearly', 'smoke': 'No', 'policyTerm': '40', 'premiumPayingTerm': '40', 'sumAssured': '10000000', 'staff': 'No', 'workSiteFlag': 'No', 'index': '0', 'ADB': '100000', 'ATPD': '100000', 'CI': '100000', 'HCB': '100000', 'Term': '', 'WOP': 'No', 'pdf': 'No', 'childAge': '', 'childGender': '', 'maturityOption': '', 'flexibleBenefitYear': '', 'postponement': '', 'largeCap': '', 'top250': '', 'bond': '', 'moneyMarket': '', 'PEBased': '', 'managed': '', 'claimsOption': '', 'LAProposerSame': 'false',   'LAFullName': 'sfsdfdf', 'LAEmail': 'sfds@gmail.com','LAMarriedStatus':'single', 'LANumber': '9398368985', 'LATobacco': 'No', 'LAAge': '30', 'LADOB': '14/07/1989', 'investmentStrategy': '', 'LAGender': 'Male', 'risingStar': 'No', 'policyOption': 'Life Cover with Level Sum Assured', 'distributionChannel': 'Corporate Agent', 'betterHalfBenefit': 'No', 'spouseFirstName': '', 'spouseLastName': ' ', 'spouseDOB': '', 'spouseGender': '', 'spouseAge': '', 'spouseTobaccoUser': '', 'additionalBenefit': '', 'topUpBenefitPercentage': '', 'payoutOption': 'LumpSum', 'payoutMonths': '', 'payoutPercentageLumpsum': '100', 'payoutPercentageLevelIncome': '0', 'payoutPercentageIncreasingIncome': '0', 'tranId': '' }
ErrorMessage : getdetail-webexception=
InnerExceptionMessage : The operation has timed out
ErrorMessage : getdetail-response=
InnerExceptionMessage : Object reference not set to an instance of an object.
ErrorMessage : dasd=
InnerExceptionMessage : {"pdfName":"","premium":"11339","totalPremium":"14067","accidentalDeathPremium":"59","permanentDisabilityPremium":"47","criticalIllnessPremium":"588","premiumWaiver":"0","betterHalfPremium":"0","basePremium":"9609","hcbPremium":"2034","error":null,"isValid":true,"sumAssured":null}
ErrorMessage : dasd=
InnerExceptionMessage : {"pdfName":"","premium":"6617","totalPremium":"8184","accidentalDeathPremium":"59","permanentDisabilityPremium":"47","criticalIllnessPremium":"191","premiumWaiver":"0","betterHalfPremium":"0","basePremium":"5608","hcbPremium":"1270","error":null,"isValid":true,"sumAssured":null}
ErrorMessage : dasd=
InnerExceptionMessage : {"pdfName":"","premium":"6617","totalPremium":"8184","accidentalDeathPremium":"59","permanentDisabilityPremium":"47","criticalIllnessPremium":"191","premiumWaiver":"0","betterHalfPremium":"0","basePremium":"5608","hcbPremium":"1270","error":null,"isValid":true,"sumAssured":null}
ErrorMessage : dasd=
InnerExceptionMessage : {"pdfName":"","premium":"6617","totalPremium":"8184","accidentalDeathPremium":"59","permanentDisabilityPremium":"47","criticalIllnessPremium":"191","premiumWaiver":"0","betterHalfPremium":"0","basePremium":"5608","hcbPremium":"1270","error":null,"isValid":true,"sumAssured":null}
ErrorMessage : dasd=
InnerExceptionMessage : {"pdfName":"","premium":"8068","totalPremium":"10180","accidentalDeathPremium":"59","permanentDisabilityPremium":"47","criticalIllnessPremium":"362","premiumWaiver":"0","betterHalfPremium":"0","basePremium":"6837","hcbPremium":"1644","error":null,"isValid":true,"sumAssured":null}
ErrorMessage : dasd=
InnerExceptionMessage : {"genpremdtlsres":{"contractid":"null","quoterefno":"null","refno":"null","scrutinyno":"null","policyref":"null","netpremium":"5105","servicetaxamt":"0","educessamt":"0","totalpremium":"6023","finalpremium":"6023","servicetaxrate":"null","educessrate":"null","stampduty":"null","uwloadingper":"null","uwloadingamt":"null","loadingper":"null","loadingamt":"null","discountper":"null","discountamt":"null","spdiscountper":"null","spdiscountamt":"null","param1":"0","param2":"0","param3":"0","param4":"null"},"errorcoderes":"0","errorlistres":[],"transactionid":7699145,"servicetaxmstobj":{"taxcode":"27_SGST17","taxtype":"SGST","baseamount":"null","sertax":"0","educess":"0","sbtax":"0","kkc":"0","cess1":"0","cess2":"0","cess3":"0","sertaxdesc":"NA","educessdesc":"NA","sbcessdesc":"NA","kkccessdesc":"NA","cess1desc":"NA","cess2desc":"NA","cess3desc":"NA","adjsertax":"null","adjeducess":"null","adjsbtax":"null","adjkkc":"null","adjcess1":"null","adjcess2":"null","adjcess3":"null","addtaxval1":"459","addtaxval2":"0","addtaxval3":"459","addtaxval4":"0","addtaxval5":"0","addtaxval1desc":"State GST","addtaxval2desc":"NA","addtaxval3desc":"Central GST","addtaxval4desc":"NA","addtaxval5desc":"NA"}}
ErrorMessage : dasd=
InnerExceptionMessage : {"genpremdtlsres":{"contractid":"null","quoterefno":"null","refno":"null","scrutinyno":"null","policyref":"null","netpremium":"5105","servicetaxamt":"0","educessamt":"0","totalpremium":"6023","finalpremium":"6023","servicetaxrate":"null","educessrate":"null","stampduty":"null","uwloadingper":"null","uwloadingamt":"null","loadingper":"null","loadingamt":"null","discountper":"null","discountamt":"null","spdiscountper":"null","spdiscountamt":"null","param1":"0","param2":"0","param3":"0","param4":"null"},"errorcoderes":"0","errorlistres":[],"transactionid":7699165,"servicetaxmstobj":{"taxcode":"27_SGST17","taxtype":"SGST","baseamount":"null","sertax":"0","educess":"0","sbtax":"0","kkc":"0","cess1":"0","cess2":"0","cess3":"0","sertaxdesc":"NA","educessdesc":"NA","sbcessdesc":"NA","kkccessdesc":"NA","cess1desc":"NA","cess2desc":"NA","cess3desc":"NA","adjsertax":"null","adjeducess":"null","adjsbtax":"null","adjkkc":"null","adjcess1":"null","adjcess2":"null","adjcess3":"null","addtaxval1":"459","addtaxval2":"0","addtaxval3":"459","addtaxval4":"0","addtaxval5":"0","addtaxval1desc":"State GST","addtaxval2desc":"NA","addtaxval3desc":"Central GST","addtaxval4desc":"NA","addtaxval5desc":"NA"}}
ErrorMessage : https://preprod-digitpolicyissuance.godigit.com/policyservice/v1/createQuote
InnerExceptionMessage : { "bookingId": "retail-2020-7093967", "type": "I", "purpose": "L", "customer": { "firstName": "erger hrth", "lastName": "", "address": { "line1": "N.W. College", "line2": "", "line3": "", "state": "27", "city": "Mumbai", "country": "IND", "pinCode": "411001" }, "documents": [ { "type": "PPT", "id": "D89U0112" } ], "dob": "1995-01-01", "mobile": "9353568667", "email": "Bindu.S@godigit.com", "type": "N" }, "insuredPersons": [ { "firstName": "erger hrth", "lastName": "", "address": { "line1": "N.W. College", "line2": "", "line3": "", "state": "27", "city": "Pune", "country": "IND", "pinCode": "411001" }, "documents": [ { "type": "PPT", "id": "D890112" } ], "dob": "1990-02-02", "mobile": "7758589865", "email": "g@gmail.com", "profession": "", "paxId": "1", "nominee": { "relationship": "S", "name": "Uduwei Uhdewui" }, "type": "N", "gender": "ML" } ], "insuredPersonsCount": "1", "bookingDate": "2020-07-03", "packageName": "R15", "geography": "ASA", "travelEndDate": "2020-07-21", "travelStartDate": "2020-07-09", "discountFlag": "" }
ErrorMessage : getdetail-webexception=
InnerExceptionMessage : The remote server returned an error: (401) Unauthorized.
ErrorMessage : https://preprod-digitpolicyissuance.godigit.com/policyservice/v1/createQuote
InnerExceptionMessage : { "bookingId": "retail-2020-23239510", "type": "I", "purpose": "L", "customer": { "firstName": "erger hrth", "lastName": "", "address": { "line1": "N.W. College", "line2": "", "line3": "", "state": "27", "city": "Mumbai", "country": "IND", "pinCode": "411001" }, "documents": [ { "type": "PPT", "id": "D89U0112" } ], "dob": "1995-01-01", "mobile": "9353568667", "email": "Bindu.S@godigit.com", "type": "N" }, "insuredPersons": [ { "firstName": "erger hrth", "lastName": "", "address": { "line1": "N.W. College", "line2": "", "line3": "", "state": "27", "city": "Pune", "country": "IND", "pinCode": "411001" }, "documents": [ { "type": "PPT", "id": "D890112" } ], "dob": "1990-02-02", "mobile": "7758589865", "email": "g@gmail.com", "profession": "", "paxId": "1", "nominee": { "relationship": "S", "name": "Uduwei Uhdewui" }, "type": "N", "gender": "ML" } ], "insuredPersonsCount": "1", "bookingDate": "2020-07-03", "packageName": "R15", "geography": "ASA", "travelEndDate": "2020-07-21", "travelStartDate": "2020-07-09", "discountFlag": "" }
ErrorMessage : getdetail-webexception=
InnerExceptionMessage : The remote server returned an error: (401) Unauthorized.
ErrorMessage : https://preprod-digitpolicyissuance.godigit.com/policyservice/v1/createQuote
InnerExceptionMessage : { "bookingId": "retail-2020-21310210", "type": "I", "purpose": "L", "customer": { "firstName": "fwefwe feferjk", "lastName": "", "address": { "line1": "N.W. College", "line2": "", "line3": "", "state": "27", "city": "Mumbai", "country": "IND", "pinCode": "411001" }, "documents": [ { "type": "PPT", "id": "D89U0112" } ], "dob": "1995-01-01", "mobile": "9353568667", "email": "Bindu.S@godigit.com", "type": "N" }, "insuredPersons": [ { "firstName": "fwefwe feferjk", "lastName": "", "address": { "line1": "N.W. College", "line2": "", "line3": "", "state": "27", "city": "Pune", "country": "IND", "pinCode": "411001" }, "documents": [ { "type": "PPT", "id": "D890112" } ], "dob": "1990-02-02", "mobile": "7777879754", "email": "f@gmail.com", "profession": "", "paxId": "1", "nominee": { "relationship": "S", "name": "Uduwei Uhdewui" }, "type": "N", "gender": "ML" } ], "insuredPersonsCount": "1", "bookingDate": "2020-07-03", "packageName": "R15", "geography": "ASA", "travelEndDate": "2020-07-30", "travelStartDate": "2020-07-15", "discountFlag": "" }
ErrorMessage : getdetail-webexception=
InnerExceptionMessage : The remote server returned an error: (401) Unauthorized.
