ErrorMessage : dasd=
InnerExceptionMessage : {"premium":3137,"serviceTax":564,"totalPremium":3701}
ErrorMessage : dasd=
InnerExceptionMessage : {"premium":3137,"serviceTax":564,"totalPremium":3701}
ErrorMessage : System.NullReferenceException: Object reference not set to an instance of an object.
   at CheckYourPremiumMVC.Controllers.HealthPlanController.Decrypt(String inputString)
   at CheckYourPremiumMVC.Controllers.HealthPlanController.BindPremiumList(Int32 draw, Int32 start, Int32 length, String searchTxt, String AgeAdult, String AgeSpouse, String AgeChild1, String AgeChild2, String Self, String Adult, String Child, String SumInsured, String CoverForYear, String ID, String city, String Gender, String name, String MobileNo)
InnerExceptionMessage : 
ErrorMessage : System.NullReferenceException: Object reference not set to an instance of an object.
   at CheckYourPremiumMVC.Controllers.HealthPlanController.Decrypt(String inputString)
   at CheckYourPremiumMVC.Controllers.HealthPlanController.BindPremiumList(Int32 draw, Int32 start, Int32 length, String searchTxt, String AgeAdult, String AgeSpouse, String AgeChild1, String AgeChild2, String Self, String Adult, String Child, String SumInsured, String CoverForYear, String ID, String city, String Gender, String name, String MobileNo)
InnerExceptionMessage : 
ErrorMessage : System.NullReferenceException: Object reference not set to an instance of an object.
   at CheckYourPremiumMVC.Controllers.HealthPlanController.Decrypt(String inputString)
   at CheckYourPremiumMVC.Controllers.HealthPlanController.BindPremiumList(Int32 draw, Int32 start, Int32 length, String searchTxt, String AgeAdult, String AgeSpouse, String AgeChild1, String AgeChild2, String Self, String Adult, String Child, String SumInsured, String CoverForYear, String ID, String city, String Gender, String name, String MobileNo)
InnerExceptionMessage : 
ErrorMessage : System.NullReferenceException: Object reference not set to an instance of an object.
   at CheckYourPremiumMVC.Controllers.HealthPlanController.Decrypt(String inputString)
   at CheckYourPremiumMVC.Controllers.HealthPlanController.BindPremiumList(Int32 draw, Int32 start, Int32 length, String searchTxt, String AgeAdult, String AgeSpouse, String AgeChild1, String AgeChild2, String Self, String Adult, String Child, String SumInsured, String CoverForYear, String ID, String city, String Gender, String name, String MobileNo)
InnerExceptionMessage : 
ErrorMessage : dasd=
InnerExceptionMessage : {"genpremdtlsres":{"contractid":"null","quoterefno":"null","refno":"null","scrutinyno":"null","policyref":"null","netpremium":"30109","servicetaxamt":"0","educessamt":"0","totalpremium":"35529","finalpremium":"35529","servicetaxrate":"null","educessrate":"null","stampduty":"null","uwloadingper":"null","uwloadingamt":"null","loadingper":"null","loadingamt":"null","discountper":"null","discountamt":"null","spdiscountper":"null","spdiscountamt":"null","param1":"0","param2":"0","param3":"0","param4":"null"},"errorcoderes":"0","errorlistres":[],"transactionid":7894919,"servicetaxmstobj":{"taxcode":"27_SGST17","taxtype":"SGST","baseamount":"null","sertax":"0","educess":"0","sbtax":"0","kkc":"0","cess1":"0","cess2":"0","cess3":"0","sertaxdesc":"NA","educessdesc":"NA","sbcessdesc":"NA","kkccessdesc":"NA","cess1desc":"NA","cess2desc":"NA","cess3desc":"NA","adjsertax":"null","adjeducess":"null","adjsbtax":"null","adjkkc":"null","adjcess1":"null","adjcess2":"null","adjcess3":"null","addtaxval1":"2710","addtaxval2":"0","addtaxval3":"2710","addtaxval4":"0","addtaxval5":"0","addtaxval1desc":"State GST","addtaxval2desc":"NA","addtaxval3desc":"Central GST","addtaxval4desc":"NA","addtaxval5desc":"NA"}}
ErrorMessage : dasd=
InnerExceptionMessage : {"premium":3137,"serviceTax":564,"totalPremium":3701}
ErrorMessage : dasd=
InnerExceptionMessage : {"referenceId":"fc7508d2a87244df91a9305a7d1d8d03","premium":3137,"serviceTax":564,"totalPremium":3701}
ErrorMessage : dasd=
InnerExceptionMessage : {"referenceId":"fc7508d2a87244df91a9305a7d1d8d03","redirectToken":"f41b631d88a864f8f686b680675634b8"}
ErrorMessage : System.NullReferenceException: Object reference not set to an instance of an object.
   at CheckYourPremiumMVC.Controllers.HealthPlanController.Decrypt(String inputString) in d:\Divyanshi\CheckYourPremiumMVC-New\CheckYourPremiumMVC\Controllers\HealthPlanController.cs:line 312
   at CheckYourPremiumMVC.Controllers.HealthPlanController.BindPremiumList(Int32 draw, Int32 start, Int32 length, String searchTxt, String AgeAdult, String AgeSpouse, String AgeChild1, String AgeChild2, String Self, String Adult, String Child, String SumInsured, String CoverForYear, String ID, String city, String Gender, String name, String MobileNo) in d:\Divyanshi\CheckYourPremiumMVC-New\CheckYourPremiumMVC\Controllers\HealthPlanController.cs:line 381
InnerExceptionMessage : 
ErrorMessage : System.NullReferenceException: Object reference not set to an instance of an object.
   at CheckYourPremiumMVC.Controllers.HealthPlanController.Decrypt(String inputString) in d:\Divyanshi\CheckYourPremiumMVC-New\CheckYourPremiumMVC\Controllers\HealthPlanController.cs:line 312
   at CheckYourPremiumMVC.Controllers.HealthPlanController.BindPremiumList(Int32 draw, Int32 start, Int32 length, String searchTxt, String AgeAdult, String AgeSpouse, String AgeChild1, String AgeChild2, String Self, String Adult, String Child, String SumInsured, String CoverForYear, String ID, String city, String Gender, String name, String MobileNo) in d:\Divyanshi\CheckYourPremiumMVC-New\CheckYourPremiumMVC\Controllers\HealthPlanController.cs:line 381
InnerExceptionMessage : 
ErrorMessage : System.NullReferenceException: Object reference not set to an instance of an object.
   at CheckYourPremiumMVC.Controllers.HealthPlanController.Decrypt(String inputString) in d:\Divyanshi\CheckYourPremiumMVC-New\CheckYourPremiumMVC\Controllers\HealthPlanController.cs:line 312
   at CheckYourPremiumMVC.Controllers.HealthPlanController.BindPremiumList(Int32 draw, Int32 start, Int32 length, String searchTxt, String AgeAdult, String AgeSpouse, String AgeChild1, String AgeChild2, String Self, String Adult, String Child, String SumInsured, String CoverForYear, String ID, String city, String Gender, String name, String MobileNo) in d:\Divyanshi\CheckYourPremiumMVC-New\CheckYourPremiumMVC\Controllers\HealthPlanController.cs:line 381
InnerExceptionMessage : 
ErrorMessage : System.NullReferenceException: Object reference not set to an instance of an object.
   at CheckYourPremiumMVC.Controllers.HealthPlanController.Decrypt(String inputString) in d:\Divyanshi\CheckYourPremiumMVC-New\CheckYourPremiumMVC\Controllers\HealthPlanController.cs:line 312
   at CheckYourPremiumMVC.Controllers.HealthPlanController.BindPremiumList(Int32 draw, Int32 start, Int32 length, String searchTxt, String AgeAdult, String AgeSpouse, String AgeChild1, String AgeChild2, String Self, String Adult, String Child, String SumInsured, String CoverForYear, String ID, String city, String Gender, String name, String MobileNo) in d:\Divyanshi\CheckYourPremiumMVC-New\CheckYourPremiumMVC\Controllers\HealthPlanController.cs:line 381
InnerExceptionMessage : 
ErrorMessage : System.NullReferenceException: Object reference not set to an instance of an object.
   at CheckYourPremiumMVC.Controllers.HealthPlanController.Decrypt(String inputString) in d:\Divyanshi\CheckYourPremiumMVC-New\CheckYourPremiumMVC\Controllers\HealthPlanController.cs:line 312
   at CheckYourPremiumMVC.Controllers.HealthPlanController.BindPremiumList(Int32 draw, Int32 start, Int32 length, String searchTxt, String AgeAdult, String AgeSpouse, String AgeChild1, String AgeChild2, String Self, String Adult, String Child, String SumInsured, String CoverForYear, String ID, String city, String Gender, String name, String MobileNo) in d:\Divyanshi\CheckYourPremiumMVC-New\CheckYourPremiumMVC\Controllers\HealthPlanController.cs:line 381
InnerExceptionMessage : 
ErrorMessage : System.NullReferenceException: Object reference not set to an instance of an object.
   at CheckYourPremiumMVC.Controllers.HealthPlanController.Decrypt(String inputString) in d:\Divyanshi\CheckYourPremiumMVC-New\CheckYourPremiumMVC\Controllers\HealthPlanController.cs:line 312
   at CheckYourPremiumMVC.Controllers.HealthPlanController.BindPremiumList(Int32 draw, Int32 start, Int32 length, String searchTxt, String AgeAdult, String AgeSpouse, String AgeChild1, String AgeChild2, String Self, String Adult, String Child, String SumInsured, String CoverForYear, String ID, String city, String Gender, String name, String MobileNo) in d:\Divyanshi\CheckYourPremiumMVC-New\CheckYourPremiumMVC\Controllers\HealthPlanController.cs:line 381
InnerExceptionMessage : 
ErrorMessage : System.NullReferenceException: Object reference not set to an instance of an object.
   at CheckYourPremiumMVC.Controllers.HealthPlanController.Decrypt(String inputString) in d:\Divyanshi\CheckYourPremiumMVC-New\CheckYourPremiumMVC\Controllers\HealthPlanController.cs:line 312
   at CheckYourPremiumMVC.Controllers.HealthPlanController.BindPremiumList(Int32 draw, Int32 start, Int32 length, String searchTxt, String AgeAdult, String AgeSpouse, String AgeChild1, String AgeChild2, String Self, String Adult, String Child, String SumInsured, String CoverForYear, String ID, String city, String Gender, String name, String MobileNo) in d:\Divyanshi\CheckYourPremiumMVC-New\CheckYourPremiumMVC\Controllers\HealthPlanController.cs:line 381
InnerExceptionMessage : 
ErrorMessage : System.NullReferenceException: Object reference not set to an instance of an object.
   at CheckYourPremiumMVC.Controllers.HealthPlanController.Decrypt(String inputString) in d:\Divyanshi\CheckYourPremiumMVC-New\CheckYourPremiumMVC\Controllers\HealthPlanController.cs:line 312
   at CheckYourPremiumMVC.Controllers.HealthPlanController.BindPremiumList(Int32 draw, Int32 start, Int32 length, String searchTxt, String AgeAdult, String AgeSpouse, String AgeChild1, String AgeChild2, String Self, String Adult, String Child, String SumInsured, String CoverForYear, String ID, String city, String Gender, String name, String MobileNo) in d:\Divyanshi\CheckYourPremiumMVC-New\CheckYourPremiumMVC\Controllers\HealthPlanController.cs:line 381
InnerExceptionMessage : 
ErrorMessage : System.NullReferenceException: Object reference not set to an instance of an object.
   at CheckYourPremiumMVC.Controllers.HealthPlanController.Decrypt(String inputString) in d:\Divyanshi\CheckYourPremiumMVC-New\CheckYourPremiumMVC\Controllers\HealthPlanController.cs:line 312
   at CheckYourPremiumMVC.Controllers.HealthPlanController.BindPremiumList(Int32 draw, Int32 start, Int32 length, String searchTxt, String AgeAdult, String AgeSpouse, String AgeChild1, String AgeChild2, String Self, String Adult, String Child, String SumInsured, String CoverForYear, String ID, String city, String Gender, String name, String MobileNo) in d:\Divyanshi\CheckYourPremiumMVC-New\CheckYourPremiumMVC\Controllers\HealthPlanController.cs:line 381
InnerExceptionMessage : 
ErrorMessage : dasd=
InnerExceptionMessage : {"genpremdtlsres":{"contractid":"null","quoterefno":"null","refno":"null","scrutinyno":"null","policyref":"null","netpremium":"5105","servicetaxamt":"0","educessamt":"0","totalpremium":"6023","finalpremium":"6023","servicetaxrate":"null","educessrate":"null","stampduty":"null","uwloadingper":"null","uwloadingamt":"null","loadingper":"null","loadingamt":"null","discountper":"null","discountamt":"null","spdiscountper":"null","spdiscountamt":"null","param1":"0","param2":"0","param3":"0","param4":"null"},"errorcoderes":"0","errorlistres":[],"transactionid":7911608,"servicetaxmstobj":{"taxcode":"27_SGST17","taxtype":"SGST","baseamount":"null","sertax":"0","educess":"0","sbtax":"0","kkc":"0","cess1":"0","cess2":"0","cess3":"0","sertaxdesc":"NA","educessdesc":"NA","sbcessdesc":"NA","kkccessdesc":"NA","cess1desc":"NA","cess2desc":"NA","cess3desc":"NA","adjsertax":"null","adjeducess":"null","adjsbtax":"null","adjkkc":"null","adjcess1":"null","adjcess2":"null","adjcess3":"null","addtaxval1":"459","addtaxval2":"0","addtaxval3":"459","addtaxval4":"0","addtaxval5":"0","addtaxval1desc":"State GST","addtaxval2desc":"NA","addtaxval3desc":"Central GST","addtaxval4desc":"NA","addtaxval5desc":"NA"}}
ErrorMessage : dasd=
InnerExceptionMessage : {"genpremdtlsres":{"contractid":"null","quoterefno":"null","refno":"null","scrutinyno":"null","policyref":"null","netpremium":"30109","servicetaxamt":"0","educessamt":"0","totalpremium":"35529","finalpremium":"35529","servicetaxrate":"null","educessrate":"null","stampduty":"null","uwloadingper":"null","uwloadingamt":"null","loadingper":"null","loadingamt":"null","discountper":"null","discountamt":"null","spdiscountper":"null","spdiscountamt":"null","param1":"0","param2":"0","param3":"0","param4":"null"},"errorcoderes":"0","errorlistres":[],"transactionid":7911705,"servicetaxmstobj":{"taxcode":"27_SGST17","taxtype":"SGST","baseamount":"null","sertax":"0","educess":"0","sbtax":"0","kkc":"0","cess1":"0","cess2":"0","cess3":"0","sertaxdesc":"NA","educessdesc":"NA","sbcessdesc":"NA","kkccessdesc":"NA","cess1desc":"NA","cess2desc":"NA","cess3desc":"NA","adjsertax":"null","adjeducess":"null","adjsbtax":"null","adjkkc":"null","adjcess1":"null","adjcess2":"null","adjcess3":"null","addtaxval1":"2710","addtaxval2":"0","addtaxval3":"2710","addtaxval4":"0","addtaxval5":"0","addtaxval1desc":"State GST","addtaxval2desc":"NA","addtaxval3desc":"Central GST","addtaxval4desc":"NA","addtaxval5desc":"NA"}}
ErrorMessage : dasd=
InnerExceptionMessage : {"genpremdtlsres":{"contractid":"null","quoterefno":"null","refno":"null","scrutinyno":"null","policyref":"null","netpremium":"35323","servicetaxamt":"0","educessamt":"0","totalpremium":"41681","finalpremium":"41681","servicetaxrate":"null","educessrate":"null","stampduty":"null","uwloadingper":"null","uwloadingamt":"null","loadingper":"null","loadingamt":"null","discountper":"null","discountamt":"null","spdiscountper":"null","spdiscountamt":"null","param1":"0","param2":"0","param3":"0","param4":"null"},"errorcoderes":"0","errorlistres":[],"transactionid":7911621,"servicetaxmstobj":{"taxcode":"27_SGST17","taxtype":"SGST","baseamount":"null","sertax":"0","educess":"0","sbtax":"0","kkc":"0","cess1":"0","cess2":"0","cess3":"0","sertaxdesc":"NA","educessdesc":"NA","sbcessdesc":"NA","kkccessdesc":"NA","cess1desc":"NA","cess2desc":"NA","cess3desc":"NA","adjsertax":"null","adjeducess":"null","adjsbtax":"null","adjkkc":"null","adjcess1":"null","adjcess2":"null","adjcess3":"null","addtaxval1":"3179","addtaxval2":"0","addtaxval3":"3179","addtaxval4":"0","addtaxval5":"0","addtaxval1desc":"State GST","addtaxval2desc":"NA","addtaxval3desc":"Central GST","addtaxval4desc":"NA","addtaxval5desc":"NA"}}
ErrorMessage : dasd=
InnerExceptionMessage : {"genpremdtlsres":{"contractid":"null","quoterefno":"null","refno":"null","scrutinyno":"null","policyref":"null","netpremium":"8069","servicetaxamt":"0","educessamt":"0","totalpremium":"9521","finalpremium":"9521","servicetaxrate":"null","educessrate":"null","stampduty":"null","uwloadingper":"null","uwloadingamt":"null","loadingper":"null","loadingamt":"null","discountper":"null","discountamt":"null","spdiscountper":"null","spdiscountamt":"null","param1":"0","param2":"0","param3":"0","param4":"null"},"errorcoderes":"0","errorlistres":[],"transactionid":7911714,"servicetaxmstobj":{"taxcode":"27_SGST17","taxtype":"SGST","baseamount":"null","sertax":"0","educess":"0","sbtax":"0","kkc":"0","cess1":"0","cess2":"0","cess3":"0","sertaxdesc":"NA","educessdesc":"NA","sbcessdesc":"NA","kkccessdesc":"NA","cess1desc":"NA","cess2desc":"NA","cess3desc":"NA","adjsertax":"null","adjeducess":"null","adjsbtax":"null","adjkkc":"null","adjcess1":"null","adjcess2":"null","adjcess3":"null","addtaxval1":"726","addtaxval2":"0","addtaxval3":"726","addtaxval4":"0","addtaxval5":"0","addtaxval1desc":"State GST","addtaxval2desc":"NA","addtaxval3desc":"Central GST","addtaxval4desc":"NA","addtaxval5desc":"NA"}}
ErrorMessage : Input string was not in a correct format.
InnerExceptionMessage : 
ErrorMessage : Input string was not in a correct format.
InnerExceptionMessage : 
ErrorMessage : Input string was not in a correct format.
InnerExceptionMessage : 
ErrorMessage : Input string was not in a correct format.
InnerExceptionMessage : 
ErrorMessage : Input string was not in a correct format.
InnerExceptionMessage : 
ErrorMessage : Input string was not in a correct format.
InnerExceptionMessage : 
ErrorMessage : Input string was not in a correct format.
InnerExceptionMessage : 
ErrorMessage : Input string was not in a correct format.
InnerExceptionMessage : 
ErrorMessage : Input string was not in a correct format.
InnerExceptionMessage : 
ErrorMessage : Input string was not in a correct format.
InnerExceptionMessage : 
ErrorMessage : dasd=
InnerExceptionMessage : {"genpremdtlsres":{"contractid":"null","quoterefno":"null","refno":"null","scrutinyno":"null","policyref":"null","netpremium":"30109","servicetaxamt":"0","educessamt":"0","totalpremium":"35529","finalpremium":"35529","servicetaxrate":"null","educessrate":"null","stampduty":"null","uwloadingper":"null","uwloadingamt":"null","loadingper":"null","loadingamt":"null","discountper":"null","discountamt":"null","spdiscountper":"null","spdiscountamt":"null","param1":"0","param2":"0","param3":"0","param4":"null"},"errorcoderes":"0","errorlistres":[],"transactionid":7912023,"servicetaxmstobj":{"taxcode":"27_SGST17","taxtype":"SGST","baseamount":"null","sertax":"0","educess":"0","sbtax":"0","kkc":"0","cess1":"0","cess2":"0","cess3":"0","sertaxdesc":"NA","educessdesc":"NA","sbcessdesc":"NA","kkccessdesc":"NA","cess1desc":"NA","cess2desc":"NA","cess3desc":"NA","adjsertax":"null","adjeducess":"null","adjsbtax":"null","adjkkc":"null","adjcess1":"null","adjcess2":"null","adjcess3":"null","addtaxval1":"2710","addtaxval2":"0","addtaxval3":"2710","addtaxval4":"0","addtaxval5":"0","addtaxval1desc":"State GST","addtaxval2desc":"NA","addtaxval3desc":"Central GST","addtaxval4desc":"NA","addtaxval5desc":"NA"}}
ErrorMessage : dasd=
InnerExceptionMessage : {"genpremdtlsres":{"contractid":"null","quoterefno":"null","refno":"null","scrutinyno":"null","policyref":"null","netpremium":"30109","servicetaxamt":"0","educessamt":"0","totalpremium":"35529","finalpremium":"35529","servicetaxrate":"null","educessrate":"null","stampduty":"null","uwloadingper":"null","uwloadingamt":"null","loadingper":"null","loadingamt":"null","discountper":"null","discountamt":"null","spdiscountper":"null","spdiscountamt":"null","param1":"0","param2":"0","param3":"0","param4":"null"},"errorcoderes":"0","errorlistres":[],"transactionid":7913033,"servicetaxmstobj":{"taxcode":"27_SGST17","taxtype":"SGST","baseamount":"null","sertax":"0","educess":"0","sbtax":"0","kkc":"0","cess1":"0","cess2":"0","cess3":"0","sertaxdesc":"NA","educessdesc":"NA","sbcessdesc":"NA","kkccessdesc":"NA","cess1desc":"NA","cess2desc":"NA","cess3desc":"NA","adjsertax":"null","adjeducess":"null","adjsbtax":"null","adjkkc":"null","adjcess1":"null","adjcess2":"null","adjcess3":"null","addtaxval1":"2710","addtaxval2":"0","addtaxval3":"2710","addtaxval4":"0","addtaxval5":"0","addtaxval1desc":"State GST","addtaxval2desc":"NA","addtaxval3desc":"Central GST","addtaxval4desc":"NA","addtaxval5desc":"NA"}}
ErrorMessage : dasd=
InnerExceptionMessage : {"genpremdtlsres":{"contractid":"null","quoterefno":"null","refno":"null","scrutinyno":"null","policyref":"null","netpremium":"38360","servicetaxamt":"0","educessamt":"0","totalpremium":"45264","finalpremium":"45264","servicetaxrate":"null","educessrate":"null","stampduty":"null","uwloadingper":"null","uwloadingamt":"null","loadingper":"null","loadingamt":"null","discountper":"null","discountamt":"null","spdiscountper":"null","spdiscountamt":"null","param1":"0","param2":"0","param3":"0","param4":"null"},"errorcoderes":"0","errorlistres":[],"transactionid":7913149,"servicetaxmstobj":{"taxcode":"27_SGST17","taxtype":"SGST","baseamount":"null","sertax":"0","educess":"0","sbtax":"0","kkc":"0","cess1":"0","cess2":"0","cess3":"0","sertaxdesc":"NA","educessdesc":"NA","sbcessdesc":"NA","kkccessdesc":"NA","cess1desc":"NA","cess2desc":"NA","cess3desc":"NA","adjsertax":"null","adjeducess":"null","adjsbtax":"null","adjkkc":"null","adjcess1":"null","adjcess2":"null","adjcess3":"null","addtaxval1":"3452","addtaxval2":"0","addtaxval3":"3452","addtaxval4":"0","addtaxval5":"0","addtaxval1desc":"State GST","addtaxval2desc":"NA","addtaxval3desc":"Central GST","addtaxval4desc":"NA","addtaxval5desc":"NA"}}
ErrorMessage : dasd=
InnerExceptionMessage : {"genpremdtlsres":{"contractid":"null","quoterefno":"null","refno":"null","scrutinyno":"null","policyref":"null","netpremium":"17412","servicetaxamt":"0","educessamt":"0","totalpremium":"20546","finalpremium":"20546","servicetaxrate":"null","educessrate":"null","stampduty":"null","uwloadingper":"null","uwloadingamt":"null","loadingper":"null","loadingamt":"null","discountper":"null","discountamt":"null","spdiscountper":"null","spdiscountamt":"null","param1":"0","param2":"0","param3":"0","param4":"null"},"errorcoderes":"0","errorlistres":[],"transactionid":7913071,"servicetaxmstobj":{"taxcode":"27_SGST17","taxtype":"SGST","baseamount":"null","sertax":"0","educess":"0","sbtax":"0","kkc":"0","cess1":"0","cess2":"0","cess3":"0","sertaxdesc":"NA","educessdesc":"NA","sbcessdesc":"NA","kkccessdesc":"NA","cess1desc":"NA","cess2desc":"NA","cess3desc":"NA","adjsertax":"null","adjeducess":"null","adjsbtax":"null","adjkkc":"null","adjcess1":"null","adjcess2":"null","adjcess3":"null","addtaxval1":"1567","addtaxval2":"0","addtaxval3":"1567","addtaxval4":"0","addtaxval5":"0","addtaxval1desc":"State GST","addtaxval2desc":"NA","addtaxval3desc":"Central GST","addtaxval4desc":"NA","addtaxval5desc":"NA"}}
ErrorMessage : dasd=
InnerExceptionMessage : {"genpremdtlsres":{"contractid":"null","quoterefno":"null","refno":"null","scrutinyno":"null","policyref":"null","netpremium":"5105","servicetaxamt":"0","educessamt":"0","totalpremium":"6023","finalpremium":"6023","servicetaxrate":"null","educessrate":"null","stampduty":"null","uwloadingper":"null","uwloadingamt":"null","loadingper":"null","loadingamt":"null","discountper":"null","discountamt":"null","spdiscountper":"null","spdiscountamt":"null","param1":"0","param2":"0","param3":"0","param4":"null"},"errorcoderes":"0","errorlistres":[],"transactionid":7913162,"servicetaxmstobj":{"taxcode":"27_SGST17","taxtype":"SGST","baseamount":"null","sertax":"0","educess":"0","sbtax":"0","kkc":"0","cess1":"0","cess2":"0","cess3":"0","sertaxdesc":"NA","educessdesc":"NA","sbcessdesc":"NA","kkccessdesc":"NA","cess1desc":"NA","cess2desc":"NA","cess3desc":"NA","adjsertax":"null","adjeducess":"null","adjsbtax":"null","adjkkc":"null","adjcess1":"null","adjcess2":"null","adjcess3":"null","addtaxval1":"459","addtaxval2":"0","addtaxval3":"459","addtaxval4":"0","addtaxval5":"0","addtaxval1desc":"State GST","addtaxval2desc":"NA","addtaxval3desc":"Central GST","addtaxval4desc":"NA","addtaxval5desc":"NA"}}
ErrorMessage : dasd=
InnerExceptionMessage : {"genpremdtlsres":{"contractid":"null","quoterefno":"null","refno":"null","scrutinyno":"null","policyref":"null","netpremium":"5105","servicetaxamt":"0","educessamt":"0","totalpremium":"6023","finalpremium":"6023","servicetaxrate":"null","educessrate":"null","stampduty":"null","uwloadingper":"null","uwloadingamt":"null","loadingper":"null","loadingamt":"null","discountper":"null","discountamt":"null","spdiscountper":"null","spdiscountamt":"null","param1":"0","param2":"0","param3":"0","param4":"null"},"errorcoderes":"0","errorlistres":[],"transactionid":7913168,"servicetaxmstobj":{"taxcode":"27_SGST17","taxtype":"SGST","baseamount":"null","sertax":"0","educess":"0","sbtax":"0","kkc":"0","cess1":"0","cess2":"0","cess3":"0","sertaxdesc":"NA","educessdesc":"NA","sbcessdesc":"NA","kkccessdesc":"NA","cess1desc":"NA","cess2desc":"NA","cess3desc":"NA","adjsertax":"null","adjeducess":"null","adjsbtax":"null","adjkkc":"null","adjcess1":"null","adjcess2":"null","adjcess3":"null","addtaxval1":"459","addtaxval2":"0","addtaxval3":"459","addtaxval4":"0","addtaxval5":"0","addtaxval1desc":"State GST","addtaxval2desc":"NA","addtaxval3desc":"Central GST","addtaxval4desc":"NA","addtaxval5desc":"NA"}}
