ErrorMessage : dasd=
InnerExceptionMessage : {"premium":3137,"serviceTax":564,"totalPremium":3701}
ErrorMessage : dasd=
InnerExceptionMessage : {"premium":3137,"serviceTax":564,"totalPremium":3701}
ErrorMessage : dasd=
InnerExceptionMessage : {"premium":3137,"serviceTax":564,"totalPremium":3701}
ErrorMessage : dasd=
InnerExceptionMessage : {"premium":3137,"serviceTax":564,"totalPremium":3701}
ErrorMessage : dasd=
InnerExceptionMessage : {"premium":3137,"serviceTax":564,"totalPremium":3701}
ErrorMessage : dasd=
InnerExceptionMessage : {"premium":3137,"serviceTax":564,"totalPremium":3701}
ErrorMessage : dasd=
InnerExceptionMessage : {"premium":3137,"serviceTax":564,"totalPremium":3701}
ErrorMessage : dasd=
InnerExceptionMessage : {"premium":3137,"serviceTax":564,"totalPremium":3701}
ErrorMessage : dasd=
InnerExceptionMessage : {"premium":3137,"serviceTax":564,"totalPremium":3701}
ErrorMessage : dasd=
InnerExceptionMessage : {"referenceId":"f6550b2ba5b0487581e0f16ad0b4c763","premium":3137,"serviceTax":564,"totalPremium":3701}
ErrorMessage : dasd=
InnerExceptionMessage : {"genpremdtlsres":{"contractid":"null","quoterefno":"null","refno":"null","scrutinyno":"null","policyref":"null","netpremium":"14453","servicetaxamt":"0","educessamt":"0","totalpremium":"17055","finalpremium":"17055","servicetaxrate":"null","educessrate":"null","stampduty":"null","uwloadingper":"null","uwloadingamt":"null","loadingper":"null","loadingamt":"null","discountper":"null","discountamt":"null","spdiscountper":"null","spdiscountamt":"null","param1":"0","param2":"0","param3":"0","param4":"null"},"errorcoderes":"0","errorlistres":[],"transactionid":8096022,"servicetaxmstobj":{"taxcode":"27_SGST17","taxtype":"SGST","baseamount":"null","sertax":"0","educess":"0","sbtax":"0","kkc":"0","cess1":"0","cess2":"0","cess3":"0","sertaxdesc":"NA","educessdesc":"NA","sbcessdesc":"NA","kkccessdesc":"NA","cess1desc":"NA","cess2desc":"NA","cess3desc":"NA","adjsertax":"null","adjeducess":"null","adjsbtax":"null","adjkkc":"null","adjcess1":"null","adjcess2":"null","adjcess3":"null","addtaxval1":"1301","addtaxval2":"0","addtaxval3":"1301","addtaxval4":"0","addtaxval5":"0","addtaxval1desc":"State GST","addtaxval2desc":"NA","addtaxval3desc":"Central GST","addtaxval4desc":"NA","addtaxval5desc":"NA"}}
ErrorMessage : dasd=
InnerExceptionMessage : {"premium":16410,"serviceTax":2954,"totalPremium":19364}
ErrorMessage : dasd=
InnerExceptionMessage : {"genpremdtlsres":{"contractid":"null","quoterefno":"null","refno":"null","scrutinyno":"null","policyref":"null","netpremium":"18066","servicetaxamt":"0","educessamt":"0","totalpremium":"21318","finalpremium":"21318","servicetaxrate":"null","educessrate":"null","stampduty":"null","uwloadingper":"null","uwloadingamt":"null","loadingper":"null","loadingamt":"null","discountper":"null","discountamt":"null","spdiscountper":"null","spdiscountamt":"null","param1":"0","param2":"0","param3":"0","param4":"null"},"errorcoderes":"0","errorlistres":[],"transactionid":8096756,"servicetaxmstobj":{"taxcode":"27_SGST17","taxtype":"SGST","baseamount":"null","sertax":"0","educess":"0","sbtax":"0","kkc":"0","cess1":"0","cess2":"0","cess3":"0","sertaxdesc":"NA","educessdesc":"NA","sbcessdesc":"NA","kkccessdesc":"NA","cess1desc":"NA","cess2desc":"NA","cess3desc":"NA","adjsertax":"null","adjeducess":"null","adjsbtax":"null","adjkkc":"null","adjcess1":"null","adjcess2":"null","adjcess3":"null","addtaxval1":"1626","addtaxval2":"0","addtaxval3":"1626","addtaxval4":"0","addtaxval5":"0","addtaxval1desc":"State GST","addtaxval2desc":"NA","addtaxval3desc":"Central GST","addtaxval4desc":"NA","addtaxval5desc":"NA"}}
ErrorMessage : dasd=
InnerExceptionMessage : {"premium":16410,"serviceTax":2954,"totalPremium":19364}
ErrorMessage : dasd=
InnerExceptionMessage : {"genpremdtlsres":{"contractid":"null","quoterefno":"null","refno":"null","scrutinyno":"null","policyref":"null","netpremium":"14453","servicetaxamt":"0","educessamt":"0","totalpremium":"17055","finalpremium":"17055","servicetaxrate":"null","educessrate":"null","stampduty":"null","uwloadingper":"null","uwloadingamt":"null","loadingper":"null","loadingamt":"null","discountper":"null","discountamt":"null","spdiscountper":"null","spdiscountamt":"null","param1":"0","param2":"0","param3":"0","param4":"null"},"errorcoderes":"0","errorlistres":[],"transactionid":8096987,"servicetaxmstobj":{"taxcode":"27_SGST17","taxtype":"SGST","baseamount":"null","sertax":"0","educess":"0","sbtax":"0","kkc":"0","cess1":"0","cess2":"0","cess3":"0","sertaxdesc":"NA","educessdesc":"NA","sbcessdesc":"NA","kkccessdesc":"NA","cess1desc":"NA","cess2desc":"NA","cess3desc":"NA","adjsertax":"null","adjeducess":"null","adjsbtax":"null","adjkkc":"null","adjcess1":"null","adjcess2":"null","adjcess3":"null","addtaxval1":"1301","addtaxval2":"0","addtaxval3":"1301","addtaxval4":"0","addtaxval5":"0","addtaxval1desc":"State GST","addtaxval2desc":"NA","addtaxval3desc":"Central GST","addtaxval4desc":"NA","addtaxval5desc":"NA"}}
ErrorMessage : dasd=
InnerExceptionMessage : {"premium":16410,"serviceTax":2954,"totalPremium":19364}
ErrorMessage : dasd=
InnerExceptionMessage : {"premium":16410,"serviceTax":2954,"totalPremium":19364}
ErrorMessage : dasd=
InnerExceptionMessage : {"premium":16410,"serviceTax":2954,"totalPremium":19364}
ErrorMessage : dasd=
InnerExceptionMessage : {"premium":16410,"serviceTax":2954,"totalPremium":19364}
ErrorMessage : dasd=
InnerExceptionMessage : {"premium":16410,"serviceTax":2954,"totalPremium":19364}
ErrorMessage : dasd=
InnerExceptionMessage : {"premium":16410,"serviceTax":2954,"totalPremium":19364}
ErrorMessage : dasd=
InnerExceptionMessage : {"premium":16410,"serviceTax":2954,"totalPremium":19364}
ErrorMessage : dasd=
InnerExceptionMessage : {"premium":16410,"serviceTax":2954,"totalPremium":19364}
ErrorMessage : dasd=
InnerExceptionMessage : {"premium":16410,"serviceTax":2954,"totalPremium":19364}
ErrorMessage : dasd=
InnerExceptionMessage : {"premium":16410,"serviceTax":2954,"totalPremium":19364}
ErrorMessage : dasd=
InnerExceptionMessage : {"premium":16410,"serviceTax":2954,"totalPremium":19364}
ErrorMessage : dasd=
InnerExceptionMessage : {"premium":16410,"serviceTax":2954,"totalPremium":19364}
ErrorMessage : dasd=
InnerExceptionMessage : {"premium":16410,"serviceTax":2954,"totalPremium":19364}
ErrorMessage : dasd=
InnerExceptionMessage : {"premium":16410,"serviceTax":2954,"totalPremium":19364}
ErrorMessage : dasd=
InnerExceptionMessage : {"premium":16410,"serviceTax":2954,"totalPremium":19364}
ErrorMessage : dasd=
InnerExceptionMessage : {"premium":16410,"serviceTax":2954,"totalPremium":19364}
ErrorMessage : dasd=
InnerExceptionMessage : {"premium":16410,"serviceTax":2954,"totalPremium":19364}
ErrorMessage : dasd=
InnerExceptionMessage : {"premium":16410,"serviceTax":2954,"totalPremium":19364}
ErrorMessage : dasd=
InnerExceptionMessage : {"premium":16410,"serviceTax":2954,"totalPremium":19364}
ErrorMessage : dasd=
InnerExceptionMessage : {"premium":16410,"serviceTax":2954,"totalPremium":19364}
ErrorMessage : dasd=
InnerExceptionMessage : {"premium":16410,"serviceTax":2954,"totalPremium":19364}
ErrorMessage : dasd=
InnerExceptionMessage : {"premium":16410,"serviceTax":2954,"totalPremium":19364}
ErrorMessage : dasd=
InnerExceptionMessage : {"premium":16410,"serviceTax":2954,"totalPremium":19364}
ErrorMessage : dasd=
InnerExceptionMessage : {"premium":16410,"serviceTax":2954,"totalPremium":19364}
ErrorMessage : dasd=
InnerExceptionMessage : {"premium":16410,"serviceTax":2954,"totalPremium":19364}
ErrorMessage : dasd=
InnerExceptionMessage : {"premium":16410,"serviceTax":2954,"totalPremium":19364}
ErrorMessage : dasd=
InnerExceptionMessage : {"premium":16410,"serviceTax":2954,"totalPremium":19364}
ErrorMessage : dasd=
InnerExceptionMessage : {"premium":16410,"serviceTax":2954,"totalPremium":19364}
ErrorMessage : dasd=
InnerExceptionMessage : {"premium":16410,"serviceTax":2954,"totalPremium":19364}
ErrorMessage : dasd=
InnerExceptionMessage : {"premium":16410,"serviceTax":2954,"totalPremium":19364}
ErrorMessage : dasd=
InnerExceptionMessage : {"premium":16410,"serviceTax":2954,"totalPremium":19364}
ErrorMessage : dasd=
InnerExceptionMessage : {"premium":16410,"serviceTax":2954,"totalPremium":19364}
ErrorMessage : dasd=
InnerExceptionMessage : {"genpremdtlsres":{"contractid":"null","quoterefno":"null","refno":"null","scrutinyno":"null","policyref":"null","netpremium":"14453","servicetaxamt":"0","educessamt":"0","totalpremium":"17055","finalpremium":"17055","servicetaxrate":"null","educessrate":"null","stampduty":"null","uwloadingper":"null","uwloadingamt":"null","loadingper":"null","loadingamt":"null","discountper":"null","discountamt":"null","spdiscountper":"null","spdiscountamt":"null","param1":"0","param2":"0","param3":"0","param4":"null"},"errorcoderes":"0","errorlistres":[],"transactionid":8100711,"servicetaxmstobj":{"taxcode":"27_SGST17","taxtype":"SGST","baseamount":"null","sertax":"0","educess":"0","sbtax":"0","kkc":"0","cess1":"0","cess2":"0","cess3":"0","sertaxdesc":"NA","educessdesc":"NA","sbcessdesc":"NA","kkccessdesc":"NA","cess1desc":"NA","cess2desc":"NA","cess3desc":"NA","adjsertax":"null","adjeducess":"null","adjsbtax":"null","adjkkc":"null","adjcess1":"null","adjcess2":"null","adjcess3":"null","addtaxval1":"1301","addtaxval2":"0","addtaxval3":"1301","addtaxval4":"0","addtaxval5":"0","addtaxval1desc":"State GST","addtaxval2desc":"NA","addtaxval3desc":"Central GST","addtaxval4desc":"NA","addtaxval5desc":"NA"}}
ErrorMessage : dasd=
InnerExceptionMessage : {"premium":16410,"serviceTax":2954,"totalPremium":19364}
ErrorMessage : https://ig.starhealth.in/api/policy/proposals
InnerExceptionMessage : {"Id":0,"FirstName":"","LastName":"","EmailId":"","DOB":"","Gender":"","MobileNo":"","Address":"","Country":"","Password":"","ConfirmPassword":"","attempttime":0,"countsec":0,"datecount":"","SecurityCode":"","sumInsuredId":1,"schemeId":6,"sumAssured":"500000","Amount":"16410","serviceTax":"2954","totalPremium":"19364","NoOfAdults":"2","NoOfChildren":"2","Plan":"Comprehensive","startOn":"July 21, 2020","endOn":"July 20, 2021","policyCategory":"fresh","proposerName":"hjgbn nmh","proposerEmail":"vb@gmail.com","proposerPhone":"9868757645","proposerAddressOne":"gvbn bnhgvhj","proposerAddressTwo":"bngvbjnb","proposerAreaId":"61381","proposerAreaPinCode":"226016","proposerAreaCityId":"","proposerResidenceAddressOne":"","proposerResidenceAddressTwo":"","proposerResidenceAreaId":"","proposerResidenceAreaPinCode":"","proposerResidenceAreaCityId":"","proposerDob":"July 20, 1975","panNumber":"","gstTypeId":"","gstIdNumber":"","aadharNumber":"","eiaNumber":"","socialStatus":"1","socialStatusBpl":"1","socialStatusDisabled":"1","socialStatusInformal":"1","socialStatusUnorganized":"1","previousMedicalInsurance":"","annualIncome":"100000","criticalIllness":"false","insureds[0]":{"dob":"July 16, 1975","sumInsuredId":1,"name":"JUHkj m,jk","sex":"Male","illness":"None","relationshipId":1,"occupationId":5,"hospitalCash":"0","height":160,"weight":60,"isPersonalAccidentApplicable":"false","engageManualLabour":"Nil","engageWinterSports":"Nil","buyBackPED":0},"insureds[1]":{"dob":"July 16, 1980","sumInsuredId":1,"name":"jytgbnm ng","sex":"Female","illness":"None","relationshipId":2,"occupationId":10,"hospitalCash":"0","height":150,"weight":50,"isPersonalAccidentApplicable":"true","engageManualLabour":"Nil","engageWinterSports":"Nil","buyBackPED":0},"insureds[2]":{"dob":"July 20, 2010","sumInsuredId":1,"name":"xdc x fcvbgf","sex":"","illness":"None","relationshipId":3,"occupationId":12,"hospitalCash":"0","height":130,"weight":30,"isPersonalAccidentApplicable":"false","engageManualLabour":"Nil","engageWinterSports":"Nil","buyBackPED":0},"insureds[3]":{"dob":"July 20, 2011","sumInsuredId":1,"name":"bvxbn nbs","sex":"Male","illness":"None","relationshipId":3,"occupationId":12,"hospitalCash":"0","height":120,"weight":20,"isPersonalAccidentApplicable":"false","engageManualLabour":"Nil","engageWinterSports":"Nil","buyBackPED":0},"nomineeName":"ghfvbn","nomineeAge":"45","nomineeRelationship":"Father","nomineePercentClaim":"100","appointeeName":"","appointeeAge":"","appointeeRelationship":"","nomineeNameTwo":"","nomineeAgeTwo":"","nomineeRelationshipTwo":"","nomineePercentClaimTwo":"","appointeeNameTwo":"","appointeeAgeTwo":"","appointeeRelationshipTwo":"","APIKEY":"0b7ac3ec6a6246ef8c1f510c1ea5eaf9","SECRETKEY":"f5e918674da44343bb38212a59cb8bcd","policyTypeName":"COMPREHENSIVE","travelStartOn":"","travelEndOn":"","planId":9520,"postalCode":0,"period":1,"searchId":679105705,"companyId":"10006"}
ErrorMessage : getdetail-webexception=
InnerExceptionMessage : The remote server returned an error: (400) Bad Request.
ErrorMessage : dasd=
InnerExceptionMessage : {"premium":16410,"serviceTax":2954,"totalPremium":19364}
ErrorMessage : dasd=
InnerExceptionMessage : {"premium":16410,"serviceTax":2954,"totalPremium":19364}
ErrorMessage : dasd=
InnerExceptionMessage : {"premium":16410,"serviceTax":2954,"totalPremium":19364}
ErrorMessage : dasd=
InnerExceptionMessage : {"premium":16410,"serviceTax":2954,"totalPremium":19364}
ErrorMessage : dasd=
InnerExceptionMessage : {"premium":16410,"serviceTax":2954,"totalPremium":19364}
ErrorMessage : dasd=
InnerExceptionMessage : {"premium":16410,"serviceTax":2954,"totalPremium":19364}
ErrorMessage : dasd=
InnerExceptionMessage : {"premium":16410,"serviceTax":2954,"totalPremium":19364}
ErrorMessage : dasd=
InnerExceptionMessage : {"premium":16410,"serviceTax":2954,"totalPremium":19364}
ErrorMessage : dasd=
InnerExceptionMessage : {"premium":16410,"serviceTax":2954,"totalPremium":19364}
ErrorMessage : dasd=
InnerExceptionMessage : {"premium":16410,"serviceTax":2954,"totalPremium":19364}
ErrorMessage : dasd=
InnerExceptionMessage : {"referenceId":"813ed78400334655af73083240029f0f","premium":16410,"serviceTax":2954,"totalPremium":19364}
ErrorMessage : dasd=
InnerExceptionMessage : {"referenceId":"813ed78400334655af73083240029f0f","redirectToken":"59d5d1402330f24aa3511df2d0881336"}
ErrorMessage : dasd=
InnerExceptionMessage : {"premium":3137,"serviceTax":564,"totalPremium":3701}
ErrorMessage : dasd=
InnerExceptionMessage : {"referenceId":"e611098940574adb89cc624a363f5a1c","premium":3137,"serviceTax":564,"totalPremium":3701}
ErrorMessage : dasd=
InnerExceptionMessage : {"referenceId":"e611098940574adb89cc624a363f5a1c","redirectToken":"d2db5db8ed2779e0c10ff7e55776b63a"}
ErrorMessage : dasd=
InnerExceptionMessage : {"premium":3137,"serviceTax":564,"totalPremium":3701}
