ErrorMessage : https://webservices.bajajallianz.com/BagicHealthWebservice/healthpremiumcal
InnerExceptionMessage : 
ErrorMessage : getdetail-webexception=
InnerExceptionMessage : The remote server returned an error: (400) Bad Request.
ErrorMessage : https://webservices.bajajallianz.com/BagicHealthWebservice/healthpremiumcal
InnerExceptionMessage : 
ErrorMessage : getdetail-webexception=
InnerExceptionMessage : The remote server returned an error: (400) Bad Request.
ErrorMessage : https://webservices.bajajallianz.com/BagicHealthWebservice/healthpremiumcal
InnerExceptionMessage : 
ErrorMessage : getdetail-webexception=
InnerExceptionMessage : The remote server returned an error: (400) Bad Request.
ErrorMessage : https://webservices.bajajallianz.com/BagicHealthWebservice/healthpremiumcal
InnerExceptionMessage : 
ErrorMessage : getdetail-webexception=
InnerExceptionMessage : The remote server returned an error: (400) Bad Request.
ErrorMessage : https://webservices.bajajallianz.com/BagicHealthWebservice/healthpremiumcal
InnerExceptionMessage : 
ErrorMessage : getdetail-webexception=
InnerExceptionMessage : The remote server returned an error: (400) Bad Request.
ErrorMessage : https://webservices.bajajallianz.com/BagicHealthWebservice/healthpremiumcal
InnerExceptionMessage : 
ErrorMessage : getdetail-webexception=
InnerExceptionMessage : The remote server returned an error: (400) Bad Request.
ErrorMessage : https://webservices.bajajallianz.com/BagicHealthWebservice/healthpremiumcal
InnerExceptionMessage : 
ErrorMessage : getdetail-webexception=
InnerExceptionMessage : The remote server returned an error: (400) Bad Request.
ErrorMessage : https://webservices.bajajallianz.com/BagicHealthWebservice/healthpremiumcal
InnerExceptionMessage : 
ErrorMessage : getdetail-webexception=
InnerExceptionMessage : The remote server returned an error: (400) Bad Request.
ErrorMessage : https://webservices.bajajallianz.com/BagicHealthWebservice/healthpremiumcal
InnerExceptionMessage : 
ErrorMessage : getdetail-webexception=
InnerExceptionMessage : The remote server returned an error: (400) Bad Request.
ErrorMessage : https://webservices.bajajallianz.com/BagicHealthWebservice/healthpremiumcal
InnerExceptionMessage : 
ErrorMessage : getdetail-webexception=
InnerExceptionMessage : The remote server returned an error: (400) Bad Request.
ErrorMessage : https://webservices.bajajallianz.com/BagicHealthWebservice/healthpremiumcal
InnerExceptionMessage : 
ErrorMessage : getdetail-webexception=
InnerExceptionMessage : The remote server returned an error: (400) Bad Request.
ErrorMessage : https://webservices.bajajallianz.com/BagicHealthWebservice/healthpremiumcal
InnerExceptionMessage : 
ErrorMessage : getdetail-webexception=
InnerExceptionMessage : The remote server returned an error: (400) Bad Request.
ErrorMessage : dasd=
InnerExceptionMessage : {"premium":10120,"serviceTax":1822,"totalPremium":11942}
ErrorMessage : https://ig.starhealth.in/api/policy/proposals
InnerExceptionMessage : {"Id":0,"FirstName":"","LastName":"","EmailId":"","DOB":"","Gender":"","MobileNo":"","Address":"","Country":"","Password":"","ConfirmPassword":"","attempttime":0,"countsec":0,"datecount":"","SecurityCode":"","sumInsuredId":1,"schemeId":2,"sumAssured":"500000","Amount":"10120","serviceTax":"1821","totalPremium":"11941","NoOfAdults":"1","NoOfChildren":"1","Plan":"Comprehensive","startOn":"October 26, 2020","endOn":"October 25, 2021","policyCategory":"fresh","proposerName":"Gfd fghjh","proposerEmail":"jhgj@gmail.com","proposerPhone":"9878967866","proposerAddressOne":"dxgfj","proposerAddressTwo":"sdjshj","proposerAreaId":"61381","proposerAreaPinCode":"226016","proposerAreaCityId":"3090","proposerResidenceAddressOne":"","proposerResidenceAddressTwo":"","proposerResidenceAreaId":"","proposerResidenceAreaPinCode":"","proposerResidenceAreaCityId":"","proposerDob":"October 25, 1975","panNumber":"","gstTypeId":"","gstIdNumber":"","aadharNumber":"","eiaNumber":"","socialStatus":"1","socialStatusBpl":"1","socialStatusDisabled":"1","socialStatusInformal":"1","socialStatusUnorganized":"1","previousMedicalInsurance":"","annualIncome":"100000000","criticalIllness":"false","insureds[0]":{"dob":"October 12, 1966","sumInsuredId":1,"name":"gjhgjhj","sex":"Male","illness":"None","relationshipId":1,"occupationId":2,"hospitalCash":"0","height":160,"weight":60,"isPersonalAccidentApplicable":"false","engageManualLabour":"Nil","engageWinterSports":"Nil","buyBackPED":0},"insureds[2]":{"dob":"October 16, 1974","sumInsuredId":1,"name":"ghfghghj","sex":"Male","illness":"None","relationshipId":3,"occupationId":12,"hospitalCash":"0","height":90,"weight":20,"isPersonalAccidentApplicable":"false","engageManualLabour":"Nil","engageWinterSports":"Nil","buyBackPED":0},"nomineeName":"ghjgjhkj","nomineeAge":"45","nomineeRelationship":"Father","nomineePercentClaim":"100","appointeeName":"","appointeeAge":"","appointeeRelationship":"","nomineeNameTwo":"","nomineeAgeTwo":"","nomineeRelationshipTwo":"","nomineePercentClaimTwo":"","appointeeNameTwo":"","appointeeAgeTwo":"","appointeeRelationshipTwo":"","APIKEY":"0b7ac3ec6a6246ef8c1f510c1ea5eaf9","SECRETKEY":"f5e918674da44343bb38212a59cb8bcd","policyTypeName":"COMPREHENSIVE","travelStartOn":"","travelEndOn":"","planId":9346,"postalCode":0,"period":1,"searchId":405841142,"companyId":"10006"}
ErrorMessage : getdetail-webexception=
InnerExceptionMessage : The remote server returned an error: (500) Internal Server Error.
ErrorMessage : https://webservices.bajajallianz.com/BagicHealthWebservice/healthpremiumcal
InnerExceptionMessage : 
ErrorMessage : getdetail-webexception=
InnerExceptionMessage : The remote server returned an error: (400) Bad Request.
ErrorMessage : dasd=
InnerExceptionMessage : {"premium":8055,"serviceTax":1450,"totalPremium":9505}
ErrorMessage : https://ig.starhealth.in/api/policy/proposals
InnerExceptionMessage : {"Id":0,"FirstName":"","LastName":"","EmailId":"","DOB":"","Gender":"","MobileNo":"","Address":"","Country":"","Password":"","ConfirmPassword":"","attempttime":0,"countsec":0,"datecount":"","SecurityCode":"","sumInsuredId":4,"schemeId":2,"sumAssured":"500000","Amount":"8055","serviceTax":"1449","totalPremium":"9504","NoOfAdults":"1","NoOfChildren":"1","Plan":"Family Health Optima","startOn":"October 26, 2020","endOn":"October 25, 2021","policyCategory":"fresh","proposerName":"Gfd fghjh","proposerEmail":"hjj@gmail.com","proposerPhone":"9878967866","proposerAddressOne":"vhmv","proposerAddressTwo":"ghgh","proposerAreaId":"61382","proposerAreaPinCode":"226016","proposerAreaCityId":"3090","proposerResidenceAddressOne":"","proposerResidenceAddressTwo":"","proposerResidenceAreaId":"","proposerResidenceAreaPinCode":"","proposerResidenceAreaCityId":"","proposerDob":"October 25, 1975","panNumber":"","gstTypeId":"","gstIdNumber":"","aadharNumber":"","eiaNumber":"","socialStatus":"1","socialStatusBpl":"1","socialStatusDisabled":"1","socialStatusInformal":"1","socialStatusUnorganized":"1","previousMedicalInsurance":"","annualIncome":"100000","criticalIllness":"false","insureds[0]":{"dob":"October 11, 1995","sumInsuredId":4,"name":"gjhgjhj","sex":"Male","illness":"None","relationshipId":1,"occupationId":3,"hospitalCash":"0","height":80,"weight":60},"insureds[2]":{"dob":"October 12, 1999","sumInsuredId":4,"name":"ghfghghj","sex":"Female","illness":"None","relationshipId":3,"occupationId":12,"hospitalCash":"0","height":180,"weight":50,"isPersonalAccidentApplicable":"false","engageManualLabour":"","engageWinterSports":"","buyBackPED":0},"nomineeName":"ghjgjhkj","nomineeAge":"45","nomineeRelationship":"Father","nomineePercentClaim":"100","appointeeName":"","appointeeAge":"","appointeeRelationship":"","nomineeNameTwo":"","nomineeAgeTwo":"","nomineeRelationshipTwo":"","nomineePercentClaimTwo":"","appointeeNameTwo":"","appointeeAgeTwo":"","appointeeRelationshipTwo":"","APIKEY":"0b7ac3ec6a6246ef8c1f510c1ea5eaf9","SECRETKEY":"f5e918674da44343bb38212a59cb8bcd","policyTypeName":"FHONEW","travelStartOn":"","travelEndOn":"","planId":12357,"postalCode":0,"period":1,"searchId":405841142,"companyId":"10006"}
ErrorMessage : getdetail-webexception=
InnerExceptionMessage : The remote server returned an error: (400) Bad Request.
ErrorMessage : https://ig.starhealth.in/api/policy/proposals
InnerExceptionMessage : {"Id":0,"FirstName":"","LastName":"","EmailId":"","DOB":"","Gender":"","MobileNo":"","Address":"","Country":"","Password":"","ConfirmPassword":"","attempttime":0,"countsec":0,"datecount":"","SecurityCode":"","sumInsuredId":4,"schemeId":2,"sumAssured":"500000","Amount":"8055","serviceTax":"1449","totalPremium":"9504","NoOfAdults":"1","NoOfChildren":"1","Plan":"Family Health Optima","startOn":"October 26, 2020","endOn":"October 25, 2021","policyCategory":"fresh","proposerName":"Gfd fghjh","proposerEmail":"hjj@gmail.com","proposerPhone":"9878967866","proposerAddressOne":"vhmv","proposerAddressTwo":"ghgh","proposerAreaId":"61382","proposerAreaPinCode":"226016","proposerAreaCityId":"3090","proposerResidenceAddressOne":"","proposerResidenceAddressTwo":"","proposerResidenceAreaId":"","proposerResidenceAreaPinCode":"","proposerResidenceAreaCityId":"","proposerDob":"October 25, 1975","panNumber":"","gstTypeId":"","gstIdNumber":"","aadharNumber":"","eiaNumber":"","socialStatus":"1","socialStatusBpl":"1","socialStatusDisabled":"1","socialStatusInformal":"1","socialStatusUnorganized":"1","previousMedicalInsurance":"","annualIncome":"100000","criticalIllness":"false","insureds[0]":{"dob":"October 11, 1995","sumInsuredId":4,"name":"gjhgjhj","sex":"Male","illness":"None","relationshipId":1,"occupationId":3,"hospitalCash":"0","height":80,"weight":60},"insureds[2]":{"dob":"October 12, 1999","sumInsuredId":4,"name":"ghfghghj","sex":"Female","illness":"None","relationshipId":3,"occupationId":12,"hospitalCash":"0","height":180,"weight":50,"isPersonalAccidentApplicable":"false","engageManualLabour":"","engageWinterSports":"","buyBackPED":0},"nomineeName":"ghjgjhkj","nomineeAge":"45","nomineeRelationship":"Father","nomineePercentClaim":"100","appointeeName":"","appointeeAge":"","appointeeRelationship":"","nomineeNameTwo":"","nomineeAgeTwo":"","nomineeRelationshipTwo":"","nomineePercentClaimTwo":"","appointeeNameTwo":"","appointeeAgeTwo":"","appointeeRelationshipTwo":"","APIKEY":"0b7ac3ec6a6246ef8c1f510c1ea5eaf9","SECRETKEY":"f5e918674da44343bb38212a59cb8bcd","policyTypeName":"FHONEW","travelStartOn":"","travelEndOn":"","planId":12357,"postalCode":0,"period":1,"searchId":405841142,"companyId":"10006"}
ErrorMessage : getdetail-webexception=
InnerExceptionMessage : The remote server returned an error: (400) Bad Request.
ErrorMessage : https://ig.starhealth.in/api/policy/proposals
InnerExceptionMessage : {"Id":0,"FirstName":"","LastName":"","EmailId":"","DOB":"","Gender":"","MobileNo":"","Address":"","Country":"","Password":"","ConfirmPassword":"","attempttime":0,"countsec":0,"datecount":"","SecurityCode":"","sumInsuredId":4,"schemeId":2,"sumAssured":"500000","Amount":"8055","serviceTax":"1449","totalPremium":"9504","NoOfAdults":"1","NoOfChildren":"1","Plan":"Family Health Optima","startOn":"October 26, 2020","endOn":"October 25, 2021","policyCategory":"fresh","proposerName":"Gfd fghjh","proposerEmail":"hjj@gmail.com","proposerPhone":"9878967866","proposerAddressOne":"vhmv","proposerAddressTwo":"ghgh","proposerAreaId":"61382","proposerAreaPinCode":"226016","proposerAreaCityId":"3090","proposerResidenceAddressOne":"","proposerResidenceAddressTwo":"","proposerResidenceAreaId":"","proposerResidenceAreaPinCode":"","proposerResidenceAreaCityId":"","proposerDob":"October 25, 1975","panNumber":"","gstTypeId":"","gstIdNumber":"","aadharNumber":"","eiaNumber":"","socialStatus":"1","socialStatusBpl":"1","socialStatusDisabled":"1","socialStatusInformal":"1","socialStatusUnorganized":"1","previousMedicalInsurance":"","annualIncome":"100000","criticalIllness":"false","insureds[0]":{"dob":"October 11, 1995","sumInsuredId":4,"name":"gjhgjhj","sex":"Male","illness":"None","relationshipId":1,"occupationId":3,"hospitalCash":"0","height":80,"weight":60},"insureds[2]":{"dob":"October 12, 1999","sumInsuredId":4,"name":"ghfghghj","sex":"Female","illness":"None","relationshipId":3,"occupationId":12,"hospitalCash":"0","height":180,"weight":50,"isPersonalAccidentApplicable":"false","engageManualLabour":"","engageWinterSports":"","buyBackPED":0},"nomineeName":"ghjgjhkj","nomineeAge":"45","nomineeRelationship":"Father","nomineePercentClaim":"100","appointeeName":"","appointeeAge":"","appointeeRelationship":"","nomineeNameTwo":"","nomineeAgeTwo":"","nomineeRelationshipTwo":"","nomineePercentClaimTwo":"","appointeeNameTwo":"","appointeeAgeTwo":"","appointeeRelationshipTwo":"","APIKEY":"0b7ac3ec6a6246ef8c1f510c1ea5eaf9","SECRETKEY":"f5e918674da44343bb38212a59cb8bcd","policyTypeName":"FHONEW","travelStartOn":"","travelEndOn":"","planId":12357,"postalCode":0,"period":1,"searchId":405841142,"companyId":"10006"}
ErrorMessage : getdetail-webexception=
InnerExceptionMessage : The remote server returned an error: (400) Bad Request.
ErrorMessage : dasd=
InnerExceptionMessage : {"genpremdtlsres":{"contractid":"null","quoterefno":"null","refno":"null","scrutinyno":"null","policyref":"null","netpremium":"24240","servicetaxamt":"0","educessamt":"0","totalpremium":"28604","finalpremium":"28604","servicetaxrate":"null","educessrate":"null","stampduty":"null","uwloadingper":"null","uwloadingamt":"null","loadingper":"null","loadingamt":"null","discountper":"null","discountamt":"null","spdiscountper":"null","spdiscountamt":"null","param1":"0","param2":"0","param3":"0","param4":"null"},"errorcoderes":"0","errorlistres":[],"transactionid":10330340,"servicetaxmstobj":{"taxcode":"27_SGST17","taxtype":"SGST","baseamount":"null","sertax":"0","educess":"0","sbtax":"0","kkc":"0","cess1":"0","cess2":"0","cess3":"0","sertaxdesc":"NA","educessdesc":"NA","sbcessdesc":"NA","kkccessdesc":"NA","cess1desc":"NA","cess2desc":"NA","cess3desc":"NA","adjsertax":"null","adjeducess":"null","adjsbtax":"null","adjkkc":"null","adjcess1":"null","adjcess2":"null","adjcess3":"null","addtaxval1":"2182","addtaxval2":"0","addtaxval3":"2182","addtaxval4":"0","addtaxval5":"0","addtaxval1desc":"State GST","addtaxval2desc":"NA","addtaxval3desc":"Central GST","addtaxval4desc":"NA","addtaxval5desc":"NA"}}
ErrorMessage : dasd=
InnerExceptionMessage : {"premium":17015,"serviceTax":3062,"totalPremium":20077}
ErrorMessage : dasd=
InnerExceptionMessage : {"referenceId":"416feb53ce0946dab07369edba07f2a0","premium":17015,"serviceTax":3062,"totalPremium":20077}
ErrorMessage : dasd=
InnerExceptionMessage : {"genpremdtlsres":{"contractid":"null","quoterefno":"null","refno":"null","scrutinyno":"null","policyref":"null","netpremium":"24240","servicetaxamt":"0","educessamt":"0","totalpremium":"28604","finalpremium":"28604","servicetaxrate":"null","educessrate":"null","stampduty":"null","uwloadingper":"null","uwloadingamt":"null","loadingper":"null","loadingamt":"null","discountper":"null","discountamt":"null","spdiscountper":"null","spdiscountamt":"null","param1":"0","param2":"0","param3":"0","param4":"null"},"errorcoderes":"0","errorlistres":[],"transactionid":10330390,"servicetaxmstobj":{"taxcode":"27_SGST17","taxtype":"SGST","baseamount":"null","sertax":"0","educess":"0","sbtax":"0","kkc":"0","cess1":"0","cess2":"0","cess3":"0","sertaxdesc":"NA","educessdesc":"NA","sbcessdesc":"NA","kkccessdesc":"NA","cess1desc":"NA","cess2desc":"NA","cess3desc":"NA","adjsertax":"null","adjeducess":"null","adjsbtax":"null","adjkkc":"null","adjcess1":"null","adjcess2":"null","adjcess3":"null","addtaxval1":"2182","addtaxval2":"0","addtaxval3":"2182","addtaxval4":"0","addtaxval5":"0","addtaxval1desc":"State GST","addtaxval2desc":"NA","addtaxval3desc":"Central GST","addtaxval4desc":"NA","addtaxval5desc":"NA"}}
ErrorMessage : dasd=
InnerExceptionMessage : {"premium":25390,"serviceTax":4570,"totalPremium":29960}
ErrorMessage : https://ig.starhealth.in/api/policy/proposals
InnerExceptionMessage : {"Id":0,"FirstName":"","LastName":"","EmailId":"","DOB":"","Gender":"","MobileNo":"","Address":"","Country":"","Password":"","ConfirmPassword":"","attempttime":0,"countsec":0,"datecount":"","SecurityCode":"","sumInsuredId":1,"schemeId":6,"sumAssured":"500000","Amount":"25390","serviceTax":"4570","totalPremium":"29960","NoOfAdults":"2","NoOfChildren":"2","Plan":"Comprehensive","startOn":"October 26, 2020","endOn":"October 25, 2021","policyCategory":"fresh","proposerName":"Htgh ghj","proposerEmail":"gfhg@gmail.com","proposerPhone":"9898789687","proposerAddressOne":"ghfgh","proposerAddressTwo":"ghhgjh","proposerAreaId":"61419","proposerAreaPinCode":"226016","proposerAreaCityId":"3090","proposerResidenceAddressOne":"","proposerResidenceAddressTwo":"","proposerResidenceAreaId":"","proposerResidenceAreaPinCode":"","proposerResidenceAreaCityId":"","proposerDob":"October 25, 1970","panNumber":"","gstTypeId":"","gstIdNumber":"","aadharNumber":"","eiaNumber":"","socialStatus":"1","socialStatusBpl":"1","socialStatusDisabled":"1","socialStatusInformal":"1","socialStatusUnorganized":"1","previousMedicalInsurance":"","annualIncome":"1000000","criticalIllness":"false","insureds[0]":{"dob":"October 10, 1990","sumInsuredId":1,"name":"gjhgjhj","sex":"Male","illness":"None","relationshipId":1,"occupationId":3,"hospitalCash":"0","height":180,"weight":60,"isPersonalAccidentApplicable":"false","engageManualLabour":"Nil","engageWinterSports":"Nil","buyBackPED":0},"insureds[1]":{"dob":"October 12, 1988","sumInsuredId":1,"name":"gfhgjhgj","sex":"Female","illness":"None","relationshipId":2,"occupationId":10,"hospitalCash":"0","height":150,"weight":60,"isPersonalAccidentApplicable":"true","engageManualLabour":"Nil","engageWinterSports":"Nil","buyBackPED":0},"insureds[2]":{"dob":"October 19, 2011","sumInsuredId":1,"name":"ghfghghj","sex":"Male","illness":"None","relationshipId":3,"occupationId":12,"hospitalCash":"0","height":0,"weight":0,"isPersonalAccidentApplicable":"false","engageManualLabour":"Nil","engageWinterSports":"Nil","buyBackPED":0},"insureds[3]":{"dob":"October 19, 2016","sumInsuredId":1,"name":"hghghj","sex":"Female","illness":"None","relationshipId":3,"occupationId":12,"hospitalCash":"0","height":100,"weight":60,"isPersonalAccidentApplicable":"false","engageManualLabour":"Nil","engageWinterSports":"Nil","buyBackPED":0},"nomineeName":"ghjgjhkj","nomineeAge":"45","nomineeRelationship":"Sister","nomineePercentClaim":"100","appointeeName":"","appointeeAge":"","appointeeRelationship":"","nomineeNameTwo":"","nomineeAgeTwo":"","nomineeRelationshipTwo":"","nomineePercentClaimTwo":"","appointeeNameTwo":"","appointeeAgeTwo":"","appointeeRelationshipTwo":"","APIKEY":"0b7ac3ec6a6246ef8c1f510c1ea5eaf9","SECRETKEY":"f5e918674da44343bb38212a59cb8bcd","policyTypeName":"COMPREHENSIVE","travelStartOn":"","travelEndOn":"","planId":9521,"postalCode":0,"period":1,"searchId":867344113,"companyId":"10006"}
ErrorMessage : getdetail-webexception=
InnerExceptionMessage : The remote server returned an error: (400) Bad Request.
ErrorMessage : dasd=
InnerExceptionMessage : {"referenceId":"a5b5ee88480a4778bb76d319f2298425","premium":14800,"serviceTax":2664,"totalPremium":17464}
ErrorMessage : https://webservices.bajajallianz.com/BagicHealthWebservice/healthpremiumcal
InnerExceptionMessage : 
ErrorMessage : getdetail-webexception=
InnerExceptionMessage : The remote server returned an error: (400) Bad Request.
ErrorMessage : dasd=
InnerExceptionMessage : {"premium":14240,"serviceTax":2564,"totalPremium":16804}
ErrorMessage : https://ig.starhealth.in/api/policy/proposals
InnerExceptionMessage : {"Id":0,"FirstName":"","LastName":"","EmailId":"","DOB":"","Gender":"","MobileNo":"","Address":"","Country":"","Password":"","ConfirmPassword":"","attempttime":0,"countsec":0,"datecount":"","SecurityCode":"","sumInsuredId":1,"schemeId":2,"sumAssured":"500000","Amount":"14240","serviceTax":"2563","totalPremium":"16803","NoOfAdults":"1","NoOfChildren":"1","Plan":"Comprehensive","startOn":"October 26, 2020","endOn":"October 25, 2021","policyCategory":"fresh","proposerName":"Ghfv hgjhjk","proposerEmail":"hgjhj@gmail.com","proposerPhone":"9897867564","proposerAddressOne":"ghjhkj","proposerAddressTwo":"ghghjj","proposerAreaId":"61383","proposerAreaPinCode":"226016","proposerAreaCityId":"3090","proposerResidenceAddressOne":"","proposerResidenceAddressTwo":"","proposerResidenceAreaId":"","proposerResidenceAreaPinCode":"","proposerResidenceAreaCityId":"","proposerDob":"October 25, 1970","panNumber":"","gstTypeId":"","gstIdNumber":"","aadharNumber":"","eiaNumber":"","socialStatus":"1","socialStatusBpl":"1","socialStatusDisabled":"1","socialStatusInformal":"1","socialStatusUnorganized":"1","previousMedicalInsurance":"","annualIncome":"10000000","criticalIllness":"false","insureds[0]":{"dob":"October 14, 1969","sumInsuredId":1,"name":"gjhgjhj","sex":"Male","illness":"None","relationshipId":1,"occupationId":3,"hospitalCash":"0","height":170,"weight":70,"isPersonalAccidentApplicable":"false","engageManualLabour":"Nil","engageWinterSports":"Nil","buyBackPED":0},"insureds[2]":{"dob":"October 14, 2009","sumInsuredId":1,"name":"ghfghghj","sex":"Male","illness":"None","relationshipId":3,"occupationId":12,"hospitalCash":"0","height":100,"weight":40,"isPersonalAccidentApplicable":"false","engageManualLabour":"Nil","engageWinterSports":"Nil","buyBackPED":0},"nomineeName":"ghjgjhkj","nomineeAge":"45","nomineeRelationship":"Sister","nomineePercentClaim":"100","appointeeName":"","appointeeAge":"","appointeeRelationship":"","nomineeNameTwo":"","nomineeAgeTwo":"","nomineeRelationshipTwo":"","nomineePercentClaimTwo":"","appointeeNameTwo":"","appointeeAgeTwo":"","appointeeRelationshipTwo":"","APIKEY":"0b7ac3ec6a6246ef8c1f510c1ea5eaf9","SECRETKEY":"f5e918674da44343bb38212a59cb8bcd","policyTypeName":"COMPREHENSIVE","travelStartOn":"","travelEndOn":"","planId":9347,"postalCode":0,"period":1,"searchId":943595423,"companyId":"10006"}
ErrorMessage : getdetail-webexception=
InnerExceptionMessage : The remote server returned an error: (500) Internal Server Error.
ErrorMessage : https://webservices.bajajallianz.com/BagicHealthWebservice/healthpremiumcal
InnerExceptionMessage : 
ErrorMessage : getdetail-webexception=
InnerExceptionMessage : The remote server returned an error: (400) Bad Request.
ErrorMessage : dasd=
InnerExceptionMessage : {"premium":11140,"serviceTax":2006,"totalPremium":13146}
ErrorMessage : https://ig.starhealth.in/api/policy/proposals
InnerExceptionMessage : {"Id":0,"FirstName":"","LastName":"","EmailId":"","DOB":"","Gender":"","MobileNo":"","Address":"","Country":"","Password":"","ConfirmPassword":"","attempttime":0,"countsec":0,"datecount":"","SecurityCode":"","sumInsuredId":4,"schemeId":2,"sumAssured":"500000","Amount":"11140","serviceTax":"2005","totalPremium":"13145","NoOfAdults":"1","NoOfChildren":"1","Plan":"Family Health Optima","startOn":"October 26, 2020","endOn":"October 25, 2021","policyCategory":"fresh","proposerName":"Ghfv hgjhjk","proposerEmail":"vh@gmail.com","proposerPhone":"9897867564","proposerAddressOne":"mjm,m","proposerAddressTwo":"hgh","proposerAreaId":"61380","proposerAreaPinCode":"226016","proposerAreaCityId":"3090","proposerResidenceAddressOne":"","proposerResidenceAddressTwo":"","proposerResidenceAreaId":"","proposerResidenceAreaPinCode":"","proposerResidenceAreaCityId":"","proposerDob":"October 25, 1970","panNumber":"","gstTypeId":"","gstIdNumber":"","aadharNumber":"","eiaNumber":"","socialStatus":"1","socialStatusBpl":"1","socialStatusDisabled":"1","socialStatusInformal":"1","socialStatusUnorganized":"1","previousMedicalInsurance":"","annualIncome":"100000","criticalIllness":"false","insureds[0]":{"dob":"October 14, 1987","sumInsuredId":4,"name":"gjhgjhj","sex":"Male","illness":"None","relationshipId":1,"occupationId":3,"hospitalCash":"0","height":160,"weight":50},"insureds[2]":{"dob":"October 22, 2003","sumInsuredId":4,"name":"ghfghghj","sex":"Male","illness":"None","relationshipId":3,"occupationId":12,"hospitalCash":"0","height":90,"weight":20,"isPersonalAccidentApplicable":"false","engageManualLabour":"","engageWinterSports":"","buyBackPED":0},"nomineeName":"ghjgjhkj","nomineeAge":"45","nomineeRelationship":"Sister","nomineePercentClaim":"100","appointeeName":"","appointeeAge":"","appointeeRelationship":"","nomineeNameTwo":"","nomineeAgeTwo":"","nomineeRelationshipTwo":"","nomineePercentClaimTwo":"","appointeeNameTwo":"","appointeeAgeTwo":"","appointeeRelationshipTwo":"","APIKEY":"0b7ac3ec6a6246ef8c1f510c1ea5eaf9","SECRETKEY":"f5e918674da44343bb38212a59cb8bcd","policyTypeName":"FHONEW","travelStartOn":"","travelEndOn":"","planId":12358,"postalCode":0,"period":1,"searchId":943595423,"companyId":"10006"}
ErrorMessage : getdetail-webexception=
InnerExceptionMessage : The remote server returned an error: (400) Bad Request.
