ErrorMessage : dasd=
InnerExceptionMessage : {
  "bookingId" : "retail-2020-49962926",
  "insuredPersons" : [ {
    "paxId" : "1",
    "paymentDetails" : {
      "policyPremium" : "973.0",
      "sgst" : "74.0",
      "cgst" : "74.0",
      "ugst" : "0.0",
      "igst" : "0.0",
      "invoiceNumber" : "IA001085608",
      "policyNetPremium" : "825.0"
    },
    "policyID" : "D400236204",
    "transactionDate" : "20-01-2020T10:55:40",
    "status" : {
      "code" : "200",
      "message" : "Success"
    },
    "policyStatus" : "INCOMPLETE",
    "applicationId" : "V29F806E80F502670761060D61BCC660F28EB956D47E7CB510B2E52E0EDE126D24C7ED1888F9E24B121EFEFCD71BA81104",
    "paymentLink" : "https://preprod-digitpaymentgateway.godigit.com/DigitPaymentGateway/payments?target=1780936D1839BC4BB3D2C191B535F7FA"
  } ],
  "status" : {
    "code" : "200",
    "message" : "SUCCESS"
  }
}
ErrorMessage : getdetail-business=
InnerExceptionMessage : Object reference not set to an instance of an object.
ErrorMessage : dasd=
InnerExceptionMessage : {
  "bookingId" : "retail-2020-27076629",
  "insuredPersons" : [ {
    "paxId" : "1",
    "paymentDetails" : {
      "policyPremium" : "973.0",
      "sgst" : "74.0",
      "cgst" : "74.0",
      "ugst" : "0.0",
      "igst" : "0.0",
      "invoiceNumber" : "IA001085617",
      "policyNetPremium" : "825.0"
    },
    "policyID" : "D400236215",
    "transactionDate" : "20-01-2020T11:11:39",
    "status" : {
      "code" : "200",
      "message" : "Success"
    },
    "policyStatus" : "INCOMPLETE",
    "applicationId" : "V23344F77363C417B1E04034EE7E04FB2F8EB956D47E7CB510B2E52E0EDE126D24C7ED1888F9E24B121EFEFCD71BA81104",
    "paymentLink" : "https://preprod-digitpaymentgateway.godigit.com/DigitPaymentGateway/payments?target=8DBC421E74439744DFBE4219CAB28D32"
  } ],
  "status" : {
    "code" : "200",
    "message" : "SUCCESS"
  }
}
ErrorMessage : dasd=
InnerExceptionMessage : {
  "bookingId" : "retail-2020-76790162",
  "insuredPersons" : [ {
    "paxId" : "1",
    "paymentDetails" : {
      "policyPremium" : "973.0",
      "sgst" : "74.0",
      "cgst" : "74.0",
      "ugst" : "0.0",
      "igst" : "0.0",
      "invoiceNumber" : "IA001085647",
      "policyNetPremium" : "825.0"
    },
    "policyID" : "D400236252",
    "transactionDate" : "20-01-2020T11:52:51",
    "status" : {
      "code" : "200",
      "message" : "Success"
    },
    "policyStatus" : "INCOMPLETE",
    "applicationId" : "V290E08E064388FAECC1DC74AA72F6A0B08EB956D47E7CB510B2E52E0EDE126D24C7ED1888F9E24B121EFEFCD71BA81104",
    "paymentLink" : "https://preprod-digitpaymentgateway.godigit.com/DigitPaymentGateway/payments?target=17A6AD60AD8D561C1E815418628F1D0C"
  } ],
  "status" : {
    "code" : "200",
    "message" : "SUCCESS"
  }
}
ErrorMessage : getdetail-business=
InnerExceptionMessage : Object reference not set to an instance of an object.
ErrorMessage : dasd=
InnerExceptionMessage : {
  "bookingId" : "retail-2020-32873921",
  "insuredPersons" : [ {
    "paxId" : "1",
    "paymentDetails" : {
      "policyPremium" : "973.0",
      "sgst" : "74.0",
      "cgst" : "74.0",
      "ugst" : "0.0",
      "igst" : "0.0",
      "invoiceNumber" : "IA001085648",
      "policyNetPremium" : "825.0"
    },
    "policyID" : "D400236253",
    "transactionDate" : "20-01-2020T11:53:32",
    "status" : {
      "code" : "200",
      "message" : "Success"
    },
    "policyStatus" : "INCOMPLETE",
    "applicationId" : "V2C2A636AEE2ABD51D2A310593ADC48D6A8EB956D47E7CB510B2E52E0EDE126D24C7ED1888F9E24B121EFEFCD71BA81104",
    "paymentLink" : "https://preprod-digitpaymentgateway.godigit.com/DigitPaymentGateway/payments?target=6B213A652FBAA4EB6651EFD5F3367250"
  } ],
  "status" : {
    "code" : "200",
    "message" : "SUCCESS"
  }
}
ErrorMessage : dasd=
InnerExceptionMessage : {
  "bookingId" : "retail-2020-75549359",
  "insuredPersons" : [ {
    "paxId" : "1",
    "paymentDetails" : {
      "policyPremium" : "973.0",
      "sgst" : "74.0",
      "cgst" : "74.0",
      "ugst" : "0.0",
      "igst" : "0.0",
      "invoiceNumber" : "IA001085651",
      "policyNetPremium" : "825.0"
    },
    "policyID" : "D400236256",
    "transactionDate" : "20-01-2020T11:57:58",
    "status" : {
      "code" : "200",
      "message" : "Success"
    },
    "policyStatus" : "INCOMPLETE",
    "applicationId" : "V26DE7E7B3FBF7E39654D40983199836A88EB956D47E7CB510B2E52E0EDE126D24C7ED1888F9E24B121EFEFCD71BA81104",
    "paymentLink" : "https://preprod-digitpaymentgateway.godigit.com/DigitPaymentGateway/payments?target=8D7E1ED232757DCA98E03C383FA40129"
  } ],
  "status" : {
    "code" : "200",
    "message" : "SUCCESS"
  }
}
ErrorMessage : getdetail-controller=
InnerExceptionMessage : Object reference not set to an instance of an object.
ErrorMessage : dasd=
InnerExceptionMessage : {
  "bookingId" : "retail-2020-56981329",
  "insuredPersons" : [ {
    "paxId" : "1",
    "paymentDetails" : {
      "policyPremium" : "973.0",
      "sgst" : "74.0",
      "cgst" : "74.0",
      "ugst" : "0.0",
      "igst" : "0.0",
      "invoiceNumber" : "IA001085653",
      "policyNetPremium" : "825.0"
    },
    "policyID" : "D400236258",
    "transactionDate" : "20-01-2020T12:00:50",
    "status" : {
      "code" : "200",
      "message" : "Success"
    },
    "policyStatus" : "INCOMPLETE",
    "applicationId" : "V28AF268DD926E3271BBA194A79E49A6488EB956D47E7CB510B2E52E0EDE126D24C7ED1888F9E24B121EFEFCD71BA81104",
    "paymentLink" : "https://preprod-digitpaymentgateway.godigit.com/DigitPaymentGateway/payments?target=E08A259E7BC2735CFB148E8E5C265531"
  } ],
  "status" : {
    "code" : "200",
    "message" : "SUCCESS"
  }
}
ErrorMessage : dasd=
InnerExceptionMessage : {
  "bookingId" : "retail-2020-77709589",
  "insuredPersons" : [ {
    "paxId" : "1",
    "paymentDetails" : {
      "policyPremium" : "973.0",
      "sgst" : "74.0",
      "cgst" : "74.0",
      "ugst" : "0.0",
      "igst" : "0.0",
      "invoiceNumber" : "IA001085656",
      "policyNetPremium" : "825.0"
    },
    "policyID" : "D400236261",
    "transactionDate" : "20-01-2020T12:01:23",
    "status" : {
      "code" : "200",
      "message" : "Success"
    },
    "policyStatus" : "INCOMPLETE",
    "applicationId" : "V2AC38CD0C55071C1D2ACB49F3B98DAAAB8EB956D47E7CB510B2E52E0EDE126D24C7ED1888F9E24B121EFEFCD71BA81104",
    "paymentLink" : "https://preprod-digitpaymentgateway.godigit.com/DigitPaymentGateway/payments?target=8866187C4FA1F420FAE2C464F9116033"
  } ],
  "status" : {
    "code" : "200",
    "message" : "SUCCESS"
  }
}
ErrorMessage : dasd=
InnerExceptionMessage : {
  "bookingId" : "retail-2020-74688032",
  "insuredPersons" : [ {
    "paxId" : "1",
    "paymentDetails" : {
      "policyPremium" : "973.0",
      "sgst" : "74.0",
      "cgst" : "74.0",
      "ugst" : "0.0",
      "igst" : "0.0",
      "invoiceNumber" : "IA001085659",
      "policyNetPremium" : "825.0"
    },
    "policyID" : "D400236264",
    "transactionDate" : "20-01-2020T12:03:00",
    "status" : {
      "code" : "200",
      "message" : "Success"
    },
    "policyStatus" : "INCOMPLETE",
    "applicationId" : "V282BA5CCC86A960664E8195EB13C424F68EB956D47E7CB510B2E52E0EDE126D24C7ED1888F9E24B121EFEFCD71BA81104",
    "paymentLink" : "https://preprod-digitpaymentgateway.godigit.com/DigitPaymentGateway/payments?target=52DBDB92DFBEC5C13C3079DC33AAE69D"
  } ],
  "status" : {
    "code" : "200",
    "message" : "SUCCESS"
  }
}
ErrorMessage : dasd=
InnerExceptionMessage : {
  "bookingId" : "retail-2020-80847967",
  "insuredPersons" : [ {
    "paxId" : "1",
    "paymentDetails" : {
      "policyPremium" : "973.0",
      "sgst" : "74.0",
      "cgst" : "74.0",
      "ugst" : "0.0",
      "igst" : "0.0",
      "invoiceNumber" : "IA001085663",
      "policyNetPremium" : "825.0"
    },
    "policyID" : "D400236269",
    "transactionDate" : "20-01-2020T12:05:11",
    "status" : {
      "code" : "200",
      "message" : "Success"
    },
    "policyStatus" : "INCOMPLETE",
    "applicationId" : "V292E88FF659228EA4B1048199B81F25FB8EB956D47E7CB510B2E52E0EDE126D24C7ED1888F9E24B121EFEFCD71BA81104",
    "paymentLink" : "https://preprod-digitpaymentgateway.godigit.com/DigitPaymentGateway/payments?target=698FF00AA56E1F36799883B73002B4AA"
  } ],
  "status" : {
    "code" : "200",
    "message" : "SUCCESS"
  }
}
ErrorMessage : dasd=
InnerExceptionMessage : {
  "bookingId" : "retail-2020-65247895",
  "insuredPersons" : [ {
    "paxId" : "1",
    "paymentDetails" : {
      "policyPremium" : "973.0",
      "sgst" : "74.0",
      "cgst" : "74.0",
      "ugst" : "0.0",
      "igst" : "0.0",
      "invoiceNumber" : "IA001085677",
      "policyNetPremium" : "825.0"
    },
    "policyID" : "D400236283",
    "transactionDate" : "20-01-2020T12:12:39",
    "status" : {
      "code" : "200",
      "message" : "Success"
    },
    "policyStatus" : "INCOMPLETE",
    "applicationId" : "V250FE23D97F492F8D167C74A115B4B48D8EB956D47E7CB510B2E52E0EDE126D24C7ED1888F9E24B121EFEFCD71BA81104",
    "paymentLink" : "https://preprod-digitpaymentgateway.godigit.com/DigitPaymentGateway/payments?target=93ED849F5CD955BB7451246915707280"
  } ],
  "status" : {
    "code" : "200",
    "message" : "SUCCESS"
  }
}
ErrorMessage : getdetail-controller=
InnerExceptionMessage : Object reference not set to an instance of an object.
ErrorMessage : https://preprod-digitpolicyissuance.godigit.com/policyservice/v1/createQuote
InnerExceptionMessage : { "bookingId": "retail-2020-72765452", "type": "I", "purpose": "L", "customer": { "firstName": "Divya", "lastName": "Justforretail", "address": { "line1": "N.W. College", "line2": "", "line3": "", "state": "27", "city": "Lucknow", "country": "IND", "pinCode": "411001" }, "documents": [ { "type": "PPT", "id": "D89U0112" } ], "dob": "1990-02-02", "mobile": "9353568667", "email": "Bindu.S@godigit.com", "type": "N" }, "insuredPersons": [ { "firstName": "Neha", "lastName": "Justforretail", "address": { "line1": "N.W. College", "line2": "", "line3": "", "state": "27", "city": "Pune", "country": "IND", "pinCode": "411001" }, "documents": [ { "type": "PPT", "id": "D890112" } ], "dob": "1990-02-02", "mobile": "9867857483", "email": "divya@gmail.com", "profession": "", "paxId": "1", "nominee": { "relationship": "S", "name": "Uduwei Uhdewui" }, "type": "N", "gender": "ML" } ], "insuredPersonsCount": "1", "bookingDate": "2020-01-20", "packageName": "R13", "geography": "UCI", "travelEndDate": "2020-01-21", "travelStartDate": "2020-01-21", "discountFlag": "" }
ErrorMessage : getdetail-webexception=
InnerExceptionMessage : The remote server returned an error: (504) Gateway Timeout.
ErrorMessage : dasd=
InnerExceptionMessage : {
  "bookingId" : "retail-2020-72141891",
  "insuredPersons" : [ {
    "paxId" : "1",
    "paymentDetails" : {
      "policyPremium" : "973.0",
      "sgst" : "74.0",
      "cgst" : "74.0",
      "ugst" : "0.0",
      "igst" : "0.0",
      "invoiceNumber" : "IA001085682",
      "policyNetPremium" : "825.0"
    },
    "policyID" : "D400236289",
    "transactionDate" : "20-01-2020T12:15:25",
    "status" : {
      "code" : "200",
      "message" : "Success"
    },
    "policyStatus" : "INCOMPLETE",
    "applicationId" : "V2F2AA6C7BE7C465F89477A43AE85515A98EB956D47E7CB510B2E52E0EDE126D24C7ED1888F9E24B121EFEFCD71BA81104",
    "paymentLink" : "https://preprod-digitpaymentgateway.godigit.com/DigitPaymentGateway/payments?target=3E3DBC7552EA0198ADEE89B0CA1E2E4E"
  } ],
  "status" : {
    "code" : "200",
    "message" : "SUCCESS"
  }
}
ErrorMessage : dasd=
InnerExceptionMessage : {
  "bookingId" : "retail-2020-58190498",
  "insuredPersons" : [ {
    "paxId" : "1",
    "paymentDetails" : {
      "policyPremium" : "973.0",
      "sgst" : "74.0",
      "cgst" : "74.0",
      "ugst" : "0.0",
      "igst" : "0.0",
      "invoiceNumber" : "IA001085690",
      "policyNetPremium" : "825.0"
    },
    "policyID" : "D400236296",
    "transactionDate" : "20-01-2020T12:23:06",
    "status" : {
      "code" : "200",
      "message" : "Success"
    },
    "policyStatus" : "INCOMPLETE",
    "applicationId" : "V289D3C03A85C17DE61EA53C3618B1250E8EB956D47E7CB510B2E52E0EDE126D24C7ED1888F9E24B121EFEFCD71BA81104",
    "paymentLink" : "https://preprod-digitpaymentgateway.godigit.com/DigitPaymentGateway/payments?target=963D9A8DA2327C73E64842FC77B89736"
  } ],
  "status" : {
    "code" : "200",
    "message" : "SUCCESS"
  }
}
ErrorMessage : dasd=
InnerExceptionMessage : {
  "bookingId" : "retail-2020-2214427",
  "insuredPersons" : [ {
    "paxId" : "1",
    "paymentDetails" : {
      "policyPremium" : "973.0",
      "sgst" : "74.0",
      "cgst" : "74.0",
      "ugst" : "0.0",
      "igst" : "0.0",
      "invoiceNumber" : "IA001085694",
      "policyNetPremium" : "825.0"
    },
    "policyID" : "D400236299",
    "transactionDate" : "20-01-2020T12:25:01",
    "status" : {
      "code" : "200",
      "message" : "Success"
    },
    "policyStatus" : "INCOMPLETE",
    "applicationId" : "V2E4B350477CB658448D67AD07AF7F8DF78EB956D47E7CB510B2E52E0EDE126D24C7ED1888F9E24B121EFEFCD71BA81104",
    "paymentLink" : "https://preprod-digitpaymentgateway.godigit.com/DigitPaymentGateway/payments?target=C1137AC81C0F795349A94D60D8EC8910"
  } ],
  "status" : {
    "code" : "200",
    "message" : "SUCCESS"
  }
}
ErrorMessage : getdetail-controller=
InnerExceptionMessage : Object reference not set to an instance of an object.
ErrorMessage : dasd=
InnerExceptionMessage : {
  "bookingId" : "retail-2020-49066067",
  "insuredPersons" : [ {
    "paxId" : "1",
    "paymentDetails" : {
      "policyPremium" : "973.0",
      "sgst" : "74.0",
      "cgst" : "74.0",
      "ugst" : "0.0",
      "igst" : "0.0",
      "invoiceNumber" : "IA001085769",
      "policyNetPremium" : "825.0"
    },
    "policyID" : "D400236375",
    "transactionDate" : "20-01-2020T13:28:55",
    "status" : {
      "code" : "200",
      "message" : "Success"
    },
    "policyStatus" : "INCOMPLETE",
    "applicationId" : "V268CEE810D6C5121DE54E1D7E80840E238EB956D47E7CB510B2E52E0EDE126D24C7ED1888F9E24B121EFEFCD71BA81104",
    "paymentLink" : "https://preprod-digitpaymentgateway.godigit.com/DigitPaymentGateway/payments?target=2BA42B8583399852EE1BF895D58E338C"
  } ],
  "status" : {
    "code" : "200",
    "message" : "SUCCESS"
  }
}
ErrorMessage : https://preprod-digitpolicyissuance.godigit.com/policyservice/v1/createQuote
InnerExceptionMessage : { "bookingId": "retail-2020-35747172", "type": "I", "purpose": "L", "customer": { "firstName": "Divya", "lastName": "Justforretail", "address": { "line1": "N.W. College", "line2": "", "line3": "", "state": "27", "city": "Lucknow", "country": "IND", "pinCode": "411001" }, "documents": [ { "type": "PPT", "id": "D89U0112" } ], "dob": "1990-02-02", "mobile": "9353568667", "email": "Bindu.S@godigit.com", "type": "N" }, "insuredPersons": [ { "firstName": "Neha", "lastName": "Justforretail", "address": { "line1": "N.W. College", "line2": "", "line3": "", "state": "27", "city": "Pune", "country": "IND", "pinCode": "411001" }, "documents": [ { "type": "PPT", "id": "D890112" } ], "dob": "1990-02-02", "mobile": "9886656566", "email": "divya@gmail.com", "profession": "", "paxId": "1", "nominee": { "relationship": "S", "name": "Uduwei Uhdewui" }, "type": "N", "gender": "ML" } ], "insuredPersonsCount": "1", "bookingDate": "2020-01-20", "packageName": "R13", "geography": "UCI", "travelEndDate": "", "travelStartDate": "", "discountFlag": "" }
ErrorMessage : getdetail-webexception=
InnerExceptionMessage : The remote server returned an error: (504) Gateway Timeout.
ErrorMessage : dasd=
InnerExceptionMessage : {
  "bookingId" : "retail-2020-82712363",
  "insuredPersons" : [ {
    "paxId" : "1",
    "paymentDetails" : {
      "policyPremium" : "973.0",
      "sgst" : "74.0",
      "cgst" : "74.0",
      "ugst" : "0.0",
      "igst" : "0.0",
      "invoiceNumber" : "IA001085774",
      "policyNetPremium" : "825.0"
    },
    "policyID" : "D400236380",
    "transactionDate" : "20-01-2020T13:35:45",
    "status" : {
      "code" : "200",
      "message" : "Success"
    },
    "policyStatus" : "INCOMPLETE",
    "applicationId" : "V258447433C3D62E11790DBB0995D521A98EB956D47E7CB510B2E52E0EDE126D24C7ED1888F9E24B121EFEFCD71BA81104",
    "paymentLink" : "https://preprod-digitpaymentgateway.godigit.com/DigitPaymentGateway/payments?target=208861D48B5E63F06535E7CBAE5EA1A9"
  } ],
  "status" : {
    "code" : "200",
    "message" : "SUCCESS"
  }
}
ErrorMessage : https://preprod-digitpolicyissuance.godigit.com/policyservice/v1/createQuote
InnerExceptionMessage : { "bookingId": "retail-2020-52284933", "type": "I", "purpose": "L", "customer": { "firstName": "Divya", "lastName": "Justforretail", "address": { "line1": "N.W. College", "line2": "", "line3": "", "state": "27", "city": "Lucknow", "country": "IND", "pinCode": "411001" }, "documents": [ { "type": "PPT", "id": "D89U0112" } ], "dob": "1990-02-02", "mobile": "9353568667", "email": "Bindu.S@godigit.com", "type": "N" }, "insuredPersons": [ { "firstName": "Neha", "lastName": "Justforretail", "address": { "line1": "N.W. College", "line2": "", "line3": "", "state": "27", "city": "Pune", "country": "IND", "pinCode": "411001" }, "documents": [ { "type": "PPT", "id": "D890112" } ], "dob": "1990-02-02", "mobile": "9886656566", "email": "divya@gmail.com", "profession": "", "paxId": "1", "nominee": { "relationship": "S", "name": "Uduwei Uhdewui" }, "type": "N", "gender": "ML" } ], "insuredPersonsCount": "1", "bookingDate": "2020-01-20", "packageName": "R13", "geography": "UCI", "travelEndDate": "", "travelStartDate": "", "discountFlag": "" }
ErrorMessage : getdetail-webexception=
InnerExceptionMessage : The remote server returned an error: (504) Gateway Timeout.
ErrorMessage : dasd=
InnerExceptionMessage : {
  "bookingId" : "retail-2020-67350058",
  "insuredPersons" : [ {
    "paxId" : "1",
    "paymentDetails" : {
      "policyPremium" : "973.0",
      "sgst" : "74.0",
      "cgst" : "74.0",
      "ugst" : "0.0",
      "igst" : "0.0",
      "invoiceNumber" : "IA001085777",
      "policyNetPremium" : "825.0"
    },
    "policyID" : "D400236383",
    "transactionDate" : "20-01-2020T13:38:31",
    "status" : {
      "code" : "200",
      "message" : "Success"
    },
    "policyStatus" : "INCOMPLETE",
    "applicationId" : "V2B2FA9C861E38B26A488C59F26BB68FAA8EB956D47E7CB510B2E52E0EDE126D24C7ED1888F9E24B121EFEFCD71BA81104",
    "paymentLink" : "https://preprod-digitpaymentgateway.godigit.com/DigitPaymentGateway/payments?target=9CC1A65B0A5880C8670AD3FF4897CC28"
  } ],
  "status" : {
    "code" : "200",
    "message" : "SUCCESS"
  }
}
ErrorMessage : dasd=
InnerExceptionMessage : {
  "bookingId" : "retail-2020-78697403",
  "insuredPersons" : [ {
    "paxId" : "1",
    "paymentDetails" : {
      "policyPremium" : "973.0",
      "sgst" : "74.0",
      "cgst" : "74.0",
      "ugst" : "0.0",
      "igst" : "0.0",
      "invoiceNumber" : "IA001085778",
      "policyNetPremium" : "825.0"
    },
    "policyID" : "D400236384",
    "transactionDate" : "20-01-2020T13:39:06",
    "status" : {
      "code" : "200",
      "message" : "Success"
    },
    "policyStatus" : "INCOMPLETE",
    "applicationId" : "V27A1A4EA57795E6427C3D4C0AA3C313CC8EB956D47E7CB510B2E52E0EDE126D24C7ED1888F9E24B121EFEFCD71BA81104",
    "paymentLink" : "https://preprod-digitpaymentgateway.godigit.com/DigitPaymentGateway/payments?target=5D0A0A7E50871C75EC35A97411EC8DB8"
  } ],
  "status" : {
    "code" : "200",
    "message" : "SUCCESS"
  }
}
ErrorMessage : dasd=
InnerExceptionMessage : {
  "bookingId" : "retail-2020-39739630",
  "insuredPersons" : [ {
    "paxId" : "1",
    "paymentDetails" : {
      "policyPremium" : "1439.0",
      "sgst" : "110.0",
      "cgst" : "110.0",
      "ugst" : "0.0",
      "igst" : "0.0",
      "invoiceNumber" : "IA001085788",
      "policyNetPremium" : "1219.0"
    },
    "policyID" : "D400236395",
    "transactionDate" : "20-01-2020T13:56:32",
    "status" : {
      "code" : "200",
      "message" : "Success"
    },
    "policyStatus" : "INCOMPLETE",
    "applicationId" : "V207035E7C864B5EF12E85C4B117DD8F378EB956D47E7CB510B2E52E0EDE126D24C7ED1888F9E24B121EFEFCD71BA81104",
    "paymentLink" : "https://preprod-digitpaymentgateway.godigit.com/DigitPaymentGateway/payments?target=57E08CD1CA4E3B7FEAF59AE9A8D84076"
  } ],
  "status" : {
    "code" : "200",
    "message" : "SUCCESS"
  }
}
ErrorMessage : dasd=
InnerExceptionMessage : {
  "bookingId" : "retail-2020-54768424",
  "insuredPersons" : [ {
    "paxId" : "1",
    "paymentDetails" : {
      "policyPremium" : "1439.0",
      "sgst" : "110.0",
      "cgst" : "110.0",
      "ugst" : "0.0",
      "igst" : "0.0",
      "invoiceNumber" : "IA001085789",
      "policyNetPremium" : "1219.0"
    },
    "policyID" : "D400236396",
    "transactionDate" : "20-01-2020T13:56:56",
    "status" : {
      "code" : "200",
      "message" : "Success"
    },
    "policyStatus" : "INCOMPLETE",
    "applicationId" : "V2BD72E292E386769B59E7EBFE8494E2228EB956D47E7CB510B2E52E0EDE126D24C7ED1888F9E24B121EFEFCD71BA81104",
    "paymentLink" : "https://preprod-digitpaymentgateway.godigit.com/DigitPaymentGateway/payments?target=15CC5DA36706D747A553E435740B8276"
  } ],
  "status" : {
    "code" : "200",
    "message" : "SUCCESS"
  }
}
ErrorMessage : https://preprod-digitpolicyissuance.godigit.com/policyservice/v1/createQuote
InnerExceptionMessage : { "bookingId": "retail-2020-47031055", "type": "I", "purpose": "L", "customer": { "firstName": "Divya", "lastName": "Justforretail", "address": { "line1": "N.W. College", "line2": "", "line3": "", "state": "27", "city": "Lucknow", "country": "IND", "pinCode": "411001" }, "documents": [ { "type": "PPT", "id": "D89U0112" } ], "dob": "1990-02-02", "mobile": "9353568667", "email": "Bindu.S@godigit.com", "type": "N" }, "insuredPersons": [ { "firstName": "Neha", "lastName": "Justforretail", "address": { "line1": "N.W. College", "line2": "", "line3": "", "state": "27", "city": "Pune", "country": "IND", "pinCode": "411001" }, "documents": [ { "type": "PPT", "id": "D890112" } ], "dob": "1990-02-02", "mobile": "9886656566", "email": "divya@gmail.com", "profession": "", "paxId": "1", "nominee": { "relationship": "S", "name": "Uduwei Uhdewui" }, "type": "N", "gender": "ML" } ], "insuredPersonsCount": "1", "bookingDate": "2020-01-20", "packageName": "R13", "geography": "UCI", "travelEndDate": "2020-01-22", "travelStartDate": "2020-01-21", "discountFlag": "" }
ErrorMessage : getdetail-webexception=
InnerExceptionMessage : The remote server returned an error: (504) Gateway Timeout.
ErrorMessage : dasd=
InnerExceptionMessage : {
  "bookingId" : "retail-2020-19489288",
  "insuredPersons" : [ {
    "paxId" : "1",
    "paymentDetails" : {
      "policyPremium" : "1439.0",
      "sgst" : "110.0",
      "cgst" : "110.0",
      "ugst" : "0.0",
      "igst" : "0.0",
      "invoiceNumber" : "IA001085791",
      "policyNetPremium" : "1219.0"
    },
    "policyID" : "D400236403",
    "transactionDate" : "20-01-2020T14:15:57",
    "status" : {
      "code" : "200",
      "message" : "Success"
    },
    "policyStatus" : "INCOMPLETE",
    "applicationId" : "V2913F65B519531926DE3EAA17C4DF13C38EB956D47E7CB510B2E52E0EDE126D24C7ED1888F9E24B121EFEFCD71BA81104",
    "paymentLink" : "https://preprod-digitpaymentgateway.godigit.com/DigitPaymentGateway/payments?target=92204BF442844D5EDABD8B1D1130812B"
  } ],
  "status" : {
    "code" : "200",
    "message" : "SUCCESS"
  }
}
ErrorMessage : dasd=
InnerExceptionMessage : {
  "bookingId" : "retail-2020-76832113",
  "insuredPersons" : [ {
    "paxId" : "1",
    "paymentDetails" : {
      "policyPremium" : "1439.0",
      "sgst" : "110.0",
      "cgst" : "110.0",
      "ugst" : "0.0",
      "igst" : "0.0",
      "invoiceNumber" : "IA001085792",
      "policyNetPremium" : "1219.0"
    },
    "policyID" : "D400236404",
    "transactionDate" : "20-01-2020T14:17:05",
    "status" : {
      "code" : "200",
      "message" : "Success"
    },
    "policyStatus" : "INCOMPLETE",
    "applicationId" : "V24D388F53B4685B21749B756A054471C38EB956D47E7CB510B2E52E0EDE126D24C7ED1888F9E24B121EFEFCD71BA81104",
    "paymentLink" : "https://preprod-digitpaymentgateway.godigit.com/DigitPaymentGateway/payments?target=85E5E5F3E9276C7BFF6F87FAFDE4AF84"
  } ],
  "status" : {
    "code" : "200",
    "message" : "SUCCESS"
  }
}
ErrorMessage : dasd=
InnerExceptionMessage : {
  "bookingId" : "retail-2020-1973575",
  "insuredPersons" : [ {
    "paxId" : "1",
    "paymentDetails" : {
      "policyPremium" : "1439.0",
      "sgst" : "110.0",
      "cgst" : "110.0",
      "ugst" : "0.0",
      "igst" : "0.0",
      "invoiceNumber" : "IA001085793",
      "policyNetPremium" : "1219.0"
    },
    "policyID" : "D400236405",
    "transactionDate" : "20-01-2020T14:18:18",
    "status" : {
      "code" : "200",
      "message" : "Success"
    },
    "policyStatus" : "INCOMPLETE",
    "applicationId" : "V22E660D1879B52CBBDEA1AC449AFD29428EB956D47E7CB510B2E52E0EDE126D24C7ED1888F9E24B121EFEFCD71BA81104",
    "paymentLink" : "https://preprod-digitpaymentgateway.godigit.com/DigitPaymentGateway/payments?target=CA11967086661D893B40ABE87174BEB8"
  } ],
  "status" : {
    "code" : "200",
    "message" : "SUCCESS"
  }
}
ErrorMessage : dasd=
InnerExceptionMessage : {
  "bookingId" : "retail-2020-40167458",
  "insuredPersons" : [ {
    "paxId" : "1",
    "paymentDetails" : {
      "policyPremium" : "1439.0",
      "sgst" : "110.0",
      "cgst" : "110.0",
      "ugst" : "0.0",
      "igst" : "0.0",
      "invoiceNumber" : "IA001085797",
      "policyNetPremium" : "1219.0"
    },
    "policyID" : "D400236412",
    "transactionDate" : "20-01-2020T14:28:56",
    "status" : {
      "code" : "200",
      "message" : "Success"
    },
    "policyStatus" : "INCOMPLETE",
    "applicationId" : "V2DBB217928EEC2BE361F66A516E6D75268EB956D47E7CB510B2E52E0EDE126D24C7ED1888F9E24B121EFEFCD71BA81104",
    "paymentLink" : "https://preprod-digitpaymentgateway.godigit.com/DigitPaymentGateway/payments?target=15A4BE9C8BB40977C862677A8D4E267A"
  } ],
  "status" : {
    "code" : "200",
    "message" : "SUCCESS"
  }
}
ErrorMessage : https://preprod-digitpolicyissuance.godigit.com/policyservice/v1/createQuote
InnerExceptionMessage : { "bookingId": "retail-2020-68182139", "type": "I", "purpose": "L", "customer": { "firstName": "Divya", "lastName": "Justforretail", "address": { "line1": "N.W. College", "line2": "", "line3": "", "state": "27", "city": "Lucknow", "country": "IND", "pinCode": "411001" }, "documents": [ { "type": "PPT", "id": "D89U0112" } ], "dob": "1990-02-02", "mobile": "9353568667", "email": "Bindu.S@godigit.com", "type": "N" }, "insuredPersons": [ { "firstName": "Neha", "lastName": "Justforretail", "address": { "line1": "N.W. College", "line2": "", "line3": "", "state": "27", "city": "Pune", "country": "IND", "pinCode": "411001" }, "documents": [ { "type": "PPT", "id": "D890112" } ], "dob": "1990-02-02", "mobile": "9886656566", "email": "divya@gmail.com", "profession": "", "paxId": "1", "nominee": { "relationship": "S", "name": "Uduwei Uhdewui" }, "type": "N", "gender": "ML" } ], "insuredPersonsCount": "1", "bookingDate": "2020-01-20", "packageName": "R13", "geography": "UCI", "travelEndDate": "2020-01-29", "travelStartDate": "2020-01-21", "discountFlag": "" }
ErrorMessage : getdetail-webexception=
InnerExceptionMessage : The remote server returned an error: (500) Internal Server Error.
ErrorMessage : dasd=
InnerExceptionMessage : {
  "bookingId" : "retail-2020-71517631",
  "insuredPersons" : [ {
    "paxId" : "1",
    "paymentDetails" : {
      "policyPremium" : "1439.0",
      "sgst" : "110.0",
      "cgst" : "110.0",
      "ugst" : "0.0",
      "igst" : "0.0",
      "invoiceNumber" : "IA001085803",
      "policyNetPremium" : "1219.0"
    },
    "policyID" : "D400236419",
    "transactionDate" : "20-01-2020T14:33:43",
    "status" : {
      "code" : "200",
      "message" : "Success"
    },
    "policyStatus" : "INCOMPLETE",
    "applicationId" : "V2E0F2E6EF969029DCA52554B1393C382F8EB956D47E7CB510B2E52E0EDE126D24C7ED1888F9E24B121EFEFCD71BA81104",
    "paymentLink" : "https://preprod-digitpaymentgateway.godigit.com/DigitPaymentGateway/payments?target=A34DC02615BB9F00D2BA7ECEDFDE233F"
  } ],
  "status" : {
    "code" : "200",
    "message" : "SUCCESS"
  }
}
ErrorMessage : dasd=
InnerExceptionMessage : {
  "bookingId" : "retail-2020-5376299",
  "insuredPersons" : [ {
    "paxId" : "1",
    "paymentDetails" : {
      "policyPremium" : "1439.0",
      "sgst" : "110.0",
      "cgst" : "110.0",
      "ugst" : "0.0",
      "igst" : "0.0",
      "invoiceNumber" : "IA001085809",
      "policyNetPremium" : "1219.0"
    },
    "policyID" : "D400236424",
    "transactionDate" : "20-01-2020T14:38:06",
    "status" : {
      "code" : "200",
      "message" : "Success"
    },
    "policyStatus" : "INCOMPLETE",
    "applicationId" : "V202BF533A8C68F7E4C120D71087C910058EB956D47E7CB510B2E52E0EDE126D24C7ED1888F9E24B121EFEFCD71BA81104",
    "paymentLink" : "https://preprod-digitpaymentgateway.godigit.com/DigitPaymentGateway/payments?target=D6D815856DBDFF2DA033EE079171F11B"
  } ],
  "status" : {
    "code" : "200",
    "message" : "SUCCESS"
  }
}
ErrorMessage : dasd=
InnerExceptionMessage : {
  "bookingId" : "retail-2020-39957589",
  "insuredPersons" : [ {
    "paxId" : "1",
    "paymentDetails" : {
      "policyPremium" : "1439.0",
      "sgst" : "110.0",
      "cgst" : "110.0",
      "ugst" : "0.0",
      "igst" : "0.0",
      "invoiceNumber" : "IA001085813",
      "policyNetPremium" : "1219.0"
    },
    "policyID" : "D400236428",
    "transactionDate" : "20-01-2020T14:40:32",
    "status" : {
      "code" : "200",
      "message" : "Success"
    },
    "policyStatus" : "INCOMPLETE",
    "applicationId" : "V244F3B50BEC234B32597E8D7FF77D9D118EB956D47E7CB510B2E52E0EDE126D24C7ED1888F9E24B121EFEFCD71BA81104",
    "paymentLink" : "https://preprod-digitpaymentgateway.godigit.com/DigitPaymentGateway/payments?target=AA4A958529B99B78B51A3024EF9FE9B1"
  } ],
  "status" : {
    "code" : "200",
    "message" : "SUCCESS"
  }
}
ErrorMessage : https://preprod-digitpolicyissuance.godigit.com/policyservice/v1/createQuote
InnerExceptionMessage : { "bookingId": "retail-2020-24333163", "type": "I", "purpose": "L", "customer": { "firstName": "Divya", "lastName": "Justforretail", "address": { "line1": "N.W. College", "line2": "", "line3": "", "state": "27", "city": "Lucknow", "country": "IND", "pinCode": "411001" }, "documents": [ { "type": "PPT", "id": "D89U0112" } ], "dob": "1990-02-02", "mobile": "9353568667", "email": "Bindu.S@godigit.com", "type": "N" }, "insuredPersons": [ { "firstName": "Neha", "lastName": "Justforretail", "address": { "line1": "N.W. College", "line2": "", "line3": "", "state": "27", "city": "Pune", "country": "IND", "pinCode": "411001" }, "documents": [ { "type": "PPT", "id": "D890112" } ], "dob": "1990-02-02", "mobile": "9886656566", "email": "divya@gmail.com", "profession": "", "paxId": "1", "nominee": { "relationship": "S", "name": "Uduwei Uhdewui" }, "type": "N", "gender": "ML" } ], "insuredPersonsCount": "1", "bookingDate": "2020-01-20", "packageName": "", "geography": "UCI", "travelEndDate": "2020-01-22", "travelStartDate": "2020-01-21", "discountFlag": "" }
ErrorMessage : getdetail-webexception=
InnerExceptionMessage : The remote server returned an error: (500) Internal Server Error.
ErrorMessage : https://preprod-digitpolicyissuance.godigit.com/policyservice/v1/createQuote
InnerExceptionMessage : { "bookingId": "retail-2020-49829096", "type": "I", "purpose": "L", "customer": { "firstName": "Divya", "lastName": "Justforretail", "address": { "line1": "N.W. College", "line2": "", "line3": "", "state": "27", "city": "Lucknow", "country": "IND", "pinCode": "411001" }, "documents": [ { "type": "PPT", "id": "D89U0112" } ], "dob": "1990-02-02", "mobile": "9353568667", "email": "Bindu.S@godigit.com", "type": "N" }, "insuredPersons": [ { "firstName": "Neha", "lastName": "Justforretail", "address": { "line1": "N.W. College", "line2": "", "line3": "", "state": "27", "city": "Pune", "country": "IND", "pinCode": "411001" }, "documents": [ { "type": "PPT", "id": "D890112" } ], "dob": "1990-02-02", "mobile": "9886656566", "email": "divya@gmail.com", "profession": "", "paxId": "1", "nominee": { "relationship": "S", "name": "Uduwei Uhdewui" }, "type": "N", "gender": "ML" } ], "insuredPersonsCount": "1", "bookingDate": "2020-01-20", "packageName": "", "geography": "UCI", "travelEndDate": "2020-01-22", "travelStartDate": "2020-01-21", "discountFlag": "" }
ErrorMessage : getdetail-webexception=
InnerExceptionMessage : The remote server returned an error: (400) Bad Request.
ErrorMessage : https://preprod-digitpolicyissuance.godigit.com/policyservice/v1/createQuote
InnerExceptionMessage : { "bookingId": "retail-2020-7486049", "type": "I", "purpose": "L", "customer": { "firstName": "Divya", "lastName": "Justforretail", "address": { "line1": "N.W. College", "line2": "", "line3": "", "state": "27", "city": "Lucknow", "country": "IND", "pinCode": "411001" }, "documents": [ { "type": "PPT", "id": "D89U0112" } ], "dob": "1990-02-02", "mobile": "9353568667", "email": "Bindu.S@godigit.com", "type": "N" }, "insuredPersons": [ { "firstName": "Neha", "lastName": "Justforretail", "address": { "line1": "N.W. College", "line2": "", "line3": "", "state": "27", "city": "Pune", "country": "IND", "pinCode": "411001" }, "documents": [ { "type": "PPT", "id": "D890112" } ], "dob": "1990-02-02", "mobile": "9886656566", "email": "divya@gmail.com", "profession": "", "paxId": "1", "nominee": { "relationship": "S", "name": "Uduwei Uhdewui" }, "type": "N", "gender": "ML" } ], "insuredPersonsCount": "1", "bookingDate": "", "packageName": "", "geography": "UCI", "travelEndDate": "2020-01-22", "travelStartDate": "2020-01-21", "discountFlag": "" }
ErrorMessage : getdetail-webexception=
InnerExceptionMessage : The remote server returned an error: (400) Bad Request.
ErrorMessage : https://preprod-digitpolicyissuance.godigit.com/policyservice/v1/createQuote
InnerExceptionMessage : { "bookingId": "retail-2020-35577207", "type": "I", "purpose": "L", "customer": { "firstName": "Divya", "lastName": "Justforretail", "address": { "line1": "N.W. College", "line2": "", "line3": "", "state": "27", "city": "Lucknow", "country": "IND", "pinCode": "411001" }, "documents": [ { "type": "PPT", "id": "D89U0112" } ], "dob": "1990-02-02", "mobile": "9353568667", "email": "Bindu.S@godigit.com", "type": "N" }, "insuredPersons": [ { "firstName": "Neha", "lastName": "Justforretail", "address": { "line1": "N.W. College", "line2": "", "line3": "", "state": "27", "city": "Pune", "country": "IND", "pinCode": "411001" }, "documents": [ { "type": "PPT", "id": "D890112" } ], "dob": "1990-02-02", "mobile": "9886656566", "email": "divya@gmail.com", "profession": "", "paxId": "1", "nominee": { "relationship": "S", "name": "Uduwei Uhdewui" }, "type": "N", "gender": "ML" } ], "insuredPersonsCount": "1", "bookingDate": "2020-01-20", "packageName": "", "geography": "UCI", "travelEndDate": "2020-01-22", "travelStartDate": "2020-01-21", "discountFlag": "" }
ErrorMessage : getdetail-webexception=
InnerExceptionMessage : The remote server returned an error: (400) Bad Request.
ErrorMessage : https://preprod-digitpolicyissuance.godigit.com/policyservice/v1/createQuote
InnerExceptionMessage : { "bookingId": "retail-2020-28016691", "type": "I", "purpose": "L", "customer": { "firstName": "Divya", "lastName": "Justforretail", "address": { "line1": "N.W. College", "line2": "", "line3": "", "state": "27", "city": "Lucknow", "country": "IND", "pinCode": "411001" }, "documents": [ { "type": "PPT", "id": "D89U0112" } ], "dob": "1990-02-02", "mobile": "9353568667", "email": "Bindu.S@godigit.com", "type": "N" }, "insuredPersons": [ { "firstName": "Neha", "lastName": "Justforretail", "address": { "line1": "N.W. College", "line2": "", "line3": "", "state": "27", "city": "Pune", "country": "IND", "pinCode": "411001" }, "documents": [ { "type": "PPT", "id": "D890112" } ], "dob": "1990-02-02", "mobile": "9886656566", "email": "divya@gmail.com", "profession": "", "paxId": "1", "nominee": { "relationship": "S", "name": "Uduwei Uhdewui" }, "type": "N", "gender": "ML" } ], "insuredPersonsCount": "1", "bookingDate": "2020-01-20", "packageName": "", "geography": "UCI", "travelEndDate": "2020-01-22", "travelStartDate": "2020-01-21", "discountFlag": "" }
ErrorMessage : getdetail-webexception=
InnerExceptionMessage : The remote server returned an error: (400) Bad Request.
ErrorMessage : dasd=
InnerExceptionMessage : {
  "bookingId" : "retail-2020-59378806",
  "insuredPersons" : [ {
    "paxId" : "1",
    "paymentDetails" : {
      "policyPremium" : "726.0",
      "sgst" : "55.0",
      "cgst" : "55.0",
      "ugst" : "0.0",
      "igst" : "0.0",
      "invoiceNumber" : "IA001085964",
      "policyNetPremium" : "616.0"
    },
    "policyID" : "D400236575",
    "transactionDate" : "20-01-2020T17:09:27",
    "status" : {
      "code" : "200",
      "message" : "Success"
    },
    "policyStatus" : "INCOMPLETE",
    "applicationId" : "V2A81F47F81CAD0A826FACD2C8F3D005337644BCE9DC329F03F11DE740E48EE463C7ED1888F9E24B121EFEFCD71BA81104",
    "paymentLink" : "https://preprod-digitpaymentgateway.godigit.com/DigitPaymentGateway/payments?target=61F66A413B507324FBFC5E4298D3FE72"
  } ],
  "status" : {
    "code" : "200",
    "message" : "SUCCESS"
  }
}
ErrorMessage : dasd=
InnerExceptionMessage : {
  "bookingId" : "retail-2020-23887413",
  "insuredPersons" : [ {
    "paxId" : "1",
    "paymentDetails" : {
      "policyPremium" : "973.0",
      "sgst" : "74.0",
      "cgst" : "74.0",
      "ugst" : "0.0",
      "igst" : "0.0",
      "invoiceNumber" : "IA001085966",
      "policyNetPremium" : "825.0"
    },
    "policyID" : "D400236577",
    "transactionDate" : "20-01-2020T17:10:32",
    "status" : {
      "code" : "200",
      "message" : "Success"
    },
    "policyStatus" : "INCOMPLETE",
    "applicationId" : "V2C2A84A8DE233F62E07B9C965DE32E1FA7644BCE9DC329F03F11DE740E48EE463C7ED1888F9E24B121EFEFCD71BA81104",
    "paymentLink" : "https://preprod-digitpaymentgateway.godigit.com/DigitPaymentGateway/payments?target=2D574FEF1AACB96034CAD6D7464D9404"
  } ],
  "status" : {
    "code" : "200",
    "message" : "SUCCESS"
  }
}
ErrorMessage : dasd=
InnerExceptionMessage : {
  "bookingId" : "retail-2020-11497386",
  "insuredPersons" : [ {
    "paxId" : "1",
    "paymentDetails" : {
      "policyPremium" : "973.0",
      "sgst" : "74.0",
      "cgst" : "74.0",
      "ugst" : "0.0",
      "igst" : "0.0",
      "invoiceNumber" : "IA001085969",
      "policyNetPremium" : "825.0"
    },
    "policyID" : "D400236580",
    "transactionDate" : "20-01-2020T17:11:48",
    "status" : {
      "code" : "200",
      "message" : "Success"
    },
    "policyStatus" : "INCOMPLETE",
    "applicationId" : "V2C03EBA4D5AD0505F7D777E7682EDCCF67644BCE9DC329F03F11DE740E48EE463C7ED1888F9E24B121EFEFCD71BA81104",
    "paymentLink" : "https://preprod-digitpaymentgateway.godigit.com/DigitPaymentGateway/payments?target=4D20302EF8217056141B31DA3DC5B94B"
  } ],
  "status" : {
    "code" : "200",
    "message" : "SUCCESS"
  }
}
ErrorMessage : dasd=
InnerExceptionMessage : {
  "bookingId" : "retail-2020-52802756",
  "insuredPersons" : [ {
    "paxId" : "1",
    "paymentDetails" : {
      "policyPremium" : "726.0",
      "sgst" : "55.0",
      "cgst" : "55.0",
      "ugst" : "0.0",
      "igst" : "0.0",
      "invoiceNumber" : "IA001085971",
      "policyNetPremium" : "616.0"
    },
    "policyID" : "D400236582",
    "transactionDate" : "20-01-2020T17:16:19",
    "status" : {
      "code" : "200",
      "message" : "Success"
    },
    "policyStatus" : "INCOMPLETE",
    "applicationId" : "V291AED8E15AD4DD111E02089704DD43677644BCE9DC329F03F11DE740E48EE463C7ED1888F9E24B121EFEFCD71BA81104",
    "paymentLink" : "https://preprod-digitpaymentgateway.godigit.com/DigitPaymentGateway/payments?target=A79A83975B9D5654B1DF669C4FAC287E"
  } ],
  "status" : {
    "code" : "200",
    "message" : "SUCCESS"
  }
}
ErrorMessage : https://preprod-digitpolicyissuance.godigit.com/policyservice/v1/createQuote
InnerExceptionMessage : { "bookingId": "retail-2020-55280739", "type": "I", "purpose": "L", "customer": { "firstName": "Divya", "lastName": "Justforretail", "address": { "line1": "N.W. College", "line2": "", "line3": "", "state": "27", "city": "Lucknow", "country": "IND", "pinCode": "411001" }, "documents": [ { "type": "PPT", "id": "D89U0112" } ], "dob": "1990-02-02", "mobile": "9353568667", "email": "Bindu.S@godigit.com", "type": "N" }, "insuredPersons": [ { "firstName": "Neha", "lastName": "Justforretail", "address": { "line1": "N.W. College", "line2": "", "line3": "", "state": "27", "city": "Pune", "country": "IND", "pinCode": "411001" }, "documents": [ { "type": "PPT", "id": "D890112" } ], "dob": "1990-02-02", "mobile": "9886656566", "email": "divya@gmail.com", "profession": "", "paxId": "1", "nominee": { "relationship": "S", "name": "Uduwei Uhdewui" }, "type": "N", "gender": "ML" } ], "insuredPersonsCount": "1", "bookingDate": "2020-01-20", "packageName": "", "geography": "UCI", "travelEndDate": "2020-01-22", "travelStartDate": "2020-01-21", "discountFlag": "" }
ErrorMessage : getdetail-webexception=
InnerExceptionMessage : The remote server returned an error: (400) Bad Request.
ErrorMessage : dasd=
InnerExceptionMessage : {
  "bookingId" : "retail-2020-52111037",
  "insuredPersons" : [ {
    "paxId" : "1",
    "paymentDetails" : {
      "policyPremium" : "726.0",
      "sgst" : "55.0",
      "cgst" : "55.0",
      "ugst" : "0.0",
      "igst" : "0.0",
      "invoiceNumber" : "IA001085984",
      "policyNetPremium" : "616.0"
    },
    "policyID" : "D400236597",
    "transactionDate" : "20-01-2020T17:32:51",
    "status" : {
      "code" : "200",
      "message" : "Success"
    },
    "policyStatus" : "INCOMPLETE",
    "applicationId" : "V2F3EC5A0BACAC1FFD17B396A2EC0489FE7644BCE9DC329F03F11DE740E48EE463C7ED1888F9E24B121EFEFCD71BA81104",
    "paymentLink" : "https://preprod-digitpaymentgateway.godigit.com/DigitPaymentGateway/payments?target=954B3275DCADF59FEFBB7CA374C6B832"
  } ],
  "status" : {
    "code" : "200",
    "message" : "SUCCESS"
  }
}
ErrorMessage : dasd=
InnerExceptionMessage : {
  "bookingId" : "retail-2020-30210018",
  "insuredPersons" : [ {
    "paxId" : "1",
    "paymentDetails" : {
      "policyPremium" : "726.0",
      "sgst" : "55.0",
      "cgst" : "55.0",
      "ugst" : "0.0",
      "igst" : "0.0",
      "invoiceNumber" : "IA001085994",
      "policyNetPremium" : "616.0"
    },
    "policyID" : "D400236606",
    "transactionDate" : "20-01-2020T17:41:25",
    "status" : {
      "code" : "200",
      "message" : "Success"
    },
    "policyStatus" : "INCOMPLETE",
    "applicationId" : "V299ADF726F27AE274B785920E0062297E7644BCE9DC329F03F11DE740E48EE463C7ED1888F9E24B121EFEFCD71BA81104",
    "paymentLink" : "https://preprod-digitpaymentgateway.godigit.com/DigitPaymentGateway/payments?target=E8575B4A2AF1F0EAF1C50AB86C913C6F"
  } ],
  "status" : {
    "code" : "200",
    "message" : "SUCCESS"
  }
}
ErrorMessage : dasd=
InnerExceptionMessage : {
  "bookingId" : "retail-2020-46108264",
  "insuredPersons" : [ {
    "paxId" : "1",
    "paymentDetails" : {
      "policyPremium" : "726.0",
      "sgst" : "55.0",
      "cgst" : "55.0",
      "ugst" : "0.0",
      "igst" : "0.0",
      "invoiceNumber" : "IA001085996",
      "policyNetPremium" : "616.0"
    },
    "policyID" : "D400236608",
    "transactionDate" : "20-01-2020T17:42:35",
    "status" : {
      "code" : "200",
      "message" : "Success"
    },
    "policyStatus" : "INCOMPLETE",
    "applicationId" : "V26044C03EDE758972B201501758B0D03C7644BCE9DC329F03F11DE740E48EE463C7ED1888F9E24B121EFEFCD71BA81104",
    "paymentLink" : "https://preprod-digitpaymentgateway.godigit.com/DigitPaymentGateway/payments?target=6FF310581FA973A6BB16F25F847D0398"
  } ],
  "status" : {
    "code" : "200",
    "message" : "SUCCESS"
  }
}
ErrorMessage : dasd=
InnerExceptionMessage : {
  "bookingId" : "retail-2020-76742443",
  "insuredPersons" : [ {
    "paxId" : "1",
    "paymentDetails" : {
      "policyPremium" : "726.0",
      "sgst" : "55.0",
      "cgst" : "55.0",
      "ugst" : "0.0",
      "igst" : "0.0",
      "invoiceNumber" : "IA001085997",
      "policyNetPremium" : "616.0"
    },
    "policyID" : "D400236609",
    "transactionDate" : "20-01-2020T17:42:58",
    "status" : {
      "code" : "200",
      "message" : "Success"
    },
    "policyStatus" : "INCOMPLETE",
    "applicationId" : "V250AF5A92C5857DC9E93213337568F8907644BCE9DC329F03F11DE740E48EE463C7ED1888F9E24B121EFEFCD71BA81104",
    "paymentLink" : "https://preprod-digitpaymentgateway.godigit.com/DigitPaymentGateway/payments?target=A442D8EFCC66C3F978124A7A8E5BF908"
  } ],
  "status" : {
    "code" : "200",
    "message" : "SUCCESS"
  }
}
ErrorMessage : dasd=
InnerExceptionMessage : {
  "bookingId" : "retail-2020-98803938",
  "insuredPersons" : [ {
    "paxId" : "1",
    "paymentDetails" : {
      "policyPremium" : "726.0",
      "sgst" : "55.0",
      "cgst" : "55.0",
      "ugst" : "0.0",
      "igst" : "0.0",
      "invoiceNumber" : "IA001085998",
      "policyNetPremium" : "616.0"
    },
    "policyID" : "D400236610",
    "transactionDate" : "20-01-2020T17:43:06",
    "status" : {
      "code" : "200",
      "message" : "Success"
    },
    "policyStatus" : "INCOMPLETE",
    "applicationId" : "V255C4C838C8751981D21DC7E8AB9DC5B37644BCE9DC329F03F11DE740E48EE463C7ED1888F9E24B121EFEFCD71BA81104",
    "paymentLink" : "https://preprod-digitpaymentgateway.godigit.com/DigitPaymentGateway/payments?target=69A3D15B11EED8D3CC8816E3DAB178C2"
  } ],
  "status" : {
    "code" : "200",
    "message" : "SUCCESS"
  }
}
ErrorMessage : dasd=
InnerExceptionMessage : {
  "bookingId" : "retail-2020-36554622",
  "insuredPersons" : [ {
    "paxId" : "1",
    "paymentDetails" : {
      "policyPremium" : "726.0",
      "sgst" : "55.0",
      "cgst" : "55.0",
      "ugst" : "0.0",
      "igst" : "0.0",
      "invoiceNumber" : "IA001086000",
      "policyNetPremium" : "616.0"
    },
    "policyID" : "D400236612",
    "transactionDate" : "20-01-2020T17:43:38",
    "status" : {
      "code" : "200",
      "message" : "Success"
    },
    "policyStatus" : "INCOMPLETE",
    "applicationId" : "V2CDF5FFB0C330BBB5D859DC54BDE3F9E87644BCE9DC329F03F11DE740E48EE463C7ED1888F9E24B121EFEFCD71BA81104",
    "paymentLink" : "https://preprod-digitpaymentgateway.godigit.com/DigitPaymentGateway/payments?target=87C9A21109E0137E351495350A69459C"
  } ],
  "status" : {
    "code" : "200",
    "message" : "SUCCESS"
  }
}
ErrorMessage : https://preprod-digitpolicyissuance.godigit.com/policyservice/v1/createQuote
InnerExceptionMessage : { "bookingId": "retail-2020-44735384", "type": "I", "purpose": "L", "customer": { "firstName": "Divya", "lastName": "Justforretail", "address": { "line1": "N.W. College", "line2": "", "line3": "", "state": "27", "city": "Lucknow", "country": "IND", "pinCode": "411001" }, "documents": [ { "type": "PPT", "id": "D89U0112" } ], "dob": "1990-02-02", "mobile": "9353568667", "email": "Bindu.S@godigit.com", "type": "N" }, "insuredPersons": [ { "firstName": "Neha", "lastName": "Justforretail", "address": { "line1": "N.W. College", "line2": "", "line3": "", "state": "27", "city": "Pune", "country": "IND", "pinCode": "411001" }, "documents": [ { "type": "PPT", "id": "D890112" } ], "dob": "1990-02-02", "mobile": "9886656566", "email": "divya@gmail.com", "profession": "", "paxId": "1", "nominee": { "relationship": "S", "name": "Uduwei Uhdewui" }, "type": "N", "gender": "ML" } ], "insuredPersonsCount": "1", "bookingDate": "2020-01-20", "packageName": "R14", "geography": "UCI", "travelEndDate": "2020-01-23", "travelStartDate": "2020-01-22", "discountFlag": "" }
ErrorMessage : getdetail-webexception=
InnerExceptionMessage : The remote server returned an error: (500) Internal Server Error.
ErrorMessage : https://preprod-digitpolicyissuance.godigit.com/policyservice/v1/createQuote
InnerExceptionMessage : { "bookingId": "retail-2020-708141", "type": "I", "purpose": "L", "customer": { "firstName": "Divya", "lastName": "Justforretail", "address": { "line1": "N.W. College", "line2": "", "line3": "", "state": "27", "city": "Lucknow", "country": "IND", "pinCode": "411001" }, "documents": [ { "type": "PPT", "id": "D89U0112" } ], "dob": "1990-02-02", "mobile": "9353568667", "email": "Bindu.S@godigit.com", "type": "N" }, "insuredPersons": [ { "firstName": "Neha", "lastName": "Justforretail", "address": { "line1": "N.W. College", "line2": "", "line3": "", "state": "27", "city": "Pune", "country": "IND", "pinCode": "411001" }, "documents": [ { "type": "PPT", "id": "D890112" } ], "dob": "1990-02-02", "mobile": "9886656566", "email": "divya@gmail.com", "profession": "", "paxId": "1", "nominee": { "relationship": "S", "name": "Uduwei Uhdewui" }, "type": "N", "gender": "ML" } ], "insuredPersonsCount": "1", "bookingDate": "2020-01-20", "packageName": "R14", "geography": "UCI", "travelEndDate": "2020-01-21", "travelStartDate": "2020-01-21", "discountFlag": "" }
ErrorMessage : getdetail-webexception=
InnerExceptionMessage : The remote server returned an error: (504) Gateway Timeout.
ErrorMessage : dasd=
InnerExceptionMessage : {
  "bookingId" : "retail-2020-78254724",
  "insuredPersons" : [ {
    "paxId" : "1",
    "paymentDetails" : {
      "policyPremium" : "726.0",
      "sgst" : "55.0",
      "cgst" : "55.0",
      "ugst" : "0.0",
      "igst" : "0.0",
      "invoiceNumber" : "IA001086001",
      "policyNetPremium" : "616.0"
    },
    "policyID" : "D400236613",
    "transactionDate" : "20-01-2020T17:46:08",
    "status" : {
      "code" : "200",
      "message" : "Success"
    },
    "policyStatus" : "INCOMPLETE",
    "applicationId" : "V2560B72AC98125C778E4ED74CBC5E9E2A7644BCE9DC329F03F11DE740E48EE463C7ED1888F9E24B121EFEFCD71BA81104",
    "paymentLink" : "https://preprod-digitpaymentgateway.godigit.com/DigitPaymentGateway/payments?target=02BAE58B34ADBEF3F6379FF806B92BBF"
  } ],
  "status" : {
    "code" : "200",
    "message" : "SUCCESS"
  }
}
ErrorMessage : dasd=
InnerExceptionMessage : {
  "bookingId" : "retail-2020-89712570",
  "insuredPersons" : [ {
    "paxId" : "1",
    "paymentDetails" : {
      "policyPremium" : "726.0",
      "sgst" : "55.0",
      "cgst" : "55.0",
      "ugst" : "0.0",
      "igst" : "0.0",
      "invoiceNumber" : "IA001086002",
      "policyNetPremium" : "616.0"
    },
    "policyID" : "D400236614",
    "transactionDate" : "20-01-2020T17:47:29",
    "status" : {
      "code" : "200",
      "message" : "Success"
    },
    "policyStatus" : "INCOMPLETE",
    "applicationId" : "V2284B35D6B3D8BDA84DCF997AFAE2D8B87644BCE9DC329F03F11DE740E48EE463C7ED1888F9E24B121EFEFCD71BA81104",
    "paymentLink" : "https://preprod-digitpaymentgateway.godigit.com/DigitPaymentGateway/payments?target=321C137B4C47C10F4DC96C2E4B0EABB8"
  } ],
  "status" : {
    "code" : "200",
    "message" : "SUCCESS"
  }
}
ErrorMessage : dasd=
InnerExceptionMessage : {
  "bookingId" : "retail-2020-63112116",
  "insuredPersons" : [ {
    "paxId" : "1",
    "paymentDetails" : {
      "policyPremium" : "726.0",
      "sgst" : "55.0",
      "cgst" : "55.0",
      "ugst" : "0.0",
      "igst" : "0.0",
      "invoiceNumber" : "IA001086003",
      "policyNetPremium" : "616.0"
    },
    "policyID" : "D400236615",
    "transactionDate" : "20-01-2020T17:47:51",
    "status" : {
      "code" : "200",
      "message" : "Success"
    },
    "policyStatus" : "INCOMPLETE",
    "applicationId" : "V2D1754430F44BB628DF359605BF05636B7644BCE9DC329F03F11DE740E48EE463C7ED1888F9E24B121EFEFCD71BA81104",
    "paymentLink" : "https://preprod-digitpaymentgateway.godigit.com/DigitPaymentGateway/payments?target=BEC53E071AD84DAFEF5A3420907992DF"
  } ],
  "status" : {
    "code" : "200",
    "message" : "SUCCESS"
  }
}
ErrorMessage : dasd=
InnerExceptionMessage : {
  "bookingId" : "retail-2020-42639884",
  "insuredPersons" : [ {
    "paxId" : "1",
    "paymentDetails" : {
      "policyPremium" : "726.0",
      "sgst" : "55.0",
      "cgst" : "55.0",
      "ugst" : "0.0",
      "igst" : "0.0",
      "invoiceNumber" : "IA001086004",
      "policyNetPremium" : "616.0"
    },
    "policyID" : "D400236616",
    "transactionDate" : "20-01-2020T17:48:10",
    "status" : {
      "code" : "200",
      "message" : "Success"
    },
    "policyStatus" : "INCOMPLETE",
    "applicationId" : "V2BEB129F4B159BC37CD9785B3E81F665D7644BCE9DC329F03F11DE740E48EE463C7ED1888F9E24B121EFEFCD71BA81104",
    "paymentLink" : "https://preprod-digitpaymentgateway.godigit.com/DigitPaymentGateway/payments?target=E0C191D74BD81B2C0486C2095F189178"
  } ],
  "status" : {
    "code" : "200",
    "message" : "SUCCESS"
  }
}
ErrorMessage : dasd=
InnerExceptionMessage : {
  "bookingId" : "retail-2020-40827804",
  "insuredPersons" : [ {
    "paxId" : "1",
    "paymentDetails" : {
      "policyPremium" : "726.0",
      "sgst" : "55.0",
      "cgst" : "55.0",
      "ugst" : "0.0",
      "igst" : "0.0",
      "invoiceNumber" : "IA001086007",
      "policyNetPremium" : "616.0"
    },
    "policyID" : "D400236619",
    "transactionDate" : "20-01-2020T18:01:12",
    "status" : {
      "code" : "200",
      "message" : "Success"
    },
    "policyStatus" : "INCOMPLETE",
    "applicationId" : "V29B196BC97BEF8E03B623ABFC72A2509A7644BCE9DC329F03F11DE740E48EE463C7ED1888F9E24B121EFEFCD71BA81104",
    "paymentLink" : "https://preprod-digitpaymentgateway.godigit.com/DigitPaymentGateway/payments?target=E20F246F0AEB96BA5C9F63897048F4BD"
  } ],
  "status" : {
    "code" : "200",
    "message" : "SUCCESS"
  }
}
ErrorMessage : dasd=
InnerExceptionMessage : {
  "bookingId" : "retail-2020-6682091",
  "insuredPersons" : [ {
    "paxId" : "1",
    "paymentDetails" : {
      "policyPremium" : "726.0",
      "sgst" : "55.0",
      "cgst" : "55.0",
      "ugst" : "0.0",
      "igst" : "0.0",
      "invoiceNumber" : "IA001086009",
      "policyNetPremium" : "616.0"
    },
    "policyID" : "D400236621",
    "transactionDate" : "20-01-2020T18:01:36",
    "status" : {
      "code" : "200",
      "message" : "Success"
    },
    "policyStatus" : "INCOMPLETE",
    "applicationId" : "V22D8E13E1BB152A38FB43AB188D6827D67644BCE9DC329F03F11DE740E48EE463C7ED1888F9E24B121EFEFCD71BA81104",
    "paymentLink" : "https://preprod-digitpaymentgateway.godigit.com/DigitPaymentGateway/payments?target=6E425C4452FA8818E7F44FE3AF66E8E8"
  } ],
  "status" : {
    "code" : "200",
    "message" : "SUCCESS"
  }
}
ErrorMessage : https://preprod-digitpolicyissuance.godigit.com/policyservice/v1/createQuote
InnerExceptionMessage : { "bookingId": "retail-2020-66580382", "type": "I", "purpose": "L", "customer": { "firstName": "Divya", "lastName": "Justforretail", "address": { "line1": "N.W. College", "line2": "", "line3": "", "state": "27", "city": "Lucknow", "country": "IND", "pinCode": "411001" }, "documents": [ { "type": "PPT", "id": "D89U0112" } ], "dob": "1990-02-02", "mobile": "9353568667", "email": "Bindu.S@godigit.com", "type": "N" }, "insuredPersons": [ { "firstName": "Neha", "lastName": "Justforretail", "address": { "line1": "N.W. College", "line2": "", "line3": "", "state": "27", "city": "Pune", "country": "IND", "pinCode": "411001" }, "documents": [ { "type": "PPT", "id": "D890112" } ], "dob": "1990-02-02", "mobile": "9886656566", "email": "divya@gmail.com", "profession": "", "paxId": "1", "nominee": { "relationship": "S", "name": "Uduwei Uhdewui" }, "type": "N", "gender": "ML" } ], "insuredPersonsCount": "1", "bookingDate": "2020-01-20", "packageName": "R14", "geography": "UCI", "travelEndDate": "2020-01-21", "travelStartDate": "2020-01-21", "discountFlag": "" }
ErrorMessage : getdetail-webexception=
InnerExceptionMessage : The remote server returned an error: (504) Gateway Timeout.
ErrorMessage : dasd=
InnerExceptionMessage : {
  "bookingId" : "retail-2020-87132098",
  "insuredPersons" : [ {
    "paxId" : "1",
    "paymentDetails" : {
      "policyPremium" : "726.0",
      "sgst" : "55.0",
      "cgst" : "55.0",
      "ugst" : "0.0",
      "igst" : "0.0",
      "invoiceNumber" : "IA001086019",
      "policyNetPremium" : "616.0"
    },
    "policyID" : "D400236630",
    "transactionDate" : "20-01-2020T18:08:46",
    "status" : {
      "code" : "200",
      "message" : "Success"
    },
    "policyStatus" : "INCOMPLETE",
    "applicationId" : "V23CB4BE66AA665FCF2C633E3EA7675F797644BCE9DC329F03F11DE740E48EE463C7ED1888F9E24B121EFEFCD71BA81104",
    "paymentLink" : "https://preprod-digitpaymentgateway.godigit.com/DigitPaymentGateway/payments?target=A40B438BFEB41DBCBB466D92524811EA"
  } ],
  "status" : {
    "code" : "200",
    "message" : "SUCCESS"
  }
}
ErrorMessage : dasd=
InnerExceptionMessage : {
  "bookingId" : "retail-2020-66156941",
  "insuredPersons" : [ {
    "paxId" : "1",
    "paymentDetails" : {
      "policyPremium" : "726.0",
      "sgst" : "55.0",
      "cgst" : "55.0",
      "ugst" : "0.0",
      "igst" : "0.0",
      "invoiceNumber" : "IA001086022",
      "policyNetPremium" : "616.0"
    },
    "policyID" : "D400236633",
    "transactionDate" : "20-01-2020T18:10:09",
    "status" : {
      "code" : "200",
      "message" : "Success"
    },
    "policyStatus" : "INCOMPLETE",
    "applicationId" : "V2AEB9218986AF04EAF95A0DE1E9F932D57644BCE9DC329F03F11DE740E48EE463C7ED1888F9E24B121EFEFCD71BA81104",
    "paymentLink" : "https://preprod-digitpaymentgateway.godigit.com/DigitPaymentGateway/payments?target=DC56E086201B903E8F59A536861D0731"
  } ],
  "status" : {
    "code" : "200",
    "message" : "SUCCESS"
  }
}
ErrorMessage : dasd=
InnerExceptionMessage : {
  "bookingId" : "retail-2020-30578933",
  "insuredPersons" : [ {
    "paxId" : "1",
    "paymentDetails" : {
      "policyPremium" : "726.0",
      "sgst" : "55.0",
      "cgst" : "55.0",
      "ugst" : "0.0",
      "igst" : "0.0",
      "invoiceNumber" : "IA001086024",
      "policyNetPremium" : "616.0"
    },
    "policyID" : "D400236635",
    "transactionDate" : "20-01-2020T18:12:37",
    "status" : {
      "code" : "200",
      "message" : "Success"
    },
    "policyStatus" : "INCOMPLETE",
    "applicationId" : "V21856C20F9288E1820FD795963C9C537D7644BCE9DC329F03F11DE740E48EE463C7ED1888F9E24B121EFEFCD71BA81104",
    "paymentLink" : "https://preprod-digitpaymentgateway.godigit.com/DigitPaymentGateway/payments?target=9F5C13F9DEFC7D26506E2C9DF373E850"
  } ],
  "status" : {
    "code" : "200",
    "message" : "SUCCESS"
  }
}
ErrorMessage : dasd=
InnerExceptionMessage : {
  "bookingId" : "retail-2020-70958750",
  "insuredPersons" : [ {
    "paxId" : "1",
    "paymentDetails" : {
      "policyPremium" : "726.0",
      "sgst" : "55.0",
      "cgst" : "55.0",
      "ugst" : "0.0",
      "igst" : "0.0",
      "invoiceNumber" : "IA001086025",
      "policyNetPremium" : "616.0"
    },
    "policyID" : "D400236636",
    "transactionDate" : "20-01-2020T18:13:34",
    "status" : {
      "code" : "200",
      "message" : "Success"
    },
    "policyStatus" : "INCOMPLETE",
    "applicationId" : "V2D5302DDA34703316EB624103BAAB1B8A7644BCE9DC329F03F11DE740E48EE463C7ED1888F9E24B121EFEFCD71BA81104",
    "paymentLink" : "https://preprod-digitpaymentgateway.godigit.com/DigitPaymentGateway/payments?target=BDA912C8ABCBB307F93F778FE1044FA6"
  } ],
  "status" : {
    "code" : "200",
    "message" : "SUCCESS"
  }
}
ErrorMessage : dasd=
InnerExceptionMessage : {
  "bookingId" : "retail-2020-78774985",
  "insuredPersons" : [ {
    "paxId" : "1",
    "paymentDetails" : {
      "policyPremium" : "726.0",
      "sgst" : "55.0",
      "cgst" : "55.0",
      "ugst" : "0.0",
      "igst" : "0.0",
      "invoiceNumber" : "IA001086037",
      "policyNetPremium" : "616.0"
    },
    "policyID" : "D400236648",
    "transactionDate" : "20-01-2020T18:23:08",
    "status" : {
      "code" : "200",
      "message" : "Success"
    },
    "policyStatus" : "INCOMPLETE",
    "applicationId" : "V2CA15B2EB675297E03168431E0124B2077644BCE9DC329F03F11DE740E48EE463C7ED1888F9E24B121EFEFCD71BA81104",
    "paymentLink" : "https://preprod-digitpaymentgateway.godigit.com/DigitPaymentGateway/payments?target=BE509CE4FD045771961D44233686ED1B"
  } ],
  "status" : {
    "code" : "200",
    "message" : "SUCCESS"
  }
}
ErrorMessage : dasd=
InnerExceptionMessage : {
  "bookingId" : "retail-2020-22885529",
  "insuredPersons" : [ {
    "paxId" : "1",
    "paymentDetails" : {
      "policyPremium" : "726.0",
      "sgst" : "55.0",
      "cgst" : "55.0",
      "ugst" : "0.0",
      "igst" : "0.0",
      "invoiceNumber" : "IA001086040",
      "policyNetPremium" : "616.0"
    },
    "policyID" : "D400236651",
    "transactionDate" : "20-01-2020T18:23:48",
    "status" : {
      "code" : "200",
      "message" : "Success"
    },
    "policyStatus" : "INCOMPLETE",
    "applicationId" : "V2409E0229BFA58E292328F2F11136FF9A7644BCE9DC329F03F11DE740E48EE463C7ED1888F9E24B121EFEFCD71BA81104",
    "paymentLink" : "https://preprod-digitpaymentgateway.godigit.com/DigitPaymentGateway/payments?target=9A7D10EEEAE15B59E8B92C92886DB2B4"
  } ],
  "status" : {
    "code" : "200",
    "message" : "SUCCESS"
  }
}
ErrorMessage : dasd=
InnerExceptionMessage : {
  "bookingId" : "retail-2020-41012050",
  "insuredPersons" : [ {
    "paxId" : "1",
    "paymentDetails" : {
      "policyPremium" : "726.0",
      "sgst" : "55.0",
      "cgst" : "55.0",
      "ugst" : "0.0",
      "igst" : "0.0",
      "invoiceNumber" : "IA001086048",
      "policyNetPremium" : "616.0"
    },
    "policyID" : "D400236659",
    "transactionDate" : "20-01-2020T18:32:21",
    "status" : {
      "code" : "200",
      "message" : "Success"
    },
    "policyStatus" : "INCOMPLETE",
    "applicationId" : "V2E3D666BC52F5E702E4605A13C6074DB07644BCE9DC329F03F11DE740E48EE463C7ED1888F9E24B121EFEFCD71BA81104",
    "paymentLink" : "https://preprod-digitpaymentgateway.godigit.com/DigitPaymentGateway/payments?target=F9261CDD8551F875415082CF4041B048"
  } ],
  "status" : {
    "code" : "200",
    "message" : "SUCCESS"
  }
}
ErrorMessage : dasd=
InnerExceptionMessage : {
  "bookingId" : "retail-2020-68662008",
  "insuredPersons" : [ {
    "paxId" : "1",
    "paymentDetails" : {
      "policyPremium" : "726.0",
      "sgst" : "55.0",
      "cgst" : "55.0",
      "ugst" : "0.0",
      "igst" : "0.0",
      "invoiceNumber" : "IA001086050",
      "policyNetPremium" : "616.0"
    },
    "policyID" : "D400236662",
    "transactionDate" : "20-01-2020T18:33:11",
    "status" : {
      "code" : "200",
      "message" : "Success"
    },
    "policyStatus" : "INCOMPLETE",
    "applicationId" : "V25FEE39A82AE19628B69FAAA1509574AC7644BCE9DC329F03F11DE740E48EE463C7ED1888F9E24B121EFEFCD71BA81104",
    "paymentLink" : "https://preprod-digitpaymentgateway.godigit.com/DigitPaymentGateway/payments?target=17AB76D4C2805E28CC94E11830BA5495"
  } ],
  "status" : {
    "code" : "200",
    "message" : "SUCCESS"
  }
}
ErrorMessage : dasd=
InnerExceptionMessage : {
  "bookingId" : "retail-2020-28643291",
  "insuredPersons" : [ {
    "paxId" : "1",
    "paymentDetails" : {
      "policyPremium" : "726.0",
      "sgst" : "55.0",
      "cgst" : "55.0",
      "ugst" : "0.0",
      "igst" : "0.0",
      "invoiceNumber" : "IA001086094",
      "policyNetPremium" : "616.0"
    },
    "policyID" : "D400236707",
    "transactionDate" : "20-01-2020T18:46:50",
    "status" : {
      "code" : "200",
      "message" : "Success"
    },
    "policyStatus" : "INCOMPLETE",
    "applicationId" : "V2E3223E668DEA5F5B78408489F218E0E47644BCE9DC329F03F11DE740E48EE463C7ED1888F9E24B121EFEFCD71BA81104",
    "paymentLink" : "https://preprod-digitpaymentgateway.godigit.com/DigitPaymentGateway/payments?target=3CF6FE1D0DE5FC9786928BDEEDC6A06C"
  } ],
  "status" : {
    "code" : "200",
    "message" : "SUCCESS"
  }
}
ErrorMessage : https://preprod-digitpolicyissuance.godigit.com/policyservice/v1/createQuote
InnerExceptionMessage : { "bookingId": "", "type": "I", "purpose": "L", "customer": { "firstName": "Divya", "lastName": "Justforretail", "address": { "line1": "N.W. College", "line2": "", "line3": "", "state": "27", "city": "Lucknow", "country": "IND", "pinCode": "411001" }, "documents": [ { "type": "PPT", "id": "D89U0112" } ], "dob": "1990-02-02", "mobile": "9353568667", "email": "Bindu.S@godigit.com", "type": "N" }, "insuredPersons": [ { "firstName": "Neha", "lastName": "Justforretail", "address": { "line1": "N.W. College", "line2": "", "line3": "", "state": "27", "city": "Pune", "country": "IND", "pinCode": "411001" }, "documents": [ { "type": "PPT", "id": "D890112" } ], "dob": "1990-02-02", "mobile": "9886656566", "email": "divya@gmail.com", "profession": "", "paxId": "1", "nominee": { "relationship": "S", "name": "Uduwei Uhdewui" }, "type": "N", "gender": "ML" } ], "insuredPersonsCount": "1", "bookingDate": "2020-01-20", "packageName": "R14", "geography": "UCI", "travelEndDate": "2020-01-21", "travelStartDate": "2020-01-21", "discountFlag": "" }
ErrorMessage : getdetail-webexception=
InnerExceptionMessage : The remote server returned an error: (400) Bad Request.
ErrorMessage : dasd=
InnerExceptionMessage : {
  "bookingId" : "retail-2020-14734857",
  "insuredPersons" : [ {
    "paxId" : "1",
    "paymentDetails" : {
      "policyPremium" : "726.0",
      "sgst" : "55.0",
      "cgst" : "55.0",
      "ugst" : "0.0",
      "igst" : "0.0",
      "invoiceNumber" : "IA001086096",
      "policyNetPremium" : "616.0"
    },
    "policyID" : "D400236709",
    "transactionDate" : "20-01-2020T18:49:57",
    "status" : {
      "code" : "200",
      "message" : "Success"
    },
    "policyStatus" : "INCOMPLETE",
    "applicationId" : "V2C854F85FC21C245A53FBFEC10136D48E7644BCE9DC329F03F11DE740E48EE463C7ED1888F9E24B121EFEFCD71BA81104",
    "paymentLink" : "https://preprod-digitpaymentgateway.godigit.com/DigitPaymentGateway/payments?target=42869C459BC4BE19D4DC4F4B071CE18B"
  } ],
  "status" : {
    "code" : "200",
    "message" : "SUCCESS"
  }
}
ErrorMessage : dasd=
InnerExceptionMessage : {
  "bookingId" : "retail-2020-53710080",
  "insuredPersons" : [ {
    "paxId" : "1",
    "paymentDetails" : {
      "policyPremium" : "726.0",
      "sgst" : "55.0",
      "cgst" : "55.0",
      "ugst" : "0.0",
      "igst" : "0.0",
      "invoiceNumber" : "IA001086099",
      "policyNetPremium" : "616.0"
    },
    "policyID" : "D400236712",
    "transactionDate" : "20-01-2020T18:50:26",
    "status" : {
      "code" : "200",
      "message" : "Success"
    },
    "policyStatus" : "INCOMPLETE",
    "applicationId" : "V230010D5BC350450502A7576C0AE92BB17644BCE9DC329F03F11DE740E48EE463C7ED1888F9E24B121EFEFCD71BA81104",
    "paymentLink" : "https://preprod-digitpaymentgateway.godigit.com/DigitPaymentGateway/payments?target=715357C85AE55EC45D446825D8B71CE1"
  } ],
  "status" : {
    "code" : "200",
    "message" : "SUCCESS"
  }
}
ErrorMessage : dasd=
InnerExceptionMessage : {
  "bookingId" : "retail-2020-15524516",
  "insuredPersons" : [ {
    "paxId" : "1",
    "paymentDetails" : {
      "policyPremium" : "726.0",
      "sgst" : "55.0",
      "cgst" : "55.0",
      "ugst" : "0.0",
      "igst" : "0.0",
      "invoiceNumber" : "IA001086118",
      "policyNetPremium" : "616.0"
    },
    "policyID" : "D400236732",
    "transactionDate" : "20-01-2020T18:54:56",
    "status" : {
      "code" : "200",
      "message" : "Success"
    },
    "policyStatus" : "INCOMPLETE",
    "applicationId" : "V291A9E6F927B436DCBF94B186F5230D177644BCE9DC329F03F11DE740E48EE463C7ED1888F9E24B121EFEFCD71BA81104",
    "paymentLink" : "https://preprod-digitpaymentgateway.godigit.com/DigitPaymentGateway/payments?target=9A34C3DD29757BF5FAA9C33E59CFB335"
  } ],
  "status" : {
    "code" : "200",
    "message" : "SUCCESS"
  }
}
ErrorMessage : dasd=
InnerExceptionMessage : {
  "bookingId" : "retail-2020-10704639",
  "insuredPersons" : [ {
    "paxId" : "1",
    "paymentDetails" : {
      "policyPremium" : "726.0",
      "sgst" : "55.0",
      "cgst" : "55.0",
      "ugst" : "0.0",
      "igst" : "0.0",
      "invoiceNumber" : "IA001086122",
      "policyNetPremium" : "616.0"
    },
    "policyID" : "D400236735",
    "transactionDate" : "20-01-2020T18:55:21",
    "status" : {
      "code" : "200",
      "message" : "Success"
    },
    "policyStatus" : "INCOMPLETE",
    "applicationId" : "V212F6B47750A93372C5EF3A38214257197644BCE9DC329F03F11DE740E48EE463C7ED1888F9E24B121EFEFCD71BA81104",
    "paymentLink" : "https://preprod-digitpaymentgateway.godigit.com/DigitPaymentGateway/payments?target=86196AC6DA81E3F0496F30D0AFD6C34C"
  } ],
  "status" : {
    "code" : "200",
    "message" : "SUCCESS"
  }
}
ErrorMessage : https://preprod-digitpolicyissuance.godigit.com/policyservice/v1/createQuote
InnerExceptionMessage : { "bookingId": "retail-2020-10343426", "type": "I", "purpose": "L", "customer": { "firstName": "Divya", "lastName": "Justforretail", "address": { "line1": "N.W. College", "line2": "", "line3": "", "state": "27", "city": "Lucknow", "country": "IND", "pinCode": "411001" }, "documents": [ { "type": "PPT", "id": "D89U0112" } ], "dob": "1990-02-02", "mobile": "9353568667", "email": "Bindu.S@godigit.com", "type": "N" }, "insuredPersons": [ { "firstName": "Neha", "lastName": "Justforretail", "address": { "line1": "N.W. College", "line2": "", "line3": "", "state": "27", "city": "Pune", "country": "IND", "pinCode": "411001" }, "documents": [ { "type": "PPT", "id": "D890112" } ], "dob": "1990-02-02", "mobile": "9886656566", "email": "divya@gmail.com", "profession": "", "paxId": "1", "nominee": { "relationship": "S", "name": "Uduwei Uhdewui" }, "type": "N", "gender": "ML" } ], "insuredPersonsCount": "1", "bookingDate": "2020-01-20", "packageName": "R14", "geography": "UCI", "travelEndDate": "2020-01-22", "travelStartDate": "2020-01-21", "discountFlag": "" }
ErrorMessage : getdetail-webexception=
InnerExceptionMessage : The remote server returned an error: (500) Internal Server Error.
ErrorMessage : dasd=
InnerExceptionMessage : {
  "bookingId" : "retail-2020-81304325",
  "insuredPersons" : [ {
    "paxId" : "1",
    "paymentDetails" : {
      "policyPremium" : "726.0",
      "sgst" : "55.0",
      "cgst" : "55.0",
      "ugst" : "0.0",
      "igst" : "0.0",
      "invoiceNumber" : "IA001086162",
      "policyNetPremium" : "616.0"
    },
    "policyID" : "D400236777",
    "transactionDate" : "20-01-2020T19:07:05",
    "status" : {
      "code" : "200",
      "message" : "Success"
    },
    "policyStatus" : "INCOMPLETE",
    "applicationId" : "V20020A7A336487F2B449372BCABDA404A7644BCE9DC329F03F11DE740E48EE463C7ED1888F9E24B121EFEFCD71BA81104",
    "paymentLink" : "https://preprod-digitpaymentgateway.godigit.com/DigitPaymentGateway/payments?target=AB37D7DF73B3BE1DCEF813A53B051988"
  } ],
  "status" : {
    "code" : "200",
    "message" : "SUCCESS"
  }
}
ErrorMessage : dasd=
InnerExceptionMessage : {
  "bookingId" : "retail-2020-95722004",
  "insuredPersons" : [ {
    "paxId" : "1",
    "paymentDetails" : {
      "policyPremium" : "726.0",
      "sgst" : "55.0",
      "cgst" : "55.0",
      "ugst" : "0.0",
      "igst" : "0.0",
      "invoiceNumber" : "IA001086165",
      "policyNetPremium" : "616.0"
    },
    "policyID" : "D400236778",
    "transactionDate" : "20-01-2020T19:07:24",
    "status" : {
      "code" : "200",
      "message" : "Success"
    },
    "policyStatus" : "INCOMPLETE",
    "applicationId" : "V29741994DF32B101141AF8BD8955630657644BCE9DC329F03F11DE740E48EE463C7ED1888F9E24B121EFEFCD71BA81104",
    "paymentLink" : "https://preprod-digitpaymentgateway.godigit.com/DigitPaymentGateway/payments?target=CC3E3DE50F3B3DBBC41F625E6268B00E"
  } ],
  "status" : {
    "code" : "200",
    "message" : "SUCCESS"
  }
}
ErrorMessage : dasd=
InnerExceptionMessage : {
  "bookingId" : "retail-2020-7753629",
  "insuredPersons" : [ {
    "paxId" : "1",
    "paymentDetails" : {
      "policyPremium" : "726.0",
      "sgst" : "55.0",
      "cgst" : "55.0",
      "ugst" : "0.0",
      "igst" : "0.0",
      "invoiceNumber" : "IA001086173",
      "policyNetPremium" : "616.0"
    },
    "policyID" : "D400236786",
    "transactionDate" : "20-01-2020T19:10:09",
    "status" : {
      "code" : "200",
      "message" : "Success"
    },
    "policyStatus" : "INCOMPLETE",
    "applicationId" : "V2DE4DA5D1DBFB8F8E8A834FB544B94E897644BCE9DC329F03F11DE740E48EE463C7ED1888F9E24B121EFEFCD71BA81104",
    "paymentLink" : "https://preprod-digitpaymentgateway.godigit.com/DigitPaymentGateway/payments?target=13BBBB06371EE113865791DF73968EED"
  } ],
  "status" : {
    "code" : "200",
    "message" : "SUCCESS"
  }
}
ErrorMessage : dasd=
InnerExceptionMessage : {
  "bookingId" : "retail-2020-60248873",
  "insuredPersons" : [ {
    "paxId" : "1",
    "paymentDetails" : {
      "policyPremium" : "1130.0",
      "sgst" : "86.0",
      "cgst" : "86.0",
      "ugst" : "0.0",
      "igst" : "0.0",
      "invoiceNumber" : "IA001086186",
      "policyNetPremium" : "958.0"
    },
    "policyID" : "D400236801",
    "transactionDate" : "20-01-2020T19:14:13",
    "status" : {
      "code" : "200",
      "message" : "Success"
    },
    "policyStatus" : "INCOMPLETE",
    "applicationId" : "V2DBC73474494FF4FC0616D43FCAF0D2D37644BCE9DC329F03F11DE740E48EE463C7ED1888F9E24B121EFEFCD71BA81104",
    "paymentLink" : "https://preprod-digitpaymentgateway.godigit.com/DigitPaymentGateway/payments?target=44B69F0FE80DCFBCCB5E2D9F3B678F00"
  } ],
  "status" : {
    "code" : "200",
    "message" : "SUCCESS"
  }
}
ErrorMessage : dasd=
InnerExceptionMessage : {
  "bookingId" : "retail-2020-44019927",
  "insuredPersons" : [ {
    "paxId" : "1",
    "paymentDetails" : {
      "policyPremium" : "1130.0",
      "sgst" : "86.0",
      "cgst" : "86.0",
      "ugst" : "0.0",
      "igst" : "0.0",
      "invoiceNumber" : "IA001086187",
      "policyNetPremium" : "958.0"
    },
    "policyID" : "D400236802",
    "transactionDate" : "20-01-2020T19:14:33",
    "status" : {
      "code" : "200",
      "message" : "Success"
    },
    "policyStatus" : "INCOMPLETE",
    "applicationId" : "V2CA8AEF70E4628C14A5054123D173977D7644BCE9DC329F03F11DE740E48EE463C7ED1888F9E24B121EFEFCD71BA81104",
    "paymentLink" : "https://preprod-digitpaymentgateway.godigit.com/DigitPaymentGateway/payments?target=834978026939B045BA15953B63E59435"
  } ],
  "status" : {
    "code" : "200",
    "message" : "SUCCESS"
  }
}
ErrorMessage : dasd=
InnerExceptionMessage : {
  "bookingId" : "retail-2020-10385767",
  "insuredPersons" : [ {
    "paxId" : "1",
    "paymentDetails" : {
      "policyPremium" : "726.0",
      "sgst" : "55.0",
      "cgst" : "55.0",
      "ugst" : "0.0",
      "igst" : "0.0",
      "invoiceNumber" : "IA001086194",
      "policyNetPremium" : "616.0"
    },
    "policyID" : "D400236808",
    "transactionDate" : "20-01-2020T19:18:11",
    "status" : {
      "code" : "200",
      "message" : "Success"
    },
    "policyStatus" : "INCOMPLETE",
    "applicationId" : "V22D64A01F645308C9F6CA21764367FC297644BCE9DC329F03F11DE740E48EE463C7ED1888F9E24B121EFEFCD71BA81104",
    "paymentLink" : "https://preprod-digitpaymentgateway.godigit.com/DigitPaymentGateway/payments?target=FCE02BB2AE41F7A50DC3BA7E5C7756C5"
  } ],
  "status" : {
    "code" : "200",
    "message" : "SUCCESS"
  }
}
ErrorMessage : dasd=
InnerExceptionMessage : {
  "bookingId" : "retail-2020-82134327",
  "insuredPersons" : [ {
    "paxId" : "1",
    "paymentDetails" : {
      "policyPremium" : "726.0",
      "sgst" : "55.0",
      "cgst" : "55.0",
      "ugst" : "0.0",
      "igst" : "0.0",
      "invoiceNumber" : "IA001086195",
      "policyNetPremium" : "616.0"
    },
    "policyID" : "D400236809",
    "transactionDate" : "20-01-2020T19:18:34",
    "status" : {
      "code" : "200",
      "message" : "Success"
    },
    "policyStatus" : "INCOMPLETE",
    "applicationId" : "V220AE291677B59DDBDE3222CDDFAA38C77644BCE9DC329F03F11DE740E48EE463C7ED1888F9E24B121EFEFCD71BA81104",
    "paymentLink" : "https://preprod-digitpaymentgateway.godigit.com/DigitPaymentGateway/payments?target=E547BB8633A4C4A679AC05E700C43759"
  } ],
  "status" : {
    "code" : "200",
    "message" : "SUCCESS"
  }
}
