ErrorMessage : https://sis.edelweisstokio.in/shirokuapi/v2/GetPremium
InnerExceptionMessage : { 'product': 'Zindagiplus', 'fullName':  'hhhhj', 'cliGender': 'Male', 'age':'53', 'cliDOB': '12/07/1967', 'maturityAge': '0', 'frequency': 'Yearly', 'smoke': 'No', 'policyTerm': '7', 'premiumPayingTerm': '7', 'sumAssured': '10000000', 'staff': 'No', 'workSiteFlag': 'No', 'index': '0', 'ADB': '100000', 'ATPD': '100000', 'CI': '100000', 'HCB': '100000', 'Term': '', 'WOP': 'No', 'pdf': 'No', 'childAge': '', 'childGender': '', 'maturityOption': '', 'flexibleBenefitYear': '', 'postponement': '', 'largeCap': '', 'top250': '', 'bond': '', 'moneyMarket': '', 'PEBased': '', 'managed': '', 'claimsOption': '', 'LAProposerSame': 'false',   'LAFullName': 'hhhhj', 'LAEmail': 'ff@gmail.com','LAMarriedStatus':'single', 'LANumber': '9987999999', 'LATobacco': 'No', 'LAAge': '53', 'LADOB': '12/07/1967', 'investmentStrategy': '', 'LAGender': 'Male', 'risingStar': 'No', 'policyOption': 'Life Cover with Level Sum Assured', 'distributionChannel': 'Corporate Agent', 'betterHalfBenefit': 'No', 'spouseFirstName': '', 'spouseLastName': ' ', 'spouseDOB': '', 'spouseGender': '', 'spouseAge': '', 'spouseTobaccoUser': '', 'additionalBenefit': '', 'topUpBenefitPercentage': '', 'payoutOption': 'LumpSum', 'payoutMonths': '', 'payoutPercentageLumpsum': '100', 'payoutPercentageLevelIncome': '0', 'payoutPercentageIncreasingIncome': '0', 'tranId': '' }
ErrorMessage : getdetail-webexception=
InnerExceptionMessage : The remote server returned an error: (400) Bad Request.
ErrorMessage : https://sis.edelweisstokio.in/shirokuapi/v2/GetPremium
InnerExceptionMessage : { 'product': 'Zindagiplus', 'fullName':  'hhhhj', 'cliGender': 'Male', 'age':'53', 'cliDOB': '12/07/1967', 'maturityAge': '0', 'frequency': 'Yearly', 'smoke': 'No', 'policyTerm': '7', 'premiumPayingTerm': '7', 'sumAssured': '10000000', 'staff': 'No', 'workSiteFlag': 'No', 'index': '0', 'ADB': '100000', 'ATPD': '100000', 'CI': '100000', 'HCB': '100000', 'Term': '', 'WOP': 'No', 'pdf': 'No', 'childAge': '', 'childGender': '', 'maturityOption': '', 'flexibleBenefitYear': '', 'postponement': '', 'largeCap': '', 'top250': '', 'bond': '', 'moneyMarket': '', 'PEBased': '', 'managed': '', 'claimsOption': '', 'LAProposerSame': 'false',   'LAFullName': 'hhhhj', 'LAEmail': 'ff@gmail.com','LAMarriedStatus':'single', 'LANumber': '9987999999', 'LATobacco': 'No', 'LAAge': '53', 'LADOB': '12/07/1967', 'investmentStrategy': '', 'LAGender': 'Male', 'risingStar': 'No', 'policyOption': 'Life Cover with Level Sum Assured', 'distributionChannel': 'Corporate Agent', 'betterHalfBenefit': 'No', 'spouseFirstName': '', 'spouseLastName': ' ', 'spouseDOB': '', 'spouseGender': '', 'spouseAge': '', 'spouseTobaccoUser': '', 'additionalBenefit': '', 'topUpBenefitPercentage': '', 'payoutOption': 'LumpSum', 'payoutMonths': '', 'payoutPercentageLumpsum': '100', 'payoutPercentageLevelIncome': '0', 'payoutPercentageIncreasingIncome': '0', 'tranId': '' }
ErrorMessage : getdetail-webexception=
InnerExceptionMessage : The remote server returned an error: (400) Bad Request.
ErrorMessage : https://sis.edelweisstokio.in/shirokuapi/v2/GetPremium
InnerExceptionMessage : { 'product': 'Zindagiplus', 'fullName':  'hhhhj', 'cliGender': 'Male', 'age':'53', 'cliDOB': '12/07/1967', 'maturityAge': '0', 'frequency': 'Yearly', 'smoke': 'No', 'policyTerm': '7', 'premiumPayingTerm': '7', 'sumAssured': '10000000', 'staff': 'No', 'workSiteFlag': 'No', 'index': '0', 'ADB': '100000', 'ATPD': '100000', 'CI': '100000', 'HCB': '100000', 'Term': '', 'WOP': 'No', 'pdf': 'No', 'childAge': '', 'childGender': '', 'maturityOption': '', 'flexibleBenefitYear': '', 'postponement': '', 'largeCap': '', 'top250': '', 'bond': '', 'moneyMarket': '', 'PEBased': '', 'managed': '', 'claimsOption': '', 'LAProposerSame': 'false',   'LAFullName': 'hhhhj', 'LAEmail': 'ff@gmail.com','LAMarriedStatus':'single', 'LANumber': '9987999999', 'LATobacco': 'No', 'LAAge': '53', 'LADOB': '12/07/1967', 'investmentStrategy': '', 'LAGender': 'Male', 'risingStar': 'No', 'policyOption': 'Life Cover with Level Sum Assured', 'distributionChannel': 'Corporate Agent', 'betterHalfBenefit': 'No', 'spouseFirstName': '', 'spouseLastName': ' ', 'spouseDOB': '', 'spouseGender': '', 'spouseAge': '', 'spouseTobaccoUser': '', 'additionalBenefit': '', 'topUpBenefitPercentage': '', 'payoutOption': 'LumpSum', 'payoutMonths': '', 'payoutPercentageLumpsum': '100', 'payoutPercentageLevelIncome': '0', 'payoutPercentageIncreasingIncome': '0', 'tranId': '' }
ErrorMessage : getdetail-webexception=
InnerExceptionMessage : The remote server returned an error: (400) Bad Request.
ErrorMessage : https://sis.edelweisstokio.in/shirokuapi/v2/GetPremium
InnerExceptionMessage : { 'product': 'Zindagiplus', 'fullName':  'hhhhj', 'cliGender': 'Male', 'age':'53', 'cliDOB': '12/07/1967', 'maturityAge': '0', 'frequency': 'Yearly', 'smoke': 'No', 'policyTerm': '7', 'premiumPayingTerm': '7', 'sumAssured': '10000000', 'staff': 'No', 'workSiteFlag': 'No', 'index': '0', 'ADB': '100000', 'ATPD': '100000', 'CI': '100000', 'HCB': '100000', 'Term': '', 'WOP': 'No', 'pdf': 'No', 'childAge': '', 'childGender': '', 'maturityOption': '', 'flexibleBenefitYear': '', 'postponement': '', 'largeCap': '', 'top250': '', 'bond': '', 'moneyMarket': '', 'PEBased': '', 'managed': '', 'claimsOption': '', 'LAProposerSame': 'false',   'LAFullName': 'hhhhj', 'LAEmail': 'ff@gmail.com','LAMarriedStatus':'single', 'LANumber': '9987999999', 'LATobacco': 'No', 'LAAge': '53', 'LADOB': '12/07/1967', 'investmentStrategy': '', 'LAGender': 'Male', 'risingStar': 'No', 'policyOption': 'Life Cover with Level Sum Assured', 'distributionChannel': 'Corporate Agent', 'betterHalfBenefit': 'No', 'spouseFirstName': '', 'spouseLastName': ' ', 'spouseDOB': '', 'spouseGender': '', 'spouseAge': '', 'spouseTobaccoUser': '', 'additionalBenefit': '', 'topUpBenefitPercentage': '', 'payoutOption': 'LumpSum', 'payoutMonths': '', 'payoutPercentageLumpsum': '100', 'payoutPercentageLevelIncome': '0', 'payoutPercentageIncreasingIncome': '0', 'tranId': '' }
ErrorMessage : getdetail-webexception=
InnerExceptionMessage : The remote server returned an error: (400) Bad Request.
ErrorMessage : https://sis.edelweisstokio.in/shirokuapi/v2/GetPremium
InnerExceptionMessage : { 'product': 'Zindagiplus', 'fullName':  'hgghhg', 'cliGender': 'Male', 'age':'53', 'cliDOB': '06/07/1967', 'maturityAge': '0', 'frequency': 'Yearly', 'smoke': 'No', 'policyTerm': '40', 'premiumPayingTerm': '40', 'sumAssured': '10000000', 'staff': 'No', 'workSiteFlag': 'No', 'index': '0', 'ADB': '100000', 'ATPD': '100000', 'CI': '100000', 'HCB': '100000', 'Term': '', 'WOP': 'No', 'pdf': 'No', 'childAge': '', 'childGender': '', 'maturityOption': '', 'flexibleBenefitYear': '', 'postponement': '', 'largeCap': '', 'top250': '', 'bond': '', 'moneyMarket': '', 'PEBased': '', 'managed': '', 'claimsOption': '', 'LAProposerSame': 'false',   'LAFullName': 'hgghhg', 'LAEmail': 'ffdfd@gmail.com','LAMarriedStatus':'single', 'LANumber': '9879999999', 'LATobacco': 'No', 'LAAge': '53', 'LADOB': '06/07/1967', 'investmentStrategy': '', 'LAGender': 'Male', 'risingStar': 'No', 'policyOption': 'Life Cover with Level Sum Assured', 'distributionChannel': 'Corporate Agent', 'betterHalfBenefit': 'No', 'spouseFirstName': '', 'spouseLastName': ' ', 'spouseDOB': '', 'spouseGender': '', 'spouseAge': '', 'spouseTobaccoUser': '', 'additionalBenefit': '', 'topUpBenefitPercentage': '', 'payoutOption': 'LumpSum', 'payoutMonths': '', 'payoutPercentageLumpsum': '100', 'payoutPercentageLevelIncome': '0', 'payoutPercentageIncreasingIncome': '0', 'tranId': '' }
ErrorMessage : getdetail-webexception=
InnerExceptionMessage : The remote server returned an error: (400) Bad Request.
ErrorMessage : https://sis.edelweisstokio.in/shirokuapi/v2/GetPremium
InnerExceptionMessage : { 'product': 'Zindagiplus', 'fullName':  'hfggfh', 'cliGender': 'Male', 'age':'52', 'cliDOB': '11/07/1968', 'maturityAge': '0', 'frequency': 'Yearly', 'smoke': 'No', 'policyTerm': '8', 'premiumPayingTerm': '8', 'sumAssured': '10000000', 'staff': 'No', 'workSiteFlag': 'No', 'index': '0', 'ADB': '100000', 'ATPD': '100000', 'CI': '100000', 'HCB': '100000', 'Term': '', 'WOP': 'No', 'pdf': 'No', 'childAge': '', 'childGender': '', 'maturityOption': '', 'flexibleBenefitYear': '', 'postponement': '', 'largeCap': '', 'top250': '', 'bond': '', 'moneyMarket': '', 'PEBased': '', 'managed': '', 'claimsOption': '', 'LAProposerSame': 'false',   'LAFullName': 'hfggfh', 'LAEmail': 'fgh@gmail.com','LAMarriedStatus':'single', 'LANumber': '8659947888', 'LATobacco': 'No', 'LAAge': '52', 'LADOB': '11/07/1968', 'investmentStrategy': '', 'LAGender': 'Male', 'risingStar': 'No', 'policyOption': 'Life Cover with Level Sum Assured', 'distributionChannel': 'Corporate Agent', 'betterHalfBenefit': 'No', 'spouseFirstName': '', 'spouseLastName': ' ', 'spouseDOB': '', 'spouseGender': '', 'spouseAge': '', 'spouseTobaccoUser': '', 'additionalBenefit': '', 'topUpBenefitPercentage': '', 'payoutOption': 'LumpSum', 'payoutMonths': '', 'payoutPercentageLumpsum': '100', 'payoutPercentageLevelIncome': '0', 'payoutPercentageIncreasingIncome': '0', 'tranId': '' }
ErrorMessage : getdetail-webexception=
InnerExceptionMessage : The remote server returned an error: (400) Bad Request.
ErrorMessage : dasd=
InnerExceptionMessage : {"pdfName":"","premium":"47703","totalPremium":"52947","accidentalDeathPremium":"59","permanentDisabilityPremium":"47","criticalIllnessPremium":"2335","premiumWaiver":"0","betterHalfPremium":"0","basePremium":"40426","hcbPremium":"2803","error":null,"isValid":true,"sumAssured":null}
ErrorMessage : dasd=
InnerExceptionMessage : {"pdfName":"","premium":"50421","totalPremium":"55805","accidentalDeathPremium":"59","permanentDisabilityPremium":"47","criticalIllnessPremium":"2446","premiumWaiver":"0","betterHalfPremium":"0","basePremium":"42730","hcbPremium":"2832","error":null,"isValid":true,"sumAssured":null}
ErrorMessage : dasd=
InnerExceptionMessage : {"pdfName":"","premium":"73985","totalPremium":"80479","accidentalDeathPremium":"59","permanentDisabilityPremium":"47","criticalIllnessPremium":"3351","premiumWaiver":"0","betterHalfPremium":"0","basePremium":"62699","hcbPremium":"3037","error":null,"isValid":true,"sumAssured":null}
ErrorMessage : https://sis.edelweisstokio.in/shirokuapi/v2/GetPremium
InnerExceptionMessage : { 'product': 'Zindagiplus', 'fullName':  'ghhgg', 'cliGender': 'Male', 'age':'80', 'cliDOB': '03/07/1940', 'maturityAge': '0', 'frequency': 'Yearly', 'smoke': 'No', 'policyTerm': '', 'premiumPayingTerm': '', 'sumAssured': '10000000', 'staff': 'No', 'workSiteFlag': 'No', 'index': '0', 'ADB': '100000', 'ATPD': '100000', 'CI': '100000', 'HCB': '100000', 'Term': '', 'WOP': 'No', 'pdf': 'No', 'childAge': '', 'childGender': '', 'maturityOption': '', 'flexibleBenefitYear': '', 'postponement': '', 'largeCap': '', 'top250': '', 'bond': '', 'moneyMarket': '', 'PEBased': '', 'managed': '', 'claimsOption': '', 'LAProposerSame': 'false',   'LAFullName': 'ghhgg', 'LAEmail': 'fdfd@gmail.com','LAMarriedStatus':'single', 'LANumber': '9886666666', 'LATobacco': 'No', 'LAAge': '80', 'LADOB': '03/07/1940', 'investmentStrategy': '', 'LAGender': 'Male', 'risingStar': 'No', 'policyOption': 'Life Cover with Level Sum Assured', 'distributionChannel': 'Corporate Agent', 'betterHalfBenefit': 'No', 'spouseFirstName': '', 'spouseLastName': ' ', 'spouseDOB': '', 'spouseGender': '', 'spouseAge': '', 'spouseTobaccoUser': '', 'additionalBenefit': '', 'topUpBenefitPercentage': '', 'payoutOption': 'LumpSum', 'payoutMonths': '', 'payoutPercentageLumpsum': '100', 'payoutPercentageLevelIncome': '0', 'payoutPercentageIncreasingIncome': '0', 'tranId': '' }
ErrorMessage : getdetail-webexception=
InnerExceptionMessage : The remote server returned an error: (400) Bad Request.
ErrorMessage : https://sis.edelweisstokio.in/shirokuapi/v2/GetPremium
InnerExceptionMessage : { 'product': 'Zindagiplus', 'fullName':  'ghhgg', 'cliGender': 'Male', 'age':'80', 'cliDOB': '03/07/1940', 'maturityAge': '0', 'frequency': 'Yearly', 'smoke': 'No', 'policyTerm': '5', 'premiumPayingTerm': '5', 'sumAssured': '10000000', 'staff': 'No', 'workSiteFlag': 'No', 'index': '0', 'ADB': '100000', 'ATPD': '100000', 'CI': '100000', 'HCB': '100000', 'Term': '', 'WOP': 'No', 'pdf': 'No', 'childAge': '', 'childGender': '', 'maturityOption': '', 'flexibleBenefitYear': '', 'postponement': '', 'largeCap': '', 'top250': '', 'bond': '', 'moneyMarket': '', 'PEBased': '', 'managed': '', 'claimsOption': '', 'LAProposerSame': 'false',   'LAFullName': 'ghhgg', 'LAEmail': 'fdfd@gmail.com','LAMarriedStatus':'single', 'LANumber': '9886666666', 'LATobacco': 'No', 'LAAge': '80', 'LADOB': '03/07/1940', 'investmentStrategy': '', 'LAGender': 'Male', 'risingStar': 'No', 'policyOption': 'Life Cover with Level Sum Assured', 'distributionChannel': 'Corporate Agent', 'betterHalfBenefit': 'No', 'spouseFirstName': '', 'spouseLastName': ' ', 'spouseDOB': '', 'spouseGender': '', 'spouseAge': '', 'spouseTobaccoUser': '', 'additionalBenefit': '', 'topUpBenefitPercentage': '', 'payoutOption': 'LumpSum', 'payoutMonths': '', 'payoutPercentageLumpsum': '100', 'payoutPercentageLevelIncome': '0', 'payoutPercentageIncreasingIncome': '0', 'tranId': '' }
ErrorMessage : getdetail-webexception=
InnerExceptionMessage : The remote server returned an error: (400) Bad Request.
ErrorMessage : https://sis.edelweisstokio.in/shirokuapi/v2/GetPremium
InnerExceptionMessage : { 'product': 'Zindagiplus', 'fullName':  'ghhgg', 'cliGender': 'Male', 'age':'80', 'cliDOB': '03/07/1940', 'maturityAge': '0', 'frequency': 'Yearly', 'smoke': 'No', 'policyTerm': '1', 'premiumPayingTerm': '1', 'sumAssured': '10000000', 'staff': 'No', 'workSiteFlag': 'No', 'index': '0', 'ADB': '100000', 'ATPD': '100000', 'CI': '100000', 'HCB': '100000', 'Term': '', 'WOP': 'No', 'pdf': 'No', 'childAge': '', 'childGender': '', 'maturityOption': '', 'flexibleBenefitYear': '', 'postponement': '', 'largeCap': '', 'top250': '', 'bond': '', 'moneyMarket': '', 'PEBased': '', 'managed': '', 'claimsOption': '', 'LAProposerSame': 'false',   'LAFullName': 'ghhgg', 'LAEmail': 'fdfd@gmail.com','LAMarriedStatus':'single', 'LANumber': '9886666666', 'LATobacco': 'No', 'LAAge': '80', 'LADOB': '03/07/1940', 'investmentStrategy': '', 'LAGender': 'Male', 'risingStar': 'No', 'policyOption': 'Life Cover with Level Sum Assured', 'distributionChannel': 'Corporate Agent', 'betterHalfBenefit': 'No', 'spouseFirstName': '', 'spouseLastName': ' ', 'spouseDOB': '', 'spouseGender': '', 'spouseAge': '', 'spouseTobaccoUser': '', 'additionalBenefit': '', 'topUpBenefitPercentage': '', 'payoutOption': 'LumpSum', 'payoutMonths': '', 'payoutPercentageLumpsum': '100', 'payoutPercentageLevelIncome': '0', 'payoutPercentageIncreasingIncome': '0', 'tranId': '' }
ErrorMessage : getdetail-webexception=
InnerExceptionMessage : The remote server returned an error: (400) Bad Request.
ErrorMessage : https://sis.edelweisstokio.in/shirokuapi/v2/GetPremium
InnerExceptionMessage : { 'product': 'Zindagiplus', 'fullName':  'tfgfffffff', 'cliGender': 'Male', 'age':'69', 'cliDOB': '19/07/1950', 'maturityAge': '0', 'frequency': 'Yearly', 'smoke': 'No', 'policyTerm': '11', 'premiumPayingTerm': '11', 'sumAssured': '10000000', 'staff': 'No', 'workSiteFlag': 'No', 'index': '0', 'ADB': '100000', 'ATPD': '100000', 'CI': '100000', 'HCB': '100000', 'Term': '', 'WOP': 'No', 'pdf': 'No', 'childAge': '', 'childGender': '', 'maturityOption': '', 'flexibleBenefitYear': '', 'postponement': '', 'largeCap': '', 'top250': '', 'bond': '', 'moneyMarket': '', 'PEBased': '', 'managed': '', 'claimsOption': '', 'LAProposerSame': 'false',   'LAFullName': 'tfgfffffff', 'LAEmail': 'dfdfdf@gmall.com','LAMarriedStatus':'single', 'LANumber': '9978888888', 'LATobacco': 'No', 'LAAge': '69', 'LADOB': '19/07/1950', 'investmentStrategy': '', 'LAGender': 'Male', 'risingStar': 'No', 'policyOption': 'Life Cover with Level Sum Assured', 'distributionChannel': 'Corporate Agent', 'betterHalfBenefit': 'No', 'spouseFirstName': '', 'spouseLastName': ' ', 'spouseDOB': '', 'spouseGender': '', 'spouseAge': '', 'spouseTobaccoUser': '', 'additionalBenefit': '', 'topUpBenefitPercentage': '', 'payoutOption': 'LumpSum', 'payoutMonths': '', 'payoutPercentageLumpsum': '100', 'payoutPercentageLevelIncome': '0', 'payoutPercentageIncreasingIncome': '0', 'tranId': '' }
ErrorMessage : getdetail-webexception=
InnerExceptionMessage : The remote server returned an error: (400) Bad Request.
ErrorMessage : https://sis.edelweisstokio.in/shirokuapi/v2/GetPremium
InnerExceptionMessage : { 'product': 'Zindagiplus', 'fullName':  'tfgfffffff', 'cliGender': 'Male', 'age':'69', 'cliDOB': '19/07/1950', 'maturityAge': '0', 'frequency': 'Yearly', 'smoke': 'No', 'policyTerm': '5', 'premiumPayingTerm': '5', 'sumAssured': '10000000', 'staff': 'No', 'workSiteFlag': 'No', 'index': '0', 'ADB': '100000', 'ATPD': '100000', 'CI': '100000', 'HCB': '100000', 'Term': '', 'WOP': 'No', 'pdf': 'No', 'childAge': '', 'childGender': '', 'maturityOption': '', 'flexibleBenefitYear': '', 'postponement': '', 'largeCap': '', 'top250': '', 'bond': '', 'moneyMarket': '', 'PEBased': '', 'managed': '', 'claimsOption': '', 'LAProposerSame': 'false',   'LAFullName': 'tfgfffffff', 'LAEmail': 'dfdfdf@gmall.com','LAMarriedStatus':'single', 'LANumber': '9978888888', 'LATobacco': 'No', 'LAAge': '69', 'LADOB': '19/07/1950', 'investmentStrategy': '', 'LAGender': 'Male', 'risingStar': 'No', 'policyOption': 'Life Cover with Level Sum Assured', 'distributionChannel': 'Corporate Agent', 'betterHalfBenefit': 'No', 'spouseFirstName': '', 'spouseLastName': ' ', 'spouseDOB': '', 'spouseGender': '', 'spouseAge': '', 'spouseTobaccoUser': '', 'additionalBenefit': '', 'topUpBenefitPercentage': '', 'payoutOption': 'LumpSum', 'payoutMonths': '', 'payoutPercentageLumpsum': '100', 'payoutPercentageLevelIncome': '0', 'payoutPercentageIncreasingIncome': '0', 'tranId': '' }
ErrorMessage : getdetail-webexception=
InnerExceptionMessage : The remote server returned an error: (400) Bad Request.
ErrorMessage : dasd=
InnerExceptionMessage : {"pdfName":"","premium":"93546","totalPremium":"100848","accidentalDeathPremium":"59","permanentDisabilityPremium":"47","criticalIllnessPremium":"4049","premiumWaiver":"0","betterHalfPremium":"0","basePremium":"79276","hcbPremium":"3147","error":null,"isValid":true,"sumAssured":null}
ErrorMessage : dasd=
InnerExceptionMessage : {"pdfName":"","premium":"9687","totalPremium":"11982","accidentalDeathPremium":"59","permanentDisabilityPremium":"47","criticalIllnessPremium":"333","premiumWaiver":"0","betterHalfPremium":"0","basePremium":"8209","hcbPremium":"1856","error":null,"isValid":true,"sumAssured":null}
ErrorMessage : dasd=
InnerExceptionMessage : {"pdfName":"","premium":"93546","totalPremium":"100848","accidentalDeathPremium":"59","permanentDisabilityPremium":"47","criticalIllnessPremium":"4049","premiumWaiver":"0","betterHalfPremium":"0","basePremium":"79276","hcbPremium":"3147","error":null,"isValid":true,"sumAssured":null}
ErrorMessage : dasd=
InnerExceptionMessage : {"pdfName":"","premium":"93546","totalPremium":"100848","accidentalDeathPremium":"59","permanentDisabilityPremium":"47","criticalIllnessPremium":"4049","premiumWaiver":"0","betterHalfPremium":"0","basePremium":"79276","hcbPremium":"3147","error":null,"isValid":true,"sumAssured":null}
ErrorMessage : https://sis.edelweisstokio.in/shirokuapi/v2/GetPremium
InnerExceptionMessage : { 'product': 'Zindagiplus', 'fullName':  'ggff', 'cliGender': 'Male', 'age':'64', 'cliDOB': '13/07/1955', 'maturityAge': '0', 'frequency': 'Yearly', 'smoke': 'No', 'policyTerm': '40', 'premiumPayingTerm': '40', 'sumAssured': '10000000', 'staff': 'No', 'workSiteFlag': 'No', 'index': '0', 'ADB': '100000', 'ATPD': '100000', 'CI': '100000', 'HCB': '100000', 'Term': '', 'WOP': 'No', 'pdf': 'No', 'childAge': '', 'childGender': '', 'maturityOption': '', 'flexibleBenefitYear': '', 'postponement': '', 'largeCap': '', 'top250': '', 'bond': '', 'moneyMarket': '', 'PEBased': '', 'managed': '', 'claimsOption': '', 'LAProposerSame': 'false',   'LAFullName': 'ggff', 'LAEmail': 'dffd@gmail.com','LAMarriedStatus':'single', 'LANumber': '9989878666', 'LATobacco': 'No', 'LAAge': '64', 'LADOB': '13/07/1955', 'investmentStrategy': '', 'LAGender': 'Male', 'risingStar': 'No', 'policyOption': 'Life Cover with Level Sum Assured', 'distributionChannel': 'Corporate Agent', 'betterHalfBenefit': 'No', 'spouseFirstName': '', 'spouseLastName': ' ', 'spouseDOB': '', 'spouseGender': '', 'spouseAge': '', 'spouseTobaccoUser': '', 'additionalBenefit': '', 'topUpBenefitPercentage': '', 'payoutOption': 'LumpSum', 'payoutMonths': '', 'payoutPercentageLumpsum': '100', 'payoutPercentageLevelIncome': '0', 'payoutPercentageIncreasingIncome': '0', 'tranId': '' }
ErrorMessage : getdetail-webexception=
InnerExceptionMessage : The remote server returned an error: (400) Bad Request.
ErrorMessage : dasd=
InnerExceptionMessage : {"pdfName":"","premium":"9350","totalPremium":"11601","accidentalDeathPremium":"59","permanentDisabilityPremium":"47","criticalIllnessPremium":"310","premiumWaiver":"0","betterHalfPremium":"0","basePremium":"7924","hcbPremium":"1835","error":null,"isValid":true,"sumAssured":null}
ErrorMessage : dasd=
InnerExceptionMessage : {"pdfName":"","premium":"7289","totalPremium":"9055","accidentalDeathPremium":"59","permanentDisabilityPremium":"47","criticalIllnessPremium":"250","premiumWaiver":"0","betterHalfPremium":"0","basePremium":"6177","hcbPremium":"1410","error":null,"isValid":true,"sumAssured":null}
ErrorMessage : dasd=
InnerExceptionMessage : {"pdfName":"","premium":"9040","totalPremium":"11250","accidentalDeathPremium":"59","permanentDisabilityPremium":"47","criticalIllnessPremium":"290","premiumWaiver":"0","betterHalfPremium":"0","basePremium":"7661","hcbPremium":"1814","error":null,"isValid":true,"sumAssured":null}
ErrorMessage : dasd=
InnerExceptionMessage : {"pdfName":"","premium":"9040","totalPremium":"11250","accidentalDeathPremium":"59","permanentDisabilityPremium":"47","criticalIllnessPremium":"290","premiumWaiver":"0","betterHalfPremium":"0","basePremium":"7661","hcbPremium":"1814","error":null,"isValid":true,"sumAssured":null}
ErrorMessage : getdetail-response=
InnerExceptionMessage : The remote name could not be resolved: 'sis.edelweisstokio.in'
ErrorMessage : getdetail-response=
InnerExceptionMessage : The remote name could not be resolved: 'sis.edelweisstokio.in'
ErrorMessage : getdetail-response=
InnerExceptionMessage : The remote name could not be resolved: 'sis.edelweisstokio.in'
ErrorMessage : getdetail-response=
InnerExceptionMessage : The remote name could not be resolved: 'sis.edelweisstokio.in'
ErrorMessage : getdetail-response=
InnerExceptionMessage : The remote name could not be resolved: 'sis.edelweisstokio.in'
ErrorMessage : getdetail-response=
InnerExceptionMessage : The remote name could not be resolved: 'sis.edelweisstokio.in'
ErrorMessage : https://sis.edelweisstokio.in/shirokuapi/v2/GetPremium
InnerExceptionMessage : { 'product': 'Zindagiplus', 'fullName':  'fggf', 'cliGender': 'Male', 'age':'24', 'cliDOB': '11/07/1996', 'maturityAge': '0', 'frequency': 'Yearly', 'smoke': 'No', 'policyTerm': '40', 'premiumPayingTerm': '40', 'sumAssured': '10000000', 'staff': 'No', 'workSiteFlag': 'No', 'index': '0', 'ADB': '100000', 'ATPD': '100000', 'CI': '100000', 'HCB': '100000', 'Term': '', 'WOP': 'No', 'pdf': 'No', 'childAge': '', 'childGender': '', 'maturityOption': '', 'flexibleBenefitYear': '', 'postponement': '', 'largeCap': '', 'top250': '', 'bond': '', 'moneyMarket': '', 'PEBased': '', 'managed': '', 'claimsOption': '', 'LAProposerSame': 'false',   'LAFullName': 'fggf', 'LAEmail': 'fddffd@gail.com','LAMarriedStatus':'single', 'LANumber': '8987886899', 'LATobacco': 'No', 'LAAge': '24', 'LADOB': '11/07/1996', 'investmentStrategy': '', 'LAGender': 'Male', 'risingStar': 'No', 'policyOption': 'Life Cover with Level Sum Assured', 'distributionChannel': 'Corporate Agent', 'betterHalfBenefit': 'No', 'spouseFirstName': '', 'spouseLastName': ' ', 'spouseDOB': '', 'spouseGender': '', 'spouseAge': '', 'spouseTobaccoUser': '', 'additionalBenefit': '', 'topUpBenefitPercentage': '', 'payoutOption': 'LumpSum', 'payoutMonths': '', 'payoutPercentageLumpsum': '100', 'payoutPercentageLevelIncome': '0', 'payoutPercentageIncreasingIncome': '0', 'tranId': '' }
ErrorMessage : getdetail-webexception=
InnerExceptionMessage : The operation has timed out
ErrorMessage : getdetail-response=
InnerExceptionMessage : Object reference not set to an instance of an object.
ErrorMessage : dasd=
InnerExceptionMessage : {"pdfName":"","premium":"7846","totalPremium":"9862","accidentalDeathPremium":"59","permanentDisabilityPremium":"47","criticalIllnessPremium":"330","premiumWaiver":"0","betterHalfPremium":"0","basePremium":"6649","hcbPremium":"1580","error":null,"isValid":true,"sumAssured":null}
ErrorMessage : dasd=
InnerExceptionMessage : {"pdfName":"","premium":"50421","totalPremium":"55805","accidentalDeathPremium":"59","permanentDisabilityPremium":"47","criticalIllnessPremium":"2446","premiumWaiver":"0","betterHalfPremium":"0","basePremium":"42730","hcbPremium":"2832","error":null,"isValid":true,"sumAssured":null}
ErrorMessage : dasd=
InnerExceptionMessage : {"pdfName":"","premium":"20413","totalPremium":"23813","accidentalDeathPremium":"59","permanentDisabilityPremium":"47","criticalIllnessPremium":"1033","premiumWaiver":"0","betterHalfPremium":"0","basePremium":"17299","hcbPremium":"2261","error":null,"isValid":true,"sumAssured":null}
ErrorMessage : dasd=
InnerExceptionMessage : {"pdfName":"","premium":"42552","totalPremium":"47534","accidentalDeathPremium":"59","permanentDisabilityPremium":"47","criticalIllnessPremium":"2128","premiumWaiver":"0","betterHalfPremium":"0","basePremium":"36061","hcbPremium":"2748","error":null,"isValid":true,"sumAssured":null}
ErrorMessage : dasd=
InnerExceptionMessage : {"pdfName":"","premium":"28593","totalPremium":"32559","accidentalDeathPremium":"59","permanentDisabilityPremium":"47","criticalIllnessPremium":"1420","premiumWaiver":"0","betterHalfPremium":"0","basePremium":"24231","hcbPremium":"2440","error":null,"isValid":true,"sumAssured":null}
ErrorMessage : dasd=
InnerExceptionMessage : {"pdfName":"","premium":"28593","totalPremium":"32559","accidentalDeathPremium":"59","permanentDisabilityPremium":"47","criticalIllnessPremium":"1420","premiumWaiver":"0","betterHalfPremium":"0","basePremium":"24231","hcbPremium":"2440","error":null,"isValid":true,"sumAssured":null}
