ErrorMessage : dasd=
InnerExceptionMessage : {"pdfName":"","premium":"6997","totalPremium":"8691","accidentalDeathPremium":"59","permanentDisabilityPremium":"47","criticalIllnessPremium":"229","premiumWaiver":"0","betterHalfPremium":"0","basePremium":"5930","hcbPremium":"1359","error":null,"isValid":true,"sumAssured":null}
ErrorMessage : dasd=
InnerExceptionMessage : {"pdfName":"","premium":"6997","totalPremium":"8691","accidentalDeathPremium":"59","permanentDisabilityPremium":"47","criticalIllnessPremium":"229","premiumWaiver":"0","betterHalfPremium":"0","basePremium":"5930","hcbPremium":"1359","error":null,"isValid":true,"sumAssured":null}
ErrorMessage : dasd=
InnerExceptionMessage : {"pdfName":"","premium":"6997","totalPremium":"8691","accidentalDeathPremium":"59","permanentDisabilityPremium":"47","criticalIllnessPremium":"229","premiumWaiver":"0","betterHalfPremium":"0","basePremium":"5930","hcbPremium":"1359","error":null,"isValid":true,"sumAssured":null}
ErrorMessage : dasd=
InnerExceptionMessage : {"pdfName":"","premium":"6997","totalPremium":"8691","accidentalDeathPremium":"59","permanentDisabilityPremium":"47","criticalIllnessPremium":"229","premiumWaiver":"0","betterHalfPremium":"0","basePremium":"5930","hcbPremium":"1359","error":null,"isValid":true,"sumAssured":null}
ErrorMessage : dasd=
InnerExceptionMessage : {"pdfName":"","premium":"6997","totalPremium":"8691","accidentalDeathPremium":"59","permanentDisabilityPremium":"47","criticalIllnessPremium":"229","premiumWaiver":"0","betterHalfPremium":"0","basePremium":"5930","hcbPremium":"1359","error":null,"isValid":true,"sumAssured":null}
ErrorMessage : dasd=
InnerExceptionMessage : {"pdfName":"","premium":"6997","totalPremium":"8691","accidentalDeathPremium":"59","permanentDisabilityPremium":"47","criticalIllnessPremium":"229","premiumWaiver":"0","betterHalfPremium":"0","basePremium":"5930","hcbPremium":"1359","error":null,"isValid":true,"sumAssured":null}
ErrorMessage : dasd=
InnerExceptionMessage : {"pdfName":"","premium":"6997","totalPremium":"8691","accidentalDeathPremium":"59","permanentDisabilityPremium":"47","criticalIllnessPremium":"229","premiumWaiver":"0","betterHalfPremium":"0","basePremium":"5930","hcbPremium":"1359","error":null,"isValid":true,"sumAssured":null}
ErrorMessage : dasd=
InnerExceptionMessage : {"pdfName":"","premium":"6997","totalPremium":"8691","accidentalDeathPremium":"59","permanentDisabilityPremium":"47","criticalIllnessPremium":"229","premiumWaiver":"0","betterHalfPremium":"0","basePremium":"5930","hcbPremium":"1359","error":null,"isValid":true,"sumAssured":null}
ErrorMessage : https://preprod-digitpolicyissuance.godigit.com/policyservice/v1/createQuote
InnerExceptionMessage : { "bookingId": "retail-2020-63575800", "type": "I", "purpose": "L", "customer": { "firstName": "rfcv ghfh", "lastName": "", "address": { "line1": "N.W. College", "line2": "", "line3": "", "state": "27", "city": "lko", "country": "IND", "pinCode": "411001" }, "documents": [ { "type": "PPT", "id": "D89U0112" } ], "dob": "1997-01-01", "mobile": "9353568667", "email": "Bindu.S@godigit.com", "type": "N" }, "insuredPersons": [ { "firstName": "rfcv ghfh", "lastName": "", "address": { "line1": "N.W. College", "line2": "", "line3": "", "state": "27", "city": "Pune", "country": "IND", "pinCode": "411001" }, "documents": [ { "type": "PPT", "id": "D890112" } ], "dob": "1990-02-02", "mobile": "9876785674", "email": "gh@gmail.com", "profession": "", "paxId": "1", "nominee": { "relationship": "S", "name": "Uduwei Uhdewui" }, "type": "N", "gender": "ML" } ], "insuredPersonsCount": "1", "bookingDate": "2020-07-08", "packageName": "R14", "geography": "ROW", "travelEndDate": "2020-07-22", "travelStartDate": "2020-07-09", "discountFlag": "" }
ErrorMessage : getdetail-webexception=
InnerExceptionMessage : The remote server returned an error: (401) Unauthorized.
ErrorMessage : https://preprod-digitpolicyissuance.godigit.com/policyservice/v1/createQuote
InnerExceptionMessage : { "bookingId": "retail-2020-11711109", "type": "I", "purpose": "L", "customer": { "firstName": "hjbn ngnm", "lastName": "", "address": { "line1": "N.W. College", "line2": "", "line3": "", "state": "27", "city": "lko", "country": "IND", "pinCode": "411001" }, "documents": [ { "type": "PPT", "id": "D89U0112" } ], "dob": "1997-01-01", "mobile": "9353568667", "email": "Bindu.S@godigit.com", "type": "N" }, "insuredPersons": [ { "firstName": "hjbn ngnm", "lastName": "", "address": { "line1": "N.W. College", "line2": "", "line3": "", "state": "27", "city": "Pune", "country": "IND", "pinCode": "411001" }, "documents": [ { "type": "PPT", "id": "D890112" } ], "dob": "1990-02-02", "mobile": "9896875674", "email": "yjgk@gmail.com", "profession": "", "paxId": "1", "nominee": { "relationship": "S", "name": "Uduwei Uhdewui" }, "type": "N", "gender": "ML" } ], "insuredPersonsCount": "1", "bookingDate": "2020-07-08", "packageName": "R14", "geography": "ROW", "travelEndDate": "2020-07-23", "travelStartDate": "2020-07-09", "discountFlag": "" }
ErrorMessage : getdetail-webexception=
InnerExceptionMessage : The operation has timed out
ErrorMessage : getdetail-response=
InnerExceptionMessage : Object reference not set to an instance of an object.
ErrorMessage : https://preprod-digitpolicyissuance.godigit.com/policyservice/v1/createQuote
InnerExceptionMessage : { "bookingId": "retail-2020-82867319", "type": "I", "purpose": "L", "customer": { "firstName": "gfv hhg", "lastName": "", "address": { "line1": "N.W. College", "line2": "", "line3": "", "state": "27", "city": "lko", "country": "IND", "pinCode": "411001" }, "documents": [ { "type": "PPT", "id": "D89U0112" } ], "dob": "1997-01-01", "mobile": "9353568667", "email": "Bindu.S@godigit.com", "type": "N" }, "insuredPersons": [ { "firstName": "gfv hhg", "lastName": "", "address": { "line1": "N.W. College", "line2": "", "line3": "", "state": "27", "city": "Pune", "country": "IND", "pinCode": "411001" }, "documents": [ { "type": "PPT", "id": "D890112" } ], "dob": "1990-02-02", "mobile": "9887768564", "email": "gvbb@gmail.com", "profession": "", "paxId": "1", "nominee": { "relationship": "S", "name": "Uduwei Uhdewui" }, "type": "N", "gender": "ML" } ], "insuredPersonsCount": "1", "bookingDate": "2020-07-08", "packageName": "R14", "geography": "UCI", "travelEndDate": "2020-07-27", "travelStartDate": "2020-07-15", "discountFlag": "" }
ErrorMessage : getdetail-webexception=
InnerExceptionMessage : The remote server returned an error: (401) Unauthorized.
ErrorMessage : https://preprod-digitpolicyissuance.godigit.com/policyservice/v1/createQuote
InnerExceptionMessage : { "bookingId": "retail-2020-65904105", "type": "I", "purpose": "L", "customer": { "firstName": "gfv hhg", "lastName": "", "address": { "line1": "N.W. College", "line2": "", "line3": "", "state": "27", "city": "lko", "country": "IND", "pinCode": "411001" }, "documents": [ { "type": "PPT", "id": "D89U0112" } ], "dob": "1997-01-01", "mobile": "9353568667", "email": "Bindu.S@godigit.com", "type": "N" }, "insuredPersons": [ { "firstName": "gfv hhg", "lastName": "", "address": { "line1": "N.W. College", "line2": "", "line3": "", "state": "27", "city": "Pune", "country": "IND", "pinCode": "411001" }, "documents": [ { "type": "PPT", "id": "D890112" } ], "dob": "1990-02-02", "mobile": "9887768564", "email": "gvbb@gmail.com", "profession": "", "paxId": "1", "nominee": { "relationship": "S", "name": "Uduwei Uhdewui" }, "type": "N", "gender": "ML" } ], "insuredPersonsCount": "1", "bookingDate": "2020-07-08", "packageName": "R14", "geography": "UCI", "travelEndDate": "2020-07-27", "travelStartDate": "2020-07-15", "discountFlag": "" }
ErrorMessage : getdetail-webexception=
InnerExceptionMessage : The operation has timed out
ErrorMessage : getdetail-response=
InnerExceptionMessage : Object reference not set to an instance of an object.
ErrorMessage : https://preprod-digitpolicyissuance.godigit.com/policyservice/v1/createQuote
InnerExceptionMessage : { "bookingId": "retail-2020-30059830", "type": "I", "purpose": "L", "customer": { "firstName": "gfv hhg", "lastName": "", "address": { "line1": "N.W. College", "line2": "", "line3": "", "state": "27", "city": "lko", "country": "IND", "pinCode": "411001" }, "documents": [ { "type": "PPT", "id": "D89U0112" } ], "dob": "1997-01-01", "mobile": "9353568667", "email": "Bindu.S@godigit.com", "type": "N" }, "insuredPersons": [ { "firstName": "gfv hhg", "lastName": "", "address": { "line1": "N.W. College", "line2": "", "line3": "", "state": "27", "city": "Pune", "country": "IND", "pinCode": "411001" }, "documents": [ { "type": "PPT", "id": "D890112" } ], "dob": "1990-02-02", "mobile": "9887768564", "email": "gvbb@gmail.com", "profession": "", "paxId": "1", "nominee": { "relationship": "S", "name": "Uduwei Uhdewui" }, "type": "N", "gender": "ML" } ], "insuredPersonsCount": "1", "bookingDate": "2020-07-08", "packageName": "R14", "geography": "UCI", "travelEndDate": "2020-07-27", "travelStartDate": "2020-07-15", "discountFlag": "" }
ErrorMessage : getdetail-webexception=
InnerExceptionMessage : The remote server returned an error: (401) Unauthorized.
ErrorMessage : https://preprod-digitpolicyissuance.godigit.com/policyservice/v1/createQuote
InnerExceptionMessage : { "bookingId": "retail-2020-16915868", "type": "I", "purpose": "L", "customer": { "firstName": "gfv hhg", "lastName": "", "address": { "line1": "N.W. College", "line2": "", "line3": "", "state": "27", "city": "lko", "country": "IND", "pinCode": "411001" }, "documents": [ { "type": "PPT", "id": "D89U0112" } ], "dob": "1997-01-01", "mobile": "9353568667", "email": "Bindu.S@godigit.com", "type": "N" }, "insuredPersons": [ { "firstName": "gfv hhg", "lastName": "", "address": { "line1": "N.W. College", "line2": "", "line3": "", "state": "27", "city": "Pune", "country": "IND", "pinCode": "411001" }, "documents": [ { "type": "PPT", "id": "D890112" } ], "dob": "1990-02-02", "mobile": "9887768564", "email": "gvbb@gmail.com", "profession": "", "paxId": "1", "nominee": { "relationship": "S", "name": "Uduwei Uhdewui" }, "type": "N", "gender": "ML" } ], "insuredPersonsCount": "1", "bookingDate": "2020-07-08", "packageName": "R14", "geography": "UCI", "travelEndDate": "2020-07-27", "travelStartDate": "2020-07-15", "discountFlag": "" }
ErrorMessage : getdetail-webexception=
InnerExceptionMessage : The remote server returned an error: (401) Unauthorized.
ErrorMessage : https://preprod-digitpolicyissuance.godigit.com/policyservice/v1/createQuote
InnerExceptionMessage : { "bookingId": "retail-2020-3425949", "type": "I", "purpose": "L", "customer": { "firstName": "gfv hhg", "lastName": "", "address": { "line1": "N.W. College", "line2": "", "line3": "", "state": "27", "city": "lko", "country": "IND", "pinCode": "411001" }, "documents": [ { "type": "PPT", "id": "D89U0112" } ], "dob": "1997-01-01", "mobile": "9353568667", "email": "Bindu.S@godigit.com", "type": "N" }, "insuredPersons": [ { "firstName": "gfv hhg", "lastName": "", "address": { "line1": "N.W. College", "line2": "", "line3": "", "state": "27", "city": "Pune", "country": "IND", "pinCode": "411001" }, "documents": [ { "type": "PPT", "id": "D890112" } ], "dob": "1990-02-02", "mobile": "9887768564", "email": "gvbb@gmail.com", "profession": "", "paxId": "1", "nominee": { "relationship": "S", "name": "Uduwei Uhdewui" }, "type": "N", "gender": "ML" } ], "insuredPersonsCount": "1", "bookingDate": "2020-07-08", "packageName": "R14", "geography": "UCI", "travelEndDate": "2020-07-27", "travelStartDate": "2020-07-15", "discountFlag": "" }
ErrorMessage : getdetail-webexception=
InnerExceptionMessage : The remote server returned an error: (401) Unauthorized.
ErrorMessage : https://preprod-digitpolicyissuance.godigit.com/policyservice/v1/createQuote
InnerExceptionMessage : { "bookingId": "retail-2020-7914120", "type": "I", "purpose": "L", "customer": { "firstName": "gfv hhg", "lastName": "", "address": { "line1": "N.W. College", "line2": "", "line3": "", "state": "27", "city": "lko", "country": "IND", "pinCode": "411001" }, "documents": [ { "type": "PPT", "id": "D89U0112" } ], "dob": "1997-01-01", "mobile": "9353568667", "email": "Bindu.S@godigit.com", "type": "N" }, "insuredPersons": [ { "firstName": "gfv hhg", "lastName": "", "address": { "line1": "N.W. College", "line2": "", "line3": "", "state": "27", "city": "Pune", "country": "IND", "pinCode": "411001" }, "documents": [ { "type": "PPT", "id": "D890112" } ], "dob": "1990-02-02", "mobile": "9887768564", "email": "gvbb@gmail.com", "profession": "", "paxId": "1", "nominee": { "relationship": "S", "name": "Uduwei Uhdewui" }, "type": "N", "gender": "ML" } ], "insuredPersonsCount": "1", "bookingDate": "2020-07-08", "packageName": "R14", "geography": "UCI", "travelEndDate": "2020-07-27", "travelStartDate": "2020-07-15", "discountFlag": "" }
ErrorMessage : getdetail-webexception=
InnerExceptionMessage : The remote server returned an error: (401) Unauthorized.
ErrorMessage : https://preprod-digitpolicyissuance.godigit.com/policyservice/v1/createQuote
InnerExceptionMessage : { "bookingId": "retail-2020-87632374", "type": "I", "purpose": "L", "customer": { "firstName": "gfv hhg", "lastName": "", "address": { "line1": "N.W. College", "line2": "", "line3": "", "state": "27", "city": "lko", "country": "IND", "pinCode": "411001" }, "documents": [ { "type": "PPT", "id": "D89U0112" } ], "dob": "1997-01-01", "mobile": "9353568667", "email": "Bindu.S@godigit.com", "type": "N" }, "insuredPersons": [ { "firstName": "gfv hhg", "lastName": "", "address": { "line1": "N.W. College", "line2": "", "line3": "", "state": "27", "city": "Pune", "country": "IND", "pinCode": "411001" }, "documents": [ { "type": "PPT", "id": "D890112" } ], "dob": "1990-02-02", "mobile": "9887768564", "email": "gvbb@gmail.com", "profession": "", "paxId": "1", "nominee": { "relationship": "S", "name": "Uduwei Uhdewui" }, "type": "N", "gender": "ML" } ], "insuredPersonsCount": "1", "bookingDate": "2020-07-08", "packageName": "R14", "geography": "UCI", "travelEndDate": "2020-07-27", "travelStartDate": "2020-07-15", "discountFlag": "" }
ErrorMessage : getdetail-webexception=
InnerExceptionMessage : The remote server returned an error: (401) Unauthorized.
ErrorMessage : https://preprod-digitpolicyissuance.godigit.com/policyservice/v1/createQuote
InnerExceptionMessage : { "bookingId": "retail-2020-47616274", "type": "I", "purpose": "L", "customer": { "firstName": "gfv hhg", "lastName": "", "address": { "line1": "N.W. College", "line2": "", "line3": "", "state": "27", "city": "lko", "country": "IND", "pinCode": "411001" }, "documents": [ { "type": "PPT", "id": "D89U0112" } ], "dob": "1997-01-01", "mobile": "9353568667", "email": "Bindu.S@godigit.com", "type": "N" }, "insuredPersons": [ { "firstName": "gfv hhg", "lastName": "", "address": { "line1": "N.W. College", "line2": "", "line3": "", "state": "27", "city": "Pune", "country": "IND", "pinCode": "411001" }, "documents": [ { "type": "PPT", "id": "D890112" } ], "dob": "1990-02-02", "mobile": "9887768564", "email": "gvbb@gmail.com", "profession": "", "paxId": "1", "nominee": { "relationship": "S", "name": "Uduwei Uhdewui" }, "type": "N", "gender": "ML" } ], "insuredPersonsCount": "1", "bookingDate": "2020-07-08", "packageName": "R13", "geography": "UCI", "travelEndDate": "2020-07-27", "travelStartDate": "2020-07-15", "discountFlag": "" }
ErrorMessage : getdetail-webexception=
InnerExceptionMessage : The remote server returned an error: (401) Unauthorized.
ErrorMessage : https://preprod-digitpolicyissuance.godigit.com/policyservice/v1/createQuote
InnerExceptionMessage : { "bookingId": "retail-2020-24577935", "type": "I", "purpose": "L", "customer": { "firstName": "gfv hhg", "lastName": "", "address": { "line1": "N.W. College", "line2": "", "line3": "", "state": "27", "city": "lko", "country": "IND", "pinCode": "411001" }, "documents": [ { "type": "PPT", "id": "D89U0112" } ], "dob": "1997-01-01", "mobile": "9353568667", "email": "Bindu.S@godigit.com", "type": "N" }, "insuredPersons": [ { "firstName": "gfv hhg", "lastName": "", "address": { "line1": "N.W. College", "line2": "", "line3": "", "state": "27", "city": "Pune", "country": "IND", "pinCode": "411001" }, "documents": [ { "type": "PPT", "id": "D890112" } ], "dob": "1990-02-02", "mobile": "9887768564", "email": "gvbb@gmail.com", "profession": "", "paxId": "1", "nominee": { "relationship": "S", "name": "Uduwei Uhdewui" }, "type": "N", "gender": "ML" } ], "insuredPersonsCount": "1", "bookingDate": "2020-07-08", "packageName": "R12", "geography": "UCI", "travelEndDate": "2020-07-27", "travelStartDate": "2020-07-15", "discountFlag": "" }
ErrorMessage : getdetail-webexception=
InnerExceptionMessage : The remote server returned an error: (401) Unauthorized.
ErrorMessage : https://preprod-digitpolicyissuance.godigit.com/policyservice/v1/createQuote
InnerExceptionMessage : { "bookingId": "retail-2020-91029487", "type": "I", "purpose": "L", "customer": { "firstName": "gfv hhg", "lastName": "", "address": { "line1": "N.W. College", "line2": "", "line3": "", "state": "27", "city": "lko", "country": "IND", "pinCode": "411001" }, "documents": [ { "type": "PPT", "id": "D89U0112" } ], "dob": "1997-01-01", "mobile": "9353568667", "email": "Bindu.S@godigit.com", "type": "N" }, "insuredPersons": [ { "firstName": "gfv hhg", "lastName": "", "address": { "line1": "N.W. College", "line2": "", "line3": "", "state": "27", "city": "Pune", "country": "IND", "pinCode": "411001" }, "documents": [ { "type": "PPT", "id": "D890112" } ], "dob": "1990-02-02", "mobile": "9887768564", "email": "gvbb@gmail.com", "profession": "", "paxId": "1", "nominee": { "relationship": "S", "name": "Uduwei Uhdewui" }, "type": "N", "gender": "ML" } ], "insuredPersonsCount": "1", "bookingDate": "2020-07-08", "packageName": "", "geography": "UCI", "travelEndDate": "2020-07-27", "travelStartDate": "2020-07-15", "discountFlag": "" }
ErrorMessage : getdetail-webexception=
InnerExceptionMessage : The remote server returned an error: (400) Bad Request.
ErrorMessage : https://preprod-digitpolicyissuance.godigit.com/policyservice/v1/createQuote
InnerExceptionMessage : { "bookingId": "retail-2020-43777651", "type": "I", "purpose": "L", "customer": { "firstName": "gfv hhg", "lastName": "", "address": { "line1": "N.W. College", "line2": "", "line3": "", "state": "27", "city": "lko", "country": "IND", "pinCode": "411001" }, "documents": [ { "type": "PPT", "id": "D89U0112" } ], "dob": "1997-01-01", "mobile": "9353568667", "email": "Bindu.S@godigit.com", "type": "N" }, "insuredPersons": [ { "firstName": "gfv hhg", "lastName": "", "address": { "line1": "N.W. College", "line2": "", "line3": "", "state": "27", "city": "Pune", "country": "IND", "pinCode": "411001" }, "documents": [ { "type": "PPT", "id": "D890112" } ], "dob": "1990-02-02", "mobile": "9887768564", "email": "gvbb@gmail.com", "profession": "", "paxId": "1", "nominee": { "relationship": "S", "name": "Uduwei Uhdewui" }, "type": "N", "gender": "ML" } ], "insuredPersonsCount": "1", "bookingDate": "2020-07-08", "packageName": "", "geography": "UCI", "travelEndDate": "2020-07-27", "travelStartDate": "2020-07-15", "discountFlag": "" }
ErrorMessage : getdetail-webexception=
InnerExceptionMessage : The remote server returned an error: (400) Bad Request.
ErrorMessage : https://preprod-digitpolicyissuance.godigit.com/policyservice/v1/createQuote
InnerExceptionMessage : { "bookingId": "retail-2020-46240983", "type": "I", "purpose": "L", "customer": { "firstName": "gfv hhg", "lastName": "", "address": { "line1": "N.W. College", "line2": "", "line3": "", "state": "27", "city": "lko", "country": "IND", "pinCode": "411001" }, "documents": [ { "type": "PPT", "id": "D89U0112" } ], "dob": "1997-01-01", "mobile": "9353568667", "email": "Bindu.S@godigit.com", "type": "N" }, "insuredPersons": [ { "firstName": "gfv hhg", "lastName": "", "address": { "line1": "N.W. College", "line2": "", "line3": "", "state": "27", "city": "Pune", "country": "IND", "pinCode": "411001" }, "documents": [ { "type": "PPT", "id": "D890112" } ], "dob": "1990-02-02", "mobile": "9887768564", "email": "gvbb@gmail.com", "profession": "", "paxId": "1", "nominee": { "relationship": "S", "name": "Uduwei Uhdewui" }, "type": "N", "gender": "ML" } ], "insuredPersonsCount": "1", "bookingDate": "2020-07-08", "packageName": "R11", "geography": "UCI", "travelEndDate": "2020-07-27", "travelStartDate": "2020-07-15", "discountFlag": "" }
ErrorMessage : getdetail-webexception=
InnerExceptionMessage : The remote server returned an error: (401) Unauthorized.
ErrorMessage : https://preprod-digitpolicyissuance.godigit.com/policyservice/v1/createQuote
InnerExceptionMessage : { "bookingId": "retail-2020-7389104", "type": "I", "purpose": "L", "customer": { "firstName": "gfv hhg", "lastName": "", "address": { "line1": "N.W. College", "line2": "", "line3": "", "state": "27", "city": "lko", "country": "IND", "pinCode": "411001" }, "documents": [ { "type": "PPT", "id": "D89U0112" } ], "dob": "1997-01-01", "mobile": "9353568667", "email": "Bindu.S@godigit.com", "type": "N" }, "insuredPersons": [ { "firstName": "gfv hhg", "lastName": "", "address": { "line1": "N.W. College", "line2": "", "line3": "", "state": "27", "city": "Pune", "country": "IND", "pinCode": "411001" }, "documents": [ { "type": "PPT", "id": "D890112" } ], "dob": "1990-02-02", "mobile": "9887768564", "email": "gvbb@gmail.com", "profession": "", "paxId": "1", "nominee": { "relationship": "S", "name": "Uduwei Uhdewui" }, "type": "N", "gender": "ML" } ], "insuredPersonsCount": "1", "bookingDate": "2020-07-08", "packageName": "R11", "geography": "ASA", "travelEndDate": "2020-07-27", "travelStartDate": "2020-07-15", "discountFlag": "" }
ErrorMessage : getdetail-webexception=
InnerExceptionMessage : The remote server returned an error: (401) Unauthorized.
ErrorMessage : https://preprod-digitpolicyissuance.godigit.com/policyservice/v1/createQuote
InnerExceptionMessage : { "bookingId": "retail-2020-46499216", "type": "I", "purpose": "L", "customer": { "firstName": "gfv hhg", "lastName": "", "address": { "line1": "N.W. College", "line2": "", "line3": "", "state": "27", "city": "lko", "country": "IND", "pinCode": "411001" }, "documents": [ { "type": "PPT", "id": "D89U0112" } ], "dob": "1997-01-01", "mobile": "9353568667", "email": "Bindu.S@godigit.com", "type": "N" }, "insuredPersons": [ { "firstName": "gfv hhg", "lastName": "", "address": { "line1": "N.W. College", "line2": "", "line3": "", "state": "27", "city": "Pune", "country": "IND", "pinCode": "411001" }, "documents": [ { "type": "PPT", "id": "D890112" } ], "dob": "1990-02-02", "mobile": "9887768564", "email": "gvbb@gmail.com", "profession": "", "paxId": "1", "nominee": { "relationship": "S", "name": "Uduwei Uhdewui" }, "type": "N", "gender": "ML" } ], "insuredPersonsCount": "1", "bookingDate": "2020-07-08", "packageName": "R11", "geography": "ROW", "travelEndDate": "2020-07-27", "travelStartDate": "2020-07-15", "discountFlag": "" }
ErrorMessage : getdetail-webexception=
InnerExceptionMessage : The remote server returned an error: (401) Unauthorized.
ErrorMessage : https://preprod-digitpolicyissuance.godigit.com/policyservice/v1/createQuote
InnerExceptionMessage : { "bookingId": "retail-2020-91613701", "type": "I", "purpose": "L", "customer": { "firstName": "gfv hhg", "lastName": "", "address": { "line1": "N.W. College", "line2": "", "line3": "", "state": "27", "city": "lko", "country": "IND", "pinCode": "411001" }, "documents": [ { "type": "PPT", "id": "D89U0112" } ], "dob": "1997-01-01", "mobile": "9353568667", "email": "Bindu.S@godigit.com", "type": "N" }, "insuredPersons": [ { "firstName": "gfv hhg", "lastName": "", "address": { "line1": "N.W. College", "line2": "", "line3": "", "state": "27", "city": "Pune", "country": "IND", "pinCode": "411001" }, "documents": [ { "type": "PPT", "id": "D890112" } ], "dob": "1990-02-02", "mobile": "9887768564", "email": "gvbb@gmail.com", "profession": "", "paxId": "1", "nominee": { "relationship": "S", "name": "Uduwei Uhdewui" }, "type": "N", "gender": "ML" } ], "insuredPersonsCount": "1", "bookingDate": "2020-07-08", "packageName": "", "geography": "", "travelEndDate": "2020-07-27", "travelStartDate": "2020-07-15", "discountFlag": "" }
ErrorMessage : getdetail-webexception=
InnerExceptionMessage : The remote server returned an error: (400) Bad Request.
ErrorMessage : https://preprod-digitpolicyissuance.godigit.com/policyservice/v1/createQuote
InnerExceptionMessage : { "bookingId": "retail-2020-46290559", "type": "I", "purpose": "L", "customer": { "firstName": "gfv hhg", "lastName": "", "address": { "line1": "N.W. College", "line2": "", "line3": "", "state": "27", "city": "lko", "country": "IND", "pinCode": "411001" }, "documents": [ { "type": "PPT", "id": "D89U0112" } ], "dob": "1997-01-01", "mobile": "9353568667", "email": "Bindu.S@godigit.com", "type": "N" }, "insuredPersons": [ { "firstName": "gfv hhg", "lastName": "", "address": { "line1": "N.W. College", "line2": "", "line3": "", "state": "27", "city": "Pune", "country": "IND", "pinCode": "411001" }, "documents": [ { "type": "PPT", "id": "D890112" } ], "dob": "1990-02-02", "mobile": "9887768564", "email": "gvbb@gmail.com", "profession": "", "paxId": "1", "nominee": { "relationship": "S", "name": "Uduwei Uhdewui" }, "type": "N", "gender": "ML" } ], "insuredPersonsCount": "1", "bookingDate": "2020-07-08", "packageName": "R11", "geography": "UCI", "travelEndDate": "2020-07-27", "travelStartDate": "2020-07-15", "discountFlag": "" }
ErrorMessage : getdetail-webexception=
InnerExceptionMessage : The remote server returned an error: (401) Unauthorized.
ErrorMessage : https://preprod-digitpolicyissuance.godigit.com/policyservice/v1/createQuote
InnerExceptionMessage : { "bookingId": "retail-2020-77668319", "type": "I", "purpose": "L", "customer": { "firstName": "gfv hhg", "lastName": "", "address": { "line1": "N.W. College", "line2": "", "line3": "", "state": "27", "city": "lko", "country": "IND", "pinCode": "411001" }, "documents": [ { "type": "PPT", "id": "D89U0112" } ], "dob": "1997-01-01", "mobile": "9353568667", "email": "Bindu.S@godigit.com", "type": "N" }, "insuredPersons": [ { "firstName": "gfv hhg", "lastName": "", "address": { "line1": "N.W. College", "line2": "", "line3": "", "state": "27", "city": "Pune", "country": "IND", "pinCode": "411001" }, "documents": [ { "type": "PPT", "id": "D890112" } ], "dob": "1990-02-02", "mobile": "9887768564", "email": "gvbb@gmail.com", "profession": "", "paxId": "1", "nominee": { "relationship": "S", "name": "Uduwei Uhdewui" }, "type": "N", "gender": "ML" } ], "insuredPersonsCount": "1", "bookingDate": "2020-07-08", "packageName": "R14", "geography": "UCI", "travelEndDate": "2020-07-27", "travelStartDate": "2020-07-15", "discountFlag": "" }
ErrorMessage : getdetail-webexception=
InnerExceptionMessage : The remote server returned an error: (401) Unauthorized.
ErrorMessage : https://preprod-digitpolicyissuance.godigit.com/policyservice/v1/createQuote
InnerExceptionMessage : { "bookingId": "retail-2020-53794150", "type": "I", "purpose": "L", "customer": { "firstName": "gfv hhg", "lastName": "", "address": { "line1": "N.W. College", "line2": "", "line3": "", "state": "27", "city": "lko", "country": "IND", "pinCode": "411001" }, "documents": [ { "type": "PPT", "id": "D89U0112" } ], "dob": "1997-01-01", "mobile": "9353568667", "email": "Bindu.S@godigit.com", "type": "N" }, "insuredPersons": [ { "firstName": "gfv hhg", "lastName": "", "address": { "line1": "N.W. College", "line2": "", "line3": "", "state": "27", "city": "Pune", "country": "IND", "pinCode": "411001" }, "documents": [ { "type": "PPT", "id": "D890112" } ], "dob": "1990-02-02", "mobile": "9887768564", "email": "gvbb@gmail.com", "profession": "", "paxId": "1", "nominee": { "relationship": "S", "name": "Uduwei Uhdewui" }, "type": "N", "gender": "ML" } ], "insuredPersonsCount": "1", "bookingDate": "2020-07-08", "packageName": "R12", "geography": "UCI", "travelEndDate": "2020-07-27", "travelStartDate": "2020-07-15", "discountFlag": "" }
ErrorMessage : getdetail-webexception=
InnerExceptionMessage : The remote server returned an error: (401) Unauthorized.
ErrorMessage : https://preprod-digitpolicyissuance.godigit.com/policyservice/v1/createQuote
InnerExceptionMessage : { "bookingId": "retail-2020-910492", "type": "I", "purpose": "L", "customer": { "firstName": "gfv hhg", "lastName": "", "address": { "line1": "N.W. College", "line2": "", "line3": "", "state": "27", "city": "lko", "country": "IND", "pinCode": "411001" }, "documents": [ { "type": "PPT", "id": "D89U0112" } ], "dob": "1997-01-01", "mobile": "9353568667", "email": "Bindu.S@godigit.com", "type": "N" }, "insuredPersons": [ { "firstName": "gfv hhg", "lastName": "", "address": { "line1": "N.W. College", "line2": "", "line3": "", "state": "27", "city": "Pune", "country": "IND", "pinCode": "411001" }, "documents": [ { "type": "PPT", "id": "D890112" } ], "dob": "1990-02-02", "mobile": "9887768564", "email": "gvbb@gmail.com", "profession": "", "paxId": "1", "nominee": { "relationship": "S", "name": "Uduwei Uhdewui" }, "type": "N", "gender": "ML" } ], "insuredPersonsCount": "1", "bookingDate": "2020-07-08", "packageName": "R14", "geography": "UCI", "travelEndDate": "2020-07-27", "travelStartDate": "2020-07-15", "discountFlag": "" }
ErrorMessage : getdetail-webexception=
InnerExceptionMessage : The remote server returned an error: (401) Unauthorized.
ErrorMessage : https://preprod-digitpolicyissuance.godigit.com/policyservice/v1/createQuote
InnerExceptionMessage : { "bookingId": "retail-2020-71440123", "type": "I", "purpose": "L", "customer": { "firstName": "gfv hhg", "lastName": "", "address": { "line1": "N.W. College", "line2": "", "line3": "", "state": "27", "city": "lko", "country": "IND", "pinCode": "411001" }, "documents": [ { "type": "PPT", "id": "D89U0112" } ], "dob": "1997-01-01", "mobile": "9353568667", "email": "Bindu.S@godigit.com", "type": "N" }, "insuredPersons": [ { "firstName": "gfv hhg", "lastName": "", "address": { "line1": "N.W. College", "line2": "", "line3": "", "state": "27", "city": "Pune", "country": "IND", "pinCode": "411001" }, "documents": [ { "type": "PPT", "id": "D890112" } ], "dob": "1990-02-02", "mobile": "9887768564", "email": "gvbb@gmail.com", "profession": "", "paxId": "1", "nominee": { "relationship": "S", "name": "Uduwei Uhdewui" }, "type": "N", "gender": "ML" } ], "insuredPersonsCount": "1", "bookingDate": "2020-07-08", "packageName": "R14", "geography": "UCI", "travelEndDate": "2020-07-27", "travelStartDate": "2020-07-15", "discountFlag": "" }
ErrorMessage : getdetail-webexception=
InnerExceptionMessage : The remote server returned an error: (401) Unauthorized.
ErrorMessage : https://preprod-digitpolicyissuance.godigit.com/policyservice/v1/createQuote
InnerExceptionMessage : { "bookingId": "retail-2020-26209515", "type": "I", "purpose": "L", "customer": { "firstName": "gfv hhg", "lastName": "", "address": { "line1": "N.W. College", "line2": "", "line3": "", "state": "27", "city": "lko", "country": "IND", "pinCode": "411001" }, "documents": [ { "type": "PPT", "id": "D89U0112" } ], "dob": "1997-01-01", "mobile": "9353568667", "email": "Bindu.S@godigit.com", "type": "N" }, "insuredPersons": [ { "firstName": "gfv hhg", "lastName": "", "address": { "line1": "N.W. College", "line2": "", "line3": "", "state": "27", "city": "Pune", "country": "IND", "pinCode": "411001" }, "documents": [ { "type": "PPT", "id": "D890112" } ], "dob": "1990-02-02", "mobile": "9887768564", "email": "gvbb@gmail.com", "profession": "", "paxId": "1", "nominee": { "relationship": "S", "name": "Uduwei Uhdewui" }, "type": "N", "gender": "ML" } ], "insuredPersonsCount": "1", "bookingDate": "2020-07-08", "packageName": "R14", "geography": "UCI", "travelEndDate": "2020-07-27", "travelStartDate": "2020-07-15", "discountFlag": "" }
ErrorMessage : getdetail-webexception=
InnerExceptionMessage : The underlying connection was closed: The connection was closed unexpectedly.
ErrorMessage : getdetail-response=
InnerExceptionMessage : Object reference not set to an instance of an object.
ErrorMessage : https://preprod-digitpolicyissuance.godigit.com/policyservice/v1/createQuote
InnerExceptionMessage : { "bookingId": "retail-2020-38902826", "type": "I", "purpose": "L", "customer": { "firstName": "gfv hhg", "lastName": "", "address": { "line1": "N.W. College", "line2": "", "line3": "", "state": "27", "city": "lko", "country": "IND", "pinCode": "411001" }, "documents": [ { "type": "PPT", "id": "D89U0112" } ], "dob": "1997-01-01", "mobile": "9353568667", "email": "Bindu.S@godigit.com", "type": "N" }, "insuredPersons": [ { "firstName": "gfv hhg", "lastName": "", "address": { "line1": "N.W. College", "line2": "", "line3": "", "state": "27", "city": "Pune", "country": "IND", "pinCode": "411001" }, "documents": [ { "type": "PPT", "id": "D890112" } ], "dob": "1990-02-02", "mobile": "9887768564", "email": "gvbb@gmail.com", "profession": "", "paxId": "1", "nominee": { "relationship": "S", "name": "Uduwei Uhdewui" }, "type": "N", "gender": "ML" } ], "insuredPersonsCount": "1", "bookingDate": "2020-07-08", "packageName": "", "geography": "UCI", "travelEndDate": "2020-07-27", "travelStartDate": "2020-07-15", "discountFlag": "" }
ErrorMessage : getdetail-webexception=
InnerExceptionMessage : The remote server returned an error: (400) Bad Request.
ErrorMessage : https://preprod-digitpolicyissuance.godigit.com/policyservice/v1/createQuote
InnerExceptionMessage : { "bookingId": "retail-2020-83295192", "type": "I", "purpose": "L", "customer": { "firstName": "gfv hhg", "lastName": "", "address": { "line1": "N.W. College", "line2": "", "line3": "", "state": "27", "city": "lko", "country": "IND", "pinCode": "411001" }, "documents": [ { "type": "PPT", "id": "D89U0112" } ], "dob": "1997-01-01", "mobile": "9353568667", "email": "Bindu.S@godigit.com", "type": "N" }, "insuredPersons": [ { "firstName": "gfv hhg", "lastName": "", "address": { "line1": "N.W. College", "line2": "", "line3": "", "state": "27", "city": "Pune", "country": "IND", "pinCode": "411001" }, "documents": [ { "type": "PPT", "id": "D890112" } ], "dob": "1990-02-02", "mobile": "9887768564", "email": "gvbb@gmail.com", "profession": "", "paxId": "1", "nominee": { "relationship": "S", "name": "Uduwei Uhdewui" }, "type": "N", "gender": "ML" } ], "insuredPersonsCount": "1", "bookingDate": "2020-07-08", "packageName": "R14", "geography": "UCI", "travelEndDate": "2020-07-27", "travelStartDate": "2020-07-15", "discountFlag": "" }
ErrorMessage : getdetail-webexception=
InnerExceptionMessage : The remote server returned an error: (401) Unauthorized.
ErrorMessage : https://preprod-digitpolicyissuance.godigit.com/policyservice/v1/createQuote
InnerExceptionMessage : { "bookingId": "retail-2020-4051051", "type": "I", "purpose": "L", "customer": { "firstName": "gfv hhg", "lastName": "", "address": { "line1": "N.W. College", "line2": "", "line3": "", "state": "27", "city": "lko", "country": "IND", "pinCode": "411001" }, "documents": [ { "type": "PPT", "id": "D89U0112" } ], "dob": "1997-01-01", "mobile": "9353568667", "email": "Bindu.S@godigit.com", "type": "N" }, "insuredPersons": [ { "firstName": "gfv hhg", "lastName": "", "address": { "line1": "N.W. College", "line2": "", "line3": "", "state": "27", "city": "Pune", "country": "IND", "pinCode": "411001" }, "documents": [ { "type": "PPT", "id": "D890112" } ], "dob": "1990-02-02", "mobile": "9887768564", "email": "gvbb@gmail.com", "profession": "", "paxId": "1", "nominee": { "relationship": "S", "name": "Uduwei Uhdewui" }, "type": "N", "gender": "ML" } ], "insuredPersonsCount": "1", "bookingDate": "2020-07-08", "packageName": "", "geography": "UCI", "travelEndDate": "2020-07-27", "travelStartDate": "2020-07-15", "discountFlag": "" }
ErrorMessage : getdetail-webexception=
InnerExceptionMessage : The remote server returned an error: (400) Bad Request.
ErrorMessage : dasd=
InnerExceptionMessage : {"pdfName":"","premium":"6997","totalPremium":"8691","accidentalDeathPremium":"59","permanentDisabilityPremium":"47","criticalIllnessPremium":"229","premiumWaiver":"0","betterHalfPremium":"0","basePremium":"5930","hcbPremium":"1359","error":null,"isValid":true,"sumAssured":null}
ErrorMessage : dasd=
InnerExceptionMessage : {"pdfName":"","premium":"6997","totalPremium":"8691","accidentalDeathPremium":"59","permanentDisabilityPremium":"47","criticalIllnessPremium":"229","premiumWaiver":"0","betterHalfPremium":"0","basePremium":"5930","hcbPremium":"1359","error":null,"isValid":true,"sumAssured":null}
ErrorMessage : dasd=
InnerExceptionMessage : {"pdfName":"","premium":"6997","totalPremium":"8691","accidentalDeathPremium":"59","permanentDisabilityPremium":"47","criticalIllnessPremium":"229","premiumWaiver":"0","betterHalfPremium":"0","basePremium":"5930","hcbPremium":"1359","error":null,"isValid":true,"sumAssured":null}
ErrorMessage : dasd=
InnerExceptionMessage : {"pdfName":"","premium":"6997","totalPremium":"8691","accidentalDeathPremium":"59","permanentDisabilityPremium":"47","criticalIllnessPremium":"229","premiumWaiver":"0","betterHalfPremium":"0","basePremium":"5930","hcbPremium":"1359","error":null,"isValid":true,"sumAssured":null}
ErrorMessage : https://preprod-digitpolicyissuance.godigit.com/policyservice/v1/createQuote
InnerExceptionMessage : { "bookingId": "retail-2020-79672450", "type": "I", "purpose": "L", "customer": { "firstName": "gfv hhg", "lastName": "", "address": { "line1": "N.W. College", "line2": "", "line3": "", "state": "27", "city": "lko", "country": "IND", "pinCode": "411001" }, "documents": [ { "type": "PPT", "id": "D89U0112" } ], "dob": "1997-01-01", "mobile": "9353568667", "email": "Bindu.S@godigit.com", "type": "N" }, "insuredPersons": [ { "firstName": "gfv hhg", "lastName": "", "address": { "line1": "N.W. College", "line2": "", "line3": "", "state": "27", "city": "Pune", "country": "IND", "pinCode": "411001" }, "documents": [ { "type": "PPT", "id": "D890112" } ], "dob": "1990-02-02", "mobile": "9887768564", "email": "gvbb@gmail.com", "profession": "", "paxId": "1", "nominee": { "relationship": "S", "name": "Uduwei Uhdewui" }, "type": "N", "gender": "ML" } ], "insuredPersonsCount": "1", "bookingDate": "2020-07-08", "packageName": "R14", "geography": "UCI", "travelEndDate": "2020-07-27", "travelStartDate": "2020-07-15", "discountFlag": "" }
ErrorMessage : getdetail-webexception=
InnerExceptionMessage : The remote server returned an error: (401) Unauthorized.
ErrorMessage : https://preprod-digitpolicyissuance.godigit.com/policyservice/v1/createQuote
InnerExceptionMessage : { "bookingId": "retail-2020-28514850", "type": "I", "purpose": "L", "customer": { "firstName": "gfv hhg", "lastName": "", "address": { "line1": "N.W. College", "line2": "", "line3": "", "state": "27", "city": "lko", "country": "IND", "pinCode": "411001" }, "documents": [ { "type": "PPT", "id": "D89U0112" } ], "dob": "1997-01-01", "mobile": "9353568667", "email": "Bindu.S@godigit.com", "type": "N" }, "insuredPersons": [ { "firstName": "gfv hhg", "lastName": "", "address": { "line1": "N.W. College", "line2": "", "line3": "", "state": "27", "city": "Pune", "country": "IND", "pinCode": "411001" }, "documents": [ { "type": "PPT", "id": "D890112" } ], "dob": "1990-02-02", "mobile": "9887768564", "email": "gvbb@gmail.com", "profession": "", "paxId": "1", "nominee": { "relationship": "S", "name": "Uduwei Uhdewui" }, "type": "N", "gender": "ML" } ], "insuredPersonsCount": "1", "bookingDate": "2020-07-08", "packageName": "R14", "geography": "UCI", "travelEndDate": "2020-07-27", "travelStartDate": "2020-07-15", "discountFlag": "" }
ErrorMessage : getdetail-webexception=
InnerExceptionMessage : The operation has timed out
ErrorMessage : getdetail-response=
InnerExceptionMessage : Object reference not set to an instance of an object.
