ErrorMessage : dasd=
InnerExceptionMessage : {"pdfName":"","premium":"7846","totalPremium":"9862","accidentalDeathPremium":"59","permanentDisabilityPremium":"47","criticalIllnessPremium":"330","premiumWaiver":"0","betterHalfPremium":"0","basePremium":"6649","hcbPremium":"1580","error":null,"isValid":true,"sumAssured":null}
ErrorMessage : https://preprod-digitpolicyissuance.godigit.com/policyservice/v1/createQuote
InnerExceptionMessage : { "bookingId": "retail-2020-57942334", "type": "I", "purpose": "L", "customer": { "firstName": "rfcv ghfh", "lastName": "", "address": { "line1": "N.W. College", "line2": "", "line3": "", "state": "27", "city": "lko", "country": "IND", "pinCode": "411001" }, "documents": [ { "type": "PPT", "id": "D89U0112" } ], "dob": "1997-01-01", "mobile": "9353568667", "email": "Bindu.S@godigit.com", "type": "N" }, "insuredPersons": [ { "firstName": "rfcv ghfh", "lastName": "", "address": { "line1": "N.W. College", "line2": "", "line3": "", "state": "27", "city": "Pune", "country": "IND", "pinCode": "411001" }, "documents": [ { "type": "PPT", "id": "D890112" } ], "dob": "1990-02-02", "mobile": "9876785674", "email": "gh@gmail.com", "profession": "", "paxId": "1", "nominee": { "relationship": "S", "name": "Uduwei Uhdewui" }, "type": "N", "gender": "ML" } ], "insuredPersonsCount": "1", "bookingDate": "2020-07-09", "packageName": "R14", "geography": "ROW", "travelEndDate": "2020-07-22", "travelStartDate": "2020-07-09", "discountFlag": "" }
ErrorMessage : getdetail-webexception=
InnerExceptionMessage : The operation has timed out
ErrorMessage : getdetail-response=
InnerExceptionMessage : Object reference not set to an instance of an object.
ErrorMessage : dasd=
InnerExceptionMessage : {"pdfName":"","premium":"7846","totalPremium":"9862","accidentalDeathPremium":"59","permanentDisabilityPremium":"47","criticalIllnessPremium":"330","premiumWaiver":"0","betterHalfPremium":"0","basePremium":"6649","hcbPremium":"1580","error":null,"isValid":true,"sumAssured":null}
ErrorMessage : dasd=
InnerExceptionMessage : {"genpremdtlsres":{"contractid":"null","quoterefno":"null","refno":"null","scrutinyno":"null","policyref":"null","netpremium":"5105","servicetaxamt":"0","educessamt":"0","totalpremium":"6023","finalpremium":"6023","servicetaxrate":"null","educessrate":"null","stampduty":"null","uwloadingper":"null","uwloadingamt":"null","loadingper":"null","loadingamt":"null","discountper":"null","discountamt":"null","spdiscountper":"null","spdiscountamt":"null","param1":"0","param2":"0","param3":"0","param4":"null"},"errorcoderes":"0","errorlistres":[],"transactionid":7801079,"servicetaxmstobj":{"taxcode":"27_SGST17","taxtype":"SGST","baseamount":"null","sertax":"0","educess":"0","sbtax":"0","kkc":"0","cess1":"0","cess2":"0","cess3":"0","sertaxdesc":"NA","educessdesc":"NA","sbcessdesc":"NA","kkccessdesc":"NA","cess1desc":"NA","cess2desc":"NA","cess3desc":"NA","adjsertax":"null","adjeducess":"null","adjsbtax":"null","adjkkc":"null","adjcess1":"null","adjcess2":"null","adjcess3":"null","addtaxval1":"459","addtaxval2":"0","addtaxval3":"459","addtaxval4":"0","addtaxval5":"0","addtaxval1desc":"State GST","addtaxval2desc":"NA","addtaxval3desc":"Central GST","addtaxval4desc":"NA","addtaxval5desc":"NA"}}
ErrorMessage : dasd=
InnerExceptionMessage : {"pdfName":"","premium":"8068","totalPremium":"10180","accidentalDeathPremium":"59","permanentDisabilityPremium":"47","criticalIllnessPremium":"362","premiumWaiver":"0","betterHalfPremium":"0","basePremium":"6837","hcbPremium":"1644","error":null,"isValid":true,"sumAssured":null}
ErrorMessage : dasd=
InnerExceptionMessage : {"pdfName":"","premium":"8068","totalPremium":"10180","accidentalDeathPremium":"59","permanentDisabilityPremium":"47","criticalIllnessPremium":"362","premiumWaiver":"0","betterHalfPremium":"0","basePremium":"6837","hcbPremium":"1644","error":null,"isValid":true,"sumAssured":null}
ErrorMessage : dasd=
InnerExceptionMessage : {"pdfName":"","premium":"8068","totalPremium":"10180","accidentalDeathPremium":"59","permanentDisabilityPremium":"47","criticalIllnessPremium":"362","premiumWaiver":"0","betterHalfPremium":"0","basePremium":"6837","hcbPremium":"1644","error":null,"isValid":true,"sumAssured":null}
ErrorMessage : dasd=
InnerExceptionMessage : {"pdfName":"","premium":"8068","totalPremium":"10180","accidentalDeathPremium":"59","permanentDisabilityPremium":"47","criticalIllnessPremium":"362","premiumWaiver":"0","betterHalfPremium":"0","basePremium":"6837","hcbPremium":"1644","error":null,"isValid":true,"sumAssured":null}
ErrorMessage : dasd=
InnerExceptionMessage : {"pdfName":"","premium":"8068","totalPremium":"10180","accidentalDeathPremium":"59","permanentDisabilityPremium":"47","criticalIllnessPremium":"362","premiumWaiver":"0","betterHalfPremium":"0","basePremium":"6837","hcbPremium":"1644","error":null,"isValid":true,"sumAssured":null}
ErrorMessage : dasd=
InnerExceptionMessage : {"pdfName":"","premium":"8068","totalPremium":"10180","accidentalDeathPremium":"59","permanentDisabilityPremium":"47","criticalIllnessPremium":"362","premiumWaiver":"0","betterHalfPremium":"0","basePremium":"6837","hcbPremium":"1644","error":null,"isValid":true,"sumAssured":null}
ErrorMessage : https://preprod-digitpolicyissuance.godigit.com/policyservice/v1/createQuote
InnerExceptionMessage : { "bookingId": "retail-2020-52401114", "type": "I", "purpose": "L", "customer": { "firstName": "hfhdh", "lastName": "", "address": { "line1": "N.W. College", "line2": "", "line3": "", "state": "27", "city": "lucknow", "country": "IND", "pinCode": "411001" }, "documents": [ { "type": "PPT", "id": "D89U0112" } ], "dob": "1997-01-01", "mobile": "9353568667", "email": "Bindu.S@godigit.com", "type": "N" }, "insuredPersons": [ { "firstName": "hfhdh", "lastName": "", "address": { "line1": "N.W. College", "line2": "", "line3": "", "state": "27", "city": "Pune", "country": "IND", "pinCode": "411001" }, "documents": [ { "type": "PPT", "id": "D890112" } ], "dob": "1990-02-02", "mobile": "9389758796", "email": "gfdf@gmail.com", "profession": "", "paxId": "1", "nominee": { "relationship": "S", "name": "Uduwei Uhdewui" }, "type": "N", "gender": "ML" } ], "insuredPersonsCount": "1", "bookingDate": "2020-07-09", "packageName": "R14", "geography": "UCI", "travelEndDate": "2020-07-28", "travelStartDate": "2020-07-15", "discountFlag": "" }
ErrorMessage : getdetail-webexception=
InnerExceptionMessage : The remote server returned an error: (401) Unauthorized.
ErrorMessage : https://preprod-digitpolicyissuance.godigit.com/policyservice/v1/createQuote
InnerExceptionMessage : { "bookingId": "retail-2020-59783177", "type": "I", "purpose": "L", "customer": { "firstName": "hfhdh", "lastName": "", "address": { "line1": "N.W. College", "line2": "", "line3": "", "state": "27", "city": "lucknow", "country": "IND", "pinCode": "411001" }, "documents": [ { "type": "PPT", "id": "D89U0112" } ], "dob": "1997-01-01", "mobile": "9353568667", "email": "Bindu.S@godigit.com", "type": "N" }, "insuredPersons": [ { "firstName": "hfhdh", "lastName": "", "address": { "line1": "N.W. College", "line2": "", "line3": "", "state": "27", "city": "Pune", "country": "IND", "pinCode": "411001" }, "documents": [ { "type": "PPT", "id": "D890112" } ], "dob": "1990-02-02", "mobile": "9389758796", "email": "gfdf@gmail.com", "profession": "", "paxId": "1", "nominee": { "relationship": "S", "name": "Uduwei Uhdewui" }, "type": "N", "gender": "ML" } ], "insuredPersonsCount": "1", "bookingDate": "2020-07-09", "packageName": "R14", "geography": "UCI", "travelEndDate": "2020-07-28", "travelStartDate": "2020-07-15", "discountFlag": "" }
ErrorMessage : getdetail-webexception=
InnerExceptionMessage : The remote server returned an error: (401) Unauthorized.
ErrorMessage : dasd=
InnerExceptionMessage : {"pdfName":"","premium":"7289","totalPremium":"9452","accidentalDeathPremium":"59","permanentDisabilityPremium":"47","criticalIllnessPremium":"268","premiumWaiver":"0","betterHalfPremium":"0","basePremium":"6177","hcbPremium":"1789","error":null,"isValid":true,"sumAssured":null}
ErrorMessage : dasd=
InnerExceptionMessage : {"pdfName":"","premium":"7289","totalPremium":"9452","accidentalDeathPremium":"59","permanentDisabilityPremium":"47","criticalIllnessPremium":"268","premiumWaiver":"0","betterHalfPremium":"0","basePremium":"6177","hcbPremium":"1789","error":null,"isValid":true,"sumAssured":null}
ErrorMessage : dasd=
InnerExceptionMessage : {"pdfName":"","premium":"8068","totalPremium":"10180","accidentalDeathPremium":"59","permanentDisabilityPremium":"47","criticalIllnessPremium":"362","premiumWaiver":"0","betterHalfPremium":"0","basePremium":"6837","hcbPremium":"1644","error":null,"isValid":true,"sumAssured":null}
ErrorMessage : https://preprod-digitpolicyissuance.godigit.com/policyservice/v1/createQuote
InnerExceptionMessage : { "bookingId": "retail-2020-40543117", "type": "I", "purpose": "L", "customer": { "firstName": "divyanshi", "lastName": "", "address": { "line1": "N.W. College", "line2": "", "line3": "", "state": "27", "city": "lucnow", "country": "IND", "pinCode": "411001" }, "documents": [ { "type": "PPT", "id": "D89U0112" } ], "dob": "1997-01-01", "mobile": "9353568667", "email": "Bindu.S@godigit.com", "type": "N" }, "insuredPersons": [ { "firstName": "divyanshi", "lastName": "", "address": { "line1": "N.W. College", "line2": "", "line3": "", "state": "27", "city": "Pune", "country": "IND", "pinCode": "411001" }, "documents": [ { "type": "PPT", "id": "D890112" } ], "dob": "1990-02-02", "mobile": "9247238742", "email": "fhsdfh@gmail.com", "profession": "", "paxId": "1", "nominee": { "relationship": "S", "name": "Uduwei Uhdewui" }, "type": "N", "gender": "ML" } ], "insuredPersonsCount": "1", "bookingDate": "2020-07-09", "packageName": "R14", "geography": "UCI", "travelEndDate": "2020-07-28", "travelStartDate": "2020-07-15", "discountFlag": "" }
ErrorMessage : getdetail-webexception=
InnerExceptionMessage : The remote server returned an error: (401) Unauthorized.
ErrorMessage : https://preprod-digitpolicyissuance.godigit.com/policyservice/v1/createQuote
InnerExceptionMessage : { "bookingId": "retail-2020-43778749", "type": "I", "purpose": "L", "customer": { "firstName": "divyanshi", "lastName": "", "address": { "line1": "N.W. College", "line2": "", "line3": "", "state": "27", "city": "lucnow", "country": "IND", "pinCode": "411001" }, "documents": [ { "type": "PPT", "id": "D89U0112" } ], "dob": "1997-01-01", "mobile": "9353568667", "email": "Bindu.S@godigit.com", "type": "N" }, "insuredPersons": [ { "firstName": "divyanshi", "lastName": "", "address": { "line1": "N.W. College", "line2": "", "line3": "", "state": "27", "city": "Pune", "country": "IND", "pinCode": "411001" }, "documents": [ { "type": "PPT", "id": "D890112" } ], "dob": "1990-02-02", "mobile": "9247238742", "email": "fhsdfh@gmail.com", "profession": "", "paxId": "1", "nominee": { "relationship": "S", "name": "Uduwei Uhdewui" }, "type": "N", "gender": "ML" } ], "insuredPersonsCount": "1", "bookingDate": "2020-07-09", "packageName": "R14", "geography": "UCI", "travelEndDate": "2020-07-28", "travelStartDate": "2020-07-15", "discountFlag": "" }
ErrorMessage : getdetail-webexception=
InnerExceptionMessage : The remote server returned an error: (401) Unauthorized.
ErrorMessage : dasd=
InnerExceptionMessage : {"pdfName":"","premium":"8610","totalPremium":"11279","accidentalDeathPremium":"59","permanentDisabilityPremium":"47","criticalIllnessPremium":"402","premiumWaiver":"0","betterHalfPremium":"0","basePremium":"7297","hcbPremium":"2161","error":null,"isValid":true,"sumAssured":null}
ErrorMessage : dasd=
InnerExceptionMessage : {"pdfName":"","premium":"7478","totalPremium":"9321","accidentalDeathPremium":"59","permanentDisabilityPremium":"47","criticalIllnessPremium":"274","premiumWaiver":"0","betterHalfPremium":"0","basePremium":"6337","hcbPremium":"1463","error":null,"isValid":true,"sumAssured":null}
ErrorMessage : dasd=
InnerExceptionMessage : {"pdfName":"","premium":"11339","totalPremium":"14293","accidentalDeathPremium":"59","permanentDisabilityPremium":"47","criticalIllnessPremium":"532","premiumWaiver":"0","betterHalfPremium":"0","basePremium":"9609","hcbPremium":"2316","error":null,"isValid":true,"sumAssured":null}
ErrorMessage : dasd=
InnerExceptionMessage : {"genpremdtlsres":null,"errorcoderes":null,"errorlistres":[{"errnumber":"Error Code: 500","parname":null,"parindex":null,"property":null,"errtext":"Exception handle at health premium calculation  :weblogic.jdbc.extensions.PoolDisabledSQLException: weblogic.common.resourcepool.ResourceDisabledException: Pool jdbc/OpusSys LOTUS GL is suspended. Cannot allocate resources to applications. It was suspended at Thu Jul 09 16:09:29 IST 2020 because of 2 consecutive connect failures. Last connect attempt failed at Thu Jul 09 16:12:57 IST 2020 because of weblogic.common.ResourceException: weblogic.common.ResourceException: Could not create pool connection. The DBMS driver exception was: Listener refused the connection with the following error:\nORA-12528, TNS:listener: all appropriate instances are blocking new connections\n . Last connection created successfully at Thu Jul 09 16:02:34 IST 2020.","errlevel":null}],"transactionid":0,"servicetaxmstobj":null}
ErrorMessage : dasd=
InnerExceptionMessage : {"genpremdtlsres":{"contractid":"null","quoterefno":"null","refno":"null","scrutinyno":"null","policyref":"null","netpremium":"5105","servicetaxamt":"0","educessamt":"0","totalpremium":"6023","finalpremium":"6023","servicetaxrate":"null","educessrate":"null","stampduty":"null","uwloadingper":"null","uwloadingamt":"null","loadingper":"null","loadingamt":"null","discountper":"null","discountamt":"null","spdiscountper":"null","spdiscountamt":"null","param1":"0","param2":"0","param3":"0","param4":"null"},"errorcoderes":"0","errorlistres":[],"transactionid":7811318,"servicetaxmstobj":{"taxcode":"27_SGST17","taxtype":"SGST","baseamount":"null","sertax":"0","educess":"0","sbtax":"0","kkc":"0","cess1":"0","cess2":"0","cess3":"0","sertaxdesc":"NA","educessdesc":"NA","sbcessdesc":"NA","kkccessdesc":"NA","cess1desc":"NA","cess2desc":"NA","cess3desc":"NA","adjsertax":"null","adjeducess":"null","adjsbtax":"null","adjkkc":"null","adjcess1":"null","adjcess2":"null","adjcess3":"null","addtaxval1":"459","addtaxval2":"0","addtaxval3":"459","addtaxval4":"0","addtaxval5":"0","addtaxval1desc":"State GST","addtaxval2desc":"NA","addtaxval3desc":"Central GST","addtaxval4desc":"NA","addtaxval5desc":"NA"}}
ErrorMessage : dasd=
InnerExceptionMessage : {"pdfName":"","premium":"24048","totalPremium":"27663","accidentalDeathPremium":"59","permanentDisabilityPremium":"47","criticalIllnessPremium":"1181","premiumWaiver":"0","betterHalfPremium":"0","basePremium":"20380","hcbPremium":"2328","error":null,"isValid":true,"sumAssured":null}
ErrorMessage : dasd=
InnerExceptionMessage : {"genpremdtlsres":{"contractid":"null","quoterefno":"null","refno":"null","scrutinyno":"null","policyref":"null","netpremium":"5105","servicetaxamt":"0","educessamt":"0","totalpremium":"6023","finalpremium":"6023","servicetaxrate":"null","educessrate":"null","stampduty":"null","uwloadingper":"null","uwloadingamt":"null","loadingper":"null","loadingamt":"null","discountper":"null","discountamt":"null","spdiscountper":"null","spdiscountamt":"null","param1":"0","param2":"0","param3":"0","param4":"null"},"errorcoderes":"0","errorlistres":[],"transactionid":7811598,"servicetaxmstobj":{"taxcode":"27_SGST17","taxtype":"SGST","baseamount":"null","sertax":"0","educess":"0","sbtax":"0","kkc":"0","cess1":"0","cess2":"0","cess3":"0","sertaxdesc":"NA","educessdesc":"NA","sbcessdesc":"NA","kkccessdesc":"NA","cess1desc":"NA","cess2desc":"NA","cess3desc":"NA","adjsertax":"null","adjeducess":"null","adjsbtax":"null","adjkkc":"null","adjcess1":"null","adjcess2":"null","adjcess3":"null","addtaxval1":"459","addtaxval2":"0","addtaxval3":"459","addtaxval4":"0","addtaxval5":"0","addtaxval1desc":"State GST","addtaxval2desc":"NA","addtaxval3desc":"Central GST","addtaxval4desc":"NA","addtaxval5desc":"NA"}}
ErrorMessage : dasd=
InnerExceptionMessage : {"pdfName":"","premium":"22134","totalPremium":"25640","accidentalDeathPremium":"59","permanentDisabilityPremium":"47","criticalIllnessPremium":"1106","premiumWaiver":"0","betterHalfPremium":"0","basePremium":"18758","hcbPremium":"2294","error":null,"isValid":true,"sumAssured":null}
ErrorMessage : dasd=
InnerExceptionMessage : {"pdfName":"","premium":"22134","totalPremium":"25640","accidentalDeathPremium":"59","permanentDisabilityPremium":"47","criticalIllnessPremium":"1106","premiumWaiver":"0","betterHalfPremium":"0","basePremium":"18758","hcbPremium":"2294","error":null,"isValid":true,"sumAssured":null}
ErrorMessage : dasd=
InnerExceptionMessage : {"premium":3137,"serviceTax":564,"totalPremium":3701}
ErrorMessage : dasd=
InnerExceptionMessage : {"genpremdtlsres":{"contractid":"null","quoterefno":"null","refno":"null","scrutinyno":"null","policyref":"null","netpremium":"5105","servicetaxamt":"0","educessamt":"0","totalpremium":"6023","finalpremium":"6023","servicetaxrate":"null","educessrate":"null","stampduty":"null","uwloadingper":"null","uwloadingamt":"null","loadingper":"null","loadingamt":"null","discountper":"null","discountamt":"null","spdiscountper":"null","spdiscountamt":"null","param1":"0","param2":"0","param3":"0","param4":"null"},"errorcoderes":"0","errorlistres":[],"transactionid":7811792,"servicetaxmstobj":{"taxcode":"27_SGST17","taxtype":"SGST","baseamount":"null","sertax":"0","educess":"0","sbtax":"0","kkc":"0","cess1":"0","cess2":"0","cess3":"0","sertaxdesc":"NA","educessdesc":"NA","sbcessdesc":"NA","kkccessdesc":"NA","cess1desc":"NA","cess2desc":"NA","cess3desc":"NA","adjsertax":"null","adjeducess":"null","adjsbtax":"null","adjkkc":"null","adjcess1":"null","adjcess2":"null","adjcess3":"null","addtaxval1":"459","addtaxval2":"0","addtaxval3":"459","addtaxval4":"0","addtaxval5":"0","addtaxval1desc":"State GST","addtaxval2desc":"NA","addtaxval3desc":"Central GST","addtaxval4desc":"NA","addtaxval5desc":"NA"}}
ErrorMessage : dasd=
InnerExceptionMessage : {"pdfName":"","premium":"7289","totalPremium":"9452","accidentalDeathPremium":"59","permanentDisabilityPremium":"47","criticalIllnessPremium":"268","premiumWaiver":"0","betterHalfPremium":"0","basePremium":"6177","hcbPremium":"1789","error":null,"isValid":true,"sumAssured":null}
ErrorMessage : dasd=
InnerExceptionMessage : {"pdfName":"","premium":"9838","totalPremium":"12292","accidentalDeathPremium":"59","permanentDisabilityPremium":"47","criticalIllnessPremium":"485","premiumWaiver":"0","betterHalfPremium":"0","basePremium":"8337","hcbPremium":"1863","error":null,"isValid":true,"sumAssured":null}
ErrorMessage : dasd=
InnerExceptionMessage : {"premium":3137,"serviceTax":564,"totalPremium":3701}
ErrorMessage : dasd=
InnerExceptionMessage : {"premium":3137,"serviceTax":564,"totalPremium":3701}
ErrorMessage : dasd=
InnerExceptionMessage : {"premium":3137,"serviceTax":564,"totalPremium":3701}
ErrorMessage : dasd=
InnerExceptionMessage : {"premium":3137,"serviceTax":564,"totalPremium":3701}
ErrorMessage : dasd=
InnerExceptionMessage : {"premium":3137,"serviceTax":564,"totalPremium":3701}
