ErrorMessage : dasd=
InnerExceptionMessage : {"pdfName":"","premium":"9838","totalPremium":"12291.66","accidentalDeathPremium":"59","permanentDisabilityPremium":"47","criticalIllnessPremium":"485","premiumWaiver":"0","betterHalfPremium":"0","basePremium":"8337","hcbPremium":"1863","error":null,"isValid":true,"sumAssured":null}
ErrorMessage : dasd=
InnerExceptionMessage : {"pdfName":"","premium":"9838","totalPremium":"12291.66","accidentalDeathPremium":"59","permanentDisabilityPremium":"47","criticalIllnessPremium":"485","premiumWaiver":"0","betterHalfPremium":"0","basePremium":"8337","hcbPremium":"1863","error":null,"isValid":true,"sumAssured":null}
ErrorMessage : dasd=
InnerExceptionMessage : {"pdfName":"","premium":"9838","totalPremium":"12291.66","accidentalDeathPremium":"59","permanentDisabilityPremium":"47","criticalIllnessPremium":"485","premiumWaiver":"0","betterHalfPremium":"0","basePremium":"8337","hcbPremium":"1863","error":null,"isValid":true,"sumAssured":null}
ErrorMessage : dasd=
InnerExceptionMessage : {"pdfName":"","premium":"9838","totalPremium":"12291.66","accidentalDeathPremium":"59","permanentDisabilityPremium":"47","criticalIllnessPremium":"485","premiumWaiver":"0","betterHalfPremium":"0","basePremium":"8337","hcbPremium":"1863","error":null,"isValid":true,"sumAssured":null}
ErrorMessage : dasd=
InnerExceptionMessage : {"pdfName":"","premium":"9838","totalPremium":"12291.66","accidentalDeathPremium":"59","permanentDisabilityPremium":"47","criticalIllnessPremium":"485","premiumWaiver":"0","betterHalfPremium":"0","basePremium":"8337","hcbPremium":"1863","error":null,"isValid":true,"sumAssured":null}
ErrorMessage : dasd=
InnerExceptionMessage : {"pdfName":"","premium":"9838","totalPremium":"12291.66","accidentalDeathPremium":"59","permanentDisabilityPremium":"47","criticalIllnessPremium":"485","premiumWaiver":"0","betterHalfPremium":"0","basePremium":"8337","hcbPremium":"1863","error":null,"isValid":true,"sumAssured":null}
ErrorMessage : dasd=
InnerExceptionMessage : {"pdfName":"","premium":"14696","totalPremium":"17149.72","accidentalDeathPremium":"59","permanentDisabilityPremium":"47","criticalIllnessPremium":"485","premiumWaiver":"0","betterHalfPremium":"0","basePremium":"12454","hcbPremium":"1863","error":null,"isValid":true,"sumAssured":null}
ErrorMessage : dasd=
InnerExceptionMessage : {"pdfName":"","premium":"14696","totalPremium":"17149.72","accidentalDeathPremium":"59","permanentDisabilityPremium":"47","criticalIllnessPremium":"485","premiumWaiver":"0","betterHalfPremium":"0","basePremium":"12454","hcbPremium":"1863","error":null,"isValid":true,"sumAssured":null}
ErrorMessage : dasd=
InnerExceptionMessage : {"pdfName":"","premium":"9838","totalPremium":"12291.66","accidentalDeathPremium":"59","permanentDisabilityPremium":"47","criticalIllnessPremium":"485","premiumWaiver":"0","betterHalfPremium":"0","basePremium":"8337","hcbPremium":"1863","error":null,"isValid":true,"sumAssured":null}
ErrorMessage : dasd=
InnerExceptionMessage : {"pdfName":"","premium":"14696","totalPremium":"17149.72","accidentalDeathPremium":"59","permanentDisabilityPremium":"47","criticalIllnessPremium":"485","premiumWaiver":"0","betterHalfPremium":"0","basePremium":"12454","hcbPremium":"1863","error":null,"isValid":true,"sumAssured":null}
ErrorMessage : dasd=
InnerExceptionMessage : {"pdfName":"","premium":"9838","totalPremium":"12291.66","accidentalDeathPremium":"59","permanentDisabilityPremium":"47","criticalIllnessPremium":"485","premiumWaiver":"0","betterHalfPremium":"0","basePremium":"8337","hcbPremium":"1863","error":null,"isValid":true,"sumAssured":null}
ErrorMessage : dasd=
InnerExceptionMessage : {"pdfName":"","premium":"14696","totalPremium":"17149.72","accidentalDeathPremium":"59","permanentDisabilityPremium":"47","criticalIllnessPremium":"485","premiumWaiver":"0","betterHalfPremium":"0","basePremium":"12454","hcbPremium":"1863","error":null,"isValid":true,"sumAssured":null}
ErrorMessage : dasd=
InnerExceptionMessage : {"pdfName":"","premium":"11920","totalPremium":"14032.36","accidentalDeathPremium":"59","permanentDisabilityPremium":"47","criticalIllnessPremium":"362","premiumWaiver":"0","betterHalfPremium":"0","basePremium":"10102","hcbPremium":"1644","error":null,"isValid":true,"sumAssured":null}
ErrorMessage : dasd=
InnerExceptionMessage : {"pdfName":"","premium":"9838","totalPremium":"12291.66","accidentalDeathPremium":"59","permanentDisabilityPremium":"47","criticalIllnessPremium":"485","premiumWaiver":"0","betterHalfPremium":"0","basePremium":"8337","hcbPremium":"1863","error":null,"isValid":true,"sumAssured":null}
ErrorMessage : dasd=
InnerExceptionMessage : {"pdfName":"","premium":"12753","totalPremium":"15422.44","accidentalDeathPremium":"59","permanentDisabilityPremium":"47","criticalIllnessPremium":"402","premiumWaiver":"0","betterHalfPremium":"0","basePremium":"10808","hcbPremium":"2161","error":null,"isValid":true,"sumAssured":null}
ErrorMessage : dasd=
InnerExceptionMessage : {"pdfName":"","premium":"12753","totalPremium":"15422.44","accidentalDeathPremium":"59","permanentDisabilityPremium":"47","criticalIllnessPremium":"402","premiumWaiver":"0","betterHalfPremium":"0","basePremium":"10808","hcbPremium":"2161","error":null,"isValid":true,"sumAssured":null}
ErrorMessage : dasd=
InnerExceptionMessage : {"pdfName":"","premium":"12753","totalPremium":"15422.44","accidentalDeathPremium":"59","permanentDisabilityPremium":"47","criticalIllnessPremium":"402","premiumWaiver":"0","betterHalfPremium":"0","basePremium":"10808","hcbPremium":"2161","error":null,"isValid":true,"sumAssured":null}
ErrorMessage : dasd=
InnerExceptionMessage : {"pdfName":"","premium":"11920","totalPremium":"14475.36","accidentalDeathPremium":"59","permanentDisabilityPremium":"47","criticalIllnessPremium":"371","premiumWaiver":"0","betterHalfPremium":"0","basePremium":"10102","hcbPremium":"2078","error":null,"isValid":true,"sumAssured":null}
ErrorMessage : dasd=
InnerExceptionMessage : {"pdfName":"","premium":"11920","totalPremium":"14475.36","accidentalDeathPremium":"59","permanentDisabilityPremium":"47","criticalIllnessPremium":"371","premiumWaiver":"0","betterHalfPremium":"0","basePremium":"10102","hcbPremium":"2078","error":null,"isValid":true,"sumAssured":null}
ErrorMessage : dasd=
InnerExceptionMessage : {"pdfName":"","premium":"12934","totalPremium":"15800.98","accidentalDeathPremium":"59","permanentDisabilityPremium":"47","criticalIllnessPremium":"677","premiumWaiver":"0","betterHalfPremium":"0","basePremium":"10961","hcbPremium":"2084","error":null,"isValid":true,"sumAssured":null}
ErrorMessage : dasd=
InnerExceptionMessage : {"pdfName":"","premium":"11339","totalPremium":"14066.62","accidentalDeathPremium":"59","permanentDisabilityPremium":"47","criticalIllnessPremium":"588","premiumWaiver":"0","betterHalfPremium":"0","basePremium":"9609","hcbPremium":"2034","error":null,"isValid":true,"sumAssured":null}
ErrorMessage : dasd=
InnerExceptionMessage : {"pdfName":"","premium":"11339","totalPremium":"14066.62","accidentalDeathPremium":"59","permanentDisabilityPremium":"47","criticalIllnessPremium":"588","premiumWaiver":"0","betterHalfPremium":"0","basePremium":"9609","hcbPremium":"2034","error":null,"isValid":true,"sumAssured":null}
ErrorMessage : dasd=
InnerExceptionMessage : {"pdfName":"","premium":"14923","totalPremium":"17947.46","accidentalDeathPremium":"59","permanentDisabilityPremium":"47","criticalIllnessPremium":"780","premiumWaiver":"0","betterHalfPremium":"0","basePremium":"12647","hcbPremium":"2138","error":null,"isValid":true,"sumAssured":null}
ErrorMessage : dasd=
InnerExceptionMessage : {"pdfName":"","premium":"11339","totalPremium":"14066.62","accidentalDeathPremium":"59","permanentDisabilityPremium":"47","criticalIllnessPremium":"588","premiumWaiver":"0","betterHalfPremium":"0","basePremium":"9609","hcbPremium":"2034","error":null,"isValid":true,"sumAssured":null}
ErrorMessage : dasd=
InnerExceptionMessage : {"pdfName":"","premium":"10542","totalPremium":"13130.12","accidentalDeathPremium":"59","permanentDisabilityPremium":"47","criticalIllnessPremium":"535","premiumWaiver":"0","betterHalfPremium":"0","basePremium":"8934","hcbPremium":"1947","error":null,"isValid":true,"sumAssured":null}
ErrorMessage : dasd=
InnerExceptionMessage : {"pdfName":"","premium":"10542","totalPremium":"13130.12","accidentalDeathPremium":"59","permanentDisabilityPremium":"47","criticalIllnessPremium":"535","premiumWaiver":"0","betterHalfPremium":"0","basePremium":"8934","hcbPremium":"1947","error":null,"isValid":true,"sumAssured":null}
ErrorMessage : dasd=
InnerExceptionMessage : {"genpremdtlsres":{"contractid":"null","quoterefno":"null","refno":"null","scrutinyno":"null","policyref":"null","netpremium":"0","servicetaxamt":"0","educessamt":"0","totalpremium":"0","finalpremium":"0","servicetaxrate":"null","educessrate":"null","stampduty":"null","uwloadingper":"null","uwloadingamt":"null","loadingper":"null","loadingamt":"null","discountper":"null","discountamt":"null","spdiscountper":"null","spdiscountamt":"null","param1":"0","param2":"0","param3":"0","param4":"null"},"errorcoderes":"0","errorlistres":[],"transactionid":5046833,"servicetaxmstobj":{"taxcode":"07_IGST17","taxtype":"IGST","baseamount":"null","sertax":"0","educess":"0","sbtax":"0","kkc":"0","cess1":"0","cess2":"0","cess3":"0","sertaxdesc":"NA","educessdesc":"NA","sbcessdesc":"NA","kkccessdesc":"NA","cess1desc":"NA","cess2desc":"NA","cess3desc":"NA","adjsertax":"null","adjeducess":"null","adjsbtax":"null","adjkkc":"null","adjcess1":"null","adjcess2":"null","adjcess3":"null","addtaxval1":"0","addtaxval2":"0","addtaxval3":"0","addtaxval4":"0","addtaxval5":"0","addtaxval1desc":"NA","addtaxval2desc":"NA","addtaxval3desc":"NA","addtaxval4desc":"Integrated GST","addtaxval5desc":"NA"}}
ErrorMessage : dasd=
InnerExceptionMessage : {"genpremdtlsres":{"contractid":"null","quoterefno":"null","refno":"null","scrutinyno":"null","policyref":"null","netpremium":"3295","servicetaxamt":"0","educessamt":"0","totalpremium":"3888","finalpremium":"3888","servicetaxrate":"null","educessrate":"null","stampduty":"null","uwloadingper":"null","uwloadingamt":"null","loadingper":"null","loadingamt":"null","discountper":"null","discountamt":"null","spdiscountper":"null","spdiscountamt":"null","param1":"0","param2":"0","param3":"0","param4":"null"},"errorcoderes":"0","errorlistres":[],"transactionid":5046835,"servicetaxmstobj":{"taxcode":"07_IGST17","taxtype":"IGST","baseamount":"null","sertax":"0","educess":"0","sbtax":"0","kkc":"0","cess1":"0","cess2":"0","cess3":"0","sertaxdesc":"NA","educessdesc":"NA","sbcessdesc":"NA","kkccessdesc":"NA","cess1desc":"NA","cess2desc":"NA","cess3desc":"NA","adjsertax":"null","adjeducess":"null","adjsbtax":"null","adjkkc":"null","adjcess1":"null","adjcess2":"null","adjcess3":"null","addtaxval1":"0","addtaxval2":"0","addtaxval3":"0","addtaxval4":"593","addtaxval5":"0","addtaxval1desc":"NA","addtaxval2desc":"NA","addtaxval3desc":"NA","addtaxval4desc":"Integrated GST","addtaxval5desc":"NA"}}
ErrorMessage : dasd=
InnerExceptionMessage : {"premium":3137,"serviceTax":564,"totalPremium":3701}
ErrorMessage : dasd=
InnerExceptionMessage : {"referenceId":"cb2d9fe2aa0444f3a31e772a07e09c31","premium":3867,"serviceTax":696,"totalPremium":4563}
ErrorMessage : dasd=
InnerExceptionMessage : {"referenceId":"cb2d9fe2aa0444f3a31e772a07e09c31","redirectToken":"479ab78dfb63d665a1c2c5070f73ebd9"}
ErrorMessage : dasd=
InnerExceptionMessage : {"genpremdtlsres":{"contractid":"null","quoterefno":"null","refno":"null","scrutinyno":"null","policyref":"null","netpremium":"0","servicetaxamt":"0","educessamt":"0","totalpremium":"0","finalpremium":"0","servicetaxrate":"null","educessrate":"null","stampduty":"null","uwloadingper":"null","uwloadingamt":"null","loadingper":"null","loadingamt":"null","discountper":"null","discountamt":"null","spdiscountper":"null","spdiscountamt":"null","param1":"0","param2":"0","param3":"0","param4":"null"},"errorcoderes":"0","errorlistres":[],"transactionid":5046867,"servicetaxmstobj":{"taxcode":"07_IGST17","taxtype":"IGST","baseamount":"null","sertax":"0","educess":"0","sbtax":"0","kkc":"0","cess1":"0","cess2":"0","cess3":"0","sertaxdesc":"NA","educessdesc":"NA","sbcessdesc":"NA","kkccessdesc":"NA","cess1desc":"NA","cess2desc":"NA","cess3desc":"NA","adjsertax":"null","adjeducess":"null","adjsbtax":"null","adjkkc":"null","adjcess1":"null","adjcess2":"null","adjcess3":"null","addtaxval1":"0","addtaxval2":"0","addtaxval3":"0","addtaxval4":"0","addtaxval5":"0","addtaxval1desc":"NA","addtaxval2desc":"NA","addtaxval3desc":"NA","addtaxval4desc":"Integrated GST","addtaxval5desc":"NA"}}
ErrorMessage : dasd=
InnerExceptionMessage : {"genpremdtlsres":{"contractid":"null","quoterefno":"null","refno":"null","scrutinyno":"null","policyref":"null","netpremium":"3295","servicetaxamt":"0","educessamt":"0","totalpremium":"3888","finalpremium":"3888","servicetaxrate":"null","educessrate":"null","stampduty":"null","uwloadingper":"null","uwloadingamt":"null","loadingper":"null","loadingamt":"null","discountper":"null","discountamt":"null","spdiscountper":"null","spdiscountamt":"null","param1":"0","param2":"0","param3":"0","param4":"null"},"errorcoderes":"0","errorlistres":[],"transactionid":5046869,"servicetaxmstobj":{"taxcode":"07_IGST17","taxtype":"IGST","baseamount":"null","sertax":"0","educess":"0","sbtax":"0","kkc":"0","cess1":"0","cess2":"0","cess3":"0","sertaxdesc":"NA","educessdesc":"NA","sbcessdesc":"NA","kkccessdesc":"NA","cess1desc":"NA","cess2desc":"NA","cess3desc":"NA","adjsertax":"null","adjeducess":"null","adjsbtax":"null","adjkkc":"null","adjcess1":"null","adjcess2":"null","adjcess3":"null","addtaxval1":"0","addtaxval2":"0","addtaxval3":"0","addtaxval4":"593","addtaxval5":"0","addtaxval1desc":"NA","addtaxval2desc":"NA","addtaxval3desc":"NA","addtaxval4desc":"Integrated GST","addtaxval5desc":"NA"}}
ErrorMessage : dasd=
InnerExceptionMessage : {"premium":3137,"serviceTax":564,"totalPremium":3701}
ErrorMessage : https://igsan.starhealth.in/api/policy/proposals
InnerExceptionMessage : {"sumInsuredId":0,"schemeId":0,"sumAssured":"150000","Amount":"3137","serviceTax":"564","totalPremium":"3701","NoOfAdults":"1","NoOfChildren":"0","Plan":"Medi Classic Individual","startOn":"March 01, 2020","endOn":"February 28, 2021","policyCategory":"fresh","proposerName":"fdsfdsg","proposerEmail":"d@gmail.com","proposerPhone":"9789797897","proposerAddressOne":"tyrtyr","proposerAddressTwo":"rtytryr","proposerAreaId":"61379","proposerAreaPinCode":"226016","proposerAreaCityId":"","proposerResidenceAddressOne":"","proposerResidenceAddressTwo":"","proposerResidenceAreaId":"","proposerResidenceAreaPinCode":"","proposerResidenceAreaCityId":"","proposerDob":"February 28, 1997","panNumber":"","gstTypeId":"","gstIdNumber":"","aadharNumber":"","eiaNumber":"","socialStatus":"1","socialStatusBpl":"1","socialStatusDisabled":"1","socialStatusInformal":"1","socialStatusUnorganized":"1","previousMedicalInsurance":"","annualIncome":"1000","criticalIllness":"false","insureds[0]":{"dob":"February 05, 1992","sumInsuredId":1,"name":"hyfuytfu","sex":"Male","illness":"None","description":"","relationshipId":1,"occupationId":4,"hospitalCash":"0","height":156,"weight":55}{"dob":"","sumInsuredId":1,"name":"","sex":"","illness":"","description":"","relationshipId":0,"occupationId":0,"hospitalCash":"0","height":0,"weight":0},"nomineeName":"dfgdfgdfg","nomineeAge":"23","nomineeRelationship":"Daughter in Law","nomineePercentClaim":"100","appointeeName":"","appointeeAge":"","appointeeRelationship":"","nomineeNameTwo":"","nomineeAgeTwo":"","nomineeRelationshipTwo":"","nomineePercentClaimTwo":"","appointeeNameTwo":"","appointeeAgeTwo":"","appointeeRelationshipTwo":"","APIKEY":"75dc72e57d2148f5a76676895c18ff11","SECRETKEY":"9ad7d6ccb13343c69d0ceb38d13a5d8f","policyTypeName":"MCINEW","travelStartOn":"","travelEndOn":"","planId":12934,"postalCode":0,"period":1,"searchId":23537,"companyId":"10006"}
ErrorMessage : getdetail-webexception=
InnerExceptionMessage : The remote server returned an error: (500) Internal Server Error.
ErrorMessage : https://igsan.starhealth.in/api/policy/proposals
InnerExceptionMessage : {"sumInsuredId":0,"schemeId":0,"sumAssured":"150000","Amount":"3137","serviceTax":"564","totalPremium":"3701","NoOfAdults":"1","NoOfChildren":"0","Plan":"Medi Classic Individual","startOn":"March 01, 2020","endOn":"February 28, 2021","policyCategory":"fresh","proposerName":"fdsfdsg","proposerEmail":"d@gmail.com","proposerPhone":"9789797897","proposerAddressOne":"tyrtyr","proposerAddressTwo":"rtytryr","proposerAreaId":"61555","proposerAreaPinCode":"226015","proposerAreaCityId":"","proposerResidenceAddressOne":"","proposerResidenceAddressTwo":"","proposerResidenceAreaId":"","proposerResidenceAreaPinCode":"","proposerResidenceAreaCityId":"","proposerDob":"February 28, 1997","panNumber":"","gstTypeId":"","gstIdNumber":"","aadharNumber":"","eiaNumber":"","socialStatus":"1","socialStatusBpl":"1","socialStatusDisabled":"1","socialStatusInformal":"1","socialStatusUnorganized":"1","previousMedicalInsurance":"","annualIncome":"10000","criticalIllness":"false","insureds[0]":{"dob":"February 05, 1992","sumInsuredId":1,"name":"hyfuytfu","sex":"Male","illness":"sdfs vsdgfdg","relationshipId":1,"occupationId":4,"hospitalCash":"0","height":156,"weight":55,"isPersonalAccidentApplicable":"","engageManualLabour":"","engageWinterSports":"","buyBackPED":1},"insureds[1]":{"dob":"","sumInsuredId":1,"name":"","sex":"","illness":"","relationshipId":0,"occupationId":0,"hospitalCash":"0","height":0,"weight":0}{"dob":"","sumInsuredId":1,"name":"","sex":"","illness":"","relationshipId":0,"occupationId":0,"hospitalCash":"0","height":0,"weight":0},"insureds[3]":{"dob":"","sumInsuredId":1,"name":"","sex":"","illness":"","relationshipId":0,"occupationId":0,"hospitalCash":"0","height":0,"weight":0},"nomineeName":"dfgdfgdfg","nomineeAge":"23","nomineeRelationship":"Daughter in Law","nomineePercentClaim":"100","appointeeName":"","appointeeAge":"","appointeeRelationship":"","nomineeNameTwo":"","nomineeAgeTwo":"","nomineeRelationshipTwo":"","nomineePercentClaimTwo":"","appointeeNameTwo":"","appointeeAgeTwo":"","appointeeRelationshipTwo":"","APIKEY":"75dc72e57d2148f5a76676895c18ff11","SECRETKEY":"9ad7d6ccb13343c69d0ceb38d13a5d8f","policyTypeName":"MCINEW","travelStartOn":"","travelEndOn":"","planId":12934,"postalCode":0,"period":1,"searchId":23537,"companyId":"10006"}
ErrorMessage : getdetail-webexception=
InnerExceptionMessage : The remote server returned an error: (500) Internal Server Error.
ErrorMessage : https://igsan.starhealth.in/api/policy/proposals
InnerExceptionMessage : {"sumInsuredId":0,"schemeId":0,"sumAssured":"150000","Amount":"3137","serviceTax":"564","totalPremium":"3701","NoOfAdults":"1","NoOfChildren":"0","Plan":"Medi Classic Individual","startOn":"March 01, 2020","endOn":"February 28, 2021","policyCategory":"fresh","proposerName":"fdsfdsg","proposerEmail":"d@gmail.com","proposerPhone":"9789797897","proposerAddressOne":"tyrtyr","proposerAddressTwo":"rtytryr","proposerAreaId":"568837","proposerAreaPinCode":"226013","proposerAreaCityId":"","proposerResidenceAddressOne":"","proposerResidenceAddressTwo":"","proposerResidenceAreaId":"","proposerResidenceAreaPinCode":"","proposerResidenceAreaCityId":"","proposerDob":"February 28, 1997","panNumber":"","gstTypeId":"","gstIdNumber":"","aadharNumber":"","eiaNumber":"","socialStatus":"1","socialStatusBpl":"1","socialStatusDisabled":"1","socialStatusInformal":"1","socialStatusUnorganized":"1","previousMedicalInsurance":"","annualIncome":"10000","criticalIllness":"false","insureds[0]":{"dob":"February 05, 1992","sumInsuredId":1,"name":"hyfuytfu","sex":"Male","illness":"sdfs vsdgfdg","relationshipId":1,"occupationId":4,"hospitalCash":"0","height":156,"weight":55,"isPersonalAccidentApplicable":"","engageManualLabour":"","engageWinterSports":"","buyBackPED":1}{"dob":"","sumInsuredId":1,"name":"","sex":"","illness":"","relationshipId":0,"occupationId":0,"hospitalCash":"0","height":0,"weight":0},"nomineeName":"dfgdfgdfg","nomineeAge":"23","nomineeRelationship":"Daughter in Law","nomineePercentClaim":"100","appointeeName":"","appointeeAge":"","appointeeRelationship":"","nomineeNameTwo":"","nomineeAgeTwo":"","nomineeRelationshipTwo":"","nomineePercentClaimTwo":"","appointeeNameTwo":"","appointeeAgeTwo":"","appointeeRelationshipTwo":"","APIKEY":"75dc72e57d2148f5a76676895c18ff11","SECRETKEY":"9ad7d6ccb13343c69d0ceb38d13a5d8f","policyTypeName":"MCINEW","travelStartOn":"","travelEndOn":"","planId":12934,"postalCode":0,"period":1,"searchId":23537,"companyId":"10006"}
ErrorMessage : getdetail-webexception=
InnerExceptionMessage : The remote server returned an error: (500) Internal Server Error.
ErrorMessage : https://igsan.starhealth.in/api/policy/proposals
InnerExceptionMessage : {"sumInsuredId":0,"schemeId":0,"sumAssured":"150000","Amount":"3137","serviceTax":"564","totalPremium":"3701","NoOfAdults":"1","NoOfChildren":"0","Plan":"Medi Classic Individual","startOn":"March 01, 2020","endOn":"February 28, 2021","policyCategory":"fresh","proposerName":"fdsfdsg","proposerEmail":"d@gmail.com","proposerPhone":"9789797897","proposerAddressOne":"tyrtyr","proposerAddressTwo":"rtytryr","proposerAreaId":"61757","proposerAreaPinCode":"226014","proposerAreaCityId":"","proposerResidenceAddressOne":"","proposerResidenceAddressTwo":"","proposerResidenceAreaId":"","proposerResidenceAreaPinCode":"","proposerResidenceAreaCityId":"","proposerDob":"February 28, 1997","panNumber":"","gstTypeId":"","gstIdNumber":"","aadharNumber":"","eiaNumber":"","socialStatus":"1","socialStatusBpl":"1","socialStatusDisabled":"1","socialStatusInformal":"1","socialStatusUnorganized":"1","previousMedicalInsurance":"","annualIncome":"10000","criticalIllness":"false","insureds[0]":{"dob":"February 05, 1992","sumInsuredId":1,"name":"hyfuytfu","sex":"Male","illness":"None","relationshipId":1,"occupationId":4,"hospitalCash":"0","height":156,"weight":55},"insureds[1]":{"dob":"","sumInsuredId":1,"name":"","sex":"","illness":"","relationshipId":0,"occupationId":0,"hospitalCash":"0","height":0,"weight":0}{"dob":"","sumInsuredId":1,"name":"","sex":"","illness":"","relationshipId":0,"occupationId":0,"hospitalCash":"0","height":0,"weight":0},"insureds[3]":{"dob":"","sumInsuredId":1,"name":"","sex":"","illness":"","relationshipId":0,"occupationId":0,"hospitalCash":"0","height":0,"weight":0},"nomineeName":"dfgdfgdfg","nomineeAge":"23","nomineeRelationship":"Daughter in Law","nomineePercentClaim":"100","appointeeName":"","appointeeAge":"","appointeeRelationship":"","nomineeNameTwo":"","nomineeAgeTwo":"","nomineeRelationshipTwo":"","nomineePercentClaimTwo":"","appointeeNameTwo":"","appointeeAgeTwo":"","appointeeRelationshipTwo":"","APIKEY":"75dc72e57d2148f5a76676895c18ff11","SECRETKEY":"9ad7d6ccb13343c69d0ceb38d13a5d8f","policyTypeName":"MCINEW","travelStartOn":"","travelEndOn":"","planId":12934,"postalCode":0,"period":1,"searchId":23537,"companyId":"10006"}
ErrorMessage : getdetail-webexception=
InnerExceptionMessage : The remote server returned an error: (500) Internal Server Error.
ErrorMessage : dasd=
InnerExceptionMessage : {"referenceId":"89bf96d30fa1414c984d1d7c0dbbcc02","premium":3137,"serviceTax":564,"totalPremium":3701}
ErrorMessage : dasd=
InnerExceptionMessage : {"referenceId":"ddb128b0066a447b8109eea78743e667","premium":3137,"serviceTax":564,"totalPremium":3701}
ErrorMessage : dasd=
InnerExceptionMessage : {"referenceId":"ddb128b0066a447b8109eea78743e667","redirectToken":"4711571e9e7fb8a0cab1afea9c510e42"}
ErrorMessage : dasd=
InnerExceptionMessage : {"genpremdtlsres":{"contractid":"null","quoterefno":"null","refno":"null","scrutinyno":"null","policyref":"null","netpremium":"0","servicetaxamt":"0","educessamt":"0","totalpremium":"0","finalpremium":"0","servicetaxrate":"null","educessrate":"null","stampduty":"null","uwloadingper":"null","uwloadingamt":"null","loadingper":"null","loadingamt":"null","discountper":"null","discountamt":"null","spdiscountper":"null","spdiscountamt":"null","param1":"0","param2":"0","param3":"0","param4":"null"},"errorcoderes":"0","errorlistres":[],"transactionid":5046906,"servicetaxmstobj":{"taxcode":"07_IGST17","taxtype":"IGST","baseamount":"null","sertax":"0","educess":"0","sbtax":"0","kkc":"0","cess1":"0","cess2":"0","cess3":"0","sertaxdesc":"NA","educessdesc":"NA","sbcessdesc":"NA","kkccessdesc":"NA","cess1desc":"NA","cess2desc":"NA","cess3desc":"NA","adjsertax":"null","adjeducess":"null","adjsbtax":"null","adjkkc":"null","adjcess1":"null","adjcess2":"null","adjcess3":"null","addtaxval1":"0","addtaxval2":"0","addtaxval3":"0","addtaxval4":"0","addtaxval5":"0","addtaxval1desc":"NA","addtaxval2desc":"NA","addtaxval3desc":"NA","addtaxval4desc":"Integrated GST","addtaxval5desc":"NA"}}
ErrorMessage : dasd=
InnerExceptionMessage : {"referenceId":"34dcea5318644b119f2ebdbdeca3ec92","premium":3137,"serviceTax":564,"totalPremium":3701}
ErrorMessage : dasd=
InnerExceptionMessage : {"genpremdtlsres":{"contractid":"null","quoterefno":"null","refno":"null","scrutinyno":"null","policyref":"null","netpremium":"3700","servicetaxamt":"0","educessamt":"0","totalpremium":"4366","finalpremium":"4366","servicetaxrate":"null","educessrate":"null","stampduty":"null","uwloadingper":"null","uwloadingamt":"null","loadingper":"null","loadingamt":"null","discountper":"null","discountamt":"null","spdiscountper":"null","spdiscountamt":"null","param1":"0","param2":"0","param3":"0","param4":"null"},"errorcoderes":"0","errorlistres":[],"transactionid":5046908,"servicetaxmstobj":{"taxcode":"07_IGST17","taxtype":"IGST","baseamount":"null","sertax":"0","educess":"0","sbtax":"0","kkc":"0","cess1":"0","cess2":"0","cess3":"0","sertaxdesc":"NA","educessdesc":"NA","sbcessdesc":"NA","kkccessdesc":"NA","cess1desc":"NA","cess2desc":"NA","cess3desc":"NA","adjsertax":"null","adjeducess":"null","adjsbtax":"null","adjkkc":"null","adjcess1":"null","adjcess2":"null","adjcess3":"null","addtaxval1":"0","addtaxval2":"0","addtaxval3":"0","addtaxval4":"666","addtaxval5":"0","addtaxval1desc":"NA","addtaxval2desc":"NA","addtaxval3desc":"NA","addtaxval4desc":"Integrated GST","addtaxval5desc":"NA"}}
ErrorMessage : dasd=
InnerExceptionMessage : {"genpremdtlsres":{"contractid":"null","quoterefno":"null","refno":"null","scrutinyno":"null","policyref":"null","netpremium":"0","servicetaxamt":"0","educessamt":"0","totalpremium":"0","finalpremium":"0","servicetaxrate":"null","educessrate":"null","stampduty":"null","uwloadingper":"null","uwloadingamt":"null","loadingper":"null","loadingamt":"null","discountper":"null","discountamt":"null","spdiscountper":"null","spdiscountamt":"null","param1":"0","param2":"0","param3":"0","param4":"null"},"errorcoderes":"0","errorlistres":[],"transactionid":5046910,"servicetaxmstobj":{"taxcode":"07_IGST17","taxtype":"IGST","baseamount":"null","sertax":"0","educess":"0","sbtax":"0","kkc":"0","cess1":"0","cess2":"0","cess3":"0","sertaxdesc":"NA","educessdesc":"NA","sbcessdesc":"NA","kkccessdesc":"NA","cess1desc":"NA","cess2desc":"NA","cess3desc":"NA","adjsertax":"null","adjeducess":"null","adjsbtax":"null","adjkkc":"null","adjcess1":"null","adjcess2":"null","adjcess3":"null","addtaxval1":"0","addtaxval2":"0","addtaxval3":"0","addtaxval4":"0","addtaxval5":"0","addtaxval1desc":"NA","addtaxval2desc":"NA","addtaxval3desc":"NA","addtaxval4desc":"Integrated GST","addtaxval5desc":"NA"}}
ErrorMessage : dasd=
InnerExceptionMessage : {"genpremdtlsres":{"contractid":"null","quoterefno":"null","refno":"null","scrutinyno":"null","policyref":"null","netpremium":"3700","servicetaxamt":"0","educessamt":"0","totalpremium":"4366","finalpremium":"4366","servicetaxrate":"null","educessrate":"null","stampduty":"null","uwloadingper":"null","uwloadingamt":"null","loadingper":"null","loadingamt":"null","discountper":"null","discountamt":"null","spdiscountper":"null","spdiscountamt":"null","param1":"0","param2":"0","param3":"0","param4":"null"},"errorcoderes":"0","errorlistres":[],"transactionid":5046912,"servicetaxmstobj":{"taxcode":"07_IGST17","taxtype":"IGST","baseamount":"null","sertax":"0","educess":"0","sbtax":"0","kkc":"0","cess1":"0","cess2":"0","cess3":"0","sertaxdesc":"NA","educessdesc":"NA","sbcessdesc":"NA","kkccessdesc":"NA","cess1desc":"NA","cess2desc":"NA","cess3desc":"NA","adjsertax":"null","adjeducess":"null","adjsbtax":"null","adjkkc":"null","adjcess1":"null","adjcess2":"null","adjcess3":"null","addtaxval1":"0","addtaxval2":"0","addtaxval3":"0","addtaxval4":"666","addtaxval5":"0","addtaxval1desc":"NA","addtaxval2desc":"NA","addtaxval3desc":"NA","addtaxval4desc":"Integrated GST","addtaxval5desc":"NA"}}
ErrorMessage : dasd=
InnerExceptionMessage : {"premium":3137,"serviceTax":564,"totalPremium":3701}
ErrorMessage : dasd=
InnerExceptionMessage : {"genpremdtlsres":{"contractid":"null","quoterefno":"null","refno":"null","scrutinyno":"null","policyref":"null","netpremium":"0","servicetaxamt":"0","educessamt":"0","totalpremium":"0","finalpremium":"0","servicetaxrate":"null","educessrate":"null","stampduty":"null","uwloadingper":"null","uwloadingamt":"null","loadingper":"null","loadingamt":"null","discountper":"null","discountamt":"null","spdiscountper":"null","spdiscountamt":"null","param1":"0","param2":"0","param3":"0","param4":"null"},"errorcoderes":"0","errorlistres":[],"transactionid":5046914,"servicetaxmstobj":{"taxcode":"07_IGST17","taxtype":"IGST","baseamount":"null","sertax":"0","educess":"0","sbtax":"0","kkc":"0","cess1":"0","cess2":"0","cess3":"0","sertaxdesc":"NA","educessdesc":"NA","sbcessdesc":"NA","kkccessdesc":"NA","cess1desc":"NA","cess2desc":"NA","cess3desc":"NA","adjsertax":"null","adjeducess":"null","adjsbtax":"null","adjkkc":"null","adjcess1":"null","adjcess2":"null","adjcess3":"null","addtaxval1":"0","addtaxval2":"0","addtaxval3":"0","addtaxval4":"0","addtaxval5":"0","addtaxval1desc":"NA","addtaxval2desc":"NA","addtaxval3desc":"NA","addtaxval4desc":"Integrated GST","addtaxval5desc":"NA"}}
ErrorMessage : dasd=
InnerExceptionMessage : {"genpremdtlsres":{"contractid":"null","quoterefno":"null","refno":"null","scrutinyno":"null","policyref":"null","netpremium":"4923","servicetaxamt":"0","educessamt":"0","totalpremium":"5809","finalpremium":"5809","servicetaxrate":"null","educessrate":"null","stampduty":"null","uwloadingper":"null","uwloadingamt":"null","loadingper":"null","loadingamt":"null","discountper":"null","discountamt":"null","spdiscountper":"null","spdiscountamt":"null","param1":"0","param2":"0","param3":"0","param4":"null"},"errorcoderes":"0","errorlistres":[],"transactionid":5046916,"servicetaxmstobj":{"taxcode":"07_IGST17","taxtype":"IGST","baseamount":"null","sertax":"0","educess":"0","sbtax":"0","kkc":"0","cess1":"0","cess2":"0","cess3":"0","sertaxdesc":"NA","educessdesc":"NA","sbcessdesc":"NA","kkccessdesc":"NA","cess1desc":"NA","cess2desc":"NA","cess3desc":"NA","adjsertax":"null","adjeducess":"null","adjsbtax":"null","adjkkc":"null","adjcess1":"null","adjcess2":"null","adjcess3":"null","addtaxval1":"0","addtaxval2":"0","addtaxval3":"0","addtaxval4":"886","addtaxval5":"0","addtaxval1desc":"NA","addtaxval2desc":"NA","addtaxval3desc":"NA","addtaxval4desc":"Integrated GST","addtaxval5desc":"NA"}}
ErrorMessage : dasd=
InnerExceptionMessage : {"premium":3137,"serviceTax":564,"totalPremium":3701}
ErrorMessage : dasd=
InnerExceptionMessage : {"genpremdtlsres":{"contractid":"null","quoterefno":"null","refno":"null","scrutinyno":"null","policyref":"null","netpremium":"0","servicetaxamt":"0","educessamt":"0","totalpremium":"0","finalpremium":"0","servicetaxrate":"null","educessrate":"null","stampduty":"null","uwloadingper":"null","uwloadingamt":"null","loadingper":"null","loadingamt":"null","discountper":"null","discountamt":"null","spdiscountper":"null","spdiscountamt":"null","param1":"0","param2":"0","param3":"0","param4":"null"},"errorcoderes":"0","errorlistres":[],"transactionid":5046924,"servicetaxmstobj":{"taxcode":"07_IGST17","taxtype":"IGST","baseamount":"null","sertax":"0","educess":"0","sbtax":"0","kkc":"0","cess1":"0","cess2":"0","cess3":"0","sertaxdesc":"NA","educessdesc":"NA","sbcessdesc":"NA","kkccessdesc":"NA","cess1desc":"NA","cess2desc":"NA","cess3desc":"NA","adjsertax":"null","adjeducess":"null","adjsbtax":"null","adjkkc":"null","adjcess1":"null","adjcess2":"null","adjcess3":"null","addtaxval1":"0","addtaxval2":"0","addtaxval3":"0","addtaxval4":"0","addtaxval5":"0","addtaxval1desc":"NA","addtaxval2desc":"NA","addtaxval3desc":"NA","addtaxval4desc":"Integrated GST","addtaxval5desc":"NA"}}
ErrorMessage : dasd=
InnerExceptionMessage : {"genpremdtlsres":{"contractid":"null","quoterefno":"null","refno":"null","scrutinyno":"null","policyref":"null","netpremium":"6382","servicetaxamt":"0","educessamt":"0","totalpremium":"7531","finalpremium":"7531","servicetaxrate":"null","educessrate":"null","stampduty":"null","uwloadingper":"null","uwloadingamt":"null","loadingper":"null","loadingamt":"null","discountper":"null","discountamt":"null","spdiscountper":"null","spdiscountamt":"null","param1":"0","param2":"0","param3":"0","param4":"null"},"errorcoderes":"0","errorlistres":[],"transactionid":5046926,"servicetaxmstobj":{"taxcode":"07_IGST17","taxtype":"IGST","baseamount":"null","sertax":"0","educess":"0","sbtax":"0","kkc":"0","cess1":"0","cess2":"0","cess3":"0","sertaxdesc":"NA","educessdesc":"NA","sbcessdesc":"NA","kkccessdesc":"NA","cess1desc":"NA","cess2desc":"NA","cess3desc":"NA","adjsertax":"null","adjeducess":"null","adjsbtax":"null","adjkkc":"null","adjcess1":"null","adjcess2":"null","adjcess3":"null","addtaxval1":"0","addtaxval2":"0","addtaxval3":"0","addtaxval4":"1149","addtaxval5":"0","addtaxval1desc":"NA","addtaxval2desc":"NA","addtaxval3desc":"NA","addtaxval4desc":"Integrated GST","addtaxval5desc":"NA"}}
ErrorMessage : dasd=
InnerExceptionMessage : {"premium":7015,"serviceTax":1262,"totalPremium":8277}
ErrorMessage : dasd=
InnerExceptionMessage : {"referenceId":"0403c68d45d7448f9ece0ca89d0741e5","premium":7015,"serviceTax":1262,"totalPremium":8277}
ErrorMessage : dasd=
InnerExceptionMessage : {
  "bookingId" : "retail-2020-71228117",
  "insuredPersons" : [ {
    "paxId" : "1",
    "paymentDetails" : {
      "policyPremium" : "1230.0",
      "sgst" : "94.0",
      "cgst" : "94.0",
      "ugst" : "0.0",
      "igst" : "0.0",
      "invoiceNumber" : "IA001118712",
      "policyNetPremium" : "1042.0"
    },
    "policyID" : "D400269802",
    "transactionDate" : "29-02-2020T15:50:05",
    "status" : {
      "code" : "200",
      "message" : "Success"
    },
    "policyStatus" : "INCOMPLETE",
    "applicationId" : "V22A4CC471DB115FCFCA3D50BB3F917F564BEAD8E5A53AE6BD2390540EF2D847DFFC067322FE3ED8A99B03178BA5DF02B6",
    "paymentLink" : "https://preprod-digitpaymentgateway.godigit.com/DigitPaymentGateway/payments?target=33913080B23F0E694087C0DB8D98E95C"
  } ],
  "status" : {
    "code" : "200",
    "message" : "SUCCESS"
  }
}
ErrorMessage : dasd=
InnerExceptionMessage : {"premium":886,"serviceTax":160,"totalPremium":1046}
ErrorMessage : dasd=
InnerExceptionMessage : {"referenceId":"fdbb646cf60a484a9a51d77a05be7767","premium":886,"serviceTax":160,"totalPremium":1046}
ErrorMessage : dasd=
InnerExceptionMessage : {"referenceId":"fdbb646cf60a484a9a51d77a05be7767","redirectToken":"099cb957a159ea7496a44929ad7a62e1"}
