ErrorMessage : https://preprod-digitpolicyissuance.godigit.com/policyservice/v1/createQuote
InnerExceptionMessage : { "bookingId": "retail-2020-8161111", "type": "I", "purpose": "L", "customer": { "firstName": "fshdfhds", "lastName": "", "address": { "line1": "N.W. College", "line2": "", "line3": "", "state": "27", "city": "lucknow", "country": "IND", "pinCode": "411001" }, "documents": [ { "type": "PPT", "id": "D89U0112" } ], "dob": "1997-01-01", "mobile": "9353568667", "email": "Bindu.S@godigit.com", "type": "N" }, "insuredPersons": [ { "firstName": "fshdfhds", "lastName": "", "address": { "line1": "N.W. College", "line2": "", "line3": "", "state": "27", "city": "Pune", "country": "IND", "pinCode": "411001" }, "documents": [ { "type": "PPT", "id": "D890112" } ], "dob": "1990-02-02", "mobile": "8997978788", "email": "fgd@gmail.com", "profession": "", "paxId": "1", "nominee": { "relationship": "S", "name": "Uduwei Uhdewui" }, "type": "N", "gender": "ML" } ], "insuredPersonsCount": "1", "bookingDate": "2020-07-10", "packageName": "R14", "geography": "UCI", "travelEndDate": "2020-07-28", "travelStartDate": "2020-07-16", "discountFlag": "" }
ErrorMessage : getdetail-webexception=
InnerExceptionMessage : The remote server returned an error: (401) Unauthorized.
ErrorMessage : dasd=
InnerExceptionMessage : {"pdfName":"","premium":"8610","totalPremium":"10827","accidentalDeathPremium":"59","permanentDisabilityPremium":"47","criticalIllnessPremium":"399","premiumWaiver":"0","betterHalfPremium":"0","basePremium":"7297","hcbPremium":"1712","error":null,"isValid":true,"sumAssured":null}
ErrorMessage : dasd=
InnerExceptionMessage : {"pdfName":"","premium":"8610","totalPremium":"10827","accidentalDeathPremium":"59","permanentDisabilityPremium":"47","criticalIllnessPremium":"399","premiumWaiver":"0","betterHalfPremium":"0","basePremium":"7297","hcbPremium":"1712","error":null,"isValid":true,"sumAssured":null}
ErrorMessage : dasd=
InnerExceptionMessage : {"premium":3137,"serviceTax":564,"totalPremium":3701}
ErrorMessage : dasd=
InnerExceptionMessage : {"referenceId":"c23f6e314bf64f89a0b96c2f915929f2","premium":3137,"serviceTax":564,"totalPremium":3701}
ErrorMessage : dasd=
InnerExceptionMessage : {"referenceId":"30638aaac2984000b18a7bf45b168a3a","premium":3137,"serviceTax":564,"totalPremium":3701}
ErrorMessage : dasd=
InnerExceptionMessage : {"referenceId":"30638aaac2984000b18a7bf45b168a3a","redirectToken":"34448d084ffa29febc6069483bcc1ad8"}
ErrorMessage : dasd=
InnerExceptionMessage : {"premium":3137,"serviceTax":564,"totalPremium":3701}
ErrorMessage : dasd=
InnerExceptionMessage : {"referenceId":"7035fff3e03641c1abefdbe23eab2095","premium":3137,"serviceTax":564,"totalPremium":3701}
ErrorMessage : dasd=
InnerExceptionMessage : {"referenceId":"7035fff3e03641c1abefdbe23eab2095","redirectToken":"b9fbaa9431249cab2604b3093b9cabc8"}
ErrorMessage : dasd=
InnerExceptionMessage : {"pdfName":"","premium":"16066","totalPremium":"19178","accidentalDeathPremium":"59","permanentDisabilityPremium":"47","criticalIllnessPremium":"838","premiumWaiver":"0","betterHalfPremium":"0","basePremium":"13615","hcbPremium":"2168","error":null,"isValid":true,"sumAssured":null}
ErrorMessage : System.FormatException: The input is not a valid Base-64 string as it contains a non-base 64 character, more than two padding characters, or an illegal character among the padding characters. 
   at System.Convert.FromBase64_ComputeResultLength(Char* inputPtr, Int32 inputLength)
   at System.Convert.FromBase64CharPtr(Char* inputPtr, Int32 inputLength)
   at System.Convert.FromBase64String(String s)
   at CheckYourPremiumMVC.Controllers.HealthPlanController.Decrypt(String input, String key)
   at CheckYourPremiumMVC.Controllers.HealthPlanController.BindPremiumList(Int32 draw, Int32 start, Int32 length, String searchTxt, String AgeAdult, String AgeSpouse, String AgeChild1, String AgeChild2, String Self, String Adult, String Child, String SumInsured, String CoverForYear, String ID, String city, String Gender, String name, String MobileNo)
InnerExceptionMessage : 
ErrorMessage : dasd=
InnerExceptionMessage : {"genpremdtlsres":{"contractid":"null","quoterefno":"null","refno":"null","scrutinyno":"null","policyref":"null","netpremium":"5105","servicetaxamt":"0","educessamt":"0","totalpremium":"6023","finalpremium":"6023","servicetaxrate":"null","educessrate":"null","stampduty":"null","uwloadingper":"null","uwloadingamt":"null","loadingper":"null","loadingamt":"null","discountper":"null","discountamt":"null","spdiscountper":"null","spdiscountamt":"null","param1":"0","param2":"0","param3":"0","param4":"null"},"errorcoderes":"0","errorlistres":[],"transactionid":7828749,"servicetaxmstobj":{"taxcode":"27_SGST17","taxtype":"SGST","baseamount":"null","sertax":"0","educess":"0","sbtax":"0","kkc":"0","cess1":"0","cess2":"0","cess3":"0","sertaxdesc":"NA","educessdesc":"NA","sbcessdesc":"NA","kkccessdesc":"NA","cess1desc":"NA","cess2desc":"NA","cess3desc":"NA","adjsertax":"null","adjeducess":"null","adjsbtax":"null","adjkkc":"null","adjcess1":"null","adjcess2":"null","adjcess3":"null","addtaxval1":"459","addtaxval2":"0","addtaxval3":"459","addtaxval4":"0","addtaxval5":"0","addtaxval1desc":"State GST","addtaxval2desc":"NA","addtaxval3desc":"Central GST","addtaxval4desc":"NA","addtaxval5desc":"NA"}}
ErrorMessage : dasd=
InnerExceptionMessage : {"pdfName":"","premium":"12934","totalPremium":"15801","accidentalDeathPremium":"59","permanentDisabilityPremium":"47","criticalIllnessPremium":"677","premiumWaiver":"0","betterHalfPremium":"0","basePremium":"10961","hcbPremium":"2084","error":null,"isValid":true,"sumAssured":null}
ErrorMessage : dasd=
InnerExceptionMessage : {"pdfName":"","premium":"12934","totalPremium":"15801","accidentalDeathPremium":"59","permanentDisabilityPremium":"47","criticalIllnessPremium":"677","premiumWaiver":"0","betterHalfPremium":"0","basePremium":"10961","hcbPremium":"2084","error":null,"isValid":true,"sumAssured":null}
ErrorMessage : dasd=
InnerExceptionMessage : {"genpremdtlsres":{"contractid":"null","quoterefno":"null","refno":"null","scrutinyno":"null","policyref":"null","netpremium":"5105","servicetaxamt":"0","educessamt":"0","totalpremium":"6023","finalpremium":"6023","servicetaxrate":"null","educessrate":"null","stampduty":"null","uwloadingper":"null","uwloadingamt":"null","loadingper":"null","loadingamt":"null","discountper":"null","discountamt":"null","spdiscountper":"null","spdiscountamt":"null","param1":"0","param2":"0","param3":"0","param4":"null"},"errorcoderes":"0","errorlistres":[],"transactionid":7833963,"servicetaxmstobj":{"taxcode":"27_SGST17","taxtype":"SGST","baseamount":"null","sertax":"0","educess":"0","sbtax":"0","kkc":"0","cess1":"0","cess2":"0","cess3":"0","sertaxdesc":"NA","educessdesc":"NA","sbcessdesc":"NA","kkccessdesc":"NA","cess1desc":"NA","cess2desc":"NA","cess3desc":"NA","adjsertax":"null","adjeducess":"null","adjsbtax":"null","adjkkc":"null","adjcess1":"null","adjcess2":"null","adjcess3":"null","addtaxval1":"459","addtaxval2":"0","addtaxval3":"459","addtaxval4":"0","addtaxval5":"0","addtaxval1desc":"State GST","addtaxval2desc":"NA","addtaxval3desc":"Central GST","addtaxval4desc":"NA","addtaxval5desc":"NA"}}
ErrorMessage : dasd=
InnerExceptionMessage : {"genpremdtlsres":{"contractid":"null","quoterefno":"null","refno":"null","scrutinyno":"null","policyref":"null","netpremium":"5105","servicetaxamt":"0","educessamt":"0","totalpremium":"6023","finalpremium":"6023","servicetaxrate":"null","educessrate":"null","stampduty":"null","uwloadingper":"null","uwloadingamt":"null","loadingper":"null","loadingamt":"null","discountper":"null","discountamt":"null","spdiscountper":"null","spdiscountamt":"null","param1":"0","param2":"0","param3":"0","param4":"null"},"errorcoderes":"0","errorlistres":[],"transactionid":7834061,"servicetaxmstobj":{"taxcode":"27_SGST17","taxtype":"SGST","baseamount":"null","sertax":"0","educess":"0","sbtax":"0","kkc":"0","cess1":"0","cess2":"0","cess3":"0","sertaxdesc":"NA","educessdesc":"NA","sbcessdesc":"NA","kkccessdesc":"NA","cess1desc":"NA","cess2desc":"NA","cess3desc":"NA","adjsertax":"null","adjeducess":"null","adjsbtax":"null","adjkkc":"null","adjcess1":"null","adjcess2":"null","adjcess3":"null","addtaxval1":"459","addtaxval2":"0","addtaxval3":"459","addtaxval4":"0","addtaxval5":"0","addtaxval1desc":"State GST","addtaxval2desc":"NA","addtaxval3desc":"Central GST","addtaxval4desc":"NA","addtaxval5desc":"NA"}}
ErrorMessage : https://preprod-digitpolicyissuance.godigit.com/policyservice/v1/createQuote
InnerExceptionMessage : { "bookingId": "retail-2020-40381737", "type": "I", "purpose": "L", "customer": { "firstName": "ddfdf", "lastName": "", "address": { "line1": "N.W. College", "line2": "", "line3": "", "state": "27", "city": "lko", "country": "IND", "pinCode": "411001" }, "documents": [ { "type": "PPT", "id": "D89U0112" } ], "dob": "1997-01-01", "mobile": "9353568667", "email": "Bindu.S@godigit.com", "type": "N" }, "insuredPersons": [ { "firstName": "ddfdf", "lastName": "", "address": { "line1": "N.W. College", "line2": "", "line3": "", "state": "27", "city": "Pune", "country": "IND", "pinCode": "411001" }, "documents": [ { "type": "PPT", "id": "D890112" } ], "dob": "1990-02-02", "mobile": "9878787788", "email": "dsds@gmail.com", "profession": "", "paxId": "1", "nominee": { "relationship": "S", "name": "Uduwei Uhdewui" }, "type": "N", "gender": "ML" } ], "insuredPersonsCount": "1", "bookingDate": "2020-07-10", "packageName": "R14", "geography": "UCI", "travelEndDate": "2020-07-28", "travelStartDate": "2020-07-16", "discountFlag": "" }
ErrorMessage : getdetail-webexception=
InnerExceptionMessage : The remote server returned an error: (401) Unauthorized.
ErrorMessage : https://preprod-digitpolicyissuance.godigit.com/policyservice/v1/createQuote
InnerExceptionMessage : { "bookingId": "retail-2020-72653451", "type": "I", "purpose": "L", "customer": { "firstName": "ddfdf", "lastName": "", "address": { "line1": "N.W. College", "line2": "", "line3": "", "state": "27", "city": "lko", "country": "IND", "pinCode": "411001" }, "documents": [ { "type": "PPT", "id": "D89U0112" } ], "dob": "1997-01-01", "mobile": "9353568667", "email": "Bindu.S@godigit.com", "type": "N" }, "insuredPersons": [ { "firstName": "ddfdf", "lastName": "", "address": { "line1": "N.W. College", "line2": "", "line3": "", "state": "27", "city": "Pune", "country": "IND", "pinCode": "411001" }, "documents": [ { "type": "PPT", "id": "D890112" } ], "dob": "1990-02-02", "mobile": "9878787788", "email": "dsds@gmail.com", "profession": "", "paxId": "1", "nominee": { "relationship": "S", "name": "Uduwei Uhdewui" }, "type": "N", "gender": "ML" } ], "insuredPersonsCount": "1", "bookingDate": "2020-07-10", "packageName": "R14", "geography": "UCI", "travelEndDate": "2020-07-28", "travelStartDate": "2020-07-16", "discountFlag": "" }
ErrorMessage : getdetail-webexception=
InnerExceptionMessage : The remote server returned an error: (401) Unauthorized.
