ErrorMessage : getdetail-response=
InnerExceptionMessage : Unable to connect to the remote server
ErrorMessage : getdetail-response=
InnerExceptionMessage : Unable to connect to the remote server
ErrorMessage : getdetail-response=
InnerExceptionMessage : Unable to connect to the remote server
ErrorMessage : getdetail-response=
InnerExceptionMessage : Unable to connect to the remote server
ErrorMessage : https://sis.edelweisstokio.in/shirokuapi/v2/GetPremium
InnerExceptionMessage : { 'product': 'Zindagiplus', 'fullName':  'jhcjh njhj', 'cliGender': 'Female', 'age':'18', 'cliDOB': '20/06/2001', 'maturityAge': '0', 'frequency': 'Yearly', 'smoke': 'No', 'policyTerm': '40', 'premiumPayingTerm': '40', 'sumAssured': '10000000', 'staff': 'No', 'workSiteFlag': 'No', 'index': '0', 'ADB': '100000', 'ATPD': '100000', 'CI': '100000', 'HCB': '100000', 'Term': '', 'WOP': 'No', 'pdf': 'No', 'childAge': '', 'childGender': '', 'maturityOption': '', 'flexibleBenefitYear': '', 'postponement': '', 'largeCap': '', 'top250': '', 'bond': '', 'moneyMarket': '', 'PEBased': '', 'managed': '', 'claimsOption': '', 'LAProposerSame': 'false',   'LAFullName': 'jhcjh njhj', 'LAEmail': 'hg@gmail.com','LAMarriedStatus':'single', 'LANumber': '9879868756', 'LATobacco': 'No', 'LAAge': '18', 'LADOB': '20/06/2001', 'investmentStrategy': '', 'LAGender': 'Female', 'risingStar': 'No', 'policyOption': 'Life Cover with Level Sum Assured', 'distributionChannel': 'Corporate Agent', 'betterHalfBenefit': 'No', 'spouseFirstName': '', 'spouseLastName': ' ', 'spouseDOB': '', 'spouseGender': '', 'spouseAge': '', 'spouseTobaccoUser': '', 'additionalBenefit': '', 'topUpBenefitPercentage': '', 'payoutOption': 'LumpSum', 'payoutMonths': '', 'payoutPercentageLumpsum': '100', 'payoutPercentageLevelIncome': '0', 'payoutPercentageIncreasingIncome': '0', 'tranId': '' }
ErrorMessage : getdetail-webexception=
InnerExceptionMessage : The operation has timed out
ErrorMessage : getdetail-response=
InnerExceptionMessage : Object reference not set to an instance of an object.
ErrorMessage : dasd=
InnerExceptionMessage : {"pdfName":"","premium":"6617","totalPremium":"8184","accidentalDeathPremium":"59","permanentDisabilityPremium":"47","criticalIllnessPremium":"191","premiumWaiver":"0","betterHalfPremium":"0","basePremium":"5608","hcbPremium":"1270","error":null,"isValid":true,"sumAssured":null}
ErrorMessage : dasd=
InnerExceptionMessage : {"pdfName":"","premium":"5376","totalPremium":"6943","accidentalDeathPremium":"59","permanentDisabilityPremium":"47","criticalIllnessPremium":"191","premiumWaiver":"0","betterHalfPremium":"0","basePremium":"4556","hcbPremium":"1270","error":null,"isValid":true,"sumAssured":null}
ErrorMessage : dasd=
InnerExceptionMessage : {"pdfName":"","premium":"473","totalPremium":"612","accidentalDeathPremium":"5","permanentDisabilityPremium":"5","criticalIllnessPremium":"17","premiumWaiver":"0","betterHalfPremium":"0","basePremium":"401","hcbPremium":"112","error":null,"isValid":true,"sumAssured":null}
ErrorMessage : dasd=
InnerExceptionMessage : {"pdfName":"","premium":"473","totalPremium":"612","accidentalDeathPremium":"5","permanentDisabilityPremium":"5","criticalIllnessPremium":"17","premiumWaiver":"0","betterHalfPremium":"0","basePremium":"401","hcbPremium":"112","error":null,"isValid":true,"sumAssured":null}
ErrorMessage : dasd=
InnerExceptionMessage : {"pdfName":"","premium":"6617","totalPremium":"8184","accidentalDeathPremium":"59","permanentDisabilityPremium":"47","criticalIllnessPremium":"191","premiumWaiver":"0","betterHalfPremium":"0","basePremium":"5608","hcbPremium":"1270","error":null,"isValid":true,"sumAssured":null}
ErrorMessage : dasd=
InnerExceptionMessage : {"pdfName":"","premium":"5376","totalPremium":"6943","accidentalDeathPremium":"59","permanentDisabilityPremium":"47","criticalIllnessPremium":"191","premiumWaiver":"0","betterHalfPremium":"0","basePremium":"4556","hcbPremium":"1270","error":null,"isValid":true,"sumAssured":null}
ErrorMessage : dasd=
InnerExceptionMessage : {"pdfName":"","premium":"6617","totalPremium":"8184","accidentalDeathPremium":"59","permanentDisabilityPremium":"47","criticalIllnessPremium":"191","premiumWaiver":"0","betterHalfPremium":"0","basePremium":"5608","hcbPremium":"1270","error":null,"isValid":true,"sumAssured":null}
ErrorMessage : dasd=
InnerExceptionMessage : {"pdfName":"","premium":"6617","totalPremium":"8184","accidentalDeathPremium":"59","permanentDisabilityPremium":"47","criticalIllnessPremium":"191","premiumWaiver":"0","betterHalfPremium":"0","basePremium":"5608","hcbPremium":"1270","error":null,"isValid":true,"sumAssured":null}
ErrorMessage : dasd=
InnerExceptionMessage : {"pdfName":"","premium":"2753","totalPremium":"3556","accidentalDeathPremium":"31","permanentDisabilityPremium":"24","criticalIllnessPremium":"98","premiumWaiver":"0","betterHalfPremium":"0","basePremium":"2333","hcbPremium":"650","error":null,"isValid":true,"sumAssured":null}
ErrorMessage : dasd=
InnerExceptionMessage : {"pdfName":"","premium":"6617","totalPremium":"8184","accidentalDeathPremium":"59","permanentDisabilityPremium":"47","criticalIllnessPremium":"191","premiumWaiver":"0","betterHalfPremium":"0","basePremium":"5608","hcbPremium":"1270","error":null,"isValid":true,"sumAssured":null}
ErrorMessage : dasd=
InnerExceptionMessage : {"pdfName":"","premium":"6617","totalPremium":"8184","accidentalDeathPremium":"59","permanentDisabilityPremium":"47","criticalIllnessPremium":"191","premiumWaiver":"0","betterHalfPremium":"0","basePremium":"5608","hcbPremium":"1270","error":null,"isValid":true,"sumAssured":null}
ErrorMessage : dasd=
InnerExceptionMessage : {"pdfName":"","premium":"2753","totalPremium":"3556","accidentalDeathPremium":"31","permanentDisabilityPremium":"24","criticalIllnessPremium":"98","premiumWaiver":"0","betterHalfPremium":"0","basePremium":"2333","hcbPremium":"650","error":null,"isValid":true,"sumAssured":null}
ErrorMessage : dasd=
InnerExceptionMessage : {"pdfName":"","premium":"6617","totalPremium":"8184","accidentalDeathPremium":"59","permanentDisabilityPremium":"47","criticalIllnessPremium":"191","premiumWaiver":"0","betterHalfPremium":"0","basePremium":"5608","hcbPremium":"1270","error":null,"isValid":true,"sumAssured":null}
ErrorMessage : dasd=
InnerExceptionMessage : {"pdfName":"","premium":"6617","totalPremium":"8184","accidentalDeathPremium":"59","permanentDisabilityPremium":"47","criticalIllnessPremium":"191","premiumWaiver":"0","betterHalfPremium":"0","basePremium":"5608","hcbPremium":"1270","error":null,"isValid":true,"sumAssured":null}
ErrorMessage : dasd=
InnerExceptionMessage : {"pdfName":"","premium":"6617","totalPremium":"8184","accidentalDeathPremium":"59","permanentDisabilityPremium":"47","criticalIllnessPremium":"191","premiumWaiver":"0","betterHalfPremium":"0","basePremium":"5608","hcbPremium":"1270","error":null,"isValid":true,"sumAssured":null}
ErrorMessage : dasd=
InnerExceptionMessage : {"pdfName":"","premium":"6617","totalPremium":"8184","accidentalDeathPremium":"59","permanentDisabilityPremium":"47","criticalIllnessPremium":"191","premiumWaiver":"0","betterHalfPremium":"0","basePremium":"5608","hcbPremium":"1270","error":null,"isValid":true,"sumAssured":null}
ErrorMessage : dasd=
InnerExceptionMessage : {"pdfName":"","premium":"6617","totalPremium":"8184","accidentalDeathPremium":"59","permanentDisabilityPremium":"47","criticalIllnessPremium":"191","premiumWaiver":"0","betterHalfPremium":"0","basePremium":"5608","hcbPremium":"1270","error":null,"isValid":true,"sumAssured":null}
ErrorMessage : dasd=
InnerExceptionMessage : {"pdfName":"","premium":"6617","totalPremium":"8184","accidentalDeathPremium":"59","permanentDisabilityPremium":"47","criticalIllnessPremium":"191","premiumWaiver":"0","betterHalfPremium":"0","basePremium":"5608","hcbPremium":"1270","error":null,"isValid":true,"sumAssured":null}
ErrorMessage : dasd=
InnerExceptionMessage : {"pdfName":"","premium":"5376","totalPremium":"6943","accidentalDeathPremium":"59","permanentDisabilityPremium":"47","criticalIllnessPremium":"191","premiumWaiver":"0","betterHalfPremium":"0","basePremium":"4556","hcbPremium":"1270","error":null,"isValid":true,"sumAssured":null}
ErrorMessage : dasd=
InnerExceptionMessage : {"pdfName":"","premium":"6617","totalPremium":"8184","accidentalDeathPremium":"59","permanentDisabilityPremium":"47","criticalIllnessPremium":"191","premiumWaiver":"0","betterHalfPremium":"0","basePremium":"5608","hcbPremium":"1270","error":null,"isValid":true,"sumAssured":null}
ErrorMessage : dasd=
InnerExceptionMessage : {"pdfName":"","premium":"6617","totalPremium":"8184","accidentalDeathPremium":"59","permanentDisabilityPremium":"47","criticalIllnessPremium":"191","premiumWaiver":"0","betterHalfPremium":"0","basePremium":"5608","hcbPremium":"1270","error":null,"isValid":true,"sumAssured":null}
ErrorMessage : dasd=
InnerExceptionMessage : {"pdfName":"","premium":"6617","totalPremium":"8184","accidentalDeathPremium":"59","permanentDisabilityPremium":"47","criticalIllnessPremium":"191","premiumWaiver":"0","betterHalfPremium":"0","basePremium":"5608","hcbPremium":"1270","error":null,"isValid":true,"sumAssured":null}
ErrorMessage : dasd=
InnerExceptionMessage : {"pdfName":"","premium":"6617","totalPremium":"8357","accidentalDeathPremium":"59","permanentDisabilityPremium":"47","criticalIllnessPremium":"177","premiumWaiver":"0","betterHalfPremium":"0","basePremium":"5608","hcbPremium":"1457","error":null,"isValid":true,"sumAssured":null}
ErrorMessage : dasd=
InnerExceptionMessage : {"pdfName":"","premium":"5376","totalPremium":"7116","accidentalDeathPremium":"59","permanentDisabilityPremium":"47","criticalIllnessPremium":"177","premiumWaiver":"0","betterHalfPremium":"0","basePremium":"4556","hcbPremium":"1457","error":null,"isValid":true,"sumAssured":null}
ErrorMessage : dasd=
InnerExceptionMessage : {"pdfName":"","premium":"6617","totalPremium":"8357","accidentalDeathPremium":"59","permanentDisabilityPremium":"47","criticalIllnessPremium":"177","premiumWaiver":"0","betterHalfPremium":"0","basePremium":"5608","hcbPremium":"1457","error":null,"isValid":true,"sumAssured":null}
ErrorMessage : dasd=
InnerExceptionMessage : {"pdfName":"","premium":"6617","totalPremium":"8357","accidentalDeathPremium":"59","permanentDisabilityPremium":"47","criticalIllnessPremium":"177","premiumWaiver":"0","betterHalfPremium":"0","basePremium":"5608","hcbPremium":"1457","error":null,"isValid":true,"sumAssured":null}
ErrorMessage : dasd=
InnerExceptionMessage : {"pdfName":"","premium":"6617","totalPremium":"8357","accidentalDeathPremium":"59","permanentDisabilityPremium":"47","criticalIllnessPremium":"177","premiumWaiver":"0","betterHalfPremium":"0","basePremium":"5608","hcbPremium":"1457","error":null,"isValid":true,"sumAssured":null}
ErrorMessage : dasd=
InnerExceptionMessage : {"pdfName":"","premium":"6617","totalPremium":"8357","accidentalDeathPremium":"59","permanentDisabilityPremium":"47","criticalIllnessPremium":"177","premiumWaiver":"0","betterHalfPremium":"0","basePremium":"5608","hcbPremium":"1457","error":null,"isValid":true,"sumAssured":null}
ErrorMessage : dasd=
InnerExceptionMessage : {"pdfName":"","premium":"6617","totalPremium":"8357","accidentalDeathPremium":"59","permanentDisabilityPremium":"47","criticalIllnessPremium":"177","premiumWaiver":"0","betterHalfPremium":"0","basePremium":"5608","hcbPremium":"1457","error":null,"isValid":true,"sumAssured":null}
ErrorMessage : dasd=
InnerExceptionMessage : {"pdfName":"","premium":"6617","totalPremium":"8357","accidentalDeathPremium":"59","permanentDisabilityPremium":"47","criticalIllnessPremium":"177","premiumWaiver":"0","betterHalfPremium":"0","basePremium":"5608","hcbPremium":"1457","error":null,"isValid":true,"sumAssured":null}
ErrorMessage : dasd=
InnerExceptionMessage : {"pdfName":"","premium":"583","totalPremium":"737","accidentalDeathPremium":"5","permanentDisabilityPremium":"5","criticalIllnessPremium":"15","premiumWaiver":"0","betterHalfPremium":"0","basePremium":"494","hcbPremium":"129","error":null,"isValid":true,"sumAssured":null}
ErrorMessage : dasd=
InnerExceptionMessage : {"pdfName":"","premium":"583","totalPremium":"737","accidentalDeathPremium":"5","permanentDisabilityPremium":"5","criticalIllnessPremium":"15","premiumWaiver":"0","betterHalfPremium":"0","basePremium":"494","hcbPremium":"129","error":null,"isValid":true,"sumAssured":null}
ErrorMessage : dasd=
InnerExceptionMessage : {"pdfName":"","premium":"6617","totalPremium":"8357","accidentalDeathPremium":"59","permanentDisabilityPremium":"47","criticalIllnessPremium":"177","premiumWaiver":"0","betterHalfPremium":"0","basePremium":"5608","hcbPremium":"1457","error":null,"isValid":true,"sumAssured":null}
ErrorMessage : dasd=
InnerExceptionMessage : {"pdfName":"","premium":"583","totalPremium":"737","accidentalDeathPremium":"5","permanentDisabilityPremium":"5","criticalIllnessPremium":"15","premiumWaiver":"0","betterHalfPremium":"0","basePremium":"494","hcbPremium":"129","error":null,"isValid":true,"sumAssured":null}
ErrorMessage : dasd=
InnerExceptionMessage : {"pdfName":"","premium":"6617","totalPremium":"8357","accidentalDeathPremium":"59","permanentDisabilityPremium":"47","criticalIllnessPremium":"177","premiumWaiver":"0","betterHalfPremium":"0","basePremium":"5608","hcbPremium":"1457","error":null,"isValid":true,"sumAssured":null}
ErrorMessage : dasd=
InnerExceptionMessage : {"pdfName":"","premium":"6617","totalPremium":"8357","accidentalDeathPremium":"59","permanentDisabilityPremium":"47","criticalIllnessPremium":"177","premiumWaiver":"0","betterHalfPremium":"0","basePremium":"5608","hcbPremium":"1457","error":null,"isValid":true,"sumAssured":null}
ErrorMessage : dasd=
InnerExceptionMessage : {"pdfName":"","premium":"6617","totalPremium":"8357","accidentalDeathPremium":"59","permanentDisabilityPremium":"47","criticalIllnessPremium":"177","premiumWaiver":"0","betterHalfPremium":"0","basePremium":"5608","hcbPremium":"1457","error":null,"isValid":true,"sumAssured":null}
ErrorMessage : dasd=
InnerExceptionMessage : {"pdfName":"","premium":"6617","totalPremium":"8357","accidentalDeathPremium":"59","permanentDisabilityPremium":"47","criticalIllnessPremium":"177","premiumWaiver":"0","betterHalfPremium":"0","basePremium":"5608","hcbPremium":"1457","error":null,"isValid":true,"sumAssured":null}
ErrorMessage : dasd=
InnerExceptionMessage : {"pdfName":"","premium":"6617","totalPremium":"8357","accidentalDeathPremium":"59","permanentDisabilityPremium":"47","criticalIllnessPremium":"177","premiumWaiver":"0","betterHalfPremium":"0","basePremium":"5608","hcbPremium":"1457","error":null,"isValid":true,"sumAssured":null}
ErrorMessage : dasd=
InnerExceptionMessage : {"pdfName":"","premium":"6617","totalPremium":"8357","accidentalDeathPremium":"59","permanentDisabilityPremium":"47","criticalIllnessPremium":"177","premiumWaiver":"0","betterHalfPremium":"0","basePremium":"5608","hcbPremium":"1457","error":null,"isValid":true,"sumAssured":null}
ErrorMessage : dasd=
InnerExceptionMessage : {"pdfName":"","premium":"1720","totalPremium":"2172","accidentalDeathPremium":"15","permanentDisabilityPremium":"12","criticalIllnessPremium":"46","premiumWaiver":"0","betterHalfPremium":"0","basePremium":"1458","hcbPremium":"379","error":null,"isValid":true,"sumAssured":null}
ErrorMessage : dasd=
InnerExceptionMessage : {"pdfName":"","premium":"6617","totalPremium":"8184","accidentalDeathPremium":"59","permanentDisabilityPremium":"47","criticalIllnessPremium":"191","premiumWaiver":"0","betterHalfPremium":"0","basePremium":"5608","hcbPremium":"1270","error":null,"isValid":true,"sumAssured":null}
ErrorMessage : dasd=
InnerExceptionMessage : {"pdfName":"","premium":"5376","totalPremium":"6943","accidentalDeathPremium":"59","permanentDisabilityPremium":"47","criticalIllnessPremium":"191","premiumWaiver":"0","betterHalfPremium":"0","basePremium":"4556","hcbPremium":"1270","error":null,"isValid":true,"sumAssured":null}
ErrorMessage : dasd=
InnerExceptionMessage : {"pdfName":"","premium":"6617","totalPremium":"8184","accidentalDeathPremium":"59","permanentDisabilityPremium":"47","criticalIllnessPremium":"191","premiumWaiver":"0","betterHalfPremium":"0","basePremium":"5608","hcbPremium":"1270","error":null,"isValid":true,"sumAssured":null}
ErrorMessage : dasd=
InnerExceptionMessage : {"pdfName":"","premium":"5376","totalPremium":"6943","accidentalDeathPremium":"59","permanentDisabilityPremium":"47","criticalIllnessPremium":"191","premiumWaiver":"0","betterHalfPremium":"0","basePremium":"4556","hcbPremium":"1270","error":null,"isValid":true,"sumAssured":null}
ErrorMessage : dasd=
InnerExceptionMessage : {"pdfName":"","premium":"6617","totalPremium":"8184","accidentalDeathPremium":"59","permanentDisabilityPremium":"47","criticalIllnessPremium":"191","premiumWaiver":"0","betterHalfPremium":"0","basePremium":"5608","hcbPremium":"1270","error":null,"isValid":true,"sumAssured":null}
ErrorMessage : dasd=
InnerExceptionMessage : {"pdfName":"","premium":"6617","totalPremium":"8184","accidentalDeathPremium":"59","permanentDisabilityPremium":"47","criticalIllnessPremium":"191","premiumWaiver":"0","betterHalfPremium":"0","basePremium":"5608","hcbPremium":"1270","error":null,"isValid":true,"sumAssured":null}
ErrorMessage : dasd=
InnerExceptionMessage : {"pdfName":"","premium":"5376","totalPremium":"6943","accidentalDeathPremium":"59","permanentDisabilityPremium":"47","criticalIllnessPremium":"191","premiumWaiver":"0","betterHalfPremium":"0","basePremium":"4556","hcbPremium":"1270","error":null,"isValid":true,"sumAssured":null}
ErrorMessage : dasd=
InnerExceptionMessage : {"pdfName":"","premium":"6617","totalPremium":"8184","accidentalDeathPremium":"59","permanentDisabilityPremium":"47","criticalIllnessPremium":"191","premiumWaiver":"0","betterHalfPremium":"0","basePremium":"5608","hcbPremium":"1270","error":null,"isValid":true,"sumAssured":null}
ErrorMessage : dasd=
InnerExceptionMessage : {"pdfName":"","premium":"5376","totalPremium":"6943","accidentalDeathPremium":"59","permanentDisabilityPremium":"47","criticalIllnessPremium":"191","premiumWaiver":"0","betterHalfPremium":"0","basePremium":"4556","hcbPremium":"1270","error":null,"isValid":true,"sumAssured":null}
ErrorMessage : dasd=
InnerExceptionMessage : {"pdfName":"","premium":"6617","totalPremium":"8184","accidentalDeathPremium":"59","permanentDisabilityPremium":"47","criticalIllnessPremium":"191","premiumWaiver":"0","betterHalfPremium":"0","basePremium":"5608","hcbPremium":"1270","error":null,"isValid":true,"sumAssured":null}
ErrorMessage : dasd=
InnerExceptionMessage : {"pdfName":"","premium":"6617","totalPremium":"8184","accidentalDeathPremium":"59","permanentDisabilityPremium":"47","criticalIllnessPremium":"191","premiumWaiver":"0","betterHalfPremium":"0","basePremium":"5608","hcbPremium":"1270","error":null,"isValid":true,"sumAssured":null}
ErrorMessage : dasd=
InnerExceptionMessage : {"pdfName":"","premium":"6617","totalPremium":"8184","accidentalDeathPremium":"59","permanentDisabilityPremium":"47","criticalIllnessPremium":"191","premiumWaiver":"0","betterHalfPremium":"0","basePremium":"5608","hcbPremium":"1270","error":null,"isValid":true,"sumAssured":null}
ErrorMessage : https://sis.edelweisstokio.in/shirokuapi/v2/GetPremium
InnerExceptionMessage : { 'product': 'Zindagiplus', 'fullName':  'fgfhg hgrgh', 'cliGender': 'Male', 'age':'18', 'cliDOB': '13/06/2001', 'maturityAge': '0', 'frequency': 'Yearly', 'smoke': 'No', 'policyTerm': '40', 'premiumPayingTerm': '40', 'sumAssured': '2000000', 'staff': 'No', 'workSiteFlag': 'No', 'index': '0', 'ADB': '100000', 'ATPD': '100000', 'CI': '100000', 'HCB': '100000', 'Term': '', 'WOP': 'No', 'pdf': 'No', 'childAge': '', 'childGender': '', 'maturityOption': '', 'flexibleBenefitYear': '', 'postponement': '', 'largeCap': '', 'top250': '', 'bond': '', 'moneyMarket': '', 'PEBased': '', 'managed': '', 'claimsOption': '', 'LAProposerSame': 'false',   'LAFullName': 'fgfhg hgrgh', 'LAEmail': 'gfhg@mail.com','LAMarriedStatus':'single', 'LANumber': '9789678567', 'LATobacco': 'No', 'LAAge': '18', 'LADOB': '13/06/2001', 'investmentStrategy': '', 'LAGender': 'Male', 'risingStar': 'No', 'policyOption': 'Life Cover with Level Sum Assured', 'distributionChannel': 'Corporate Agent', 'betterHalfBenefit': 'No', 'spouseFirstName': '', 'spouseLastName': ' ', 'spouseDOB': '', 'spouseGender': '', 'spouseAge': '', 'spouseTobaccoUser': '', 'additionalBenefit': '', 'topUpBenefitPercentage': '', 'payoutOption': 'LumpSum', 'payoutMonths': '', 'payoutPercentageLumpsum': '100', 'payoutPercentageLevelIncome': '0', 'payoutPercentageIncreasingIncome': '0', 'tranId': '' }
ErrorMessage : getdetail-webexception=
InnerExceptionMessage : The remote server returned an error: (400) Bad Request.
ErrorMessage : dasd=
InnerExceptionMessage : {"pdfName":"","premium":"6617","totalPremium":"8184","accidentalDeathPremium":"59","permanentDisabilityPremium":"47","criticalIllnessPremium":"191","premiumWaiver":"0","betterHalfPremium":"0","basePremium":"5608","hcbPremium":"1270","error":null,"isValid":true,"sumAssured":null}
ErrorMessage : dasd=
InnerExceptionMessage : {"pdfName":"","premium":"5376","totalPremium":"6943","accidentalDeathPremium":"59","permanentDisabilityPremium":"47","criticalIllnessPremium":"191","premiumWaiver":"0","betterHalfPremium":"0","basePremium":"4556","hcbPremium":"1270","error":null,"isValid":true,"sumAssured":null}
