ErrorMessage : dasd=
InnerExceptionMessage : {"pdfName":"","premium":"19615","totalPremium":"22688.14","accidentalDeathPremium":"59","permanentDisabilityPremium":"47","criticalIllnessPremium":"605","premiumWaiver":"0","betterHalfPremium":"0","basePremium":"16623","hcbPremium":"2362","error":null,"isValid":true,"sumAssured":null}
ErrorMessage : dasd=
InnerExceptionMessage : {"pdfName":"","premium":"19615","totalPremium":"22688.14","accidentalDeathPremium":"59","permanentDisabilityPremium":"47","criticalIllnessPremium":"605","premiumWaiver":"0","betterHalfPremium":"0","basePremium":"16623","hcbPremium":"2362","error":null,"isValid":true,"sumAssured":null}
ErrorMessage : dasd=
InnerExceptionMessage : {"pdfName":"","premium":"19615","totalPremium":"22688.14","accidentalDeathPremium":"59","permanentDisabilityPremium":"47","criticalIllnessPremium":"605","premiumWaiver":"0","betterHalfPremium":"0","basePremium":"16623","hcbPremium":"2362","error":null,"isValid":true,"sumAssured":null}
ErrorMessage : dasd=
InnerExceptionMessage : {"pdfName":"","premium":"19615","totalPremium":"22688.14","accidentalDeathPremium":"59","permanentDisabilityPremium":"47","criticalIllnessPremium":"605","premiumWaiver":"0","betterHalfPremium":"0","basePremium":"16623","hcbPremium":"2362","error":null,"isValid":true,"sumAssured":null}
ErrorMessage : dasd=
InnerExceptionMessage : {"pdfName":"","premium":"19615","totalPremium":"22688.14","accidentalDeathPremium":"59","permanentDisabilityPremium":"47","criticalIllnessPremium":"605","premiumWaiver":"0","betterHalfPremium":"0","basePremium":"16623","hcbPremium":"2362","error":null,"isValid":true,"sumAssured":null}
ErrorMessage : dasd=
InnerExceptionMessage : {"pdfName":"","premium":"19615","totalPremium":"22688.14","accidentalDeathPremium":"59","permanentDisabilityPremium":"47","criticalIllnessPremium":"605","premiumWaiver":"0","betterHalfPremium":"0","basePremium":"16623","hcbPremium":"2362","error":null,"isValid":true,"sumAssured":null}
ErrorMessage : dasd=
InnerExceptionMessage : {"pdfName":"","premium":"19615","totalPremium":"22688.14","accidentalDeathPremium":"59","permanentDisabilityPremium":"47","criticalIllnessPremium":"605","premiumWaiver":"0","betterHalfPremium":"0","basePremium":"16623","hcbPremium":"2362","error":null,"isValid":true,"sumAssured":null}
ErrorMessage : dasd=
InnerExceptionMessage : {"pdfName":"","premium":"19615","totalPremium":"22688.14","accidentalDeathPremium":"59","permanentDisabilityPremium":"47","criticalIllnessPremium":"605","premiumWaiver":"0","betterHalfPremium":"0","basePremium":"16623","hcbPremium":"2362","error":null,"isValid":true,"sumAssured":null}
ErrorMessage : dasd=
InnerExceptionMessage : {"pdfName":"","premium":"19615","totalPremium":"22688.14","accidentalDeathPremium":"59","permanentDisabilityPremium":"47","criticalIllnessPremium":"605","premiumWaiver":"0","betterHalfPremium":"0","basePremium":"16623","hcbPremium":"2362","error":null,"isValid":true,"sumAssured":null}
ErrorMessage : dasd=
InnerExceptionMessage : {"pdfName":"","premium":"19615","totalPremium":"22688.14","accidentalDeathPremium":"59","permanentDisabilityPremium":"47","criticalIllnessPremium":"605","premiumWaiver":"0","betterHalfPremium":"0","basePremium":"16623","hcbPremium":"2362","error":null,"isValid":true,"sumAssured":null}
ErrorMessage : dasd=
InnerExceptionMessage : {"pdfName":"","premium":"19615","totalPremium":"22688.14","accidentalDeathPremium":"59","permanentDisabilityPremium":"47","criticalIllnessPremium":"605","premiumWaiver":"0","betterHalfPremium":"0","basePremium":"16623","hcbPremium":"2362","error":null,"isValid":true,"sumAssured":null}
ErrorMessage : dasd=
InnerExceptionMessage : {"pdfName":"","premium":"19615","totalPremium":"22688.14","accidentalDeathPremium":"59","permanentDisabilityPremium":"47","criticalIllnessPremium":"605","premiumWaiver":"0","betterHalfPremium":"0","basePremium":"16623","hcbPremium":"2362","error":null,"isValid":true,"sumAssured":null}
ErrorMessage : dasd=
InnerExceptionMessage : {"pdfName":"","premium":"19615","totalPremium":"22688.14","accidentalDeathPremium":"59","permanentDisabilityPremium":"47","criticalIllnessPremium":"605","premiumWaiver":"0","betterHalfPremium":"0","basePremium":"16623","hcbPremium":"2362","error":null,"isValid":true,"sumAssured":null}
ErrorMessage : dasd=
InnerExceptionMessage : {"pdfName":"","premium":"19615","totalPremium":"22688.14","accidentalDeathPremium":"59","permanentDisabilityPremium":"47","criticalIllnessPremium":"605","premiumWaiver":"0","betterHalfPremium":"0","basePremium":"16623","hcbPremium":"2362","error":null,"isValid":true,"sumAssured":null}
ErrorMessage : dasd=
InnerExceptionMessage : {"pdfName":"","premium":"19615","totalPremium":"22688.14","accidentalDeathPremium":"59","permanentDisabilityPremium":"47","criticalIllnessPremium":"605","premiumWaiver":"0","betterHalfPremium":"0","basePremium":"16623","hcbPremium":"2362","error":null,"isValid":true,"sumAssured":null}
ErrorMessage : dasd=
InnerExceptionMessage : {"pdfName":"","premium":"19615","totalPremium":"22688.14","accidentalDeathPremium":"59","permanentDisabilityPremium":"47","criticalIllnessPremium":"605","premiumWaiver":"0","betterHalfPremium":"0","basePremium":"16623","hcbPremium":"2362","error":null,"isValid":true,"sumAssured":null}
ErrorMessage : dasd=
InnerExceptionMessage : {"pdfName":"","premium":"19615","totalPremium":"22688.14","accidentalDeathPremium":"59","permanentDisabilityPremium":"47","criticalIllnessPremium":"605","premiumWaiver":"0","betterHalfPremium":"0","basePremium":"16623","hcbPremium":"2362","error":null,"isValid":true,"sumAssured":null}
ErrorMessage : dasd=
InnerExceptionMessage : {"pdfName":"","premium":"19615","totalPremium":"22688.14","accidentalDeathPremium":"59","permanentDisabilityPremium":"47","criticalIllnessPremium":"605","premiumWaiver":"0","betterHalfPremium":"0","basePremium":"16623","hcbPremium":"2362","error":null,"isValid":true,"sumAssured":null}
ErrorMessage : dasd=
InnerExceptionMessage : {"pdfName":"","premium":"19615","totalPremium":"22688.14","accidentalDeathPremium":"59","permanentDisabilityPremium":"47","criticalIllnessPremium":"605","premiumWaiver":"0","betterHalfPremium":"0","basePremium":"16623","hcbPremium":"2362","error":null,"isValid":true,"sumAssured":null}
ErrorMessage : dasd=
InnerExceptionMessage : {"pdfName":"","premium":"19615","totalPremium":"22688.14","accidentalDeathPremium":"59","permanentDisabilityPremium":"47","criticalIllnessPremium":"605","premiumWaiver":"0","betterHalfPremium":"0","basePremium":"16623","hcbPremium":"2362","error":null,"isValid":true,"sumAssured":null}
ErrorMessage : dasd=
InnerExceptionMessage : {"pdfName":"","premium":"19615","totalPremium":"22688.14","accidentalDeathPremium":"59","permanentDisabilityPremium":"47","criticalIllnessPremium":"605","premiumWaiver":"0","betterHalfPremium":"0","basePremium":"16623","hcbPremium":"2362","error":null,"isValid":true,"sumAssured":null}
ErrorMessage : dasd=
InnerExceptionMessage : {"pdfName":"","premium":"19615","totalPremium":"22688.14","accidentalDeathPremium":"59","permanentDisabilityPremium":"47","criticalIllnessPremium":"605","premiumWaiver":"0","betterHalfPremium":"0","basePremium":"16623","hcbPremium":"2362","error":null,"isValid":true,"sumAssured":null}
ErrorMessage : dasd=
InnerExceptionMessage : {"pdfName":"","premium":"19615","totalPremium":"22688.14","accidentalDeathPremium":"59","permanentDisabilityPremium":"47","criticalIllnessPremium":"605","premiumWaiver":"0","betterHalfPremium":"0","basePremium":"16623","hcbPremium":"2362","error":null,"isValid":true,"sumAssured":null}
ErrorMessage : dasd=
InnerExceptionMessage : {"pdfName":"","premium":"19615","totalPremium":"22688.14","accidentalDeathPremium":"59","permanentDisabilityPremium":"47","criticalIllnessPremium":"605","premiumWaiver":"0","betterHalfPremium":"0","basePremium":"16623","hcbPremium":"2362","error":null,"isValid":true,"sumAssured":null}
ErrorMessage : dasd=
InnerExceptionMessage : {"pdfName":"","premium":"19615","totalPremium":"22688.14","accidentalDeathPremium":"59","permanentDisabilityPremium":"47","criticalIllnessPremium":"605","premiumWaiver":"0","betterHalfPremium":"0","basePremium":"16623","hcbPremium":"2362","error":null,"isValid":true,"sumAssured":null}
ErrorMessage : dasd=
InnerExceptionMessage : {"pdfName":"","premium":"19615","totalPremium":"22688.14","accidentalDeathPremium":"59","permanentDisabilityPremium":"47","criticalIllnessPremium":"605","premiumWaiver":"0","betterHalfPremium":"0","basePremium":"16623","hcbPremium":"2362","error":null,"isValid":true,"sumAssured":null}
ErrorMessage : dasd=
InnerExceptionMessage : {"pdfName":"","premium":"19615","totalPremium":"22688.14","accidentalDeathPremium":"59","permanentDisabilityPremium":"47","criticalIllnessPremium":"605","premiumWaiver":"0","betterHalfPremium":"0","basePremium":"16623","hcbPremium":"2362","error":null,"isValid":true,"sumAssured":null}
ErrorMessage : dasd=
InnerExceptionMessage : {"pdfName":"","premium":"6299","totalPremium":"9371.84","accidentalDeathPremium":"59","permanentDisabilityPremium":"47","criticalIllnessPremium":"605","premiumWaiver":"0","betterHalfPremium":"0","basePremium":"5338","hcbPremium":"2362","error":null,"isValid":true,"sumAssured":null}
ErrorMessage : The underlying provider failed on Open.
InnerExceptionMessage : 
ErrorMessage : https://preprod-digitpolicyissuance.godigit.com/policyservice/v1/createQuote
InnerExceptionMessage : { "bookingId": "retail-2020-8992871", "type": "I", "purpose": "L", "customer": { "firstName": "safdf", "lastName": "Justforretail", "address": { "line1": "N.W. College", "line2": "", "line3": "", "state": "27", "city": "sdfdsf", "country": "IND", "pinCode": "411001" }, "documents": [ { "type": "PPT", "id": "D89U0112" } ], "dob": "1990-02-02", "mobile": "9353568667", "email": "Bindu.S@godigit.com", "type": "N" }, "insuredPersons": [ { "firstName": "Neha", "lastName": "Justforretail", "address": { "line1": "N.W. College", "line2": "", "line3": "", "state": "27", "city": "Pune", "country": "IND", "pinCode": "411001" }, "documents": [ { "type": "PPT", "id": "D890112" } ], "dob": "1990-02-02", "mobile": "7845451414", "email": "b@gmail.com", "profession": "", "paxId": "1", "nominee": { "relationship": "S", "name": "Uduwei Uhdewui" }, "type": "N", "gender": "ML" } ], "insuredPersonsCount": "1", "bookingDate": "2020-01-27", "packageName": "R15", "geography": "UCI", "travelEndDate": "2020-01-31", "travelStartDate": "2020-01-28", "discountFlag": "" }
ErrorMessage : getdetail-webexception=
InnerExceptionMessage : The remote server returned an error: (500) Internal Server Error.
ErrorMessage : https://preprod-digitpolicyissuance.godigit.com/policyservice/v1/createQuote
InnerExceptionMessage : { "bookingId": "retail-2020-16697909", "type": "I", "purpose": "L", "customer": { "firstName": "safdf", "lastName": "Justforretail", "address": { "line1": "N.W. College", "line2": "", "line3": "", "state": "27", "city": "sdfdsf", "country": "IND", "pinCode": "411001" }, "documents": [ { "type": "PPT", "id": "D89U0112" } ], "dob": "1990-02-02", "mobile": "9353568667", "email": "Bindu.S@godigit.com", "type": "N" }, "insuredPersons": [ { "firstName": "Neha", "lastName": "Justforretail", "address": { "line1": "N.W. College", "line2": "", "line3": "", "state": "27", "city": "Pune", "country": "IND", "pinCode": "411001" }, "documents": [ { "type": "PPT", "id": "D890112" } ], "dob": "1990-02-02", "mobile": "7845451414", "email": "b@gmail.com", "profession": "", "paxId": "1", "nominee": { "relationship": "S", "name": "Uduwei Uhdewui" }, "type": "N", "gender": "ML" } ], "insuredPersonsCount": "1", "bookingDate": "2020-01-27", "packageName": "R15", "geography": "UCI", "travelEndDate": "2020-01-31", "travelStartDate": "2020-01-28", "discountFlag": "" }
ErrorMessage : getdetail-webexception=
InnerExceptionMessage : The remote server returned an error: (500) Internal Server Error.
ErrorMessage : https://preprod-digitpolicyissuance.godigit.com/policyservice/v1/createQuote
InnerExceptionMessage : { "bookingId": "retail-2020-25708982", "type": "I", "purpose": "L", "customer": { "firstName": "safdf", "lastName": "Justforretail", "address": { "line1": "N.W. College", "line2": "", "line3": "", "state": "27", "city": "sdfdsf", "country": "IND", "pinCode": "411001" }, "documents": [ { "type": "PPT", "id": "D89U0112" } ], "dob": "1990-02-02", "mobile": "9353568667", "email": "Bindu.S@godigit.com", "type": "N" }, "insuredPersons": [ { "firstName": "Neha", "lastName": "Justforretail", "address": { "line1": "N.W. College", "line2": "", "line3": "", "state": "27", "city": "Pune", "country": "IND", "pinCode": "411001" }, "documents": [ { "type": "PPT", "id": "D890112" } ], "dob": "1990-02-02", "mobile": "7845451414", "email": "b@gmail.com", "profession": "", "paxId": "1", "nominee": { "relationship": "S", "name": "Uduwei Uhdewui" }, "type": "N", "gender": "ML" } ], "insuredPersonsCount": "1", "bookingDate": "2020-01-27", "packageName": "R15", "geography": "UCI", "travelEndDate": "2020-01-31", "travelStartDate": "2020-01-28", "discountFlag": "" }
ErrorMessage : getdetail-webexception=
InnerExceptionMessage : The remote server returned an error: (500) Internal Server Error.
ErrorMessage : https://preprod-digitpolicyissuance.godigit.com/policyservice/v1/createQuote
InnerExceptionMessage : { "bookingId": "retail-2020-52155474", "type": "I", "purpose": "L", "customer": { "firstName": "safdf", "lastName": "Justforretail", "address": { "line1": "N.W. College", "line2": "", "line3": "", "state": "27", "city": "sdfdsf", "country": "IND", "pinCode": "411001" }, "documents": [ { "type": "PPT", "id": "D89U0112" } ], "dob": "1990-02-02", "mobile": "9353568667", "email": "Bindu.S@godigit.com", "type": "N" }, "insuredPersons": [ { "firstName": "Neha", "lastName": "Justforretail", "address": { "line1": "N.W. College", "line2": "", "line3": "", "state": "27", "city": "Pune", "country": "IND", "pinCode": "411001" }, "documents": [ { "type": "PPT", "id": "D890112" } ], "dob": "1990-02-02", "mobile": "7845451414", "email": "b@gmail.com", "profession": "", "paxId": "1", "nominee": { "relationship": "S", "name": "Uduwei Uhdewui" }, "type": "N", "gender": "ML" } ], "insuredPersonsCount": "1", "bookingDate": "2020-01-27", "packageName": "R15", "geography": "UCI", "travelEndDate": "2020-01-31", "travelStartDate": "2020-01-28", "discountFlag": "" }
ErrorMessage : getdetail-webexception=
InnerExceptionMessage : The remote server returned an error: (500) Internal Server Error.
ErrorMessage : https://preprod-digitpolicyissuance.godigit.com/policyservice/v1/createQuote
InnerExceptionMessage : { "bookingId": "retail-2020-68884533", "type": "I", "purpose": "L", "customer": { "firstName": "safdf", "lastName": "Justforretail", "address": { "line1": "N.W. College", "line2": "", "line3": "", "state": "27", "city": "sdfdsf", "country": "IND", "pinCode": "411001" }, "documents": [ { "type": "PPT", "id": "D89U0112" } ], "dob": "1990-02-02", "mobile": "9353568667", "email": "Bindu.S@godigit.com", "type": "N" }, "insuredPersons": [ { "firstName": "Neha", "lastName": "Justforretail", "address": { "line1": "N.W. College", "line2": "", "line3": "", "state": "27", "city": "Pune", "country": "IND", "pinCode": "411001" }, "documents": [ { "type": "PPT", "id": "D890112" } ], "dob": "1990-02-02", "mobile": "7845451414", "email": "b@gmail.com", "profession": "", "paxId": "1", "nominee": { "relationship": "S", "name": "Uduwei Uhdewui" }, "type": "N", "gender": "ML" } ], "insuredPersonsCount": "1", "bookingDate": "2020-01-27", "packageName": "R15", "geography": "UCI", "travelEndDate": "2020-01-31", "travelStartDate": "2020-01-28", "discountFlag": "" }
ErrorMessage : getdetail-webexception=
InnerExceptionMessage : The remote server returned an error: (500) Internal Server Error.
ErrorMessage : https://preprod-digitpolicyissuance.godigit.com/policyservice/v1/createQuote
InnerExceptionMessage : { "bookingId": "retail-2020-6032729", "type": "I", "purpose": "L", "customer": { "firstName": "safdf", "lastName": "Justforretail", "address": { "line1": "N.W. College", "line2": "", "line3": "", "state": "27", "city": "sdfdsf", "country": "IND", "pinCode": "411001" }, "documents": [ { "type": "PPT", "id": "D89U0112" } ], "dob": "1990-02-02", "mobile": "9353568667", "email": "Bindu.S@godigit.com", "type": "N" }, "insuredPersons": [ { "firstName": "Neha", "lastName": "Justforretail", "address": { "line1": "N.W. College", "line2": "", "line3": "", "state": "27", "city": "Pune", "country": "IND", "pinCode": "411001" }, "documents": [ { "type": "PPT", "id": "D890112" } ], "dob": "1990-02-02", "mobile": "7845451414", "email": "b@gmail.com", "profession": "", "paxId": "1", "nominee": { "relationship": "S", "name": "Uduwei Uhdewui" }, "type": "N", "gender": "ML" } ], "insuredPersonsCount": "1", "bookingDate": "2020-01-27", "packageName": "R15", "geography": "UCI", "travelEndDate": "2020-01-31", "travelStartDate": "2020-01-28", "discountFlag": "" }
ErrorMessage : getdetail-webexception=
InnerExceptionMessage : The remote server returned an error: (500) Internal Server Error.
ErrorMessage : https://preprod-digitpolicyissuance.godigit.com/policyservice/v1/createQuote
InnerExceptionMessage : { "bookingId": "retail-2020-80092670", "type": "I", "purpose": "L", "customer": { "firstName": "safdf", "lastName": "Justforretail", "address": { "line1": "N.W. College", "line2": "", "line3": "", "state": "27", "city": "sdfdsf", "country": "IND", "pinCode": "411001" }, "documents": [ { "type": "PPT", "id": "D89U0112" } ], "dob": "1990-02-02", "mobile": "9353568667", "email": "Bindu.S@godigit.com", "type": "N" }, "insuredPersons": [ { "firstName": "Neha", "lastName": "Justforretail", "address": { "line1": "N.W. College", "line2": "", "line3": "", "state": "27", "city": "Pune", "country": "IND", "pinCode": "411001" }, "documents": [ { "type": "PPT", "id": "D890112" } ], "dob": "1990-02-02", "mobile": "7845451414", "email": "b@gmail.com", "profession": "", "paxId": "1", "nominee": { "relationship": "S", "name": "Uduwei Uhdewui" }, "type": "N", "gender": "ML" } ], "insuredPersonsCount": "1", "bookingDate": "2020-01-27", "packageName": "R15", "geography": "UCI", "travelEndDate": "2020-01-31", "travelStartDate": "2020-01-28", "discountFlag": "" }
ErrorMessage : getdetail-webexception=
InnerExceptionMessage : The remote server returned an error: (500) Internal Server Error.
ErrorMessage : https://preprod-digitpolicyissuance.godigit.com/policyservice/v1/createQuote
InnerExceptionMessage : { "bookingId": "retail-2020-52723128", "type": "I", "purpose": "L", "customer": { "firstName": "safdf", "lastName": "Justforretail", "address": { "line1": "N.W. College", "line2": "", "line3": "", "state": "27", "city": "sdfdsf", "country": "IND", "pinCode": "411001" }, "documents": [ { "type": "PPT", "id": "D89U0112" } ], "dob": "1990-02-02", "mobile": "9353568667", "email": "Bindu.S@godigit.com", "type": "N" }, "insuredPersons": [ { "firstName": "Neha", "lastName": "Justforretail", "address": { "line1": "N.W. College", "line2": "", "line3": "", "state": "27", "city": "Pune", "country": "IND", "pinCode": "411001" }, "documents": [ { "type": "PPT", "id": "D890112" } ], "dob": "1990-02-02", "mobile": "7845451414", "email": "b@gmail.com", "profession": "", "paxId": "1", "nominee": { "relationship": "S", "name": "Uduwei Uhdewui" }, "type": "N", "gender": "ML" } ], "insuredPersonsCount": "1", "bookingDate": "2020-01-27", "packageName": "R15", "geography": "UCI", "travelEndDate": "2020-01-31", "travelStartDate": "2020-01-28", "discountFlag": "" }
ErrorMessage : getdetail-webexception=
InnerExceptionMessage : The remote server returned an error: (500) Internal Server Error.
ErrorMessage : https://preprod-digitpolicyissuance.godigit.com/policyservice/v1/createQuote
InnerExceptionMessage : { "bookingId": "retail-2020-81227784", "type": "I", "purpose": "L", "customer": { "firstName": "safdf", "lastName": "Justforretail", "address": { "line1": "N.W. College", "line2": "", "line3": "", "state": "27", "city": "sdfdsf", "country": "IND", "pinCode": "411001" }, "documents": [ { "type": "PPT", "id": "D89U0112" } ], "dob": "1990-02-02", "mobile": "9353568667", "email": "Bindu.S@godigit.com", "type": "N" }, "insuredPersons": [ { "firstName": "Neha", "lastName": "Justforretail", "address": { "line1": "N.W. College", "line2": "", "line3": "", "state": "27", "city": "Pune", "country": "IND", "pinCode": "411001" }, "documents": [ { "type": "PPT", "id": "D890112" } ], "dob": "1990-02-02", "mobile": "7845451414", "email": "b@gmail.com", "profession": "", "paxId": "1", "nominee": { "relationship": "S", "name": "Uduwei Uhdewui" }, "type": "N", "gender": "ML" } ], "insuredPersonsCount": "1", "bookingDate": "2020-01-27", "packageName": "R15", "geography": "UCI", "travelEndDate": "2020-01-31", "travelStartDate": "2020-01-28", "discountFlag": "" }
ErrorMessage : getdetail-webexception=
InnerExceptionMessage : The remote server returned an error: (500) Internal Server Error.
ErrorMessage : https://preprod-digitpolicyissuance.godigit.com/policyservice/v1/createQuote
InnerExceptionMessage : { "bookingId": "retail-2020-15160622", "type": "I", "purpose": "L", "customer": { "firstName": "safdf", "lastName": "Justforretail", "address": { "line1": "N.W. College", "line2": "", "line3": "", "state": "27", "city": "sdfdsf", "country": "IND", "pinCode": "411001" }, "documents": [ { "type": "PPT", "id": "D89U0112" } ], "dob": "1990-02-02", "mobile": "9353568667", "email": "Bindu.S@godigit.com", "type": "N" }, "insuredPersons": [ { "firstName": "Neha", "lastName": "Justforretail", "address": { "line1": "N.W. College", "line2": "", "line3": "", "state": "27", "city": "Pune", "country": "IND", "pinCode": "411001" }, "documents": [ { "type": "PPT", "id": "D890112" } ], "dob": "1990-02-02", "mobile": "7845451414", "email": "b@gmail.com", "profession": "", "paxId": "1", "nominee": { "relationship": "S", "name": "Uduwei Uhdewui" }, "type": "N", "gender": "ML" } ], "insuredPersonsCount": "1", "bookingDate": "2020-01-27", "packageName": "R15", "geography": "UCI", "travelEndDate": "2020-01-31", "travelStartDate": "2020-01-28", "discountFlag": "" }
ErrorMessage : getdetail-webexception=
InnerExceptionMessage : The remote server returned an error: (500) Internal Server Error.
ErrorMessage : dasd=
InnerExceptionMessage : {"premium":14030,"serviceTax":2526,"totalPremium":16556}
ErrorMessage : https://igsan.starhealth.in/api/policy/proposals
InnerExceptionMessage : {"sumInsuredId":0,"schemeId":0,"sumAssured":"500000","Amount":"14030","serviceTax":"2526","totalPremium":"16556","NoOfAdults":"1","NoOfChildren":"0","Plan":"Comprehensive Individual","startOn":"January 28, 2020","endOn":"January 27, 2021","policyCategory":"fresh","proposerName":"dszfds hgfh","proposerEmail":"divya@gmail.com","proposerPhone":"9856765645","proposerAddressOne":"sdfgsdg","proposerAddressTwo":"sdgsdfg","proposerAreaId":"61379","proposerAreaPinCode":"226016","proposerAreaCityId":"3090","proposerResidenceAddressOne":"yhtrf","proposerResidenceAddressTwo":"hgfhgf","proposerResidenceAreaId":"61547","proposerResidenceAreaPinCode":"226016","proposerResidenceAreaCityId":"3090","proposerDob":"January 27, 2001","panNumber":"","gstTypeId":"","gstIdNumber":"","aadharNumber":"","eiaNumber":"","socialStatus":"1","socialStatusBpl":"1","socialStatusDisabled":"1","socialStatusInformal":"1","socialStatusUnorganized":"1","previousMedicalInsurance":"","annualIncome":"100000000","criticalIllness":"false","insureds[0]":{"dob":"January 01, 1991","sumInsuredId":1,"name":"Divya","sex":"Female","illness":"None","description":"","relationshipId":0,"occupationId":10,"hospitalCash":"0","height":156,"weight":40,"isPersonalAccidentApplicable":"false","engageManualLabour":"Nil","engageWinterSports":"Nil","buyBackPED":0},"insureds[1]":{"dob":"","sumInsuredId":2,"name":"","sex":"","illness":"","description":"","relationshipId":0,"occupationId":0,"hospitalCash":"0","height":0,"weight":0,"isPersonalAccidentApplicable":"","engageManualLabour":"","engageWinterSports":"","buyBackPED":0},"nomineeName":"fdhfgh","nomineeAge":"23","nomineeRelationship":"Cousin Son","nomineePercentClaim":"100","appointeeName":"","appointeeAge":"","appointeeRelationship":"","nomineeNameTwo":"","nomineeAgeTwo":"","nomineeRelationshipTwo":"","nomineePercentClaimTwo":"","appointeeNameTwo":"","appointeeAgeTwo":"","appointeeRelationshipTwo":"","APIKEY":"75dc72e57d2148f5a76676895c18ff11","SECRETKEY":"9ad7d6ccb13343c69d0ceb38d13a5d8f","policyTypeName":"COMPREHENSIVEIND","travelStartOn":"","travelEndOn":"","planId":10101,"postalCode":0,"period":1,"searchId":16258,"companyId":"10006"}
ErrorMessage : getdetail-webexception=
InnerExceptionMessage : The remote server returned an error: (500) Internal Server Error.
ErrorMessage : https://igsan.starhealth.in/api/policy/proposals/Sorry! Looks like something went wrong at our end. If you would like to reach out to us please write to us at support@@starhealth.in./token
InnerExceptionMessage : {"APIKEY":"75dc72e57d2148f5a76676895c18ff11","SECRETKEY":"9ad7d6ccb13343c69d0ceb38d13a5d8f","referenceId":"Sorry! Looks like something went wrong at our end. If you would like to reach out to us please write to us at support@@starhealth.in."}
ErrorMessage : getdetail-webexception=
InnerExceptionMessage : The remote server returned an error: (400) Bad Request.
ErrorMessage : https://igsan.starhealth.in/api/policy/proposals/Sorry! Looks like something went wrong at our end. If you would like to reach out to us please write to us at support@@starhealth.in./token
InnerExceptionMessage : {"APIKEY":"75dc72e57d2148f5a76676895c18ff11","SECRETKEY":"9ad7d6ccb13343c69d0ceb38d13a5d8f","referenceId":"Sorry! Looks like something went wrong at our end. If you would like to reach out to us please write to us at support@@starhealth.in."}
ErrorMessage : getdetail-webexception=
InnerExceptionMessage : The remote server returned an error: (400) Bad Request.
ErrorMessage : dasd=
InnerExceptionMessage : {"premium":14030,"serviceTax":2526,"totalPremium":16556}
ErrorMessage : https://igsan.starhealth.in/api/policy/proposals
InnerExceptionMessage : {"sumInsuredId":0,"schemeId":0,"sumAssured":"500000","Amount":"14030","serviceTax":"2526","totalPremium":"16556","NoOfAdults":"1","NoOfChildren":"0","Plan":"Comprehensive Individual","startOn":"January 28, 2020","endOn":"January 27, 2021","policyCategory":"fresh","proposerName":"dfgfdf ffhg","proposerEmail":"divya@gmail.com","proposerPhone":"9877866555","proposerAddressOne":"fthytfg","proposerAddressTwo":"tghyth","proposerAreaId":"61379","proposerAreaPinCode":"226016","proposerAreaCityId":"3090","proposerResidenceAddressOne":"e5y5y","proposerResidenceAddressTwo":"hyrt","proposerResidenceAreaId":"61490","proposerResidenceAreaPinCode":"226016","proposerResidenceAreaCityId":"3090","proposerDob":"January 27, 2001","panNumber":"","gstTypeId":"","gstIdNumber":"","aadharNumber":"","eiaNumber":"","socialStatus":"1","socialStatusBpl":"1","socialStatusDisabled":"1","socialStatusInformal":"1","socialStatusUnorganized":"1","previousMedicalInsurance":"","annualIncome":"100000000","criticalIllness":"false","insureds[0]":{"dob":"January 01, 1991","sumInsuredId":1,"name":"Divya","sex":"Female","illness":"None","description":"","relationshipId":0,"occupationId":10,"hospitalCash":"0","height":156,"weight":45,"isPersonalAccidentApplicable":"false","engageManualLabour":"Nil","engageWinterSports":"Nil","buyBackPED":0},"insureds[1]":{"dob":"","sumInsuredId":2,"name":"","sex":"","illness":"","description":"","relationshipId":0,"occupationId":0,"hospitalCash":"0","height":0,"weight":0,"isPersonalAccidentApplicable":"","engageManualLabour":"","engageWinterSports":"","buyBackPED":0},"nomineeName":"fdhfgh","nomineeAge":"23","nomineeRelationship":"Grand Son","nomineePercentClaim":"100","appointeeName":"","appointeeAge":"","appointeeRelationship":"","nomineeNameTwo":"","nomineeAgeTwo":"","nomineeRelationshipTwo":"","nomineePercentClaimTwo":"","appointeeNameTwo":"","appointeeAgeTwo":"","appointeeRelationshipTwo":"","APIKEY":"75dc72e57d2148f5a76676895c18ff11","SECRETKEY":"9ad7d6ccb13343c69d0ceb38d13a5d8f","policyTypeName":"COMPREHENSIVEIND","travelStartOn":"","travelEndOn":"","planId":10101,"postalCode":0,"period":1,"searchId":16259,"companyId":"10006"}
ErrorMessage : getdetail-webexception=
InnerExceptionMessage : The remote server returned an error: (500) Internal Server Error.
ErrorMessage : dasd=
InnerExceptionMessage : {
  "bookingId" : "retail-2020-35065736",
  "insuredPersons" : [ {
    "paxId" : "1",
    "paymentDetails" : {
      "policyPremium" : "726.0",
      "sgst" : "55.0",
      "cgst" : "55.0",
      "ugst" : "0.0",
      "igst" : "0.0",
      "invoiceNumber" : "IA001090464",
      "policyNetPremium" : "616.0"
    },
    "policyID" : "D400241114",
    "transactionDate" : "27-01-2020T15:04:42",
    "status" : {
      "code" : "200",
      "message" : "Success"
    },
    "policyStatus" : "INCOMPLETE",
    "applicationId" : "V237C47CBDD180CDEAC7D23DCEAFFDAA42E87091C9EEC4EE46D1A372E0D3476107C7ED1888F9E24B121EFEFCD71BA81104",
    "paymentLink" : "https://preprod-digitpaymentgateway.godigit.com/DigitPaymentGateway/payments?target=8A6B914B31DF12A17D4DEAB954A42B35"
  } ],
  "status" : {
    "code" : "200",
    "message" : "SUCCESS"
  }
}
ErrorMessage : dasd=
InnerExceptionMessage : {"premium":535,"serviceTax":96,"totalPremium":631}
ErrorMessage : dasd=
InnerExceptionMessage : {"referenceId":"ec3d4fae5ed240988a281f6a86c8c471","premium":535,"serviceTax":96,"totalPremium":631}
ErrorMessage : dasd=
InnerExceptionMessage : {"referenceId":"ec3d4fae5ed240988a281f6a86c8c471","redirectToken":"787c653d3a5b1f840b2f876612353334"}
ErrorMessage : dasd=
InnerExceptionMessage : {"referenceId":"cf72834e70e2453ebde9a573b658639e","premium":535,"serviceTax":96,"totalPremium":631}
ErrorMessage : dasd=
InnerExceptionMessage : {"referenceId":"cfd5fc3447154b5eb63ff52216543f78","premium":535,"serviceTax":96,"totalPremium":631}
ErrorMessage : dasd=
InnerExceptionMessage : {"referenceId":"52c5d1788847478888ec2778daad094b","premium":535,"serviceTax":96,"totalPremium":631}
ErrorMessage : dasd=
InnerExceptionMessage : {"referenceId":"9a6e1ee0dc68494780eebc3f225132cc","premium":535,"serviceTax":96,"totalPremium":631}
ErrorMessage : dasd=
InnerExceptionMessage : {"referenceId":"bdf66ebcb48b4fd59ce0fa4491e31e95","premium":535,"serviceTax":96,"totalPremium":631}
ErrorMessage : https://preprod-digitpolicyissuance.godigit.com/policyservice/v1/createQuote
InnerExceptionMessage : { "bookingId": "retail-2020-77070105", "type": "I", "purpose": "L", "customer": { "firstName": "sdsf vghfg", "lastName": "Justforretail", "address": { "line1": "N.W. College", "line2": "", "line3": "", "state": "27", "city": "kljkl", "country": "IND", "pinCode": "411001" }, "documents": [ { "type": "PPT", "id": "D89U0112" } ], "dob": "1990-02-02", "mobile": "9353568667", "email": "Bindu.S@godigit.com", "type": "N" }, "insuredPersons": [ { "firstName": "Neha", "lastName": "Justforretail", "address": { "line1": "N.W. College", "line2": "", "line3": "", "state": "27", "city": "Pune", "country": "IND", "pinCode": "411001" }, "documents": [ { "type": "PPT", "id": "D890112" } ], "dob": "1990-02-02", "mobile": "9888775656", "email": "divay@gmail.com", "profession": "", "paxId": "1", "nominee": { "relationship": "S", "name": "Uduwei Uhdewui" }, "type": "N", "gender": "ML" } ], "insuredPersonsCount": "1", "bookingDate": "2020-01-27", "packageName": "R14", "geography": "UCI", "travelEndDate": "2020-01-22", "travelStartDate": "2020-01-24", "discountFlag": "" }
ErrorMessage : getdetail-webexception=
InnerExceptionMessage : The remote server returned an error: (504) Gateway Timeout.
ErrorMessage : https://preprod-digitpolicyissuance.godigit.com/policyservice/v1/createQuote
InnerExceptionMessage : { "bookingId": "retail-2020-26194830", "type": "I", "purpose": "L", "customer": { "firstName": "sdsf vghfg", "lastName": "Justforretail", "address": { "line1": "N.W. College", "line2": "", "line3": "", "state": "27", "city": "kljkl", "country": "IND", "pinCode": "411001" }, "documents": [ { "type": "PPT", "id": "D89U0112" } ], "dob": "1990-02-02", "mobile": "9353568667", "email": "Bindu.S@godigit.com", "type": "N" }, "insuredPersons": [ { "firstName": "Neha", "lastName": "Justforretail", "address": { "line1": "N.W. College", "line2": "", "line3": "", "state": "27", "city": "Pune", "country": "IND", "pinCode": "411001" }, "documents": [ { "type": "PPT", "id": "D890112" } ], "dob": "1990-02-02", "mobile": "9888775656", "email": "divay@gmail.com", "profession": "", "paxId": "1", "nominee": { "relationship": "S", "name": "Uduwei Uhdewui" }, "type": "N", "gender": "ML" } ], "insuredPersonsCount": "1", "bookingDate": "2020-01-27", "packageName": "R13", "geography": "UCI", "travelEndDate": "2020-01-22", "travelStartDate": "2020-01-24", "discountFlag": "" }
ErrorMessage : getdetail-webexception=
InnerExceptionMessage : The remote server returned an error: (400) Bad Request.
ErrorMessage : https://preprod-digitpolicyissuance.godigit.com/policyservice/v1/createQuote
InnerExceptionMessage : { "bookingId": "retail-2020-6627077", "type": "I", "purpose": "L", "customer": { "firstName": "sdsf vghfg", "lastName": "Justforretail", "address": { "line1": "N.W. College", "line2": "", "line3": "", "state": "27", "city": "kljkl", "country": "IND", "pinCode": "411001" }, "documents": [ { "type": "PPT", "id": "D89U0112" } ], "dob": "1990-02-02", "mobile": "9353568667", "email": "Bindu.S@godigit.com", "type": "N" }, "insuredPersons": [ { "firstName": "Neha", "lastName": "Justforretail", "address": { "line1": "N.W. College", "line2": "", "line3": "", "state": "27", "city": "Pune", "country": "IND", "pinCode": "411001" }, "documents": [ { "type": "PPT", "id": "D890112" } ], "dob": "1990-02-02", "mobile": "9888775656", "email": "divay@gmail.com", "profession": "", "paxId": "1", "nominee": { "relationship": "S", "name": "Uduwei Uhdewui" }, "type": "N", "gender": "ML" } ], "insuredPersonsCount": "1", "bookingDate": "2020-01-27", "packageName": "", "geography": "UCI", "travelEndDate": "2020-01-22", "travelStartDate": "2020-01-24", "discountFlag": "" }
ErrorMessage : getdetail-webexception=
InnerExceptionMessage : The remote server returned an error: (400) Bad Request.
ErrorMessage : https://preprod-digitpolicyissuance.godigit.com/policyservice/v1/createQuote
InnerExceptionMessage : { "bookingId": "retail-2020-64423547", "type": "I", "purpose": "L", "customer": { "firstName": "sdsf vghfg", "lastName": "Justforretail", "address": { "line1": "N.W. College", "line2": "", "line3": "", "state": "27", "city": "kljkl", "country": "IND", "pinCode": "411001" }, "documents": [ { "type": "PPT", "id": "D89U0112" } ], "dob": "1990-02-02", "mobile": "9353568667", "email": "Bindu.S@godigit.com", "type": "N" }, "insuredPersons": [ { "firstName": "Neha", "lastName": "Justforretail", "address": { "line1": "N.W. College", "line2": "", "line3": "", "state": "27", "city": "Pune", "country": "IND", "pinCode": "411001" }, "documents": [ { "type": "PPT", "id": "D890112" } ], "dob": "1990-02-02", "mobile": "9888775656", "email": "divay@gmail.com", "profession": "", "paxId": "1", "nominee": { "relationship": "S", "name": "Uduwei Uhdewui" }, "type": "N", "gender": "ML" } ], "insuredPersonsCount": "1", "bookingDate": "2020-01-27", "packageName": "R13", "geography": "UCI", "travelEndDate": "2020-01-22", "travelStartDate": "2020-01-24", "discountFlag": "" }
ErrorMessage : getdetail-webexception=
InnerExceptionMessage : The remote server returned an error: (400) Bad Request.
ErrorMessage : https://preprod-digitpolicyissuance.godigit.com/policyservice/v1/createQuote
InnerExceptionMessage : { "bookingId": "retail-2020-36039025", "type": "I", "purpose": "L", "customer": { "firstName": "sdsf vghfg", "lastName": "Justforretail", "address": { "line1": "N.W. College", "line2": "", "line3": "", "state": "27", "city": "kljkl", "country": "IND", "pinCode": "411001" }, "documents": [ { "type": "PPT", "id": "D89U0112" } ], "dob": "1990-02-02", "mobile": "9353568667", "email": "Bindu.S@godigit.com", "type": "N" }, "insuredPersons": [ { "firstName": "Neha", "lastName": "Justforretail", "address": { "line1": "N.W. College", "line2": "", "line3": "", "state": "27", "city": "Pune", "country": "IND", "pinCode": "411001" }, "documents": [ { "type": "PPT", "id": "D890112" } ], "dob": "1990-02-02", "mobile": "9888775656", "email": "divay@gmail.com", "profession": "", "paxId": "1", "nominee": { "relationship": "S", "name": "Uduwei Uhdewui" }, "type": "N", "gender": "ML" } ], "insuredPersonsCount": "1", "bookingDate": "2020-01-27", "packageName": "R14", "geography": "UCI", "travelEndDate": "2020-01-22", "travelStartDate": "2020-01-24", "discountFlag": "" }
ErrorMessage : getdetail-webexception=
InnerExceptionMessage : The remote server returned an error: (400) Bad Request.
ErrorMessage : https://preprod-digitpolicyissuance.godigit.com/policyservice/v1/createQuote
InnerExceptionMessage : { "bookingId": "retail-2020-76591569", "type": "I", "purpose": "L", "customer": { "firstName": "sdsf vghfg", "lastName": "Justforretail", "address": { "line1": "N.W. College", "line2": "", "line3": "", "state": "27", "city": "kljkl", "country": "IND", "pinCode": "411001" }, "documents": [ { "type": "PPT", "id": "D89U0112" } ], "dob": "1990-02-02", "mobile": "9353568667", "email": "Bindu.S@godigit.com", "type": "N" }, "insuredPersons": [ { "firstName": "Neha", "lastName": "Justforretail", "address": { "line1": "N.W. College", "line2": "", "line3": "", "state": "27", "city": "Pune", "country": "IND", "pinCode": "411001" }, "documents": [ { "type": "PPT", "id": "D890112" } ], "dob": "1990-02-02", "mobile": "9888775656", "email": "divay@gmail.com", "profession": "", "paxId": "1", "nominee": { "relationship": "S", "name": "Uduwei Uhdewui" }, "type": "N", "gender": "ML" } ], "insuredPersonsCount": "1", "bookingDate": "2020-01-27", "packageName": "R14", "geography": "UCI", "travelEndDate": "2020-01-22", "travelStartDate": "2020-01-24", "discountFlag": "" }
ErrorMessage : getdetail-webexception=
InnerExceptionMessage : The remote server returned an error: (504) Gateway Timeout.
ErrorMessage : https://preprod-digitpolicyissuance.godigit.com/policyservice/v1/createQuote
InnerExceptionMessage : { "bookingId": "retail-2020-3081019", "type": "I", "purpose": "L", "customer": { "firstName": "sdsf vghfg", "lastName": "Justforretail", "address": { "line1": "N.W. College", "line2": "", "line3": "", "state": "27", "city": "kljkl", "country": "IND", "pinCode": "411001" }, "documents": [ { "type": "PPT", "id": "D89U0112" } ], "dob": "1990-02-02", "mobile": "9353568667", "email": "Bindu.S@godigit.com", "type": "N" }, "insuredPersons": [ { "firstName": "Neha", "lastName": "Justforretail", "address": { "line1": "N.W. College", "line2": "", "line3": "", "state": "27", "city": "Pune", "country": "IND", "pinCode": "411001" }, "documents": [ { "type": "PPT", "id": "D890112" } ], "dob": "1990-02-02", "mobile": "9888775656", "email": "divay@gmail.com", "profession": "", "paxId": "1", "nominee": { "relationship": "S", "name": "Uduwei Uhdewui" }, "type": "N", "gender": "ML" } ], "insuredPersonsCount": "1", "bookingDate": "2020-01-27", "packageName": "", "geography": "UCI", "travelEndDate": "2020-01-22", "travelStartDate": "2020-01-24", "discountFlag": "" }
ErrorMessage : getdetail-webexception=
InnerExceptionMessage : The remote server returned an error: (400) Bad Request.
ErrorMessage : https://preprod-digitpolicyissuance.godigit.com/policyservice/v1/createQuote
InnerExceptionMessage : { "bookingId": "retail-2020-41884019", "type": "I", "purpose": "L", "customer": { "firstName": "sdsf vghfg", "lastName": "Justforretail", "address": { "line1": "N.W. College", "line2": "", "line3": "", "state": "27", "city": "kljkl", "country": "IND", "pinCode": "411001" }, "documents": [ { "type": "PPT", "id": "D89U0112" } ], "dob": "1990-02-02", "mobile": "9353568667", "email": "Bindu.S@godigit.com", "type": "N" }, "insuredPersons": [ { "firstName": "Neha", "lastName": "Justforretail", "address": { "line1": "N.W. College", "line2": "", "line3": "", "state": "27", "city": "Pune", "country": "IND", "pinCode": "411001" }, "documents": [ { "type": "PPT", "id": "D890112" } ], "dob": "1990-02-02", "mobile": "9888775656", "email": "divay@gmail.com", "profession": "", "paxId": "1", "nominee": { "relationship": "S", "name": "Uduwei Uhdewui" }, "type": "N", "gender": "ML" } ], "insuredPersonsCount": "1", "bookingDate": "2020-01-27", "packageName": "", "geography": "UCI", "travelEndDate": "2020-01-22", "travelStartDate": "2020-01-24", "discountFlag": "" }
ErrorMessage : getdetail-webexception=
InnerExceptionMessage : The remote server returned an error: (400) Bad Request.
ErrorMessage : https://preprod-digitpolicyissuance.godigit.com/policyservice/v1/createQuote
InnerExceptionMessage : { "bookingId": "retail-2020-17082388", "type": "I", "purpose": "L", "customer": { "firstName": "sdsf vghfg", "lastName": "Justforretail", "address": { "line1": "N.W. College", "line2": "", "line3": "", "state": "27", "city": "kljkl", "country": "IND", "pinCode": "411001" }, "documents": [ { "type": "PPT", "id": "D89U0112" } ], "dob": "1990-02-02", "mobile": "9353568667", "email": "Bindu.S@godigit.com", "type": "N" }, "insuredPersons": [ { "firstName": "Neha", "lastName": "Justforretail", "address": { "line1": "N.W. College", "line2": "", "line3": "", "state": "27", "city": "Pune", "country": "IND", "pinCode": "411001" }, "documents": [ { "type": "PPT", "id": "D890112" } ], "dob": "1990-02-02", "mobile": "9888775656", "email": "divay@gmail.com", "profession": "", "paxId": "1", "nominee": { "relationship": "S", "name": "Uduwei Uhdewui" }, "type": "N", "gender": "ML" } ], "insuredPersonsCount": "1", "bookingDate": "2020-01-27", "packageName": "R12", "geography": "UCI", "travelEndDate": "2020-01-22", "travelStartDate": "2020-01-24", "discountFlag": "" }
ErrorMessage : getdetail-webexception=
InnerExceptionMessage : The remote server returned an error: (400) Bad Request.
ErrorMessage : dasd=
InnerExceptionMessage : {
  "bookingId" : "retail-2020-78449304",
  "insuredPersons" : [ {
    "paxId" : "1",
    "paymentDetails" : {
      "policyPremium" : "726.0",
      "sgst" : "55.0",
      "cgst" : "55.0",
      "ugst" : "0.0",
      "igst" : "0.0",
      "invoiceNumber" : "IA001090558",
      "policyNetPremium" : "616.0"
    },
    "policyID" : "D400241211",
    "transactionDate" : "27-01-2020T16:03:19",
    "status" : {
      "code" : "200",
      "message" : "Success"
    },
    "policyStatus" : "INCOMPLETE",
    "applicationId" : "V2381D88BC3301F67FE1B070BD8A14145DE87091C9EEC4EE46D1A372E0D3476107C7ED1888F9E24B121EFEFCD71BA81104",
    "paymentLink" : "https://preprod-digitpaymentgateway.godigit.com/DigitPaymentGateway/payments?target=934C94E15ED5A356E35DAA43C106EAB2"
  } ],
  "status" : {
    "code" : "200",
    "message" : "SUCCESS"
  }
}
ErrorMessage : dasd=
InnerExceptionMessage : {
  "bookingId" : "retail-2020-12789320",
  "insuredPersons" : [ {
    "paxId" : "1",
    "paymentDetails" : {
      "policyPremium" : "726.0",
      "sgst" : "55.0",
      "cgst" : "55.0",
      "ugst" : "0.0",
      "igst" : "0.0",
      "invoiceNumber" : "IA001090559",
      "policyNetPremium" : "616.0"
    },
    "policyID" : "D400241213",
    "transactionDate" : "27-01-2020T16:04:17",
    "status" : {
      "code" : "200",
      "message" : "Success"
    },
    "policyStatus" : "INCOMPLETE",
    "applicationId" : "V2F3962116C53485D85773C13A1580C766E87091C9EEC4EE46D1A372E0D3476107C7ED1888F9E24B121EFEFCD71BA81104",
    "paymentLink" : "https://preprod-digitpaymentgateway.godigit.com/DigitPaymentGateway/payments?target=F8EAC3D4EE972ACC936009DE0E725E59"
  } ],
  "status" : {
    "code" : "200",
    "message" : "SUCCESS"
  }
}
ErrorMessage : dasd=
InnerExceptionMessage : {
  "bookingId" : "retail-2020-24410955",
  "insuredPersons" : [ {
    "paxId" : "1",
    "paymentDetails" : {
      "policyPremium" : "726.0",
      "sgst" : "55.0",
      "cgst" : "55.0",
      "ugst" : "0.0",
      "igst" : "0.0",
      "invoiceNumber" : "IA001090577",
      "policyNetPremium" : "616.0"
    },
    "policyID" : "D400241232",
    "transactionDate" : "27-01-2020T16:11:16",
    "status" : {
      "code" : "200",
      "message" : "Success"
    },
    "policyStatus" : "INCOMPLETE",
    "applicationId" : "V231B7152F320CECB44B4FAB65D1700596E87091C9EEC4EE46D1A372E0D3476107C7ED1888F9E24B121EFEFCD71BA81104",
    "paymentLink" : "https://preprod-digitpaymentgateway.godigit.com/DigitPaymentGateway/payments?target=913D29B1B0CA262EEC081D23F980EB0D"
  } ],
  "status" : {
    "code" : "200",
    "message" : "SUCCESS"
  }
}
ErrorMessage : dasd=
InnerExceptionMessage : {
  "bookingId" : "retail-2020-63370922",
  "insuredPersons" : [ {
    "paxId" : "1",
    "paymentDetails" : {
      "policyPremium" : "726.0",
      "sgst" : "55.0",
      "cgst" : "55.0",
      "ugst" : "0.0",
      "igst" : "0.0",
      "invoiceNumber" : "IA001090579",
      "policyNetPremium" : "616.0"
    },
    "policyID" : "D400241235",
    "transactionDate" : "27-01-2020T16:13:51",
    "status" : {
      "code" : "200",
      "message" : "Success"
    },
    "policyStatus" : "INCOMPLETE",
    "applicationId" : "V23D8A67BF659F388118D502E3B5AF4F29E87091C9EEC4EE46D1A372E0D3476107C7ED1888F9E24B121EFEFCD71BA81104",
    "paymentLink" : "https://preprod-digitpaymentgateway.godigit.com/DigitPaymentGateway/payments?target=6E425773F2B87CA55672662974F3D9AD"
  } ],
  "status" : {
    "code" : "200",
    "message" : "SUCCESS"
  }
}
ErrorMessage : https://preprod-digitpolicyissuance.godigit.com/policyservice/v1/createQuote
InnerExceptionMessage : { "bookingId": "retail-2020-35773249", "type": "I", "purpose": "L", "customer": { "firstName": "ffeg", "lastName": "Justforretail", "address": { "line1": "N.W. College", "line2": "", "line3": "", "state": "27", "city": "Lucknow", "country": "IND", "pinCode": "411001" }, "documents": [ { "type": "PPT", "id": "D89U0112" } ], "dob": "1990-02-02", "mobile": "9353568667", "email": "Bindu.S@godigit.com", "type": "N" }, "insuredPersons": [ { "firstName": "Neha", "lastName": "Justforretail", "address": { "line1": "N.W. College", "line2": "", "line3": "", "state": "27", "city": "Pune", "country": "IND", "pinCode": "411001" }, "documents": [ { "type": "PPT", "id": "D890112" } ], "dob": "1990-02-02", "mobile": "7845142521", "email": "j", "profession": "", "paxId": "1", "nominee": { "relationship": "S", "name": "Uduwei Uhdewui" }, "type": "N", "gender": "ML" } ], "insuredPersonsCount": "1", "bookingDate": "2020-01-27", "packageName": "R14", "geography": "UCI", "travelEndDate": "2020-01-31", "travelStartDate": "2020-01-28", "discountFlag": "" }
ErrorMessage : getdetail-webexception=
InnerExceptionMessage : The remote server returned an error: (500) Internal Server Error.
ErrorMessage : dasd=
InnerExceptionMessage : {
  "bookingId" : "retail-2020-86249973",
  "insuredPersons" : [ {
    "paxId" : "1",
    "paymentDetails" : {
      "policyPremium" : "726.0",
      "sgst" : "55.0",
      "cgst" : "55.0",
      "ugst" : "0.0",
      "igst" : "0.0",
      "invoiceNumber" : "IA001090585",
      "policyNetPremium" : "616.0"
    },
    "policyID" : "D400241240",
    "transactionDate" : "27-01-2020T16:25:52",
    "status" : {
      "code" : "200",
      "message" : "Success"
    },
    "policyStatus" : "INCOMPLETE",
    "applicationId" : "V252D3A8EA90D125A9588201E26FF8898AE87091C9EEC4EE46D1A372E0D3476107C7ED1888F9E24B121EFEFCD71BA81104",
    "paymentLink" : "https://preprod-digitpaymentgateway.godigit.com/DigitPaymentGateway/payments?target=607040E39623C3ABD89EB461BF6E90E7"
  } ],
  "status" : {
    "code" : "200",
    "message" : "SUCCESS"
  }
}
ErrorMessage : dasd=
InnerExceptionMessage : {
  "bookingId" : "retail-2020-10903265",
  "insuredPersons" : [ {
    "paxId" : "1",
    "paymentDetails" : {
      "policyPremium" : "726.0",
      "sgst" : "55.0",
      "cgst" : "55.0",
      "ugst" : "0.0",
      "igst" : "0.0",
      "invoiceNumber" : "IA001090588",
      "policyNetPremium" : "616.0"
    },
    "policyID" : "D400241243",
    "transactionDate" : "27-01-2020T16:27:32",
    "status" : {
      "code" : "200",
      "message" : "Success"
    },
    "policyStatus" : "INCOMPLETE",
    "applicationId" : "V2320DDFC38507680C83D7BEE018839747E87091C9EEC4EE46D1A372E0D3476107C7ED1888F9E24B121EFEFCD71BA81104",
    "paymentLink" : "https://preprod-digitpaymentgateway.godigit.com/DigitPaymentGateway/payments?target=17B0DCB923BDD736553D049C5F5B7329"
  } ],
  "status" : {
    "code" : "200",
    "message" : "SUCCESS"
  }
}
ErrorMessage : dasd=
InnerExceptionMessage : {
  "bookingId" : "retail-2020-78016115",
  "insuredPersons" : [ {
    "paxId" : "1",
    "paymentDetails" : {
      "policyPremium" : "726.0",
      "sgst" : "55.0",
      "cgst" : "55.0",
      "ugst" : "0.0",
      "igst" : "0.0",
      "invoiceNumber" : "IA001090592",
      "policyNetPremium" : "616.0"
    },
    "policyID" : "D400241247",
    "transactionDate" : "27-01-2020T16:29:53",
    "status" : {
      "code" : "200",
      "message" : "Success"
    },
    "policyStatus" : "INCOMPLETE",
    "applicationId" : "V2DCA970E226764B79D0DD80F4A3F36FCCE87091C9EEC4EE46D1A372E0D3476107C7ED1888F9E24B121EFEFCD71BA81104",
    "paymentLink" : "https://preprod-digitpaymentgateway.godigit.com/DigitPaymentGateway/payments?target=00F29F55878DF7C397FCCEB281C9D32D"
  } ],
  "status" : {
    "code" : "200",
    "message" : "SUCCESS"
  }
}
ErrorMessage : dasd=
InnerExceptionMessage : {
  "bookingId" : "retail-2020-34510561",
  "insuredPersons" : [ {
    "paxId" : "1",
    "paymentDetails" : {
      "policyPremium" : "726.0",
      "sgst" : "55.0",
      "cgst" : "55.0",
      "ugst" : "0.0",
      "igst" : "0.0",
      "invoiceNumber" : "IA001090615",
      "policyNetPremium" : "616.0"
    },
    "policyID" : "D400241278",
    "transactionDate" : "27-01-2020T16:34:12",
    "status" : {
      "code" : "200",
      "message" : "Success"
    },
    "policyStatus" : "INCOMPLETE",
    "applicationId" : "V2592922012A3FFB18DAF66D328957F01EE87091C9EEC4EE46D1A372E0D3476107C7ED1888F9E24B121EFEFCD71BA81104",
    "paymentLink" : "https://preprod-digitpaymentgateway.godigit.com/DigitPaymentGateway/payments?target=BF27B57B9ABC1E29BEDAB91751E02869"
  } ],
  "status" : {
    "code" : "200",
    "message" : "SUCCESS"
  }
}
ErrorMessage : https://preprod-digitpolicyissuance.godigit.com/policyservice/v1/createQuote
InnerExceptionMessage : { "bookingId": "retail-2020-30863133", "type": "I", "purpose": "L", "customer": { "firstName": "sdsf vghfg", "lastName": "Justforretail", "address": { "line1": "N.W. College", "line2": "", "line3": "", "state": "27", "city": "kljkl", "country": "IND", "pinCode": "411001" }, "documents": [ { "type": "PPT", "id": "D89U0112" } ], "dob": "1990-02-02", "mobile": "9353568667", "email": "Bindu.S@godigit.com", "type": "N" }, "insuredPersons": [ { "firstName": "Neha", "lastName": "Justforretail", "address": { "line1": "N.W. College", "line2": "", "line3": "", "state": "27", "city": "Pune", "country": "IND", "pinCode": "411001" }, "documents": [ { "type": "PPT", "id": "D890112" } ], "dob": "1990-02-02", "mobile": "9888775656", "email": "divay@gmail.com", "profession": "", "paxId": "1", "nominee": { "relationship": "S", "name": "Uduwei Uhdewui" }, "type": "N", "gender": "ML" } ], "insuredPersonsCount": "1", "bookingDate": "2020-01-27", "packageName": "R14", "geography": "UCI", "travelEndDate": "2020-01-24", "travelStartDate": "2020-01-22", "discountFlag": "" }
ErrorMessage : getdetail-webexception=
InnerExceptionMessage : The remote server returned an error: (500) Internal Server Error.
ErrorMessage : dasd=
InnerExceptionMessage : {
  "bookingId" : "retail-2020-70705501",
  "insuredPersons" : [ {
    "paxId" : "1",
    "paymentDetails" : {
      "policyPremium" : "726.0",
      "sgst" : "55.0",
      "cgst" : "55.0",
      "ugst" : "0.0",
      "igst" : "0.0",
      "invoiceNumber" : "IA001090616",
      "policyNetPremium" : "616.0"
    },
    "policyID" : "D400241279",
    "transactionDate" : "27-01-2020T16:37:45",
    "status" : {
      "code" : "200",
      "message" : "Success"
    },
    "policyStatus" : "INCOMPLETE",
    "applicationId" : "V2320ED21729E2A041F48547421102B980E87091C9EEC4EE46D1A372E0D3476107C7ED1888F9E24B121EFEFCD71BA81104",
    "paymentLink" : "https://preprod-digitpaymentgateway.godigit.com/DigitPaymentGateway/payments?target=BBBD4E9CC470D9EFF313C51C05F62228"
  } ],
  "status" : {
    "code" : "200",
    "message" : "SUCCESS"
  }
}
ErrorMessage : dasd=
InnerExceptionMessage : {
  "bookingId" : "retail-2020-99049876",
  "insuredPersons" : [ {
    "paxId" : "1",
    "paymentDetails" : {
      "policyPremium" : "726.0",
      "sgst" : "55.0",
      "cgst" : "55.0",
      "ugst" : "0.0",
      "igst" : "0.0",
      "invoiceNumber" : "IA001090620",
      "policyNetPremium" : "616.0"
    },
    "policyID" : "D400241284",
    "transactionDate" : "27-01-2020T16:40:39",
    "status" : {
      "code" : "200",
      "message" : "Success"
    },
    "policyStatus" : "INCOMPLETE",
    "applicationId" : "V2323F2D12288610FFBA3D38AFD0F8FFF2E87091C9EEC4EE46D1A372E0D3476107C7ED1888F9E24B121EFEFCD71BA81104",
    "paymentLink" : "https://preprod-digitpaymentgateway.godigit.com/DigitPaymentGateway/payments?target=85A5FA2CCEAEDA49F05F46218969946D"
  } ],
  "status" : {
    "code" : "200",
    "message" : "SUCCESS"
  }
}
ErrorMessage : dasd=
InnerExceptionMessage : {
  "bookingId" : "retail-2020-80275097",
  "insuredPersons" : [ {
    "paxId" : "1",
    "paymentDetails" : {
      "policyPremium" : "726.0",
      "sgst" : "55.0",
      "cgst" : "55.0",
      "ugst" : "0.0",
      "igst" : "0.0",
      "invoiceNumber" : "IA001090623",
      "policyNetPremium" : "616.0"
    },
    "policyID" : "D400241288",
    "transactionDate" : "27-01-2020T16:42:30",
    "status" : {
      "code" : "200",
      "message" : "Success"
    },
    "policyStatus" : "INCOMPLETE",
    "applicationId" : "V2F4650A2DDBD15A73A4E2F124015FCD94E87091C9EEC4EE46D1A372E0D3476107C7ED1888F9E24B121EFEFCD71BA81104",
    "paymentLink" : "https://preprod-digitpaymentgateway.godigit.com/DigitPaymentGateway/payments?target=A9C2B8DDD4890AB797F77B9AD468F2C1"
  } ],
  "status" : {
    "code" : "200",
    "message" : "SUCCESS"
  }
}
ErrorMessage : dasd=
InnerExceptionMessage : {
  "bookingId" : "retail-2020-61268678",
  "insuredPersons" : [ {
    "paxId" : "1",
    "paymentDetails" : {
      "policyPremium" : "726.0",
      "sgst" : "55.0",
      "cgst" : "55.0",
      "ugst" : "0.0",
      "igst" : "0.0",
      "invoiceNumber" : "IA001090626",
      "policyNetPremium" : "616.0"
    },
    "policyID" : "D400241291",
    "transactionDate" : "27-01-2020T16:44:15",
    "status" : {
      "code" : "200",
      "message" : "Success"
    },
    "policyStatus" : "INCOMPLETE",
    "applicationId" : "V28EC47C90AB16845192AA55A78739622BE87091C9EEC4EE46D1A372E0D3476107C7ED1888F9E24B121EFEFCD71BA81104",
    "paymentLink" : "https://preprod-digitpaymentgateway.godigit.com/DigitPaymentGateway/payments?target=DF633A1F72C1FCCE7B462996BB918BF6"
  } ],
  "status" : {
    "code" : "200",
    "message" : "SUCCESS"
  }
}
ErrorMessage : dasd=
InnerExceptionMessage : {
  "bookingId" : "retail-2020-55701289",
  "insuredPersons" : [ {
    "paxId" : "1",
    "paymentDetails" : {
      "policyPremium" : "726.0",
      "sgst" : "55.0",
      "cgst" : "55.0",
      "ugst" : "0.0",
      "igst" : "0.0",
      "invoiceNumber" : "IA001090628",
      "policyNetPremium" : "616.0"
    },
    "policyID" : "D400241293",
    "transactionDate" : "27-01-2020T16:47:26",
    "status" : {
      "code" : "200",
      "message" : "Success"
    },
    "policyStatus" : "INCOMPLETE",
    "applicationId" : "V2C9AB1739680DE6AE7C68EFB268132C52E87091C9EEC4EE46D1A372E0D3476107C7ED1888F9E24B121EFEFCD71BA81104",
    "paymentLink" : "https://preprod-digitpaymentgateway.godigit.com/DigitPaymentGateway/payments?target=BCA4839CF645DF05F612242E318FE169"
  } ],
  "status" : {
    "code" : "200",
    "message" : "SUCCESS"
  }
}
ErrorMessage : https://preprod-digitpolicyissuance.godigit.com/policyservice/v1/createQuote
InnerExceptionMessage : { "bookingId": "retail-2020-20478369", "type": "I", "purpose": "L", "customer": { "firstName": "sdsf vghfg", "lastName": "Justforretail", "address": { "line1": "N.W. College", "line2": "", "line3": "", "state": "27", "city": "kljkl", "country": "IND", "pinCode": "411001" }, "documents": [ { "type": "PPT", "id": "D89U0112" } ], "dob": "1990-02-02", "mobile": "9353568667", "email": "Bindu.S@godigit.com", "type": "N" }, "insuredPersons": [ { "firstName": "Neha", "lastName": "Justforretail", "address": { "line1": "N.W. College", "line2": "", "line3": "", "state": "27", "city": "Pune", "country": "IND", "pinCode": "411001" }, "documents": [ { "type": "PPT", "id": "D890112" } ], "dob": "1990-02-02", "mobile": "9888775656", "email": "divay@gmail.com", "profession": "", "paxId": "1", "nominee": { "relationship": "S", "name": "Uduwei Uhdewui" }, "type": "N", "gender": "ML" } ], "insuredPersonsCount": "1", "bookingDate": "2020-01-27", "packageName": "R14", "geography": "UCI", "travelEndDate": "2020-01-24", "travelStartDate": "2020-01-22", "discountFlag": "" }
ErrorMessage : getdetail-webexception=
InnerExceptionMessage : The remote server returned an error: (504) Gateway Timeout.
ErrorMessage : dasd=
InnerExceptionMessage : {
  "bookingId" : "retail-2020-34540959",
  "insuredPersons" : [ {
    "paxId" : "1",
    "paymentDetails" : {
      "policyPremium" : "726.0",
      "sgst" : "55.0",
      "cgst" : "55.0",
      "ugst" : "0.0",
      "igst" : "0.0",
      "invoiceNumber" : "IA001090632",
      "policyNetPremium" : "616.0"
    },
    "policyID" : "D400241298",
    "transactionDate" : "27-01-2020T16:50:15",
    "status" : {
      "code" : "200",
      "message" : "Success"
    },
    "policyStatus" : "INCOMPLETE",
    "applicationId" : "V2328315AEEC0C0E42066EFA2CE224872CE87091C9EEC4EE46D1A372E0D3476107C7ED1888F9E24B121EFEFCD71BA81104",
    "paymentLink" : "https://preprod-digitpaymentgateway.godigit.com/DigitPaymentGateway/payments?target=C7AA717892C4D7E14A7C563E35DD7D21"
  } ],
  "status" : {
    "code" : "200",
    "message" : "SUCCESS"
  }
}
ErrorMessage : dasd=
InnerExceptionMessage : {
  "bookingId" : "retail-2020-97506772",
  "insuredPersons" : [ {
    "paxId" : "1",
    "paymentDetails" : {
      "policyPremium" : "726.0",
      "sgst" : "55.0",
      "cgst" : "55.0",
      "ugst" : "0.0",
      "igst" : "0.0",
      "invoiceNumber" : "IA001090634",
      "policyNetPremium" : "616.0"
    },
    "policyID" : "D400241299",
    "transactionDate" : "27-01-2020T16:52:37",
    "status" : {
      "code" : "200",
      "message" : "Success"
    },
    "policyStatus" : "INCOMPLETE",
    "applicationId" : "V26B857272A9D5AE46E5A8B1357DA9376BE87091C9EEC4EE46D1A372E0D3476107C7ED1888F9E24B121EFEFCD71BA81104",
    "paymentLink" : "https://preprod-digitpaymentgateway.godigit.com/DigitPaymentGateway/payments?target=2D46BA8DC80AAABEB22EAB4420A969E1"
  } ],
  "status" : {
    "code" : "200",
    "message" : "SUCCESS"
  }
}
ErrorMessage : https://preprod-digitpolicyissuance.godigit.com/policyservice/v1/createQuote
InnerExceptionMessage : { "bookingId": "retail-2020-44758505", "type": "I", "purpose": "L", "customer": { "firstName": "sdsf vghfg", "lastName": "Justforretail", "address": { "line1": "N.W. College", "line2": "", "line3": "", "state": "27", "city": "kljkl", "country": "IND", "pinCode": "411001" }, "documents": [ { "type": "PPT", "id": "D89U0112" } ], "dob": "1990-02-02", "mobile": "9353568667", "email": "Bindu.S@godigit.com", "type": "N" }, "insuredPersons": [ { "firstName": "Neha", "lastName": "Justforretail", "address": { "line1": "N.W. College", "line2": "", "line3": "", "state": "27", "city": "Pune", "country": "IND", "pinCode": "411001" }, "documents": [ { "type": "PPT", "id": "D890112" } ], "dob": "1990-02-02", "mobile": "9888775656", "email": "divay@gmail.com", "profession": "", "paxId": "1", "nominee": { "relationship": "S", "name": "Uduwei Uhdewui" }, "type": "N", "gender": "ML" } ], "insuredPersonsCount": "1", "bookingDate": "2020-01-27", "packageName": "R14", "geography": "UCI", "travelEndDate": "2020-01-24", "travelStartDate": "2020-01-22", "discountFlag": "" }
ErrorMessage : getdetail-webexception=
InnerExceptionMessage : The remote server returned an error: (504) Gateway Timeout.
ErrorMessage : dasd=
InnerExceptionMessage : {
  "bookingId" : "retail-2020-71319313",
  "insuredPersons" : [ {
    "paxId" : "1",
    "paymentDetails" : {
      "policyPremium" : "726.0",
      "sgst" : "55.0",
      "cgst" : "55.0",
      "ugst" : "0.0",
      "igst" : "0.0",
      "invoiceNumber" : "IA001090650",
      "policyNetPremium" : "616.0"
    },
    "policyID" : "D400241310",
    "transactionDate" : "27-01-2020T16:56:23",
    "status" : {
      "code" : "200",
      "message" : "Success"
    },
    "policyStatus" : "INCOMPLETE",
    "applicationId" : "V2504726BAB204A9CAE42251F76914394EE87091C9EEC4EE46D1A372E0D3476107C7ED1888F9E24B121EFEFCD71BA81104",
    "paymentLink" : "https://preprod-digitpaymentgateway.godigit.com/DigitPaymentGateway/payments?target=9F68D620515191507FF5190859C696C1"
  } ],
  "status" : {
    "code" : "200",
    "message" : "SUCCESS"
  }
}
ErrorMessage : dasd=
InnerExceptionMessage : {
  "bookingId" : "retail-2020-2647406",
  "insuredPersons" : [ {
    "paxId" : "1",
    "paymentDetails" : {
      "policyPremium" : "726.0",
      "sgst" : "55.0",
      "cgst" : "55.0",
      "ugst" : "0.0",
      "igst" : "0.0",
      "invoiceNumber" : "IA001090655",
      "policyNetPremium" : "616.0"
    },
    "policyID" : "D400241315",
    "transactionDate" : "27-01-2020T17:00:16",
    "status" : {
      "code" : "200",
      "message" : "Success"
    },
    "policyStatus" : "INCOMPLETE",
    "applicationId" : "V257FC988C3482AC9E0700BAFEDC436D6FE87091C9EEC4EE46D1A372E0D3476107C7ED1888F9E24B121EFEFCD71BA81104",
    "paymentLink" : "https://preprod-digitpaymentgateway.godigit.com/DigitPaymentGateway/payments?target=4EAEB30FF200A6B60FC8EF9C1B731986"
  } ],
  "status" : {
    "code" : "200",
    "message" : "SUCCESS"
  }
}
ErrorMessage : dasd=
InnerExceptionMessage : {
  "bookingId" : "retail-2020-87921107",
  "insuredPersons" : [ {
    "paxId" : "1",
    "paymentDetails" : {
      "policyPremium" : "726.0",
      "sgst" : "55.0",
      "cgst" : "55.0",
      "ugst" : "0.0",
      "igst" : "0.0",
      "invoiceNumber" : "IA001090657",
      "policyNetPremium" : "616.0"
    },
    "policyID" : "D400241317",
    "transactionDate" : "27-01-2020T17:02:19",
    "status" : {
      "code" : "200",
      "message" : "Success"
    },
    "policyStatus" : "INCOMPLETE",
    "applicationId" : "V2D0F0A5DEB7954076D79FAB7DEE5E4B0CE87091C9EEC4EE46D1A372E0D3476107C7ED1888F9E24B121EFEFCD71BA81104",
    "paymentLink" : "https://preprod-digitpaymentgateway.godigit.com/DigitPaymentGateway/payments?target=A5CECEF2FE19F96E3D2A7CF7B1C520A1"
  } ],
  "status" : {
    "code" : "200",
    "message" : "SUCCESS"
  }
}
ErrorMessage : dasd=
InnerExceptionMessage : {
  "bookingId" : "retail-2020-6736228",
  "insuredPersons" : [ {
    "paxId" : "1",
    "paymentDetails" : {
      "policyPremium" : "726.0",
      "sgst" : "55.0",
      "cgst" : "55.0",
      "ugst" : "0.0",
      "igst" : "0.0",
      "invoiceNumber" : "IA001090660",
      "policyNetPremium" : "616.0"
    },
    "policyID" : "D400241320",
    "transactionDate" : "27-01-2020T17:06:56",
    "status" : {
      "code" : "200",
      "message" : "Success"
    },
    "policyStatus" : "INCOMPLETE",
    "applicationId" : "V269D5466EFF2E9AC7D851A84646F0D271E87091C9EEC4EE46D1A372E0D3476107C7ED1888F9E24B121EFEFCD71BA81104",
    "paymentLink" : "https://preprod-digitpaymentgateway.godigit.com/DigitPaymentGateway/payments?target=C91D760596BBC599BDE2988C7E746F61"
  } ],
  "status" : {
    "code" : "200",
    "message" : "SUCCESS"
  }
}
ErrorMessage : https://preprod-digitpolicyissuance.godigit.com/policyservice/v1/createQuote
InnerExceptionMessage : { "bookingId": "retail-2020-24440119", "type": "I", "purpose": "L", "customer": { "firstName": "sdsf vghfg", "lastName": "Justforretail", "address": { "line1": "N.W. College", "line2": "", "line3": "", "state": "27", "city": "kljkl", "country": "IND", "pinCode": "411001" }, "documents": [ { "type": "PPT", "id": "D89U0112" } ], "dob": "1990-02-02", "mobile": "9353568667", "email": "Bindu.S@godigit.com", "type": "N" }, "insuredPersons": [ { "firstName": "Neha", "lastName": "Justforretail", "address": { "line1": "N.W. College", "line2": "", "line3": "", "state": "27", "city": "Pune", "country": "IND", "pinCode": "411001" }, "documents": [ { "type": "PPT", "id": "D890112" } ], "dob": "1990-02-02", "mobile": "9888775656", "email": "divay@gmail.com", "profession": "", "paxId": "1", "nominee": { "relationship": "S", "name": "Uduwei Uhdewui" }, "type": "N", "gender": "ML" } ], "insuredPersonsCount": "1", "bookingDate": "2020-01-27", "packageName": "R14", "geography": "UCI", "travelEndDate": "2020-01-24", "travelStartDate": "2020-01-22", "discountFlag": "" }
ErrorMessage : getdetail-webexception=
InnerExceptionMessage : The remote server returned an error: (504) Gateway Timeout.
ErrorMessage : dasd=
InnerExceptionMessage : {
  "bookingId" : "retail-2020-92006615",
  "insuredPersons" : [ {
    "paxId" : "1",
    "paymentDetails" : {
      "policyPremium" : "726.0",
      "sgst" : "55.0",
      "cgst" : "55.0",
      "ugst" : "0.0",
      "igst" : "0.0",
      "invoiceNumber" : "IA001090665",
      "policyNetPremium" : "616.0"
    },
    "policyID" : "D400241324",
    "transactionDate" : "27-01-2020T17:12:10",
    "status" : {
      "code" : "200",
      "message" : "Success"
    },
    "policyStatus" : "INCOMPLETE",
    "applicationId" : "V2B7BF68BCCD345C5234449FD67C32AF86E87091C9EEC4EE46D1A372E0D3476107C7ED1888F9E24B121EFEFCD71BA81104",
    "paymentLink" : "https://preprod-digitpaymentgateway.godigit.com/DigitPaymentGateway/payments?target=B363CF2CBC986A542F8BEAA83D24515C"
  } ],
  "status" : {
    "code" : "200",
    "message" : "SUCCESS"
  }
}
ErrorMessage : dasd=
InnerExceptionMessage : {
  "bookingId" : "retail-2020-60391477",
  "insuredPersons" : [ {
    "paxId" : "1",
    "paymentDetails" : {
      "policyPremium" : "726.0",
      "sgst" : "55.0",
      "cgst" : "55.0",
      "ugst" : "0.0",
      "igst" : "0.0",
      "invoiceNumber" : "IA001090667",
      "policyNetPremium" : "616.0"
    },
    "policyID" : "D400241326",
    "transactionDate" : "27-01-2020T17:13:05",
    "status" : {
      "code" : "200",
      "message" : "Success"
    },
    "policyStatus" : "INCOMPLETE",
    "applicationId" : "V2B8D0A4A00C49AF6C0CF4BB203C7D0AA6E87091C9EEC4EE46D1A372E0D3476107C7ED1888F9E24B121EFEFCD71BA81104",
    "paymentLink" : "https://preprod-digitpaymentgateway.godigit.com/DigitPaymentGateway/payments?target=4AFBA9F0EB2ABFBB690449B0C1BD6FD9"
  } ],
  "status" : {
    "code" : "200",
    "message" : "SUCCESS"
  }
}
ErrorMessage : https://preprod-digitpolicyissuance.godigit.com/policyservice/v1/createQuote
InnerExceptionMessage : { "bookingId": "retail-2020-81471512", "type": "I", "purpose": "1", "customer": { "firstName": "fsf hnfrgh", "lastName": "Justforretail", "address": { "line1": "thgfrthg,lko", "line2": "", "line3": "", "state": "27", "city": "Lucknow", "country": "IND", "pinCode": "226016" }, "documents": [ { "type": "PPT", "id": "D89U0112" } ], "dob": "1990-01-01", "mobile": "9865655555", "email": "divya@gmail.com", "type": "N" }, "insuredPersons": [ { "firstName": "fsf hnfrgh", "lastName": "Justforretail", "address": { "line1": "thgfrthg,lko", "line2": "", "line3": "", "state": "27", "city": "Lucknow", "country": "IND", "pinCode": "226016" }, "documents": [ { "type": "PPT", "id": "D890112" } ], "dob": "1992-01-01", "mobile": "9865655555", "email": "divya@gmail.com", "profession": "", "paxId": "1", "nominee": { "relationship": "Nephew", "name": "fghfghf" }, "type": "N", "gender": "ML" } ], "insuredPersonsCount": "1", "bookingDate": "2020-01-27", "packageName": "", "geography": "UCI", "travelEndDate": "2020-01-30", "travelStartDate": "2020-01-28", "discountFlag": "" }
ErrorMessage : getdetail-webexception=
InnerExceptionMessage : The remote server returned an error: (500) Internal Server Error.
ErrorMessage : https://preprod-digitpolicyissuance.godigit.com/policyservice/v1/createQuote
InnerExceptionMessage : { "bookingId": "retail-2020-64202192", "type": "I", "purpose": "1", "customer": { "firstName": "fsf hnfrgh", "lastName": "Justforretail", "address": { "line1": "thgfrthg,lko", "line2": "", "line3": "", "state": "27", "city": "Lucknow", "country": "IND", "pinCode": "226016" }, "documents": [ { "type": "PPT", "id": "D89U0112" } ], "dob": "1990-01-01", "mobile": "9865655555", "email": "divya@gmail.com", "type": "N" }, "insuredPersons": [ { "firstName": "fsf hnfrgh", "lastName": "Justforretail", "address": { "line1": "thgfrthg,lko", "line2": "", "line3": "", "state": "27", "city": "Lucknow", "country": "IND", "pinCode": "226016" }, "documents": [ { "type": "PPT", "id": "D890112" } ], "dob": "1992-01-01", "mobile": "9865655555", "email": "divya@gmail.com", "profession": "", "paxId": "1", "nominee": { "relationship": "Nephew", "name": "fghfghf" }, "type": "N", "gender": "ML" } ], "insuredPersonsCount": "1", "bookingDate": "2020-01-27", "packageName": "", "geography": "UCI", "travelEndDate": "2020-01-30", "travelStartDate": "2020-01-28", "discountFlag": "" }
ErrorMessage : getdetail-webexception=
InnerExceptionMessage : The remote server returned an error: (400) Bad Request.
ErrorMessage : dasd=
InnerExceptionMessage : {
  "bookingId" : "retail-2020-41134848",
  "insuredPersons" : [ {
    "paxId" : "1",
    "paymentDetails" : {
      "policyPremium" : "726.0",
      "sgst" : "55.0",
      "cgst" : "55.0",
      "ugst" : "0.0",
      "igst" : "0.0",
      "invoiceNumber" : "IA001090674",
      "policyNetPremium" : "616.0"
    },
    "policyID" : "D400241336",
    "transactionDate" : "27-01-2020T17:20:01",
    "status" : {
      "code" : "200",
      "message" : "Success"
    },
    "policyStatus" : "INCOMPLETE",
    "applicationId" : "V2811966A4FA56F79E070AFDDEAF10A3DDE87091C9EEC4EE46D1A372E0D3476107C7ED1888F9E24B121EFEFCD71BA81104",
    "paymentLink" : "https://preprod-digitpaymentgateway.godigit.com/DigitPaymentGateway/payments?target=21F96C8A2AA3E76FC5E4E1DBFF10DED7"
  } ],
  "status" : {
    "code" : "200",
    "message" : "SUCCESS"
  }
}
ErrorMessage : https://preprod-digitpolicyissuance.godigit.com/policyservice/v1/createQuote
InnerExceptionMessage : { "bookingId": "retail-2020-96215570", "type": "I", "purpose": "L", "customer": { "firstName": "grftg ghfg", "lastName": "Justforretail", "address": { "line1": "N.W. College", "line2": "", "line3": "", "state": "27", "city": "lko", "country": "IND", "pinCode": "411001" }, "documents": [ { "type": "PPT", "id": "D89U0112" } ], "dob": "1990-02-02", "mobile": "9353568667", "email": "Bindu.S@godigit.com", "type": "N" }, "insuredPersons": [ { "firstName": "Neha", "lastName": "Justforretail", "address": { "line1": "N.W. College", "line2": "", "line3": "", "state": "27", "city": "Pune", "country": "IND", "pinCode": "411001" }, "documents": [ { "type": "PPT", "id": "D890112" } ], "dob": "1990-02-02", "mobile": "8767655443", "email": "dicvc@gmail.com", "profession": "", "paxId": "1", "nominee": { "relationship": "S", "name": "Uduwei Uhdewui" }, "type": "N", "gender": "ML" } ], "insuredPersonsCount": "1", "bookingDate": "2020-01-27", "packageName": "R14", "geography": "UCI", "travelEndDate": "2020-01-29", "travelStartDate": "2020-01-28", "discountFlag": "" }
ErrorMessage : getdetail-webexception=
InnerExceptionMessage : The remote server returned an error: (504) Gateway Timeout.
ErrorMessage : https://preprod-digitpolicyissuance.godigit.com/policyservice/v1/createQuote
InnerExceptionMessage : { "bookingId": "retail-2020-56101415", "type": "I", "purpose": "1", "customer": { "firstName": "grftg ghfg", "lastName": "Justforretail", "address": { "line1": "hghf,lko", "line2": "", "line3": "", "state": "27", "city": "Lucknow", "country": "IND", "pinCode": "226016" }, "documents": [ { "type": "PPT", "id": "D89U0112" } ], "dob": "1999-01-01", "mobile": "8767655443", "email": "dicvc@gmail.com", "type": "N" }, "insuredPersons": [ { "firstName": "grftg ghfg", "lastName": "Justforretail", "address": { "line1": "hghf,lko", "line2": "", "line3": "", "state": "27", "city": "Lucknow", "country": "IND", "pinCode": "226016" }, "documents": [ { "type": "PPT", "id": "D890112" } ], "dob": "1992-01-01", "mobile": "8767655443", "email": "dicvc@gmail.com", "profession": "", "paxId": "1", "nominee": { "relationship": "Parent", "name": "fghfghf" }, "type": "N", "gender": "ML" } ], "insuredPersonsCount": "1", "bookingDate": "2020-01-27", "packageName": "", "geography": "UCI", "travelEndDate": "2020-01-29", "travelStartDate": "2020-01-28", "discountFlag": "" }
ErrorMessage : getdetail-webexception=
InnerExceptionMessage : The remote server returned an error: (500) Internal Server Error.
ErrorMessage : dasd=
InnerExceptionMessage : {"referenceId":"166750aab6fd44b983614dd0b33223af","premium":535,"serviceTax":96,"totalPremium":631}
ErrorMessage : https://preprod-digitpolicyissuance.godigit.com/policyservice/v1/createQuote
InnerExceptionMessage : { "bookingId": "retail-2020-41178001", "type": "I", "purpose": "1", "customer": { "firstName": "grftg ghfg", "lastName": "Justforretail", "address": { "line1": "hghf,lko", "line2": "", "line3": "", "state": "27", "city": "Lucknow", "country": "IND", "pinCode": "226016" }, "documents": [ { "type": "PPT", "id": "D89U0112" } ], "dob": "1999-01-01", "mobile": "8767655443", "email": "dicvc@gmail.com", "type": "N" }, "insuredPersons": [ { "firstName": "grftg ghfg", "lastName": "Justforretail", "address": { "line1": "hghf,lko", "line2": "", "line3": "", "state": "27", "city": "Lucknow", "country": "IND", "pinCode": "226016" }, "documents": [ { "type": "PPT", "id": "D890112" } ], "dob": "1992-01-01", "mobile": "8767655443", "email": "dicvc@gmail.com", "profession": "", "paxId": "1", "nominee": { "relationship": "Parent", "name": "fghfghf" }, "type": "N", "gender": "ML" } ], "insuredPersonsCount": "1", "bookingDate": "2020-01-27", "packageName": "", "geography": "UCI", "travelEndDate": "2020-01-29", "travelStartDate": "2020-01-28", "discountFlag": "" }
ErrorMessage : getdetail-webexception=
InnerExceptionMessage : The remote server returned an error: (504) Gateway Timeout.
ErrorMessage : https://preprod-digitpolicyissuance.godigit.com/policyservice/v1/createQuote
InnerExceptionMessage : { "bookingId": "retail-2020-85824989", "type": "I", "purpose": "1", "customer": { "firstName": "grftg ghfg", "lastName": "Justforretail", "address": { "line1": "hghf,lko", "line2": "", "line3": "", "state": "27", "city": "Lucknow", "country": "IND", "pinCode": "226016" }, "documents": [ { "type": "PPT", "id": "D89U0112" } ], "dob": "1999-01-01", "mobile": "8767655443", "email": "dicvc@gmail.com", "type": "N" }, "insuredPersons": [ { "firstName": "grftg ghfg", "lastName": "Justforretail", "address": { "line1": "hghf,lko", "line2": "", "line3": "", "state": "27", "city": "Lucknow", "country": "IND", "pinCode": "226016" }, "documents": [ { "type": "PPT", "id": "D890112" } ], "dob": "1992-01-01", "mobile": "8767655443", "email": "dicvc@gmail.com", "profession": "", "paxId": "1", "nominee": { "relationship": "Parent", "name": "fghfghf" }, "type": "N", "gender": "ML" } ], "insuredPersonsCount": "1", "bookingDate": "2020-01-27", "packageName": "", "geography": "UCI", "travelEndDate": "2020-01-29", "travelStartDate": "2020-01-28", "discountFlag": "" }
ErrorMessage : getdetail-webexception=
InnerExceptionMessage : The remote server returned an error: (400) Bad Request.
ErrorMessage : https://preprod-digitpolicyissuance.godigit.com/policyservice/v1/createQuote
InnerExceptionMessage : { "bookingId": "retail-2020-64165050", "type": "I", "purpose": "1", "customer": { "firstName": "grftg ghfg", "lastName": "Justforretail", "address": { "line1": "hghf,lko", "line2": "", "line3": "", "state": "27", "city": "Lucknow", "country": "IND", "pinCode": "226016" }, "documents": [ { "type": "PPT", "id": "D89U0112" } ], "dob": "1999-01-01", "mobile": "8767655443", "email": "dicvc@gmail.com", "type": "N" }, "insuredPersons": [ { "firstName": "grftg ghfg", "lastName": "Justforretail", "address": { "line1": "hghf,lko", "line2": "", "line3": "", "state": "27", "city": "Lucknow", "country": "IND", "pinCode": "226016" }, "documents": [ { "type": "PPT", "id": "D890112" } ], "dob": "1992-01-01", "mobile": "8767655443", "email": "dicvc@gmail.com", "profession": "", "paxId": "1", "nominee": { "relationship": "Parent", "name": "fghfghf" }, "type": "N", "gender": "ML" } ], "insuredPersonsCount": "1", "bookingDate": "2020-01-27", "packageName": "", "geography": "UCI", "travelEndDate": "2020-01-29", "travelStartDate": "2020-01-28", "discountFlag": "" }
ErrorMessage : getdetail-webexception=
InnerExceptionMessage : The remote server returned an error: (400) Bad Request.
ErrorMessage : https://preprod-digitpolicyissuance.godigit.com/policyservice/v1/createQuote
InnerExceptionMessage : { "bookingId": "retail-2020-70719214", "type": "I", "purpose": "1", "customer": { "firstName": "grftg ghfg", "lastName": "Justforretail", "address": { "line1": "hghf,lko", "line2": "", "line3": "", "state": "27", "city": "Lucknow", "country": "IND", "pinCode": "226016" }, "documents": [ { "type": "PPT", "id": "D89U0112" } ], "dob": "1999-01-01", "mobile": "8767655443", "email": "dicvc@gmail.com", "type": "N" }, "insuredPersons": [ { "firstName": "grftg ghfg", "lastName": "Justforretail", "address": { "line1": "hghf,lko", "line2": "", "line3": "", "state": "27", "city": "Lucknow", "country": "IND", "pinCode": "226016" }, "documents": [ { "type": "PPT", "id": "D890112" } ], "dob": "1992-01-01", "mobile": "8767655443", "email": "dicvc@gmail.com", "profession": "", "paxId": "1", "nominee": { "relationship": "Parent", "name": "fghfghf" }, "type": "N", "gender": "ML" } ], "insuredPersonsCount": "1", "bookingDate": "2020-01-27", "packageName": "", "geography": "UCI", "travelEndDate": "2020-01-29", "travelStartDate": "2020-01-28", "discountFlag": "" }
ErrorMessage : getdetail-webexception=
InnerExceptionMessage : The remote server returned an error: (400) Bad Request.
ErrorMessage : https://preprod-digitpolicyissuance.godigit.com/policyservice/v1/createQuote
InnerExceptionMessage : { "bookingId": "retail-2020-97656687", "type": "I", "purpose": "1", "customer": { "firstName": "grftg ghfg", "lastName": "Justforretail", "address": { "line1": "hghf,lko", "line2": "", "line3": "", "state": "27", "city": "Lucknow", "country": "IND", "pinCode": "226016" }, "documents": [ { "type": "PPT", "id": "D89U0112" } ], "dob": "1999-01-01", "mobile": "8767655443", "email": "dicvc@gmail.com", "type": "N" }, "insuredPersons": [ { "firstName": "grftg ghfg", "lastName": "Justforretail", "address": { "line1": "hghf,lko", "line2": "", "line3": "", "state": "27", "city": "Lucknow", "country": "IND", "pinCode": "226016" }, "documents": [ { "type": "PPT", "id": "D890112" } ], "dob": "1992-01-01", "mobile": "8767655443", "email": "dicvc@gmail.com", "profession": "", "paxId": "1", "nominee": { "relationship": "Parent", "name": "fghfghf" }, "type": "N", "gender": "ML" } ], "insuredPersonsCount": "1", "bookingDate": "2020-01-27", "packageName": "", "geography": "UCI", "travelEndDate": "2020-01-29", "travelStartDate": "2020-01-28", "discountFlag": "" }
ErrorMessage : getdetail-webexception=
InnerExceptionMessage : The remote server returned an error: (400) Bad Request.
ErrorMessage : https://preprod-digitpolicyissuance.godigit.com/policyservice/v1/createQuote
InnerExceptionMessage : { "bookingId": "retail-2020-7071625", "type": "I", "purpose": "1", "customer": { "firstName": "grftg ghfg", "lastName": "Justforretail", "address": { "line1": "hghf,lko", "line2": "", "line3": "", "state": "27", "city": "Lucknow", "country": "IND", "pinCode": "226016" }, "documents": [ { "type": "PPT", "id": "D89U0112" } ], "dob": "1999-01-01", "mobile": "8767655443", "email": "dicvc@gmail.com", "type": "N" }, "insuredPersons": [ { "firstName": "grftg ghfg", "lastName": "Justforretail", "address": { "line1": "hghf,lko", "line2": "", "line3": "", "state": "27", "city": "Lucknow", "country": "IND", "pinCode": "226016" }, "documents": [ { "type": "PPT", "id": "D890112" } ], "dob": "1992-01-01", "mobile": "8767655443", "email": "dicvc@gmail.com", "profession": "", "paxId": "1", "nominee": { "relationship": "Parent", "name": "fghfghf" }, "type": "N", "gender": "ML" } ], "insuredPersonsCount": "1", "bookingDate": "2020-01-27", "packageName": "", "geography": "UCI", "travelEndDate": "2020-01-29", "travelStartDate": "2020-01-28", "discountFlag": "" }
ErrorMessage : getdetail-webexception=
InnerExceptionMessage : The remote server returned an error: (504) Gateway Timeout.
ErrorMessage : https://preprod-digitpolicyissuance.godigit.com/policyservice/v1/createQuote
InnerExceptionMessage : { "bookingId": "retail-2020-85359092", "type": "I", "purpose": "1", "customer": { "firstName": "grftg ghfg", "lastName": "Justforretail", "address": { "line1": "hghf,lko", "line2": "", "line3": "", "state": "27", "city": "Lucknow", "country": "IND", "pinCode": "226016" }, "documents": [ { "type": "PPT", "id": "D89U0112" } ], "dob": "1999-01-01", "mobile": "8767655443", "email": "dicvc@gmail.com", "type": "N" }, "insuredPersons": [ { "firstName": "grftg ghfg", "lastName": "Justforretail", "address": { "line1": "hghf,lko", "line2": "", "line3": "", "state": "27", "city": "Lucknow", "country": "IND", "pinCode": "226016" }, "documents": [ { "type": "PPT", "id": "D890112" } ], "dob": "1992-01-01", "mobile": "8767655443", "email": "dicvc@gmail.com", "profession": "", "paxId": "1", "nominee": { "relationship": "Parent", "name": "fghfghf" }, "type": "N", "gender": "ML" } ], "insuredPersonsCount": "1", "bookingDate": "2020-01-27", "packageName": "", "geography": "UCI", "travelEndDate": "2020-01-29", "travelStartDate": "2020-01-28", "discountFlag": "" }
ErrorMessage : getdetail-webexception=
InnerExceptionMessage : The remote server returned an error: (400) Bad Request.
ErrorMessage : https://preprod-digitpolicyissuance.godigit.com/policyservice/v1/createQuote
InnerExceptionMessage : { "bookingId": "retail-2020-35761648", "type": "I", "purpose": "1", "customer": { "firstName": "grftg ghfg", "lastName": "Justforretail", "address": { "line1": "hghf,lko", "line2": "", "line3": "", "state": "27", "city": "Lucknow", "country": "IND", "pinCode": "226016" }, "documents": [ { "type": "PPT", "id": "D89U0112" } ], "dob": "1999-01-01", "mobile": "8767655443", "email": "dicvc@gmail.com", "type": "N" }, "insuredPersons": [ { "firstName": "grftg ghfg", "lastName": "Justforretail", "address": { "line1": "hghf,lko", "line2": "", "line3": "", "state": "27", "city": "Lucknow", "country": "IND", "pinCode": "226016" }, "documents": [ { "type": "PPT", "id": "D890112" } ], "dob": "1992-01-01", "mobile": "8767655443", "email": "dicvc@gmail.com", "profession": "", "paxId": "1", "nominee": { "relationship": "Parent", "name": "fghfghf" }, "type": "N", "gender": "ML" } ], "insuredPersonsCount": "1", "bookingDate": "2020-01-27", "packageName": "", "geography": "UCI", "travelEndDate": "2020-01-29", "travelStartDate": "2020-01-28", "discountFlag": "" }
ErrorMessage : getdetail-webexception=
InnerExceptionMessage : The remote server returned an error: (400) Bad Request.
ErrorMessage : https://preprod-digitpolicyissuance.godigit.com/policyservice/v1/createQuote
InnerExceptionMessage : { "bookingId": "retail-2020-76949695", "type": "I", "purpose": "1", "customer": { "firstName": "grftg ghfg", "lastName": "Justforretail", "address": { "line1": "hghf,lko", "line2": "", "line3": "", "state": "27", "city": "Lucknow", "country": "IND", "pinCode": "226016" }, "documents": [ { "type": "PPT", "id": "D89U0112" } ], "dob": "1999-01-01", "mobile": "8767655443", "email": "dicvc@gmail.com", "type": "N" }, "insuredPersons": [ { "firstName": "grftg ghfg", "lastName": "Justforretail", "address": { "line1": "hghf,lko", "line2": "", "line3": "", "state": "27", "city": "Lucknow", "country": "IND", "pinCode": "226016" }, "documents": [ { "type": "PPT", "id": "D890112" } ], "dob": "1992-01-01", "mobile": "8767655443", "email": "dicvc@gmail.com", "profession": "", "paxId": "1", "nominee": { "relationship": "Parent", "name": "fghfghf" }, "type": "N", "gender": "ML" } ], "insuredPersonsCount": "1", "bookingDate": "2020-01-27", "packageName": "", "geography": "UCI", "travelEndDate": "2020-01-29", "travelStartDate": "2020-01-28", "discountFlag": "" }
ErrorMessage : getdetail-webexception=
InnerExceptionMessage : The remote server returned an error: (504) Gateway Timeout.
ErrorMessage : https://preprod-digitpolicyissuance.godigit.com/policyservice/v1/createQuote
InnerExceptionMessage : { "bookingId": "retail-2020-70015049", "type": "I", "purpose": "1", "customer": { "firstName": "grftg ghfg", "lastName": "Justforretail", "address": { "line1": "hghf,lko", "line2": "", "line3": "", "state": "27", "city": "Lucknow", "country": "IND", "pinCode": "226016" }, "documents": [ { "type": "PPT", "id": "D89U0112" } ], "dob": "1999-01-01", "mobile": "8767655443", "email": "dicvc@gmail.com", "type": "N" }, "insuredPersons": [ { "firstName": "grftg ghfg", "lastName": "Justforretail", "address": { "line1": "hghf,lko", "line2": "", "line3": "", "state": "27", "city": "Lucknow", "country": "IND", "pinCode": "226016" }, "documents": [ { "type": "PPT", "id": "D890112" } ], "dob": "1992-01-01", "mobile": "8767655443", "email": "dicvc@gmail.com", "profession": "", "paxId": "1", "nominee": { "relationship": "Parent", "name": "fghfghf" }, "type": "N", "gender": "ML" } ], "insuredPersonsCount": "1", "bookingDate": "2020-01-27", "packageName": "", "geography": "UCI", "travelEndDate": "2020-01-29", "travelStartDate": "2020-01-28", "discountFlag": "" }
ErrorMessage : getdetail-webexception=
InnerExceptionMessage : The remote server returned an error: (400) Bad Request.
ErrorMessage : https://preprod-digitpolicyissuance.godigit.com/policyservice/v1/createQuote
InnerExceptionMessage : { "bookingId": "retail-2020-22707912", "type": "I", "purpose": "1", "customer": { "firstName": "grftg ghfg", "lastName": "Justforretail", "address": { "line1": "hghf,lko", "line2": "", "line3": "", "state": "27", "city": "Lucknow", "country": "IND", "pinCode": "226016" }, "documents": [ { "type": "PPT", "id": "D89U0112" } ], "dob": "1999-01-01", "mobile": "8767655443", "email": "dicvc@gmail.com", "type": "N" }, "insuredPersons": [ { "firstName": "grftg ghfg", "lastName": "Justforretail", "address": { "line1": "hghf,lko", "line2": "", "line3": "", "state": "27", "city": "Lucknow", "country": "IND", "pinCode": "226016" }, "documents": [ { "type": "PPT", "id": "D890112" } ], "dob": "1992-01-01", "mobile": "8767655443", "email": "dicvc@gmail.com", "profession": "", "paxId": "1", "nominee": { "relationship": "Parent", "name": "fghfghf" }, "type": "N", "gender": "ML" } ], "insuredPersonsCount": "1", "bookingDate": "2020-01-27", "packageName": "", "geography": "UCI", "travelEndDate": "2020-01-29", "travelStartDate": "2020-01-28", "discountFlag": "" }
ErrorMessage : getdetail-webexception=
InnerExceptionMessage : The remote server returned an error: (400) Bad Request.
ErrorMessage : dasd=
InnerExceptionMessage : {"referenceId":"47a779baead14e6d85879738767fcda3","premium":535,"serviceTax":96,"totalPremium":631}
