ErrorMessage : https://webservices.bajajallianz.com/BagicHealthWebservice/healthpremiumcal
InnerExceptionMessage : 
ErrorMessage : getdetail-webexception=
InnerExceptionMessage : The remote server returned an error: (400) Bad Request.
ErrorMessage : https://webservices.bajajallianz.com/BagicHealthWebservice/healthpremiumcal
InnerExceptionMessage : 
ErrorMessage : getdetail-webexception=
InnerExceptionMessage : The remote server returned an error: (400) Bad Request.
ErrorMessage : dasd=
InnerExceptionMessage : {"genpremdtlsres":{"contractid":"null","quoterefno":"null","refno":"null","scrutinyno":"null","policyref":"null","netpremium":"9450","servicetaxamt":"0","educessamt":"0","totalpremium":"11152","finalpremium":"11152","servicetaxrate":"null","educessrate":"null","stampduty":"null","uwloadingper":"null","uwloadingamt":"null","loadingper":"null","loadingamt":"null","discountper":"null","discountamt":"null","spdiscountper":"null","spdiscountamt":"null","param1":"0","param2":"0","param3":"0","param4":"null"},"errorcoderes":"0","errorlistres":[],"transactionid":10317476,"servicetaxmstobj":{"taxcode":"27_SGST17","taxtype":"SGST","baseamount":"null","sertax":"0","educess":"0","sbtax":"0","kkc":"0","cess1":"0","cess2":"0","cess3":"0","sertaxdesc":"NA","educessdesc":"NA","sbcessdesc":"NA","kkccessdesc":"NA","cess1desc":"NA","cess2desc":"NA","cess3desc":"NA","adjsertax":"null","adjeducess":"null","adjsbtax":"null","adjkkc":"null","adjcess1":"null","adjcess2":"null","adjcess3":"null","addtaxval1":"851","addtaxval2":"0","addtaxval3":"851","addtaxval4":"0","addtaxval5":"0","addtaxval1desc":"State GST","addtaxval2desc":"NA","addtaxval3desc":"Central GST","addtaxval4desc":"NA","addtaxval5desc":"NA"}}
ErrorMessage : dasd=
InnerExceptionMessage : {"premium":28060,"serviceTax":5050,"totalPremium":33110}
ErrorMessage : https://webservices.bajajallianz.com/BagicHealthWebservice/healthpremiumcal
InnerExceptionMessage : 
ErrorMessage : getdetail-webexception=
InnerExceptionMessage : The remote server returned an error: (400) Bad Request.
ErrorMessage : https://webservices.bajajallianz.com/BagicHealthWebservice/healthpremiumcal
InnerExceptionMessage : 
ErrorMessage : getdetail-webexception=
InnerExceptionMessage : The remote server returned an error: (400) Bad Request.
ErrorMessage : https://webservices.bajajallianz.com/BagicHealthWebservice/healthpremiumcal
InnerExceptionMessage : 
ErrorMessage : getdetail-webexception=
InnerExceptionMessage : The remote server returned an error: (400) Bad Request.
ErrorMessage : https://webservices.bajajallianz.com/BagicHealthWebservice/healthpremiumcal
InnerExceptionMessage : 
ErrorMessage : getdetail-webexception=
InnerExceptionMessage : The remote server returned an error: (400) Bad Request.
ErrorMessage : https://webservices.bajajallianz.com/BagicHealthWebservice/healthpremiumcal
InnerExceptionMessage : 
ErrorMessage : getdetail-webexception=
InnerExceptionMessage : The remote server returned an error: (400) Bad Request.
ErrorMessage : https://webservices.bajajallianz.com/BagicHealthWebservice/healthpremiumcal
InnerExceptionMessage : 
ErrorMessage : getdetail-webexception=
InnerExceptionMessage : The remote server returned an error: (400) Bad Request.
ErrorMessage : dasd=
InnerExceptionMessage : {"genpremdtlsres":{"contractid":"null","quoterefno":"null","refno":"null","scrutinyno":"null","policyref":"null","netpremium":"10600","servicetaxamt":"0","educessamt":"0","totalpremium":"12508","finalpremium":"12508","servicetaxrate":"null","educessrate":"null","stampduty":"null","uwloadingper":"null","uwloadingamt":"null","loadingper":"null","loadingamt":"null","discountper":"null","discountamt":"null","spdiscountper":"null","spdiscountamt":"null","param1":"0","param2":"0","param3":"0","param4":"null"},"errorcoderes":"0","errorlistres":[],"transactionid":10318955,"servicetaxmstobj":{"taxcode":"27_SGST17","taxtype":"SGST","baseamount":"null","sertax":"0","educess":"0","sbtax":"0","kkc":"0","cess1":"0","cess2":"0","cess3":"0","sertaxdesc":"NA","educessdesc":"NA","sbcessdesc":"NA","kkccessdesc":"NA","cess1desc":"NA","cess2desc":"NA","cess3desc":"NA","adjsertax":"null","adjeducess":"null","adjsbtax":"null","adjkkc":"null","adjcess1":"null","adjcess2":"null","adjcess3":"null","addtaxval1":"954","addtaxval2":"0","addtaxval3":"954","addtaxval4":"0","addtaxval5":"0","addtaxval1desc":"State GST","addtaxval2desc":"NA","addtaxval3desc":"Central GST","addtaxval4desc":"NA","addtaxval5desc":"NA"}}
ErrorMessage : dasd=
InnerExceptionMessage : {"premium":28060,"serviceTax":5050,"totalPremium":33110}
ErrorMessage : dasd=
InnerExceptionMessage : {"referenceId":"1344dfb604784b4e93c819bf07d3cf1d","premium":8075,"serviceTax":1454,"totalPremium":9529}
ErrorMessage : dasd=
InnerExceptionMessage : {"genpremdtlsres":{"contractid":"null","quoterefno":"null","refno":"null","scrutinyno":"null","policyref":"null","netpremium":"12120","servicetaxamt":"0","educessamt":"0","totalpremium":"14302","finalpremium":"14302","servicetaxrate":"null","educessrate":"null","stampduty":"null","uwloadingper":"null","uwloadingamt":"null","loadingper":"null","loadingamt":"null","discountper":"null","discountamt":"null","spdiscountper":"null","spdiscountamt":"null","param1":"0","param2":"0","param3":"0","param4":"null"},"errorcoderes":"0","errorlistres":[],"transactionid":10319194,"servicetaxmstobj":{"taxcode":"27_SGST17","taxtype":"SGST","baseamount":"null","sertax":"0","educess":"0","sbtax":"0","kkc":"0","cess1":"0","cess2":"0","cess3":"0","sertaxdesc":"NA","educessdesc":"NA","sbcessdesc":"NA","kkccessdesc":"NA","cess1desc":"NA","cess2desc":"NA","cess3desc":"NA","adjsertax":"null","adjeducess":"null","adjsbtax":"null","adjkkc":"null","adjcess1":"null","adjcess2":"null","adjcess3":"null","addtaxval1":"1091","addtaxval2":"0","addtaxval3":"1091","addtaxval4":"0","addtaxval5":"0","addtaxval1desc":"State GST","addtaxval2desc":"NA","addtaxval3desc":"Central GST","addtaxval4desc":"NA","addtaxval5desc":"NA"}}
ErrorMessage : dasd=
InnerExceptionMessage : {"premium":9750,"serviceTax":1756,"totalPremium":11506}
ErrorMessage : dasd=
InnerExceptionMessage : {"referenceId":"04a0cabedb394cebadad048ae0458238","premium":9750,"serviceTax":1756,"totalPremium":11506}
ErrorMessage : dasd=
InnerExceptionMessage : {"premium":9750,"serviceTax":1756,"totalPremium":11506}
ErrorMessage : dasd=
InnerExceptionMessage : {"referenceId":"04a0cabedb394cebadad048ae0458238","redirectToken":"8323406219b07d0da563fc2c0770bd51"}
ErrorMessage : dasd=
InnerExceptionMessage : {"genpremdtlsres":{"contractid":"null","quoterefno":"null","refno":"null","scrutinyno":"null","policyref":"null","netpremium":"12120","servicetaxamt":"0","educessamt":"0","totalpremium":"14302","finalpremium":"14302","servicetaxrate":"null","educessrate":"null","stampduty":"null","uwloadingper":"null","uwloadingamt":"null","loadingper":"null","loadingamt":"null","discountper":"null","discountamt":"null","spdiscountper":"null","spdiscountamt":"null","param1":"0","param2":"0","param3":"0","param4":"null"},"errorcoderes":"0","errorlistres":[],"transactionid":10319407,"servicetaxmstobj":{"taxcode":"27_SGST17","taxtype":"SGST","baseamount":"null","sertax":"0","educess":"0","sbtax":"0","kkc":"0","cess1":"0","cess2":"0","cess3":"0","sertaxdesc":"NA","educessdesc":"NA","sbcessdesc":"NA","kkccessdesc":"NA","cess1desc":"NA","cess2desc":"NA","cess3desc":"NA","adjsertax":"null","adjeducess":"null","adjsbtax":"null","adjkkc":"null","adjcess1":"null","adjcess2":"null","adjcess3":"null","addtaxval1":"1091","addtaxval2":"0","addtaxval3":"1091","addtaxval4":"0","addtaxval5":"0","addtaxval1desc":"State GST","addtaxval2desc":"NA","addtaxval3desc":"Central GST","addtaxval4desc":"NA","addtaxval5desc":"NA"}}
ErrorMessage : dasd=
InnerExceptionMessage : {"premium":13170,"serviceTax":2370,"totalPremium":15540}
ErrorMessage : https://ig.starhealth.in/api/policy/proposals
InnerExceptionMessage : {"Id":0,"FirstName":"","LastName":"","EmailId":"","DOB":"","Gender":"","MobileNo":"","Address":"","Country":"","Password":"","ConfirmPassword":"","attempttime":0,"countsec":0,"datecount":"","SecurityCode":"","sumInsuredId":1,"schemeId":5,"sumAssured":"500000","Amount":"13170","serviceTax":"2370","totalPremium":"15540","NoOfAdults":"2","NoOfChildren":"1","Plan":"Comprehensive","startOn":"October 25, 2020","endOn":"October 24, 2021","policyCategory":"fresh","proposerName":"Mvvm  jvmvvm","proposerEmail":"vhg@gmail.com","proposerPhone":"9897986785","proposerAddressOne":"cv ","proposerAddressTwo":"fgh","proposerAreaId":"61381","proposerAreaPinCode":"226016","proposerAreaCityId":"3090","proposerResidenceAddressOne":"","proposerResidenceAddressTwo":"","proposerResidenceAreaId":"","proposerResidenceAreaPinCode":"","proposerResidenceAreaCityId":"","proposerDob":"October 24, 1985","panNumber":"","gstTypeId":"","gstIdNumber":"","aadharNumber":"","eiaNumber":"","socialStatus":"1","socialStatusBpl":"1","socialStatusDisabled":"1","socialStatusInformal":"1","socialStatusUnorganized":"1","previousMedicalInsurance":"","annualIncome":"100000000","criticalIllness":"false","insureds[0]":{"dob":"October 17, 1989","sumInsuredId":1,"name":"gjhgjhj","sex":"Male","illness":"None","relationshipId":1,"occupationId":4,"hospitalCash":"0","height":150,"weight":50,"isPersonalAccidentApplicable":"false","engageManualLabour":"Nil","engageWinterSports":"Nil","buyBackPED":0},"insureds[1]":{"dob":"October 18, 1995","sumInsuredId":1,"name":"gfhgjhgj","sex":"Female","illness":"None","relationshipId":2,"occupationId":6,"hospitalCash":"0","height":150,"weight":50,"isPersonalAccidentApplicable":"true","engageManualLabour":"Nil","engageWinterSports":"Nil","buyBackPED":0},"insureds[2]":{"dob":"October 18, 2017","sumInsuredId":1,"name":"ghfghghj","sex":"Male","illness":"None","relationshipId":3,"occupationId":3,"hospitalCash":"0","height":110,"weight":10,"isPersonalAccidentApplicable":"false","engageManualLabour":"Nil","engageWinterSports":"Nil","buyBackPED":0},"nomineeName":"ghjgjhkj","nomineeAge":"45","nomineeRelationship":"Sister","nomineePercentClaim":"100","appointeeName":"","appointeeAge":"","appointeeRelationship":"","nomineeNameTwo":"","nomineeAgeTwo":"","nomineeRelationshipTwo":"","nomineePercentClaimTwo":"","appointeeNameTwo":"","appointeeAgeTwo":"","appointeeRelationshipTwo":"","APIKEY":"0b7ac3ec6a6246ef8c1f510c1ea5eaf9","SECRETKEY":"f5e918674da44343bb38212a59cb8bcd","policyTypeName":"COMPREHENSIVE","travelStartOn":"","travelEndOn":"","planId":9513,"postalCode":0,"period":1,"searchId":581502574,"companyId":"10006"}
ErrorMessage : getdetail-webexception=
InnerExceptionMessage : The remote server returned an error: (502) Bad Gateway.
ErrorMessage : dasd=
InnerExceptionMessage : {"referenceId":"42fa4be728a7466ca72fa8e678f3f577","premium":13170,"serviceTax":2370,"totalPremium":15540}
ErrorMessage : dasd=
InnerExceptionMessage : {"referenceId":"42fa4be728a7466ca72fa8e678f3f577","redirectToken":"67f707a995176dadcda1dc2745ccef55"}
ErrorMessage : dasd=
InnerExceptionMessage : {"genpremdtlsres":{"contractid":"null","quoterefno":"null","refno":"null","scrutinyno":"null","policyref":"null","netpremium":"14720","servicetaxamt":"0","educessamt":"0","totalpremium":"17370","finalpremium":"17370","servicetaxrate":"null","educessrate":"null","stampduty":"null","uwloadingper":"null","uwloadingamt":"null","loadingper":"null","loadingamt":"null","discountper":"null","discountamt":"null","spdiscountper":"null","spdiscountamt":"null","param1":"0","param2":"0","param3":"0","param4":"null"},"errorcoderes":"0","errorlistres":[],"transactionid":10320105,"servicetaxmstobj":{"taxcode":"27_SGST17","taxtype":"SGST","baseamount":"null","sertax":"0","educess":"0","sbtax":"0","kkc":"0","cess1":"0","cess2":"0","cess3":"0","sertaxdesc":"NA","educessdesc":"NA","sbcessdesc":"NA","kkccessdesc":"NA","cess1desc":"NA","cess2desc":"NA","cess3desc":"NA","adjsertax":"null","adjeducess":"null","adjsbtax":"null","adjkkc":"null","adjcess1":"null","adjcess2":"null","adjcess3":"null","addtaxval1":"1325","addtaxval2":"0","addtaxval3":"1325","addtaxval4":"0","addtaxval5":"0","addtaxval1desc":"State GST","addtaxval2desc":"NA","addtaxval3desc":"Central GST","addtaxval4desc":"NA","addtaxval5desc":"NA"}}
ErrorMessage : dasd=
InnerExceptionMessage : {"premium":10420,"serviceTax":1876,"totalPremium":12296}
ErrorMessage : https://ig.starhealth.in/api/policy/proposals
InnerExceptionMessage : {"Id":0,"FirstName":"","LastName":"","EmailId":"","DOB":"","Gender":"","MobileNo":"","Address":"","Country":"","Password":"","ConfirmPassword":"","attempttime":0,"countsec":0,"datecount":"","SecurityCode":"","sumInsuredId":1,"schemeId":6,"sumAssured":"500000","Amount":"14800","serviceTax":"2664","totalPremium":"17464","NoOfAdults":"2","NoOfChildren":"2","Plan":"Comprehensive","startOn":"October 25, 2020","endOn":"October 24, 2021","policyCategory":"fresh","proposerName":"Hjgjhj","proposerEmail":"ghhj@gmail","proposerPhone":"9897789687","proposerAddressOne":"hghjj","proposerAddressTwo":"jhkjk","proposerAreaId":"61418","proposerAreaPinCode":"226016","proposerAreaCityId":"3090","proposerResidenceAddressOne":"","proposerResidenceAddressTwo":"","proposerResidenceAreaId":"","proposerResidenceAreaPinCode":"","proposerResidenceAreaCityId":"","proposerDob":"October 24, 1985","panNumber":"","gstTypeId":"","gstIdNumber":"","aadharNumber":"","eiaNumber":"","socialStatus":"1","socialStatusBpl":"1","socialStatusDisabled":"1","socialStatusInformal":"1","socialStatusUnorganized":"1","previousMedicalInsurance":"","annualIncome":"1000000","criticalIllness":"false","insureds[0]":{"dob":"October 21, 1958","sumInsuredId":1,"name":"gjhgjhj","sex":"Male","illness":"None","relationshipId":1,"occupationId":2,"hospitalCash":"0","height":180,"weight":80,"isPersonalAccidentApplicable":"false","engageManualLabour":"Nil","engageWinterSports":"Nil","buyBackPED":0},"insureds[1]":{"dob":"October 16, 1985","sumInsuredId":1,"name":"hgh","sex":"Female","illness":"None","relationshipId":2,"occupationId":3,"hospitalCash":"0","height":160,"weight":60,"isPersonalAccidentApplicable":"true","engageManualLabour":"Nil","engageWinterSports":"Nil","buyBackPED":0},"insureds[2]":{"dob":"October 15, 2014","sumInsuredId":1,"name":"ghfghghj","sex":"Male","illness":"None","relationshipId":3,"occupationId":12,"hospitalCash":"0","height":120,"weight":20,"isPersonalAccidentApplicable":"false","engageManualLabour":"Nil","engageWinterSports":"Nil","buyBackPED":0},"insureds[3]":{"dob":"October 05, 2016","sumInsuredId":1,"name":"hghghj","sex":"Female","illness":"None","relationshipId":3,"occupationId":12,"hospitalCash":"0","height":60,"weight":10,"isPersonalAccidentApplicable":"false","engageManualLabour":"Nil","engageWinterSports":"Nil","buyBackPED":0},"nomineeName":"ghjgjhkj","nomineeAge":"45","nomineeRelationship":"Father","nomineePercentClaim":"100","appointeeName":"","appointeeAge":"","appointeeRelationship":"","nomineeNameTwo":"","nomineeAgeTwo":"","nomineeRelationshipTwo":"","nomineePercentClaimTwo":"","appointeeNameTwo":"","appointeeAgeTwo":"","appointeeRelationshipTwo":"","APIKEY":"0b7ac3ec6a6246ef8c1f510c1ea5eaf9","SECRETKEY":"f5e918674da44343bb38212a59cb8bcd","policyTypeName":"COMPREHENSIVE","travelStartOn":"","travelEndOn":"","planId":9519,"postalCode":0,"period":1,"searchId":16232748,"companyId":"10006"}
ErrorMessage : getdetail-webexception=
InnerExceptionMessage : The remote server returned an error: (400) Bad Request.
ErrorMessage : dasd=
InnerExceptionMessage : {"referenceId":"0092a3ba13e345d080eeeb2dee3dba7f","premium":53400,"serviceTax":9612,"totalPremium":63012}
ErrorMessage : dasd=
InnerExceptionMessage : {"referenceId":"0092a3ba13e345d080eeeb2dee3dba7f","redirectToken":"11d040448e45383ba8c7146d4fbd0f4d"}
ErrorMessage : https://webservices.bajajallianz.com/BagicHealthWebservice/healthpremiumcal
InnerExceptionMessage : 
ErrorMessage : getdetail-webexception=
InnerExceptionMessage : The remote server returned an error: (400) Bad Request.
ErrorMessage : https://webservices.bajajallianz.com/BagicHealthWebservice/healthpremiumcal
InnerExceptionMessage : 
ErrorMessage : getdetail-webexception=
InnerExceptionMessage : The remote server returned an error: (400) Bad Request.
ErrorMessage : https://webservices.bajajallianz.com/BagicHealthWebservice/healthpremiumcal
InnerExceptionMessage : 
ErrorMessage : getdetail-webexception=
InnerExceptionMessage : The remote server returned an error: (400) Bad Request.
ErrorMessage : https://webservices.bajajallianz.com/BagicHealthWebservice/healthpremiumcal
InnerExceptionMessage : 
ErrorMessage : getdetail-webexception=
InnerExceptionMessage : The remote server returned an error: (400) Bad Request.
ErrorMessage : https://webservices.bajajallianz.com/BagicHealthWebservice/healthpremiumcal
InnerExceptionMessage : 
ErrorMessage : getdetail-webexception=
InnerExceptionMessage : The remote server returned an error: (400) Bad Request.
ErrorMessage : dasd=
InnerExceptionMessage : {"genpremdtlsres":{"contractid":"null","quoterefno":"null","refno":"null","scrutinyno":"null","policyref":"null","netpremium":"8560","servicetaxamt":"0","educessamt":"0","totalpremium":"10100","finalpremium":"10100","servicetaxrate":"null","educessrate":"null","stampduty":"null","uwloadingper":"null","uwloadingamt":"null","loadingper":"null","loadingamt":"null","discountper":"null","discountamt":"null","spdiscountper":"null","spdiscountamt":"null","param1":"0","param2":"0","param3":"0","param4":"null"},"errorcoderes":"0","errorlistres":[],"transactionid":10321569,"servicetaxmstobj":{"taxcode":"27_SGST17","taxtype":"SGST","baseamount":"null","sertax":"0","educess":"0","sbtax":"0","kkc":"0","cess1":"0","cess2":"0","cess3":"0","sertaxdesc":"NA","educessdesc":"NA","sbcessdesc":"NA","kkccessdesc":"NA","cess1desc":"NA","cess2desc":"NA","cess3desc":"NA","adjsertax":"null","adjeducess":"null","adjsbtax":"null","adjkkc":"null","adjcess1":"null","adjcess2":"null","adjcess3":"null","addtaxval1":"770","addtaxval2":"0","addtaxval3":"770","addtaxval4":"0","addtaxval5":"0","addtaxval1desc":"State GST","addtaxval2desc":"NA","addtaxval3desc":"Central GST","addtaxval4desc":"NA","addtaxval5desc":"NA"}}
ErrorMessage : https://webservices.bajajallianz.com/BagicHealthWebservice/healthpremiumcal
InnerExceptionMessage : 
ErrorMessage : getdetail-webexception=
InnerExceptionMessage : The remote server returned an error: (400) Bad Request.
ErrorMessage : https://webservices.bajajallianz.com/BagicHealthWebservice/healthpremiumcal
InnerExceptionMessage : 
ErrorMessage : getdetail-webexception=
InnerExceptionMessage : The remote server returned an error: (400) Bad Request.
ErrorMessage : https://webservices.bajajallianz.com/BagicHealthWebservice/healthpremiumcal
InnerExceptionMessage : 
ErrorMessage : getdetail-webexception=
InnerExceptionMessage : The remote server returned an error: (400) Bad Request.
ErrorMessage : https://webservices.bajajallianz.com/BagicHealthWebservice/healthpremiumcal
InnerExceptionMessage : 
ErrorMessage : getdetail-webexception=
InnerExceptionMessage : The remote server returned an error: (400) Bad Request.
ErrorMessage : https://webservices.bajajallianz.com/BagicHealthWebservice/healthpremiumcal
InnerExceptionMessage : 
ErrorMessage : getdetail-webexception=
InnerExceptionMessage : The remote server returned an error: (400) Bad Request.
ErrorMessage : https://webservices.bajajallianz.com/BagicHealthWebservice/healthpremiumcal
InnerExceptionMessage : 
ErrorMessage : getdetail-webexception=
InnerExceptionMessage : The remote server returned an error: (400) Bad Request.
ErrorMessage : https://webservices.bajajallianz.com/BagicHealthWebservice/healthpremiumcal
InnerExceptionMessage : 
ErrorMessage : getdetail-webexception=
InnerExceptionMessage : The remote server returned an error: (400) Bad Request.
ErrorMessage : https://webservices.bajajallianz.com/BagicHealthWebservice/healthpremiumcal
InnerExceptionMessage : 
ErrorMessage : getdetail-webexception=
InnerExceptionMessage : The remote server returned an error: (400) Bad Request.
ErrorMessage : https://webservices.bajajallianz.com/BagicHealthWebservice/healthpremiumcal
InnerExceptionMessage : 
ErrorMessage : getdetail-webexception=
InnerExceptionMessage : The remote server returned an error: (400) Bad Request.
ErrorMessage : https://webservices.bajajallianz.com/BagicHealthWebservice/healthpremiumcal
InnerExceptionMessage : 
ErrorMessage : getdetail-webexception=
InnerExceptionMessage : The remote server returned an error: (400) Bad Request.
ErrorMessage : dasd=
InnerExceptionMessage : {"genpremdtlsres":{"contractid":"null","quoterefno":"null","refno":"null","scrutinyno":"null","policyref":"null","netpremium":"27920","servicetaxamt":"0","educessamt":"0","totalpremium":"32946","finalpremium":"32946","servicetaxrate":"null","educessrate":"null","stampduty":"null","uwloadingper":"null","uwloadingamt":"null","loadingper":"null","loadingamt":"null","discountper":"null","discountamt":"null","spdiscountper":"null","spdiscountamt":"null","param1":"0","param2":"0","param3":"0","param4":"null"},"errorcoderes":"0","errorlistres":[],"transactionid":10324496,"servicetaxmstobj":{"taxcode":"27_SGST17","taxtype":"SGST","baseamount":"null","sertax":"0","educess":"0","sbtax":"0","kkc":"0","cess1":"0","cess2":"0","cess3":"0","sertaxdesc":"NA","educessdesc":"NA","sbcessdesc":"NA","kkccessdesc":"NA","cess1desc":"NA","cess2desc":"NA","cess3desc":"NA","adjsertax":"null","adjeducess":"null","adjsbtax":"null","adjkkc":"null","adjcess1":"null","adjcess2":"null","adjcess3":"null","addtaxval1":"2513","addtaxval2":"0","addtaxval3":"2513","addtaxval4":"0","addtaxval5":"0","addtaxval1desc":"State GST","addtaxval2desc":"NA","addtaxval3desc":"Central GST","addtaxval4desc":"NA","addtaxval5desc":"NA"}}
ErrorMessage : dasd=
InnerExceptionMessage : {"premium":25810,"serviceTax":4646,"totalPremium":30456}
ErrorMessage : dasd=
InnerExceptionMessage : {"genpremdtlsres":{"contractid":"null","quoterefno":"null","refno":"null","scrutinyno":"null","policyref":"null","netpremium":"27920","servicetaxamt":"0","educessamt":"0","totalpremium":"32946","finalpremium":"32946","servicetaxrate":"null","educessrate":"null","stampduty":"null","uwloadingper":"null","uwloadingamt":"null","loadingper":"null","loadingamt":"null","discountper":"null","discountamt":"null","spdiscountper":"null","spdiscountamt":"null","param1":"0","param2":"0","param3":"0","param4":"null"},"errorcoderes":"0","errorlistres":[],"transactionid":10324632,"servicetaxmstobj":{"taxcode":"27_SGST17","taxtype":"SGST","baseamount":"null","sertax":"0","educess":"0","sbtax":"0","kkc":"0","cess1":"0","cess2":"0","cess3":"0","sertaxdesc":"NA","educessdesc":"NA","sbcessdesc":"NA","kkccessdesc":"NA","cess1desc":"NA","cess2desc":"NA","cess3desc":"NA","adjsertax":"null","adjeducess":"null","adjsbtax":"null","adjkkc":"null","adjcess1":"null","adjcess2":"null","adjcess3":"null","addtaxval1":"2513","addtaxval2":"0","addtaxval3":"2513","addtaxval4":"0","addtaxval5":"0","addtaxval1desc":"State GST","addtaxval2desc":"NA","addtaxval3desc":"Central GST","addtaxval4desc":"NA","addtaxval5desc":"NA"}}
ErrorMessage : dasd=
InnerExceptionMessage : {"premium":16405,"serviceTax":2952,"totalPremium":19357}
ErrorMessage : https://ig.starhealth.in/api/policy/proposals
InnerExceptionMessage : {"Id":0,"FirstName":"","LastName":"","EmailId":"","DOB":"","Gender":"","MobileNo":"","Address":"","Country":"","Password":"","ConfirmPassword":"","attempttime":0,"countsec":0,"datecount":"","SecurityCode":"","sumInsuredId":3,"schemeId":5,"sumAssured":"400000","Amount":"11065","serviceTax":"1991","totalPremium":"13056","NoOfAdults":"2","NoOfChildren":"1","Plan":"Family Health Optima","startOn":"October 25, 2020","endOn":"October 24, 2021","policyCategory":"fresh","proposerName":"Hkkjhkdja","proposerEmail":"d@gmail.com","proposerPhone":"9787987867","proposerAddressOne":"ad","proposerAddressTwo":"ad","proposerAreaId":"61379","proposerAreaPinCode":"226016","proposerAreaCityId":"3090","proposerResidenceAddressOne":"","proposerResidenceAddressTwo":"","proposerResidenceAreaId":"","proposerResidenceAreaPinCode":"","proposerResidenceAreaCityId":"","proposerDob":"October 24, 1975","panNumber":"","gstTypeId":"","gstIdNumber":"","aadharNumber":"","eiaNumber":"","socialStatus":"1","socialStatusBpl":"1","socialStatusDisabled":"1","socialStatusInformal":"1","socialStatusUnorganized":"1","previousMedicalInsurance":"","annualIncome":"200000","criticalIllness":"false","insureds[0]":{"dob":"October 05, 2020","sumInsuredId":3,"name":"d","sex":"Male","illness":"None","relationshipId":2,"occupationId":2,"hospitalCash":"0","height":6,"weight":50},"insureds[1]":{"dob":"October 13, 2020","sumInsuredId":3,"name":"ds","sex":"Male","illness":"None","relationshipId":3,"occupationId":9,"hospitalCash":"0","height":4,"weight":50,"isPersonalAccidentApplicable":"false","engageManualLabour":"","engageWinterSports":"","buyBackPED":0},"insureds[2]":{"dob":"October 05, 2020","sumInsuredId":3,"name":"as","sex":"Male","illness":"None","relationshipId":1,"occupationId":9,"hospitalCash":"0","height":5,"weight":60,"isPersonalAccidentApplicable":"false","engageManualLabour":"","engageWinterSports":"","buyBackPED":0},"insureds[3]":{"dob":"","sumInsuredId":3,"name":"","sex":"","illness":"","relationshipId":0,"occupationId":0,"hospitalCash":"0","height":0,"weight":0},"nomineeName":"d","nomineeAge":"20","nomineeRelationship":"SoninLaw","nomineePercentClaim":"100","appointeeName":"","appointeeAge":"","appointeeRelationship":"","nomineeNameTwo":"","nomineeAgeTwo":"","nomineeRelationshipTwo":"","nomineePercentClaimTwo":"","appointeeNameTwo":"","appointeeAgeTwo":"","appointeeRelationshipTwo":"","APIKEY":"0b7ac3ec6a6246ef8c1f510c1ea5eaf9","SECRETKEY":"f5e918674da44343bb38212a59cb8bcd","policyTypeName":"FHONEW","travelStartOn":"","travelEndOn":"","planId":12001,"postalCode":0,"period":1,"searchId":579380492,"companyId":"10006"}
ErrorMessage : getdetail-webexception=
InnerExceptionMessage : The remote server returned an error: (400) Bad Request.
ErrorMessage : https://ig.starhealth.in/api/policy/proposals
InnerExceptionMessage : {"Id":0,"FirstName":"","LastName":"","EmailId":"","DOB":"","Gender":"","MobileNo":"","Address":"","Country":"","Password":"","ConfirmPassword":"","attempttime":0,"countsec":0,"datecount":"","SecurityCode":"","sumInsuredId":3,"schemeId":5,"sumAssured":"400000","Amount":"11065","serviceTax":"1991","totalPremium":"13056","NoOfAdults":"2","NoOfChildren":"1","Plan":"Family Health Optima","startOn":"October 25, 2020","endOn":"October 24, 2021","policyCategory":"fresh","proposerName":"Hkkjhkdja","proposerEmail":"d@gmail.com","proposerPhone":"9787987867","proposerAddressOne":"ad","proposerAddressTwo":"ad","proposerAreaId":"61379","proposerAreaPinCode":"226016","proposerAreaCityId":"3090","proposerResidenceAddressOne":"","proposerResidenceAddressTwo":"","proposerResidenceAreaId":"","proposerResidenceAreaPinCode":"","proposerResidenceAreaCityId":"","proposerDob":"October 24, 1975","panNumber":"","gstTypeId":"","gstIdNumber":"","aadharNumber":"","eiaNumber":"","socialStatus":"1","socialStatusBpl":"1","socialStatusDisabled":"1","socialStatusInformal":"1","socialStatusUnorganized":"1","previousMedicalInsurance":"","annualIncome":"200000","criticalIllness":"false","insureds[0]":{"dob":"October 05, 2020","sumInsuredId":3,"name":"d","sex":"Male","illness":"None","relationshipId":3,"occupationId":9,"hospitalCash":"0","height":6,"weight":50},"insureds[1]":{"dob":"October 13, 2020","sumInsuredId":3,"name":"ds","sex":"Male","illness":"None","relationshipId":4,"occupationId":9,"hospitalCash":"0","height":4,"weight":50,"isPersonalAccidentApplicable":"false","engageManualLabour":"","engageWinterSports":"","buyBackPED":0},"insureds[2]":{"dob":"October 05, 2020","sumInsuredId":3,"name":"as","sex":"Male","illness":"None","relationshipId":3,"occupationId":9,"hospitalCash":"0","height":5,"weight":60,"isPersonalAccidentApplicable":"false","engageManualLabour":"","engageWinterSports":"","buyBackPED":0},"insureds[3]":{"dob":"","sumInsuredId":3,"name":"","sex":"","illness":"","relationshipId":0,"occupationId":0,"hospitalCash":"0","height":0,"weight":0},"nomineeName":"d","nomineeAge":"20","nomineeRelationship":"SoninLaw","nomineePercentClaim":"100","appointeeName":"","appointeeAge":"","appointeeRelationship":"","nomineeNameTwo":"","nomineeAgeTwo":"","nomineeRelationshipTwo":"","nomineePercentClaimTwo":"","appointeeNameTwo":"","appointeeAgeTwo":"","appointeeRelationshipTwo":"","APIKEY":"0b7ac3ec6a6246ef8c1f510c1ea5eaf9","SECRETKEY":"f5e918674da44343bb38212a59cb8bcd","policyTypeName":"FHONEW","travelStartOn":"","travelEndOn":"","planId":12001,"postalCode":0,"period":1,"searchId":579380492,"companyId":"10006"}
ErrorMessage : getdetail-webexception=
InnerExceptionMessage : The remote server returned an error: (400) Bad Request.
ErrorMessage : https://ig.starhealth.in/api/policy/proposals
InnerExceptionMessage : {"Id":0,"FirstName":"","LastName":"","EmailId":"","DOB":"","Gender":"","MobileNo":"","Address":"","Country":"","Password":"","ConfirmPassword":"","attempttime":0,"countsec":0,"datecount":"","SecurityCode":"","sumInsuredId":3,"schemeId":5,"sumAssured":"400000","Amount":"11065","serviceTax":"1991","totalPremium":"13056","NoOfAdults":"2","NoOfChildren":"1","Plan":"Family Health Optima","startOn":"October 25, 2020","endOn":"October 24, 2021","policyCategory":"fresh","proposerName":"Hkkjhkdja","proposerEmail":"d@gmail.com","proposerPhone":"9787987867","proposerAddressOne":"ad","proposerAddressTwo":"ad","proposerAreaId":"61379","proposerAreaPinCode":"226016","proposerAreaCityId":"3090","proposerResidenceAddressOne":"","proposerResidenceAddressTwo":"","proposerResidenceAreaId":"","proposerResidenceAreaPinCode":"","proposerResidenceAreaCityId":"","proposerDob":"October 24, 1975","panNumber":"","gstTypeId":"","gstIdNumber":"","aadharNumber":"","eiaNumber":"","socialStatus":"1","socialStatusBpl":"1","socialStatusDisabled":"1","socialStatusInformal":"1","socialStatusUnorganized":"1","previousMedicalInsurance":"","annualIncome":"200000","criticalIllness":"false","insureds[0]":{"dob":"October 05, 2020","sumInsuredId":3,"name":"d","sex":"Male","illness":"None","relationshipId":3,"occupationId":9,"hospitalCash":"0","height":6,"weight":50},"insureds[1]":{"dob":"October 13, 2020","sumInsuredId":3,"name":"ds","sex":"Male","illness":"None","relationshipId":4,"occupationId":13,"hospitalCash":"0","height":4,"weight":50,"isPersonalAccidentApplicable":"false","engageManualLabour":"","engageWinterSports":"","buyBackPED":0},"insureds[2]":{"dob":"October 05, 2020","sumInsuredId":3,"name":"as","sex":"Male","illness":"None","relationshipId":3,"occupationId":8,"hospitalCash":"0","height":5,"weight":60,"isPersonalAccidentApplicable":"false","engageManualLabour":"","engageWinterSports":"","buyBackPED":0},"insureds[3]":{"dob":"","sumInsuredId":3,"name":"","sex":"","illness":"","relationshipId":0,"occupationId":0,"hospitalCash":"0","height":0,"weight":0},"nomineeName":"d","nomineeAge":"20","nomineeRelationship":"SoninLaw","nomineePercentClaim":"100","appointeeName":"","appointeeAge":"","appointeeRelationship":"","nomineeNameTwo":"","nomineeAgeTwo":"","nomineeRelationshipTwo":"","nomineePercentClaimTwo":"","appointeeNameTwo":"","appointeeAgeTwo":"","appointeeRelationshipTwo":"","APIKEY":"0b7ac3ec6a6246ef8c1f510c1ea5eaf9","SECRETKEY":"f5e918674da44343bb38212a59cb8bcd","policyTypeName":"FHONEW","travelStartOn":"","travelEndOn":"","planId":12001,"postalCode":0,"period":1,"searchId":579380492,"companyId":"10006"}
ErrorMessage : getdetail-webexception=
InnerExceptionMessage : The remote server returned an error: (400) Bad Request.
ErrorMessage : https://ig.starhealth.in/api/policy/proposals
InnerExceptionMessage : {"Id":0,"FirstName":"","LastName":"","EmailId":"","DOB":"","Gender":"","MobileNo":"","Address":"","Country":"","Password":"","ConfirmPassword":"","attempttime":0,"countsec":0,"datecount":"","SecurityCode":"","sumInsuredId":3,"schemeId":5,"sumAssured":"400000","Amount":"11065","serviceTax":"1991","totalPremium":"13056","NoOfAdults":"2","NoOfChildren":"1","Plan":"Family Health Optima","startOn":"October 25, 2020","endOn":"October 24, 2021","policyCategory":"fresh","proposerName":"Hkkjhkdja","proposerEmail":"d@gmail.com","proposerPhone":"9787987867","proposerAddressOne":"ad","proposerAddressTwo":"ad","proposerAreaId":"61379","proposerAreaPinCode":"226016","proposerAreaCityId":"3090","proposerResidenceAddressOne":"","proposerResidenceAddressTwo":"","proposerResidenceAreaId":"","proposerResidenceAreaPinCode":"","proposerResidenceAreaCityId":"","proposerDob":"October 24, 1975","panNumber":"","gstTypeId":"","gstIdNumber":"","aadharNumber":"","eiaNumber":"","socialStatus":"1","socialStatusBpl":"1","socialStatusDisabled":"1","socialStatusInformal":"1","socialStatusUnorganized":"1","previousMedicalInsurance":"","annualIncome":"200000","criticalIllness":"false","insureds[0]":{"dob":"October 05, 2020","sumInsuredId":3,"name":"d","sex":"Male","illness":"None","relationshipId":2,"occupationId":11,"hospitalCash":"0","height":6,"weight":50},"insureds[1]":{"dob":"October 13, 2020","sumInsuredId":3,"name":"ds","sex":"Male","illness":"None","relationshipId":4,"occupationId":13,"hospitalCash":"0","height":4,"weight":50,"isPersonalAccidentApplicable":"false","engageManualLabour":"","engageWinterSports":"","buyBackPED":0},"insureds[2]":{"dob":"October 05, 2020","sumInsuredId":3,"name":"as","sex":"Male","illness":"None","relationshipId":3,"occupationId":8,"hospitalCash":"0","height":5,"weight":60,"isPersonalAccidentApplicable":"false","engageManualLabour":"","engageWinterSports":"","buyBackPED":0},"insureds[3]":{"dob":"","sumInsuredId":3,"name":"","sex":"","illness":"","relationshipId":0,"occupationId":0,"hospitalCash":"0","height":0,"weight":0},"nomineeName":"d","nomineeAge":"20","nomineeRelationship":"SoninLaw","nomineePercentClaim":"100","appointeeName":"","appointeeAge":"","appointeeRelationship":"","nomineeNameTwo":"","nomineeAgeTwo":"","nomineeRelationshipTwo":"","nomineePercentClaimTwo":"","appointeeNameTwo":"","appointeeAgeTwo":"","appointeeRelationshipTwo":"","APIKEY":"0b7ac3ec6a6246ef8c1f510c1ea5eaf9","SECRETKEY":"f5e918674da44343bb38212a59cb8bcd","policyTypeName":"FHONEW","travelStartOn":"","travelEndOn":"","planId":12001,"postalCode":0,"period":1,"searchId":579380492,"companyId":"10006"}
ErrorMessage : getdetail-webexception=
InnerExceptionMessage : The remote server returned an error: (400) Bad Request.
ErrorMessage : https://ig.starhealth.in/api/policy/proposals
InnerExceptionMessage : {"Id":0,"FirstName":"","LastName":"","EmailId":"","DOB":"","Gender":"","MobileNo":"","Address":"","Country":"","Password":"","ConfirmPassword":"","attempttime":0,"countsec":0,"datecount":"","SecurityCode":"","sumInsuredId":3,"schemeId":5,"sumAssured":"400000","Amount":"11065","serviceTax":"1991","totalPremium":"13056","NoOfAdults":"2","NoOfChildren":"1","Plan":"Family Health Optima","startOn":"October 25, 2020","endOn":"October 24, 2021","policyCategory":"fresh","proposerName":"Hkkjhkdja","proposerEmail":"d@gmail.com","proposerPhone":"9787987867","proposerAddressOne":"ad","proposerAddressTwo":"ad","proposerAreaId":"61379","proposerAreaPinCode":"226016","proposerAreaCityId":"3090","proposerResidenceAddressOne":"","proposerResidenceAddressTwo":"","proposerResidenceAreaId":"","proposerResidenceAreaPinCode":"","proposerResidenceAreaCityId":"","proposerDob":"October 24, 1975","panNumber":"","gstTypeId":"","gstIdNumber":"","aadharNumber":"","eiaNumber":"","socialStatus":"1","socialStatusBpl":"1","socialStatusDisabled":"1","socialStatusInformal":"1","socialStatusUnorganized":"1","previousMedicalInsurance":"","annualIncome":"200000","criticalIllness":"false","insureds[0]":{"dob":"October 05, 2020","sumInsuredId":3,"name":"d","sex":"Male","illness":"None","relationshipId":4,"occupationId":1,"hospitalCash":"0","height":6,"weight":50},"insureds[1]":{"dob":"October 13, 2020","sumInsuredId":3,"name":"ds","sex":"Male","illness":"None","relationshipId":4,"occupationId":13,"hospitalCash":"0","height":4,"weight":50,"isPersonalAccidentApplicable":"false","engageManualLabour":"","engageWinterSports":"","buyBackPED":0},"insureds[2]":{"dob":"October 05, 2020","sumInsuredId":3,"name":"as","sex":"Male","illness":"None","relationshipId":3,"occupationId":8,"hospitalCash":"0","height":5,"weight":60,"isPersonalAccidentApplicable":"false","engageManualLabour":"","engageWinterSports":"","buyBackPED":0},"insureds[3]":{"dob":"","sumInsuredId":3,"name":"","sex":"","illness":"","relationshipId":0,"occupationId":0,"hospitalCash":"0","height":0,"weight":0},"nomineeName":"d","nomineeAge":"20","nomineeRelationship":"SoninLaw","nomineePercentClaim":"100","appointeeName":"","appointeeAge":"","appointeeRelationship":"","nomineeNameTwo":"","nomineeAgeTwo":"","nomineeRelationshipTwo":"","nomineePercentClaimTwo":"","appointeeNameTwo":"","appointeeAgeTwo":"","appointeeRelationshipTwo":"","APIKEY":"0b7ac3ec6a6246ef8c1f510c1ea5eaf9","SECRETKEY":"f5e918674da44343bb38212a59cb8bcd","policyTypeName":"FHONEW","travelStartOn":"","travelEndOn":"","planId":12001,"postalCode":0,"period":1,"searchId":579380492,"companyId":"10006"}
ErrorMessage : getdetail-webexception=
InnerExceptionMessage : The remote server returned an error: (400) Bad Request.
ErrorMessage : https://ig.starhealth.in/api/policy/proposals
InnerExceptionMessage : {"Id":0,"FirstName":"","LastName":"","EmailId":"","DOB":"","Gender":"","MobileNo":"","Address":"","Country":"","Password":"","ConfirmPassword":"","attempttime":0,"countsec":0,"datecount":"","SecurityCode":"","sumInsuredId":3,"schemeId":5,"sumAssured":"400000","Amount":"11065","serviceTax":"1991","totalPremium":"13056","NoOfAdults":"2","NoOfChildren":"1","Plan":"Family Health Optima","startOn":"October 25, 2020","endOn":"October 24, 2021","policyCategory":"fresh","proposerName":"Hkkjhkdja","proposerEmail":"d@gmail.com","proposerPhone":"9787987867","proposerAddressOne":"ad","proposerAddressTwo":"ad","proposerAreaId":"61379","proposerAreaPinCode":"226016","proposerAreaCityId":"3090","proposerResidenceAddressOne":"","proposerResidenceAddressTwo":"","proposerResidenceAreaId":"","proposerResidenceAreaPinCode":"","proposerResidenceAreaCityId":"","proposerDob":"October 24, 1975","panNumber":"","gstTypeId":"","gstIdNumber":"","aadharNumber":"","eiaNumber":"","socialStatus":"1","socialStatusBpl":"1","socialStatusDisabled":"1","socialStatusInformal":"1","socialStatusUnorganized":"1","previousMedicalInsurance":"","annualIncome":"200000","criticalIllness":"false","insureds[0]":{"dob":"October 05, 2020","sumInsuredId":3,"name":"d","sex":"Male","illness":"None","relationshipId":3,"occupationId":1,"hospitalCash":"0","height":6,"weight":50},"insureds[1]":{"dob":"October 13, 2020","sumInsuredId":3,"name":"ds","sex":"Male","illness":"None","relationshipId":4,"occupationId":13,"hospitalCash":"0","height":4,"weight":50,"isPersonalAccidentApplicable":"false","engageManualLabour":"","engageWinterSports":"","buyBackPED":0},"insureds[2]":{"dob":"October 05, 2020","sumInsuredId":3,"name":"as","sex":"Male","illness":"None","relationshipId":3,"occupationId":8,"hospitalCash":"0","height":5,"weight":60,"isPersonalAccidentApplicable":"false","engageManualLabour":"","engageWinterSports":"","buyBackPED":0},"insureds[3]":{"dob":"","sumInsuredId":3,"name":"","sex":"","illness":"","relationshipId":0,"occupationId":0,"hospitalCash":"0","height":0,"weight":0},"nomineeName":"d","nomineeAge":"20","nomineeRelationship":"SoninLaw","nomineePercentClaim":"100","appointeeName":"","appointeeAge":"","appointeeRelationship":"","nomineeNameTwo":"","nomineeAgeTwo":"","nomineeRelationshipTwo":"","nomineePercentClaimTwo":"","appointeeNameTwo":"","appointeeAgeTwo":"","appointeeRelationshipTwo":"","APIKEY":"0b7ac3ec6a6246ef8c1f510c1ea5eaf9","SECRETKEY":"f5e918674da44343bb38212a59cb8bcd","policyTypeName":"FHONEW","travelStartOn":"","travelEndOn":"","planId":12001,"postalCode":0,"period":1,"searchId":579380492,"companyId":"10006"}
ErrorMessage : getdetail-webexception=
InnerExceptionMessage : The remote server returned an error: (400) Bad Request.
ErrorMessage : https://ig.starhealth.in/api/policy/proposals
InnerExceptionMessage : {"Id":0,"FirstName":"","LastName":"","EmailId":"","DOB":"","Gender":"","MobileNo":"","Address":"","Country":"","Password":"","ConfirmPassword":"","attempttime":0,"countsec":0,"datecount":"","SecurityCode":"","sumInsuredId":3,"schemeId":5,"sumAssured":"400000","Amount":"11065","serviceTax":"1991","totalPremium":"13056","NoOfAdults":"2","NoOfChildren":"1","Plan":"Family Health Optima","startOn":"October 25, 2020","endOn":"October 24, 2021","policyCategory":"fresh","proposerName":"Hkkjhkdja","proposerEmail":"d@gmail.com","proposerPhone":"9787987867","proposerAddressOne":"ad","proposerAddressTwo":"ad","proposerAreaId":"61379","proposerAreaPinCode":"226016","proposerAreaCityId":"3090","proposerResidenceAddressOne":"","proposerResidenceAddressTwo":"","proposerResidenceAreaId":"","proposerResidenceAreaPinCode":"","proposerResidenceAreaCityId":"","proposerDob":"October 24, 1975","panNumber":"","gstTypeId":"","gstIdNumber":"","aadharNumber":"","eiaNumber":"","socialStatus":"1","socialStatusBpl":"1","socialStatusDisabled":"1","socialStatusInformal":"1","socialStatusUnorganized":"1","previousMedicalInsurance":"","annualIncome":"200000","criticalIllness":"false","insureds[0]":{"dob":"October 05, 2020","sumInsuredId":3,"name":"d","sex":"Male","illness":"None","relationshipId":3,"occupationId":1,"hospitalCash":"0","height":6,"weight":50},"insureds[1]":{"dob":"October 13, 2020","sumInsuredId":3,"name":"ds","sex":"Male","illness":"None","relationshipId":4,"occupationId":13,"hospitalCash":"0","height":4,"weight":50,"isPersonalAccidentApplicable":"false","engageManualLabour":"","engageWinterSports":"","buyBackPED":0},"insureds[2]":{"dob":"October 05, 2020","sumInsuredId":3,"name":"as","sex":"Male","illness":"None","relationshipId":4,"occupationId":8,"hospitalCash":"0","height":5,"weight":60,"isPersonalAccidentApplicable":"false","engageManualLabour":"","engageWinterSports":"","buyBackPED":0},"insureds[3]":{"dob":"","sumInsuredId":3,"name":"","sex":"","illness":"","relationshipId":0,"occupationId":0,"hospitalCash":"0","height":0,"weight":0},"nomineeName":"d","nomineeAge":"20","nomineeRelationship":"SoninLaw","nomineePercentClaim":"100","appointeeName":"","appointeeAge":"","appointeeRelationship":"","nomineeNameTwo":"","nomineeAgeTwo":"","nomineeRelationshipTwo":"","nomineePercentClaimTwo":"","appointeeNameTwo":"","appointeeAgeTwo":"","appointeeRelationshipTwo":"","APIKEY":"0b7ac3ec6a6246ef8c1f510c1ea5eaf9","SECRETKEY":"f5e918674da44343bb38212a59cb8bcd","policyTypeName":"FHONEW","travelStartOn":"","travelEndOn":"","planId":12001,"postalCode":0,"period":1,"searchId":579380492,"companyId":"10006"}
ErrorMessage : getdetail-webexception=
InnerExceptionMessage : The remote server returned an error: (400) Bad Request.
ErrorMessage : https://ig.starhealth.in/api/policy/proposals
InnerExceptionMessage : {"Id":0,"FirstName":"","LastName":"","EmailId":"","DOB":"","Gender":"","MobileNo":"","Address":"","Country":"","Password":"","ConfirmPassword":"","attempttime":0,"countsec":0,"datecount":"","SecurityCode":"","sumInsuredId":3,"schemeId":5,"sumAssured":"400000","Amount":"11065","serviceTax":"1991","totalPremium":"13056","NoOfAdults":"2","NoOfChildren":"1","Plan":"Family Health Optima","startOn":"October 25, 2020","endOn":"October 24, 2021","policyCategory":"fresh","proposerName":"Hkkjhkdja","proposerEmail":"d@gmail.com","proposerPhone":"9787987867","proposerAddressOne":"ad","proposerAddressTwo":"ad","proposerAreaId":"61379","proposerAreaPinCode":"226016","proposerAreaCityId":"3090","proposerResidenceAddressOne":"","proposerResidenceAddressTwo":"","proposerResidenceAreaId":"","proposerResidenceAreaPinCode":"","proposerResidenceAreaCityId":"","proposerDob":"October 24, 1975","panNumber":"","gstTypeId":"","gstIdNumber":"","aadharNumber":"","eiaNumber":"","socialStatus":"1","socialStatusBpl":"1","socialStatusDisabled":"1","socialStatusInformal":"1","socialStatusUnorganized":"1","previousMedicalInsurance":"","annualIncome":"200000","criticalIllness":"false","insureds[0]":{"dob":"October 05, 2020","sumInsuredId":3,"name":"d","sex":"Male","illness":"None","relationshipId":3,"occupationId":1,"hospitalCash":"0","height":6,"weight":50},"insureds[1]":{"dob":"October 13, 2020","sumInsuredId":3,"name":"ds","sex":"Male","illness":"None","relationshipId":4,"occupationId":1,"hospitalCash":"0","height":4,"weight":50,"isPersonalAccidentApplicable":"false","engageManualLabour":"","engageWinterSports":"","buyBackPED":0},"insureds[2]":{"dob":"October 05, 2020","sumInsuredId":3,"name":"as","sex":"Male","illness":"None","relationshipId":3,"occupationId":12,"hospitalCash":"0","height":5,"weight":60,"isPersonalAccidentApplicable":"false","engageManualLabour":"","engageWinterSports":"","buyBackPED":0},"insureds[3]":{"dob":"","sumInsuredId":3,"name":"","sex":"","illness":"","relationshipId":0,"occupationId":0,"hospitalCash":"0","height":0,"weight":0},"nomineeName":"d","nomineeAge":"20","nomineeRelationship":"SoninLaw","nomineePercentClaim":"100","appointeeName":"","appointeeAge":"","appointeeRelationship":"","nomineeNameTwo":"","nomineeAgeTwo":"","nomineeRelationshipTwo":"","nomineePercentClaimTwo":"","appointeeNameTwo":"","appointeeAgeTwo":"","appointeeRelationshipTwo":"","APIKEY":"0b7ac3ec6a6246ef8c1f510c1ea5eaf9","SECRETKEY":"f5e918674da44343bb38212a59cb8bcd","policyTypeName":"FHONEW","travelStartOn":"","travelEndOn":"","planId":12001,"postalCode":0,"period":1,"searchId":579380492,"companyId":"10006"}
ErrorMessage : getdetail-webexception=
InnerExceptionMessage : The remote server returned an error: (400) Bad Request.
ErrorMessage : https://ig.starhealth.in/api/policy/proposals
InnerExceptionMessage : {"Id":0,"FirstName":"","LastName":"","EmailId":"","DOB":"","Gender":"","MobileNo":"","Address":"","Country":"","Password":"","ConfirmPassword":"","attempttime":0,"countsec":0,"datecount":"","SecurityCode":"","sumInsuredId":3,"schemeId":5,"sumAssured":"400000","Amount":"11065","serviceTax":"1991","totalPremium":"13056","NoOfAdults":"2","NoOfChildren":"1","Plan":"Family Health Optima","startOn":"October 25, 2020","endOn":"October 24, 2021","policyCategory":"fresh","proposerName":"Hkkjhkdja","proposerEmail":"d@gmail.com","proposerPhone":"9787987867","proposerAddressOne":"ad","proposerAddressTwo":"ad","proposerAreaId":"61379","proposerAreaPinCode":"226016","proposerAreaCityId":"3090","proposerResidenceAddressOne":"","proposerResidenceAddressTwo":"","proposerResidenceAreaId":"","proposerResidenceAreaPinCode":"","proposerResidenceAreaCityId":"","proposerDob":"October 24, 1975","panNumber":"","gstTypeId":"","gstIdNumber":"","aadharNumber":"","eiaNumber":"","socialStatus":"1","socialStatusBpl":"1","socialStatusDisabled":"1","socialStatusInformal":"1","socialStatusUnorganized":"1","previousMedicalInsurance":"","annualIncome":"200000","criticalIllness":"false","insureds[0]":{"dob":"October 05, 2020","sumInsuredId":3,"name":"d","sex":"Male","illness":"None","relationshipId":3,"occupationId":1,"hospitalCash":"0","height":6,"weight":50},"insureds[1]":{"dob":"October 13, 2020","sumInsuredId":3,"name":"ds","sex":"Male","illness":"None","relationshipId":4,"occupationId":1,"hospitalCash":"0","height":4,"weight":50,"isPersonalAccidentApplicable":"false","engageManualLabour":"","engageWinterSports":"","buyBackPED":0},"insureds[2]":{"dob":"October 05, 2020","sumInsuredId":3,"name":"as","sex":"Male","illness":"None","relationshipId":3,"occupationId":12,"hospitalCash":"0","height":5,"weight":60,"isPersonalAccidentApplicable":"false","engageManualLabour":"","engageWinterSports":"","buyBackPED":0},"insureds[3]":{"dob":"","sumInsuredId":3,"name":"","sex":"","illness":"","relationshipId":0,"occupationId":0,"hospitalCash":"0","height":0,"weight":0},"nomineeName":"d","nomineeAge":"20","nomineeRelationship":"SoninLaw","nomineePercentClaim":"100","appointeeName":"","appointeeAge":"","appointeeRelationship":"","nomineeNameTwo":"","nomineeAgeTwo":"","nomineeRelationshipTwo":"","nomineePercentClaimTwo":"","appointeeNameTwo":"","appointeeAgeTwo":"","appointeeRelationshipTwo":"","APIKEY":"0b7ac3ec6a6246ef8c1f510c1ea5eaf9","SECRETKEY":"f5e918674da44343bb38212a59cb8bcd","policyTypeName":"FHONEW","travelStartOn":"","travelEndOn":"","planId":12001,"postalCode":0,"period":1,"searchId":579380492,"companyId":"10006"}
ErrorMessage : getdetail-webexception=
InnerExceptionMessage : The remote server returned an error: (400) Bad Request.
ErrorMessage : https://ig.starhealth.in/api/policy/proposals
InnerExceptionMessage : {"Id":0,"FirstName":"","LastName":"","EmailId":"","DOB":"","Gender":"","MobileNo":"","Address":"","Country":"","Password":"","ConfirmPassword":"","attempttime":0,"countsec":0,"datecount":"","SecurityCode":"","sumInsuredId":3,"schemeId":5,"sumAssured":"400000","Amount":"11065","serviceTax":"1991","totalPremium":"13056","NoOfAdults":"2","NoOfChildren":"1","Plan":"Family Health Optima","startOn":"October 25, 2020","endOn":"October 24, 2021","policyCategory":"fresh","proposerName":"Hkkjhkdja","proposerEmail":"d@gmail.com","proposerPhone":"9787987867","proposerAddressOne":"ad","proposerAddressTwo":"ad","proposerAreaId":"61379","proposerAreaPinCode":"226016","proposerAreaCityId":"3090","proposerResidenceAddressOne":"","proposerResidenceAddressTwo":"","proposerResidenceAreaId":"","proposerResidenceAreaPinCode":"","proposerResidenceAreaCityId":"","proposerDob":"October 24, 1975","panNumber":"","gstTypeId":"","gstIdNumber":"","aadharNumber":"","eiaNumber":"","socialStatus":"1","socialStatusBpl":"1","socialStatusDisabled":"1","socialStatusInformal":"1","socialStatusUnorganized":"1","previousMedicalInsurance":"","annualIncome":"200000","criticalIllness":"false","insureds[0]":{"dob":"October 05, 2020","sumInsuredId":3,"name":"d","sex":"Male","illness":"None","relationshipId":1,"occupationId":1,"hospitalCash":"0","height":6,"weight":50},"insureds[1]":{"dob":"October 13, 2020","sumInsuredId":3,"name":"ds","sex":"Female","illness":"None","relationshipId":2,"occupationId":10,"hospitalCash":"0","height":140,"weight":50,"isPersonalAccidentApplicable":"false","engageManualLabour":"","engageWinterSports":"","buyBackPED":0},"insureds[2]":{"dob":"October 05, 2020","sumInsuredId":3,"name":"as","sex":"Male","illness":"None","relationshipId":3,"occupationId":12,"hospitalCash":"0","height":155,"weight":10,"isPersonalAccidentApplicable":"false","engageManualLabour":"","engageWinterSports":"","buyBackPED":0},"insureds[3]":{"dob":"","sumInsuredId":3,"name":"","sex":"","illness":"","relationshipId":0,"occupationId":0,"hospitalCash":"0","height":0,"weight":0},"nomineeName":"d","nomineeAge":"20","nomineeRelationship":"SoninLaw","nomineePercentClaim":"100","appointeeName":"","appointeeAge":"","appointeeRelationship":"","nomineeNameTwo":"","nomineeAgeTwo":"","nomineeRelationshipTwo":"","nomineePercentClaimTwo":"","appointeeNameTwo":"","appointeeAgeTwo":"","appointeeRelationshipTwo":"","APIKEY":"0b7ac3ec6a6246ef8c1f510c1ea5eaf9","SECRETKEY":"f5e918674da44343bb38212a59cb8bcd","policyTypeName":"FHONEW","travelStartOn":"","travelEndOn":"","planId":12001,"postalCode":0,"period":1,"searchId":579380492,"companyId":"10006"}
ErrorMessage : getdetail-webexception=
InnerExceptionMessage : The remote server returned an error: (400) Bad Request.
ErrorMessage : https://ig.starhealth.in/api/policy/proposals
InnerExceptionMessage : {"Id":0,"FirstName":"","LastName":"","EmailId":"","DOB":"","Gender":"","MobileNo":"","Address":"","Country":"","Password":"","ConfirmPassword":"","attempttime":0,"countsec":0,"datecount":"","SecurityCode":"","sumInsuredId":3,"schemeId":5,"sumAssured":"400000","Amount":"11065","serviceTax":"1991","totalPremium":"13056","NoOfAdults":"2","NoOfChildren":"1","Plan":"Family Health Optima","startOn":"October 25, 2020","endOn":"October 24, 2021","policyCategory":"fresh","proposerName":"Hkkjhkdja","proposerEmail":"d@gmail.com","proposerPhone":"9787987867","proposerAddressOne":"ad","proposerAddressTwo":"ad","proposerAreaId":"61379","proposerAreaPinCode":"226016","proposerAreaCityId":"3090","proposerResidenceAddressOne":"","proposerResidenceAddressTwo":"","proposerResidenceAreaId":"","proposerResidenceAreaPinCode":"","proposerResidenceAreaCityId":"","proposerDob":"October 24, 1975","panNumber":"","gstTypeId":"","gstIdNumber":"","aadharNumber":"","eiaNumber":"","socialStatus":"1","socialStatusBpl":"1","socialStatusDisabled":"1","socialStatusInformal":"1","socialStatusUnorganized":"1","previousMedicalInsurance":"","annualIncome":"200000","criticalIllness":"false","insureds[0]":{"dob":"October 23, 1985","sumInsuredId":3,"name":"d","sex":"Male","illness":"None","relationshipId":1,"occupationId":3,"hospitalCash":"0","height":160,"weight":50},"insureds[1]":{"dob":"October 13, 2020","sumInsuredId":3,"name":"ds","sex":"Female","illness":"None","relationshipId":2,"occupationId":10,"hospitalCash":"0","height":140,"weight":50,"isPersonalAccidentApplicable":"false","engageManualLabour":"","engageWinterSports":"","buyBackPED":0},"insureds[2]":{"dob":"October 05, 2020","sumInsuredId":3,"name":"as","sex":"Male","illness":"None","relationshipId":3,"occupationId":12,"hospitalCash":"0","height":155,"weight":10,"isPersonalAccidentApplicable":"false","engageManualLabour":"","engageWinterSports":"","buyBackPED":0},"insureds[3]":{"dob":"","sumInsuredId":3,"name":"","sex":"","illness":"","relationshipId":0,"occupationId":0,"hospitalCash":"0","height":0,"weight":0},"nomineeName":"d","nomineeAge":"20","nomineeRelationship":"Sister","nomineePercentClaim":"100","appointeeName":"","appointeeAge":"","appointeeRelationship":"","nomineeNameTwo":"","nomineeAgeTwo":"","nomineeRelationshipTwo":"","nomineePercentClaimTwo":"","appointeeNameTwo":"","appointeeAgeTwo":"","appointeeRelationshipTwo":"","APIKEY":"0b7ac3ec6a6246ef8c1f510c1ea5eaf9","SECRETKEY":"f5e918674da44343bb38212a59cb8bcd","policyTypeName":"FHONEW","travelStartOn":"","travelEndOn":"","planId":12001,"postalCode":0,"period":1,"searchId":579380492,"companyId":"10006"}
ErrorMessage : getdetail-webexception=
InnerExceptionMessage : The remote server returned an error: (400) Bad Request.
ErrorMessage : dasd=
InnerExceptionMessage : {"premium":16405,"serviceTax":2952,"totalPremium":19357}
ErrorMessage : https://ig.starhealth.in/api/policy/proposals
InnerExceptionMessage : {"Id":0,"FirstName":"","LastName":"","EmailId":"","DOB":"","Gender":"","MobileNo":"","Address":"","Country":"","Password":"","ConfirmPassword":"","attempttime":0,"countsec":0,"datecount":"","SecurityCode":"","sumInsuredId":3,"schemeId":5,"sumAssured":"400000","Amount":"11065","serviceTax":"1991","totalPremium":"13056","NoOfAdults":"2","NoOfChildren":"1","Plan":"Family Health Optima","startOn":"October 25, 2020","endOn":"October 24, 2021","policyCategory":"fresh","proposerName":"Hkkjhkdja","proposerEmail":"jhj@gmail.com","proposerPhone":"9787987867","proposerAddressOne":"gj","proposerAddressTwo":"hjgjh","proposerAreaId":"61418","proposerAreaPinCode":"226016","proposerAreaCityId":"3090","proposerResidenceAddressOne":"","proposerResidenceAddressTwo":"","proposerResidenceAreaId":"","proposerResidenceAreaPinCode":"","proposerResidenceAreaCityId":"","proposerDob":"October 24, 1975","panNumber":"","gstTypeId":"","gstIdNumber":"","aadharNumber":"","eiaNumber":"","socialStatus":"1","socialStatusBpl":"1","socialStatusDisabled":"1","socialStatusInformal":"1","socialStatusUnorganized":"1","previousMedicalInsurance":"","annualIncome":"10000000","criticalIllness":"false","insureds[0]":{"dob":"October 19, 1994","sumInsuredId":3,"name":"gjhgjhj","sex":"Male","illness":"None","relationshipId":1,"occupationId":3,"hospitalCash":"0","height":160,"weight":60},"insureds[1]":{"dob":"October 13, 1993","sumInsuredId":3,"name":"gfhgjhgj","sex":"Female","illness":"None","relationshipId":2,"occupationId":10,"hospitalCash":"0","height":150,"weight":50,"isPersonalAccidentApplicable":"false","engageManualLabour":"","engageWinterSports":"","buyBackPED":0},"insureds[2]":{"dob":"October 13, 1999","sumInsuredId":3,"name":"ghfghghj","sex":"Male","illness":"None","relationshipId":3,"occupationId":12,"hospitalCash":"0","height":120,"weight":30,"isPersonalAccidentApplicable":"false","engageManualLabour":"","engageWinterSports":"","buyBackPED":0},"insureds[3]":{"dob":"","sumInsuredId":3,"name":"","sex":"","illness":"","relationshipId":0,"occupationId":0,"hospitalCash":"0","height":0,"weight":0},"nomineeName":"ghjgjhkj","nomineeAge":"45","nomineeRelationship":"Mother","nomineePercentClaim":"100","appointeeName":"","appointeeAge":"","appointeeRelationship":"","nomineeNameTwo":"","nomineeAgeTwo":"","nomineeRelationshipTwo":"","nomineePercentClaimTwo":"","appointeeNameTwo":"","appointeeAgeTwo":"","appointeeRelationshipTwo":"","APIKEY":"0b7ac3ec6a6246ef8c1f510c1ea5eaf9","SECRETKEY":"f5e918674da44343bb38212a59cb8bcd","policyTypeName":"FHONEW","travelStartOn":"","travelEndOn":"","planId":12001,"postalCode":0,"period":1,"searchId":579380492,"companyId":"10006"}
ErrorMessage : getdetail-webexception=
InnerExceptionMessage : The remote server returned an error: (400) Bad Request.
ErrorMessage : https://ig.starhealth.in/api/policy/proposals
InnerExceptionMessage : {"Id":0,"FirstName":"","LastName":"","EmailId":"","DOB":"","Gender":"","MobileNo":"","Address":"","Country":"","Password":"","ConfirmPassword":"","attempttime":0,"countsec":0,"datecount":"","SecurityCode":"","sumInsuredId":3,"schemeId":5,"sumAssured":"400000","Amount":"11065","serviceTax":"1991","totalPremium":"13056","NoOfAdults":"2","NoOfChildren":"1","Plan":"Family Health Optima","startOn":"October 25, 2020","endOn":"October 24, 2021","policyCategory":"fresh","proposerName":"Hkkjhkdja","proposerEmail":"jhj@gmail.com","proposerPhone":"9787987867","proposerAddressOne":"gj","proposerAddressTwo":"hjgjh","proposerAreaId":"61418","proposerAreaPinCode":"226016","proposerAreaCityId":"3090","proposerResidenceAddressOne":"","proposerResidenceAddressTwo":"","proposerResidenceAreaId":"","proposerResidenceAreaPinCode":"","proposerResidenceAreaCityId":"","proposerDob":"October 24, 1975","panNumber":"","gstTypeId":"","gstIdNumber":"","aadharNumber":"","eiaNumber":"","socialStatus":"1","socialStatusBpl":"1","socialStatusDisabled":"1","socialStatusInformal":"1","socialStatusUnorganized":"1","previousMedicalInsurance":"","annualIncome":"10000000","criticalIllness":"false","insureds[0]":{"dob":"October 19, 1994","sumInsuredId":3,"name":"gjhgjhj","sex":"Male","illness":"None","relationshipId":1,"occupationId":3,"hospitalCash":"0","height":160,"weight":60},"insureds[1]":{"dob":"October 13, 1993","sumInsuredId":3,"name":"gfhgjhgj","sex":"Female","illness":"None","relationshipId":2,"occupationId":10,"hospitalCash":"0","height":150,"weight":50,"isPersonalAccidentApplicable":"false","engageManualLabour":"","engageWinterSports":"","buyBackPED":0},"insureds[2]":{"dob":"October 13, 1999","sumInsuredId":3,"name":"ghfghghj","sex":"Male","illness":"None","relationshipId":3,"occupationId":12,"hospitalCash":"0","height":120,"weight":30,"isPersonalAccidentApplicable":"false","engageManualLabour":"","engageWinterSports":"","buyBackPED":0},"insureds[3]":{"dob":"","sumInsuredId":3,"name":"","sex":"","illness":"","relationshipId":0,"occupationId":0,"hospitalCash":"0","height":0,"weight":0},"nomineeName":"ghjgjhkj","nomineeAge":"45","nomineeRelationship":"Mother","nomineePercentClaim":"100","appointeeName":"","appointeeAge":"","appointeeRelationship":"","nomineeNameTwo":"","nomineeAgeTwo":"","nomineeRelationshipTwo":"","nomineePercentClaimTwo":"","appointeeNameTwo":"","appointeeAgeTwo":"","appointeeRelationshipTwo":"","APIKEY":"0b7ac3ec6a6246ef8c1f510c1ea5eaf9","SECRETKEY":"f5e918674da44343bb38212a59cb8bcd","policyTypeName":"FHONEW","travelStartOn":"","travelEndOn":"","planId":12001,"postalCode":0,"period":1,"searchId":579380492,"companyId":"10006"}
ErrorMessage : getdetail-webexception=
InnerExceptionMessage : The remote server returned an error: (400) Bad Request.
ErrorMessage : dasd=
InnerExceptionMessage : {"genpremdtlsres":{"contractid":"null","quoterefno":"null","refno":"null","scrutinyno":"null","policyref":"null","netpremium":"41520","servicetaxamt":"0","educessamt":"0","totalpremium":"48994","finalpremium":"48994","servicetaxrate":"null","educessrate":"null","stampduty":"null","uwloadingper":"null","uwloadingamt":"null","loadingper":"null","loadingamt":"null","discountper":"null","discountamt":"null","spdiscountper":"null","spdiscountamt":"null","param1":"0","param2":"0","param3":"0","param4":"null"},"errorcoderes":"0","errorlistres":[],"transactionid":10324911,"servicetaxmstobj":{"taxcode":"27_SGST17","taxtype":"SGST","baseamount":"null","sertax":"0","educess":"0","sbtax":"0","kkc":"0","cess1":"0","cess2":"0","cess3":"0","sertaxdesc":"NA","educessdesc":"NA","sbcessdesc":"NA","kkccessdesc":"NA","cess1desc":"NA","cess2desc":"NA","cess3desc":"NA","adjsertax":"null","adjeducess":"null","adjsbtax":"null","adjkkc":"null","adjcess1":"null","adjcess2":"null","adjcess3":"null","addtaxval1":"3737","addtaxval2":"0","addtaxval3":"3737","addtaxval4":"0","addtaxval5":"0","addtaxval1desc":"State GST","addtaxval2desc":"NA","addtaxval3desc":"Central GST","addtaxval4desc":"NA","addtaxval5desc":"NA"}}
ErrorMessage : dasd=
InnerExceptionMessage : {"premium":33330,"serviceTax":6000,"totalPremium":39330}
ErrorMessage : dasd=
InnerExceptionMessage : {"genpremdtlsres":{"contractid":"null","quoterefno":"null","refno":"null","scrutinyno":"null","policyref":"null","netpremium":"18400","servicetaxamt":"0","educessamt":"0","totalpremium":"21712","finalpremium":"21712","servicetaxrate":"null","educessrate":"null","stampduty":"null","uwloadingper":"null","uwloadingamt":"null","loadingper":"null","loadingamt":"null","discountper":"null","discountamt":"null","spdiscountper":"null","spdiscountamt":"null","param1":"0","param2":"0","param3":"0","param4":"null"},"errorcoderes":"0","errorlistres":[],"transactionid":10325144,"servicetaxmstobj":{"taxcode":"27_SGST17","taxtype":"SGST","baseamount":"null","sertax":"0","educess":"0","sbtax":"0","kkc":"0","cess1":"0","cess2":"0","cess3":"0","sertaxdesc":"NA","educessdesc":"NA","sbcessdesc":"NA","kkccessdesc":"NA","cess1desc":"NA","cess2desc":"NA","cess3desc":"NA","adjsertax":"null","adjeducess":"null","adjsbtax":"null","adjkkc":"null","adjcess1":"null","adjcess2":"null","adjcess3":"null","addtaxval1":"1656","addtaxval2":"0","addtaxval3":"1656","addtaxval4":"0","addtaxval5":"0","addtaxval1desc":"State GST","addtaxval2desc":"NA","addtaxval3desc":"Central GST","addtaxval4desc":"NA","addtaxval5desc":"NA"}}
ErrorMessage : dasd=
InnerExceptionMessage : {"premium":12955,"serviceTax":2332,"totalPremium":15287}
ErrorMessage : https://ig.starhealth.in/api/policy/proposals
InnerExceptionMessage : {"Id":0,"FirstName":"","LastName":"","EmailId":"","DOB":"","Gender":"","MobileNo":"","Address":"","Country":"","Password":"","ConfirmPassword":"","attempttime":0,"countsec":0,"datecount":"","SecurityCode":"","sumInsuredId":4,"schemeId":6,"sumAssured":"500000","Amount":"12955","serviceTax":"2331","totalPremium":"15286","NoOfAdults":"2","NoOfChildren":"2","Plan":"Family Health Optima","startOn":"October 25, 2020","endOn":"October 24, 2021","policyCategory":"fresh","proposerName":"Sd","proposerEmail":"f@gmail.com","proposerPhone":"5454547887","proposerAddressOne":"df","proposerAddressTwo":"f","proposerAreaId":"569081","proposerAreaPinCode":"226016","proposerAreaCityId":"498801","proposerResidenceAddressOne":"","proposerResidenceAddressTwo":"","proposerResidenceAreaId":"","proposerResidenceAreaPinCode":"","proposerResidenceAreaCityId":"","proposerDob":"October 24, 1980","panNumber":"","gstTypeId":"","gstIdNumber":"","aadharNumber":"","eiaNumber":"","socialStatus":"1","socialStatusBpl":"1","socialStatusDisabled":"1","socialStatusInformal":"1","socialStatusUnorganized":"1","previousMedicalInsurance":"","annualIncome":"200000","criticalIllness":"false","insureds[0]":{"dob":"October 19, 2020","sumInsuredId":4,"name":"h","sex":"Female","illness":"None","relationshipId":2,"occupationId":3,"hospitalCash":"0","height":5,"weight":70},"insureds[1]":{"dob":"October 07, 2020","sumInsuredId":4,"name":"k","sex":"Female","illness":"None","relationshipId":1,"occupationId":5,"hospitalCash":"0","height":5,"weight":40,"isPersonalAccidentApplicable":"false","engageManualLabour":"","engageWinterSports":"","buyBackPED":0},"insureds[2]":{"dob":"October 13, 2020","sumInsuredId":4,"name":"ghfghghj","sex":"Female","illness":"None","relationshipId":3,"occupationId":12,"hospitalCash":"0","height":5,"weight":60,"isPersonalAccidentApplicable":"false","engageManualLabour":"","engageWinterSports":"","buyBackPED":0},"insureds[3]":{"dob":"October 07, 2020","sumInsuredId":4,"name":"k","sex":"Male","illness":"None","relationshipId":3,"occupationId":13,"hospitalCash":"0","height":6,"weight":55,"isPersonalAccidentApplicable":"false","engageManualLabour":"","engageWinterSports":"","buyBackPED":0},"nomineeName":"d","nomineeAge":"10","nomineeRelationship":"Brother","nomineePercentClaim":"100","appointeeName":"","appointeeAge":"","appointeeRelationship":"","nomineeNameTwo":"","nomineeAgeTwo":"","nomineeRelationshipTwo":"","nomineePercentClaimTwo":"","appointeeNameTwo":"","appointeeAgeTwo":"","appointeeRelationshipTwo":"","APIKEY":"0b7ac3ec6a6246ef8c1f510c1ea5eaf9","SECRETKEY":"f5e918674da44343bb38212a59cb8bcd","policyTypeName":"FHONEW","travelStartOn":"","travelEndOn":"","planId":12287,"postalCode":0,"period":1,"searchId":587913184,"companyId":"10006"}
ErrorMessage : getdetail-webexception=
InnerExceptionMessage : The remote server returned an error: (400) Bad Request.
ErrorMessage : https://ig.starhealth.in/api/policy/proposals
InnerExceptionMessage : {"Id":0,"FirstName":"","LastName":"","EmailId":"","DOB":"","Gender":"","MobileNo":"","Address":"","Country":"","Password":"","ConfirmPassword":"","attempttime":0,"countsec":0,"datecount":"","SecurityCode":"","sumInsuredId":4,"schemeId":6,"sumAssured":"500000","Amount":"12955","serviceTax":"2331","totalPremium":"15286","NoOfAdults":"2","NoOfChildren":"2","Plan":"Family Health Optima","startOn":"October 25, 2020","endOn":"October 24, 2021","policyCategory":"fresh","proposerName":"Sd","proposerEmail":"f@gmail.com","proposerPhone":"7878787878","proposerAddressOne":"df","proposerAddressTwo":"f","proposerAreaId":"569081","proposerAreaPinCode":"226016","proposerAreaCityId":"498801","proposerResidenceAddressOne":"","proposerResidenceAddressTwo":"","proposerResidenceAreaId":"","proposerResidenceAreaPinCode":"","proposerResidenceAreaCityId":"","proposerDob":"October 24, 1980","panNumber":"","gstTypeId":"","gstIdNumber":"","aadharNumber":"","eiaNumber":"","socialStatus":"1","socialStatusBpl":"1","socialStatusDisabled":"1","socialStatusInformal":"1","socialStatusUnorganized":"1","previousMedicalInsurance":"","annualIncome":"200000","criticalIllness":"false","insureds[0]":{"dob":"October 19, 2020","sumInsuredId":4,"name":"h","sex":"Female","illness":"None","relationshipId":2,"occupationId":3,"hospitalCash":"0","height":5,"weight":70},"insureds[1]":{"dob":"October 07, 2020","sumInsuredId":4,"name":"k","sex":"Female","illness":"None","relationshipId":1,"occupationId":5,"hospitalCash":"0","height":5,"weight":40,"isPersonalAccidentApplicable":"false","engageManualLabour":"","engageWinterSports":"","buyBackPED":0},"insureds[2]":{"dob":"October 13, 2020","sumInsuredId":4,"name":"ghfghghj","sex":"Female","illness":"None","relationshipId":3,"occupationId":12,"hospitalCash":"0","height":5,"weight":60,"isPersonalAccidentApplicable":"false","engageManualLabour":"","engageWinterSports":"","buyBackPED":0},"insureds[3]":{"dob":"October 07, 2020","sumInsuredId":4,"name":"k","sex":"Male","illness":"None","relationshipId":3,"occupationId":13,"hospitalCash":"0","height":6,"weight":55,"isPersonalAccidentApplicable":"false","engageManualLabour":"","engageWinterSports":"","buyBackPED":0},"nomineeName":"d","nomineeAge":"18","nomineeRelationship":"Brother","nomineePercentClaim":"100","appointeeName":"","appointeeAge":"","appointeeRelationship":"","nomineeNameTwo":"","nomineeAgeTwo":"","nomineeRelationshipTwo":"","nomineePercentClaimTwo":"","appointeeNameTwo":"","appointeeAgeTwo":"","appointeeRelationshipTwo":"","APIKEY":"0b7ac3ec6a6246ef8c1f510c1ea5eaf9","SECRETKEY":"f5e918674da44343bb38212a59cb8bcd","policyTypeName":"FHONEW","travelStartOn":"","travelEndOn":"","planId":12287,"postalCode":0,"period":1,"searchId":587913184,"companyId":"10006"}
ErrorMessage : getdetail-webexception=
InnerExceptionMessage : The remote server returned an error: (400) Bad Request.
ErrorMessage : https://ig.starhealth.in/api/policy/proposals
InnerExceptionMessage : {"Id":0,"FirstName":"","LastName":"","EmailId":"","DOB":"","Gender":"","MobileNo":"","Address":"","Country":"","Password":"","ConfirmPassword":"","attempttime":0,"countsec":0,"datecount":"","SecurityCode":"","sumInsuredId":4,"schemeId":6,"sumAssured":"500000","Amount":"12955","serviceTax":"2331","totalPremium":"15286","NoOfAdults":"2","NoOfChildren":"2","Plan":"Family Health Optima","startOn":"October 25, 2020","endOn":"October 24, 2021","policyCategory":"fresh","proposerName":"Sd","proposerEmail":"f@gmail.com","proposerPhone":"7878787878","proposerAddressOne":"df","proposerAddressTwo":"f","proposerAreaId":"569081","proposerAreaPinCode":"226016","proposerAreaCityId":"498801","proposerResidenceAddressOne":"","proposerResidenceAddressTwo":"","proposerResidenceAreaId":"","proposerResidenceAreaPinCode":"","proposerResidenceAreaCityId":"","proposerDob":"October 24, 1980","panNumber":"","gstTypeId":"","gstIdNumber":"","aadharNumber":"","eiaNumber":"","socialStatus":"1","socialStatusBpl":"1","socialStatusDisabled":"1","socialStatusInformal":"1","socialStatusUnorganized":"1","previousMedicalInsurance":"","annualIncome":"200000","criticalIllness":"false","insureds[0]":{"dob":"October 01, 2020","sumInsuredId":4,"name":"h","sex":"Female","illness":"None","relationshipId":2,"occupationId":3,"hospitalCash":"0","height":5,"weight":70},"insureds[1]":{"dob":"October 07, 2020","sumInsuredId":4,"name":"k","sex":"Female","illness":"None","relationshipId":1,"occupationId":5,"hospitalCash":"0","height":5,"weight":40,"isPersonalAccidentApplicable":"false","engageManualLabour":"","engageWinterSports":"","buyBackPED":0},"insureds[2]":{"dob":"October 02, 2020","sumInsuredId":4,"name":"ghfghghj","sex":"Female","illness":"None","relationshipId":3,"occupationId":12,"hospitalCash":"0","height":5,"weight":60,"isPersonalAccidentApplicable":"false","engageManualLabour":"","engageWinterSports":"","buyBackPED":0},"insureds[3]":{"dob":"October 03, 2020","sumInsuredId":4,"name":"k","sex":"Male","illness":"None","relationshipId":3,"occupationId":13,"hospitalCash":"0","height":6,"weight":55,"isPersonalAccidentApplicable":"false","engageManualLabour":"","engageWinterSports":"","buyBackPED":0},"nomineeName":"d","nomineeAge":"18","nomineeRelationship":"Brother","nomineePercentClaim":"100","appointeeName":"","appointeeAge":"","appointeeRelationship":"","nomineeNameTwo":"","nomineeAgeTwo":"","nomineeRelationshipTwo":"","nomineePercentClaimTwo":"","appointeeNameTwo":"","appointeeAgeTwo":"","appointeeRelationshipTwo":"","APIKEY":"0b7ac3ec6a6246ef8c1f510c1ea5eaf9","SECRETKEY":"f5e918674da44343bb38212a59cb8bcd","policyTypeName":"FHONEW","travelStartOn":"","travelEndOn":"","planId":12287,"postalCode":0,"period":1,"searchId":587913184,"companyId":"10006"}
ErrorMessage : getdetail-webexception=
InnerExceptionMessage : The remote server returned an error: (400) Bad Request.
ErrorMessage : https://ig.starhealth.in/api/policy/proposals
InnerExceptionMessage : {"Id":0,"FirstName":"","LastName":"","EmailId":"","DOB":"","Gender":"","MobileNo":"","Address":"","Country":"","Password":"","ConfirmPassword":"","attempttime":0,"countsec":0,"datecount":"","SecurityCode":"","sumInsuredId":4,"schemeId":6,"sumAssured":"500000","Amount":"12955","serviceTax":"2331","totalPremium":"15286","NoOfAdults":"2","NoOfChildren":"2","Plan":"Family Health Optima","startOn":"October 25, 2020","endOn":"October 24, 2021","policyCategory":"fresh","proposerName":"Sd","proposerEmail":"f@gmail.com","proposerPhone":"7878787878","proposerAddressOne":"df","proposerAddressTwo":"f","proposerAreaId":"569081","proposerAreaPinCode":"226016","proposerAreaCityId":"498801","proposerResidenceAddressOne":"","proposerResidenceAddressTwo":"","proposerResidenceAreaId":"","proposerResidenceAreaPinCode":"","proposerResidenceAreaCityId":"","proposerDob":"October 24, 1980","panNumber":"","gstTypeId":"","gstIdNumber":"","aadharNumber":"","eiaNumber":"","socialStatus":"1","socialStatusBpl":"1","socialStatusDisabled":"1","socialStatusInformal":"1","socialStatusUnorganized":"1","previousMedicalInsurance":"","annualIncome":"200000","criticalIllness":"false","insureds[0]":{"dob":"October 01, 2020","sumInsuredId":4,"name":"h","sex":"Female","illness":"None","relationshipId":2,"occupationId":3,"hospitalCash":"0","height":5,"weight":70},"insureds[1]":{"dob":"October 07, 2020","sumInsuredId":4,"name":"k","sex":"Female","illness":"None","relationshipId":1,"occupationId":5,"hospitalCash":"0","height":5,"weight":40,"isPersonalAccidentApplicable":"false","engageManualLabour":"","engageWinterSports":"","buyBackPED":0},"insureds[2]":{"dob":"October 02, 2020","sumInsuredId":4,"name":"ghfghghj","sex":"Female","illness":"None","relationshipId":3,"occupationId":12,"hospitalCash":"0","height":5,"weight":60,"isPersonalAccidentApplicable":"false","engageManualLabour":"","engageWinterSports":"","buyBackPED":0},"insureds[3]":{"dob":"October 03, 2020","sumInsuredId":4,"name":"k","sex":"Male","illness":"None","relationshipId":3,"occupationId":13,"hospitalCash":"0","height":6,"weight":55,"isPersonalAccidentApplicable":"false","engageManualLabour":"","engageWinterSports":"","buyBackPED":0},"nomineeName":"d","nomineeAge":"18","nomineeRelationship":"Brother","nomineePercentClaim":"100","appointeeName":"","appointeeAge":"","appointeeRelationship":"","nomineeNameTwo":"","nomineeAgeTwo":"","nomineeRelationshipTwo":"","nomineePercentClaimTwo":"","appointeeNameTwo":"","appointeeAgeTwo":"","appointeeRelationshipTwo":"","APIKEY":"0b7ac3ec6a6246ef8c1f510c1ea5eaf9","SECRETKEY":"f5e918674da44343bb38212a59cb8bcd","policyTypeName":"FHONEW","travelStartOn":"","travelEndOn":"","planId":12287,"postalCode":0,"period":1,"searchId":587913184,"companyId":"10006"}
ErrorMessage : getdetail-webexception=
InnerExceptionMessage : The remote server returned an error: (400) Bad Request.
ErrorMessage : https://ig.starhealth.in/api/policy/proposals
InnerExceptionMessage : {"Id":0,"FirstName":"","LastName":"","EmailId":"","DOB":"","Gender":"","MobileNo":"","Address":"","Country":"","Password":"","ConfirmPassword":"","attempttime":0,"countsec":0,"datecount":"","SecurityCode":"","sumInsuredId":4,"schemeId":6,"sumAssured":"500000","Amount":"12955","serviceTax":"2331","totalPremium":"15286","NoOfAdults":"2","NoOfChildren":"2","Plan":"Family Health Optima","startOn":"October 25, 2020","endOn":"October 24, 2021","policyCategory":"fresh","proposerName":"Sd","proposerEmail":"f@gmail.com","proposerPhone":"7878787878","proposerAddressOne":"df","proposerAddressTwo":"f","proposerAreaId":"569081","proposerAreaPinCode":"226016","proposerAreaCityId":"498801","proposerResidenceAddressOne":"","proposerResidenceAddressTwo":"","proposerResidenceAreaId":"","proposerResidenceAreaPinCode":"","proposerResidenceAreaCityId":"","proposerDob":"October 24, 1980","panNumber":"","gstTypeId":"","gstIdNumber":"","aadharNumber":"","eiaNumber":"","socialStatus":"1","socialStatusBpl":"1","socialStatusDisabled":"1","socialStatusInformal":"1","socialStatusUnorganized":"1","previousMedicalInsurance":"","annualIncome":"200000","criticalIllness":"false","insureds[0]":{"dob":"October 01, 2020","sumInsuredId":4,"name":"h","sex":"Female","illness":"None","relationshipId":2,"occupationId":3,"hospitalCash":"0","height":5,"weight":70},"insureds[1]":{"dob":"October 07, 2020","sumInsuredId":4,"name":"k","sex":"Female","illness":"None","relationshipId":1,"occupationId":5,"hospitalCash":"0","height":5,"weight":40,"isPersonalAccidentApplicable":"false","engageManualLabour":"","engageWinterSports":"","buyBackPED":0},"insureds[2]":{"dob":"October 02, 2020","sumInsuredId":4,"name":"ghfghghj","sex":"Female","illness":"None","relationshipId":3,"occupationId":12,"hospitalCash":"0","height":5,"weight":60,"isPersonalAccidentApplicable":"false","engageManualLabour":"","engageWinterSports":"","buyBackPED":0},"insureds[3]":{"dob":"October 03, 2020","sumInsuredId":4,"name":"k","sex":"Male","illness":"None","relationshipId":3,"occupationId":13,"hospitalCash":"0","height":6,"weight":55,"isPersonalAccidentApplicable":"false","engageManualLabour":"","engageWinterSports":"","buyBackPED":0},"nomineeName":"d","nomineeAge":"18","nomineeRelationship":"Brother","nomineePercentClaim":"100","appointeeName":"","appointeeAge":"","appointeeRelationship":"","nomineeNameTwo":"","nomineeAgeTwo":"","nomineeRelationshipTwo":"","nomineePercentClaimTwo":"","appointeeNameTwo":"","appointeeAgeTwo":"","appointeeRelationshipTwo":"","APIKEY":"0b7ac3ec6a6246ef8c1f510c1ea5eaf9","SECRETKEY":"f5e918674da44343bb38212a59cb8bcd","policyTypeName":"FHONEW","travelStartOn":"","travelEndOn":"","planId":12287,"postalCode":0,"period":1,"searchId":587913184,"companyId":"10006"}
ErrorMessage : getdetail-webexception=
InnerExceptionMessage : The remote server returned an error: (400) Bad Request.
ErrorMessage : https://webservices.bajajallianz.com/BagicHealthWebservice/healthpremiumcal
InnerExceptionMessage : 
ErrorMessage : getdetail-webexception=
InnerExceptionMessage : The remote server returned an error: (400) Bad Request.
ErrorMessage : https://webservices.bajajallianz.com/BagicHealthWebservice/healthpremiumcal
InnerExceptionMessage : 
ErrorMessage : getdetail-webexception=
InnerExceptionMessage : The remote server returned an error: (400) Bad Request.
ErrorMessage : https://webservices.bajajallianz.com/BagicHealthWebservice/healthpremiumcal
InnerExceptionMessage : 
ErrorMessage : getdetail-webexception=
InnerExceptionMessage : The remote server returned an error: (400) Bad Request.
ErrorMessage : https://webservices.bajajallianz.com/BagicHealthWebservice/healthpremiumcal
InnerExceptionMessage : 
ErrorMessage : getdetail-webexception=
InnerExceptionMessage : The remote server returned an error: (400) Bad Request.
ErrorMessage : https://webservices.bajajallianz.com/BagicHealthWebservice/healthpremiumcal
InnerExceptionMessage : 
ErrorMessage : getdetail-webexception=
InnerExceptionMessage : The remote server returned an error: (400) Bad Request.
ErrorMessage : https://webservices.bajajallianz.com/BagicHealthWebservice/healthpremiumcal
InnerExceptionMessage : 
ErrorMessage : getdetail-webexception=
InnerExceptionMessage : The remote server returned an error: (400) Bad Request.
ErrorMessage : https://webservices.bajajallianz.com/BagicHealthWebservice/healthpremiumcal
InnerExceptionMessage : 
ErrorMessage : getdetail-webexception=
InnerExceptionMessage : The remote server returned an error: (400) Bad Request.
ErrorMessage : https://webservices.bajajallianz.com/BagicHealthWebservice/healthpremiumcal
InnerExceptionMessage : 
ErrorMessage : getdetail-webexception=
InnerExceptionMessage : The remote server returned an error: (400) Bad Request.
ErrorMessage : https://webservices.bajajallianz.com/BagicHealthWebservice/healthpremiumcal
InnerExceptionMessage : 
ErrorMessage : getdetail-webexception=
InnerExceptionMessage : The remote server returned an error: (400) Bad Request.
ErrorMessage : https://webservices.bajajallianz.com/BagicHealthWebservice/healthpremiumcal
InnerExceptionMessage : 
ErrorMessage : getdetail-webexception=
InnerExceptionMessage : The remote server returned an error: (400) Bad Request.
ErrorMessage : https://webservices.bajajallianz.com/BagicHealthWebservice/healthpremiumcal
InnerExceptionMessage : 
ErrorMessage : getdetail-webexception=
InnerExceptionMessage : The remote server returned an error: (400) Bad Request.
ErrorMessage : https://webservices.bajajallianz.com/BagicHealthWebservice/healthpremiumcal
InnerExceptionMessage : 
ErrorMessage : getdetail-webexception=
InnerExceptionMessage : The remote server returned an error: (400) Bad Request.
