ErrorMessage : dasd=
InnerExceptionMessage : {
  "bookingId" : "retail-2020-55901117",
  "insuredPersons" : [ {
    "paxId" : "1",
    "paymentDetails" : {
      "policyPremium" : "1130.0",
      "sgst" : "86.0",
      "cgst" : "86.0",
      "ugst" : "0.0",
      "igst" : "0.0",
      "invoiceNumber" : "IA001117234",
      "policyNetPremium" : "958.0"
    },
    "policyID" : "D400268222",
    "transactionDate" : "27-02-2020T11:24:26",
    "status" : {
      "code" : "200",
      "message" : "Success"
    },
    "policyStatus" : "INCOMPLETE",
    "applicationId" : "V26FAE05758DCBECBBF41504D1934E0C996DD8FA9523C9A667430F7DD9553CAD6A6315C363096B4FA7B25B4D0635A4A89F",
    "paymentLinkSent" : false,
    "paymentLink" : "Failed"
  } ],
  "status" : {
    "code" : "200",
    "message" : "SUCCESS"
  }
}
ErrorMessage : https://preprod-digitpolicyissuance.godigit.com/policyservice/v1/createQuote
InnerExceptionMessage : { "bookingId": "retail-2020-98041606", "type": "I", "purpose": "L", "customer": { "firstName": "325435", "lastName": "Justforretail", "address": { "line1": "N.W. College", "line2": "", "line3": "", "state": "27", "city": "Babhana", "country": "IND", "pinCode": "411001" }, "documents": [ { "type": "PPT", "id": "D89U0112" } ], "dob": "1990-02-02", "mobile": "9353568667", "email": "Bindu.S@godigit.com", "type": "N" }, "insuredPersons": [ { "firstName": "Neha", "lastName": "Justforretail", "address": { "line1": "N.W. College", "line2": "", "line3": "", "state": "27", "city": "Pune", "country": "IND", "pinCode": "411001" }, "documents": [ { "type": "PPT", "id": "D890112" } ], "dob": "1990-02-02", "mobile": "8797898797", "email": "f@gmail.com", "profession": "", "paxId": "1", "nominee": { "relationship": "S", "name": "Uduwei Uhdewui" }, "type": "N", "gender": "ML" } ], "insuredPersonsCount": "1", "bookingDate": "2020-02-27", "packageName": "R14", "geography": "UCI", "travelEndDate": "2020-03-10", "travelStartDate": "2020-02-28", "discountFlag": "" }
ErrorMessage : getdetail-webexception=
InnerExceptionMessage : The remote server returned an error: (500) Internal Server Error.
ErrorMessage : https://preprod-digitpolicyissuance.godigit.com/policyservice/v1/createQuote
InnerExceptionMessage : { "bookingId": "retail-2020-77856109", "type": "I", "purpose": "L", "customer": { "firstName": "325435", "lastName": "Justforretail", "address": { "line1": "N.W. College", "line2": "", "line3": "", "state": "27", "city": "Babhana", "country": "IND", "pinCode": "411001" }, "documents": [ { "type": "PPT", "id": "D89U0112" } ], "dob": "1990-02-02", "mobile": "9353568667", "email": "Bindu.S@godigit.com", "type": "N" }, "insuredPersons": [ { "firstName": "Neha", "lastName": "Justforretail", "address": { "line1": "N.W. College", "line2": "", "line3": "", "state": "27", "city": "Pune", "country": "IND", "pinCode": "411001" }, "documents": [ { "type": "PPT", "id": "D890112" } ], "dob": "1990-02-02", "mobile": "8797898797", "email": "f@gmail.com", "profession": "", "paxId": "1", "nominee": { "relationship": "S", "name": "Uduwei Uhdewui" }, "type": "N", "gender": "ML" } ], "insuredPersonsCount": "1", "bookingDate": "2020-02-27", "packageName": "R14", "geography": "UCI", "travelEndDate": "2020-03-10", "travelStartDate": "2020-02-28", "discountFlag": "" }
ErrorMessage : getdetail-webexception=
InnerExceptionMessage : The remote server returned an error: (500) Internal Server Error.
ErrorMessage : https://preprod-digitpolicyissuance.godigit.com/policyservice/v1/createQuote
InnerExceptionMessage : { "bookingId": "retail-2020-64073934", "type": "I", "purpose": "L", "customer": { "firstName": "325435", "lastName": "Justforretail", "address": { "line1": "N.W. College", "line2": "", "line3": "", "state": "27", "city": "Babhana", "country": "IND", "pinCode": "411001" }, "documents": [ { "type": "PPT", "id": "D89U0112" } ], "dob": "1990-02-02", "mobile": "9353568667", "email": "Bindu.S@godigit.com", "type": "N" }, "insuredPersons": [ { "firstName": "Neha", "lastName": "Justforretail", "address": { "line1": "N.W. College", "line2": "", "line3": "", "state": "27", "city": "Pune", "country": "IND", "pinCode": "411001" }, "documents": [ { "type": "PPT", "id": "D890112" } ], "dob": "1990-02-02", "mobile": "8797898797", "email": "f@gmail.com", "profession": "", "paxId": "1", "nominee": { "relationship": "S", "name": "Uduwei Uhdewui" }, "type": "N", "gender": "ML" } ], "insuredPersonsCount": "1", "bookingDate": "2020-02-27", "packageName": "R14", "geography": "UCI", "travelEndDate": "2020-03-10", "travelStartDate": "2020-02-28", "discountFlag": "" }
ErrorMessage : getdetail-webexception=
InnerExceptionMessage : The remote server returned an error: (500) Internal Server Error.
ErrorMessage : https://preprod-digitpolicyissuance.godigit.com/policyservice/v1/createQuote
InnerExceptionMessage : { "bookingId": "retail-2020-6570829", "type": "I", "purpose": "L", "customer": { "firstName": "325435", "lastName": "Justforretail", "address": { "line1": "N.W. College", "line2": "", "line3": "", "state": "27", "city": "Babhana", "country": "IND", "pinCode": "411001" }, "documents": [ { "type": "PPT", "id": "D89U0112" } ], "dob": "1990-02-02", "mobile": "9353568667", "email": "Bindu.S@godigit.com", "type": "N" }, "insuredPersons": [ { "firstName": "Neha", "lastName": "Justforretail", "address": { "line1": "N.W. College", "line2": "", "line3": "", "state": "27", "city": "Pune", "country": "IND", "pinCode": "411001" }, "documents": [ { "type": "PPT", "id": "D890112" } ], "dob": "1990-02-02", "mobile": "8797898797", "email": "f@gmail.com", "profession": "", "paxId": "1", "nominee": { "relationship": "S", "name": "Uduwei Uhdewui" }, "type": "N", "gender": "ML" } ], "insuredPersonsCount": "1", "bookingDate": "2020-02-27", "packageName": "R14", "geography": "UCI", "travelEndDate": "2020-03-10", "travelStartDate": "2020-02-28", "discountFlag": "" }
ErrorMessage : getdetail-webexception=
InnerExceptionMessage : The underlying connection was closed: The connection was closed unexpectedly.
ErrorMessage : getdetail-response=
InnerExceptionMessage : Object reference not set to an instance of an object.
ErrorMessage : https://preprod-digitpolicyissuance.godigit.com/policyservice/v1/createQuote
InnerExceptionMessage : { "bookingId": "retail-2020-19472911", "type": "I", "purpose": "L", "customer": { "firstName": "325435", "lastName": "Justforretail", "address": { "line1": "N.W. College", "line2": "", "line3": "", "state": "27", "city": "Babhana", "country": "IND", "pinCode": "411001" }, "documents": [ { "type": "PPT", "id": "D89U0112" } ], "dob": "1990-02-02", "mobile": "9353568667", "email": "Bindu.S@godigit.com", "type": "N" }, "insuredPersons": [ { "firstName": "Neha", "lastName": "Justforretail", "address": { "line1": "N.W. College", "line2": "", "line3": "", "state": "27", "city": "Pune", "country": "IND", "pinCode": "411001" }, "documents": [ { "type": "PPT", "id": "D890112" } ], "dob": "1990-02-02", "mobile": "8797898797", "email": "f@gmail.com", "profession": "", "paxId": "1", "nominee": { "relationship": "S", "name": "Uduwei Uhdewui" }, "type": "N", "gender": "ML" } ], "insuredPersonsCount": "1", "bookingDate": "2020-02-27", "packageName": "R14", "geography": "UCI", "travelEndDate": "2020-03-10", "travelStartDate": "2020-02-28", "discountFlag": "" }
ErrorMessage : getdetail-webexception=
InnerExceptionMessage : The remote server returned an error: (500) Internal Server Error.
ErrorMessage : https://preprod-digitpolicyissuance.godigit.com/policyservice/v1/createQuote
InnerExceptionMessage : { "bookingId": "retail-2020-89215397", "type": "I", "purpose": "L", "customer": { "firstName": "325435", "lastName": "Justforretail", "address": { "line1": "N.W. College", "line2": "", "line3": "", "state": "27", "city": "Babhana", "country": "IND", "pinCode": "411001" }, "documents": [ { "type": "PPT", "id": "D89U0112" } ], "dob": "1990-02-02", "mobile": "9353568667", "email": "Bindu.S@godigit.com", "type": "N" }, "insuredPersons": [ { "firstName": "Neha", "lastName": "Justforretail", "address": { "line1": "N.W. College", "line2": "", "line3": "", "state": "27", "city": "Pune", "country": "IND", "pinCode": "411001" }, "documents": [ { "type": "PPT", "id": "D890112" } ], "dob": "1990-02-02", "mobile": "8797898797", "email": "f@gmail.com", "profession": "", "paxId": "1", "nominee": { "relationship": "S", "name": "Uduwei Uhdewui" }, "type": "N", "gender": "ML" } ], "insuredPersonsCount": "1", "bookingDate": "2020-02-27", "packageName": "R13", "geography": "UCI", "travelEndDate": "2020-03-10", "travelStartDate": "2020-02-28", "discountFlag": "" }
ErrorMessage : getdetail-webexception=
InnerExceptionMessage : The remote server returned an error: (500) Internal Server Error.
ErrorMessage : https://preprod-digitpolicyissuance.godigit.com/policyservice/v1/createQuote
InnerExceptionMessage : { "bookingId": "retail-2020-54557126", "type": "I", "purpose": "L", "customer": { "firstName": "325435", "lastName": "Justforretail", "address": { "line1": "N.W. College", "line2": "", "line3": "", "state": "27", "city": "Babhana", "country": "IND", "pinCode": "411001" }, "documents": [ { "type": "PPT", "id": "D89U0112" } ], "dob": "1990-02-02", "mobile": "9353568667", "email": "Bindu.S@godigit.com", "type": "N" }, "insuredPersons": [ { "firstName": "Neha", "lastName": "Justforretail", "address": { "line1": "N.W. College", "line2": "", "line3": "", "state": "27", "city": "Pune", "country": "IND", "pinCode": "411001" }, "documents": [ { "type": "PPT", "id": "D890112" } ], "dob": "1990-02-02", "mobile": "8797898797", "email": "f@gmail.com", "profession": "", "paxId": "1", "nominee": { "relationship": "S", "name": "Uduwei Uhdewui" }, "type": "N", "gender": "ML" } ], "insuredPersonsCount": "1", "bookingDate": "2020-02-27", "packageName": "", "geography": "UCI", "travelEndDate": "2020-03-10", "travelStartDate": "2020-02-28", "discountFlag": "" }
ErrorMessage : getdetail-webexception=
InnerExceptionMessage : The remote server returned an error: (400) Bad Request.
ErrorMessage : https://preprod-digitpolicyissuance.godigit.com/policyservice/v1/createQuote
InnerExceptionMessage : { "bookingId": "retail-2020-13193037", "type": "I", "purpose": "L", "customer": { "firstName": "325435", "lastName": "Justforretail", "address": { "line1": "N.W. College", "line2": "", "line3": "", "state": "27", "city": "Babhana", "country": "IND", "pinCode": "411001" }, "documents": [ { "type": "PPT", "id": "D89U0112" } ], "dob": "1990-02-02", "mobile": "9353568667", "email": "Bindu.S@godigit.com", "type": "N" }, "insuredPersons": [ { "firstName": "Neha", "lastName": "Justforretail", "address": { "line1": "N.W. College", "line2": "", "line3": "", "state": "27", "city": "Pune", "country": "IND", "pinCode": "411001" }, "documents": [ { "type": "PPT", "id": "D890112" } ], "dob": "1990-02-02", "mobile": "8797898797", "email": "f@gmail.com", "profession": "", "paxId": "1", "nominee": { "relationship": "S", "name": "Uduwei Uhdewui" }, "type": "N", "gender": "ML" } ], "insuredPersonsCount": "1", "bookingDate": "2020-02-27", "packageName": "", "geography": "UCI", "travelEndDate": "2020-03-10", "travelStartDate": "2020-02-28", "discountFlag": "" }
ErrorMessage : getdetail-webexception=
InnerExceptionMessage : The remote server returned an error: (400) Bad Request.
ErrorMessage : https://preprod-digitpolicyissuance.godigit.com/policyservice/v1/createQuote
InnerExceptionMessage : { "bookingId": "retail-2020-59016292", "type": "I", "purpose": "L", "customer": { "firstName": "325435", "lastName": "Justforretail", "address": { "line1": "N.W. College", "line2": "", "line3": "", "state": "27", "city": "Babhana", "country": "IND", "pinCode": "411001" }, "documents": [ { "type": "PPT", "id": "D89U0112" } ], "dob": "1990-02-02", "mobile": "9353568667", "email": "Bindu.S@godigit.com", "type": "N" }, "insuredPersons": [ { "firstName": "Neha", "lastName": "Justforretail", "address": { "line1": "N.W. College", "line2": "", "line3": "", "state": "27", "city": "Pune", "country": "IND", "pinCode": "411001" }, "documents": [ { "type": "PPT", "id": "D890112" } ], "dob": "1990-02-02", "mobile": "8797898797", "email": "f@gmail.com", "profession": "", "paxId": "1", "nominee": { "relationship": "S", "name": "Uduwei Uhdewui" }, "type": "N", "gender": "ML" } ], "insuredPersonsCount": "1", "bookingDate": "2020-02-27", "packageName": "", "geography": "UCI", "travelEndDate": "2020-03-10", "travelStartDate": "2020-02-28", "discountFlag": "" }
ErrorMessage : getdetail-webexception=
InnerExceptionMessage : The remote server returned an error: (400) Bad Request.
ErrorMessage : https://preprod-digitpolicyissuance.godigit.com/policyservice/v1/createQuote
InnerExceptionMessage : { "bookingId": "retail-2020-53708244", "type": "I", "purpose": "L", "customer": { "firstName": "325435", "lastName": "Justforretail", "address": { "line1": "N.W. College", "line2": "", "line3": "", "state": "27", "city": "Babhana", "country": "IND", "pinCode": "411001" }, "documents": [ { "type": "PPT", "id": "D89U0112" } ], "dob": "1990-02-02", "mobile": "9353568667", "email": "Bindu.S@godigit.com", "type": "N" }, "insuredPersons": [ { "firstName": "Neha", "lastName": "Justforretail", "address": { "line1": "N.W. College", "line2": "", "line3": "", "state": "27", "city": "Pune", "country": "IND", "pinCode": "411001" }, "documents": [ { "type": "PPT", "id": "D890112" } ], "dob": "1990-02-02", "mobile": "8797898797", "email": "f@gmail.com", "profession": "", "paxId": "1", "nominee": { "relationship": "S", "name": "Uduwei Uhdewui" }, "type": "N", "gender": "ML" } ], "insuredPersonsCount": "1", "bookingDate": "2020-02-27", "packageName": "", "geography": "UCI", "travelEndDate": "2020-03-10", "travelStartDate": "2020-02-28", "discountFlag": "" }
ErrorMessage : getdetail-webexception=
InnerExceptionMessage : The remote server returned an error: (400) Bad Request.
ErrorMessage : https://preprod-digitpolicyissuance.godigit.com/policyservice/v1/createQuote
InnerExceptionMessage : { "bookingId": "retail-2020-55673668", "type": "I", "purpose": "L", "customer": { "firstName": "325435", "lastName": "Justforretail", "address": { "line1": "N.W. College", "line2": "", "line3": "", "state": "27", "city": "Babhana", "country": "IND", "pinCode": "411001" }, "documents": [ { "type": "PPT", "id": "D89U0112" } ], "dob": "1990-02-02", "mobile": "9353568667", "email": "Bindu.S@godigit.com", "type": "N" }, "insuredPersons": [ { "firstName": "Neha", "lastName": "Justforretail", "address": { "line1": "N.W. College", "line2": "", "line3": "", "state": "27", "city": "Pune", "country": "IND", "pinCode": "411001" }, "documents": [ { "type": "PPT", "id": "D890112" } ], "dob": "1990-02-02", "mobile": "8797898797", "email": "f@gmail.com", "profession": "", "paxId": "1", "nominee": { "relationship": "S", "name": "Uduwei Uhdewui" }, "type": "N", "gender": "ML" } ], "insuredPersonsCount": "1", "bookingDate": "2020-02-27", "packageName": "R14", "geography": "UCI", "travelEndDate": "2020-03-10", "travelStartDate": "2020-02-28", "discountFlag": "" }
ErrorMessage : getdetail-webexception=
InnerExceptionMessage : The remote server returned an error: (500) Internal Server Error.
ErrorMessage : dasd=
InnerExceptionMessage : {
  "bookingId" : "retail-2020-17772337",
  "insuredPersons" : [ {
    "paxId" : "1",
    "paymentDetails" : {
      "policyPremium" : "1230.0",
      "sgst" : "94.0",
      "cgst" : "94.0",
      "ugst" : "0.0",
      "igst" : "0.0",
      "invoiceNumber" : "IA001117554",
      "policyNetPremium" : "1042.0"
    },
    "policyID" : "D400268530",
    "transactionDate" : "27-02-2020T14:22:17",
    "status" : {
      "code" : "200",
      "message" : "Success"
    },
    "policyStatus" : "INCOMPLETE",
    "applicationId" : "V259C78FCF92E1EBFE36FDA4860A9A138884DE9835A5EF4DE618D93262C380D7D46315C363096B4FA7B25B4D0635A4A89F",
    "paymentLink" : "https://preprod-digitpaymentgateway.godigit.com/DigitPaymentGateway/payments?target=C75A911BE68466CEC9A0076A925E523A"
  } ],
  "status" : {
    "code" : "200",
    "message" : "SUCCESS"
  }
}
ErrorMessage : dasd=
InnerExceptionMessage : {
  "bookingId" : "retail-2020-3499684",
  "insuredPersons" : [ {
    "paxId" : "1",
    "paymentDetails" : {
      "policyPremium" : "1230.0",
      "sgst" : "94.0",
      "cgst" : "94.0",
      "ugst" : "0.0",
      "igst" : "0.0",
      "invoiceNumber" : "IA001117557",
      "policyNetPremium" : "1042.0"
    },
    "policyID" : "D400268534",
    "transactionDate" : "27-02-2020T14:23:12",
    "status" : {
      "code" : "200",
      "message" : "Success"
    },
    "policyStatus" : "INCOMPLETE",
    "applicationId" : "V25C48B7614EE3F039725B825AD644141684DE9835A5EF4DE618D93262C380D7D46315C363096B4FA7B25B4D0635A4A89F",
    "paymentLink" : "https://preprod-digitpaymentgateway.godigit.com/DigitPaymentGateway/payments?target=616AACE8036C6F85CA7C518494803A51"
  } ],
  "status" : {
    "code" : "200",
    "message" : "SUCCESS"
  }
}
ErrorMessage : dasd=
InnerExceptionMessage : {
  "bookingId" : "retail-2020-23018158",
  "insuredPersons" : [ {
    "paxId" : "1",
    "paymentDetails" : {
      "policyPremium" : "1230.0",
      "sgst" : "94.0",
      "cgst" : "94.0",
      "ugst" : "0.0",
      "igst" : "0.0",
      "invoiceNumber" : "IA001117556",
      "policyNetPremium" : "1042.0"
    },
    "policyID" : "D400268533",
    "transactionDate" : "27-02-2020T14:23:10",
    "status" : {
      "code" : "200",
      "message" : "Success"
    },
    "policyStatus" : "INCOMPLETE",
    "applicationId" : "V27784F994082EE62DE8D4CE69BFEA1E1784DE9835A5EF4DE618D93262C380D7D46315C363096B4FA7B25B4D0635A4A89F",
    "paymentLinkSent" : false,
    "paymentLink" : "Failed"
  } ],
  "status" : {
    "code" : "200",
    "message" : "SUCCESS"
  }
}
ErrorMessage : dasd=
InnerExceptionMessage : {
  "bookingId" : "retail-2020-26893796",
  "insuredPersons" : [ {
    "paxId" : "1",
    "paymentDetails" : {
      "policyPremium" : "1230.0",
      "sgst" : "94.0",
      "cgst" : "94.0",
      "ugst" : "0.0",
      "igst" : "0.0",
      "invoiceNumber" : "IA001117587",
      "policyNetPremium" : "1042.0"
    },
    "policyID" : "D400268565",
    "transactionDate" : "27-02-2020T14:44:39",
    "status" : {
      "code" : "200",
      "message" : "Success"
    },
    "policyStatus" : "INCOMPLETE",
    "applicationId" : "V2AB5C23E1EAA1058353D84FC064BE4FA684DE9835A5EF4DE618D93262C380D7D46315C363096B4FA7B25B4D0635A4A89F",
    "paymentLink" : "https://preprod-digitpaymentgateway.godigit.com/DigitPaymentGateway/payments?target=8B7192AF4CFDCEBDC6DEDC06B20596B6"
  } ],
  "status" : {
    "code" : "200",
    "message" : "SUCCESS"
  }
}
ErrorMessage : dasd=
InnerExceptionMessage : {
  "bookingId" : "retail-2020-14557938",
  "insuredPersons" : [ {
    "paxId" : "1",
    "paymentDetails" : {
      "policyPremium" : "1230.0",
      "sgst" : "94.0",
      "cgst" : "94.0",
      "ugst" : "0.0",
      "igst" : "0.0",
      "invoiceNumber" : "IA001117646",
      "policyNetPremium" : "1042.0"
    },
    "policyID" : "D400268634",
    "transactionDate" : "27-02-2020T15:24:08",
    "status" : {
      "code" : "200",
      "message" : "Success"
    },
    "policyStatus" : "INCOMPLETE",
    "applicationId" : "V2E1B6552462F9308935CB2E65B1330FEC0244278FE3284E8D040E169F93B05BD6FC067322FE3ED8A99B03178BA5DF02B6",
    "paymentLink" : "https://preprod-digitpaymentgateway.godigit.com/DigitPaymentGateway/payments?target=9DCFE4881B7BEAB53C3172573D6E9678"
  } ],
  "status" : {
    "code" : "200",
    "message" : "SUCCESS"
  }
}
ErrorMessage : dasd=
InnerExceptionMessage : {
  "bookingId" : "retail-2020-51991520",
  "insuredPersons" : [ {
    "paxId" : "1",
    "paymentDetails" : {
      "policyPremium" : "1419.0",
      "sgst" : "108.0",
      "cgst" : "108.0",
      "ugst" : "0.0",
      "igst" : "0.0",
      "invoiceNumber" : "IA001117756",
      "policyNetPremium" : "1203.0"
    },
    "policyID" : "D400268756",
    "transactionDate" : "27-02-2020T16:38:41",
    "status" : {
      "code" : "200",
      "message" : "Success"
    },
    "policyStatus" : "INCOMPLETE",
    "applicationId" : "V2A58757A3F4C581B107126D34FBCD83B9D980B5C833766D7A5FEF5F011864D7666315C363096B4FA7B25B4D0635A4A89F",
    "paymentLink" : "https://preprod-digitpaymentgateway.godigit.com/DigitPaymentGateway/payments?target=E7CC5F800BA5CE04C812FBCBAFB3A70E"
  } ],
  "status" : {
    "code" : "200",
    "message" : "SUCCESS"
  }
}
ErrorMessage : https://preprod-digitpolicyissuance.godigit.com/policyservice/v1/createQuote
InnerExceptionMessage : { "bookingId": "retail-2020-41174687", "type": "I", "purpose": "L", "customer": { "firstName": "dfgdfg", "lastName": "Justforretail", "address": { "line1": "N.W. College", "line2": "", "line3": "", "state": "27", "city": "dfgdfg", "country": "IND", "pinCode": "411001" }, "documents": [ { "type": "PPT", "id": "D89U0112" } ], "dob": "1990-02-02", "mobile": "9353568667", "email": "Bindu.S@godigit.com", "type": "N" }, "insuredPersons": [ { "firstName": "Neha", "lastName": "Justforretail", "address": { "line1": "N.W. College", "line2": "", "line3": "", "state": "27", "city": "Pune", "country": "IND", "pinCode": "411001" }, "documents": [ { "type": "PPT", "id": "D890112" } ], "dob": "1990-02-02", "mobile": "9879789879", "email": "xfvd@gmail.com", "profession": "", "paxId": "1", "nominee": { "relationship": "S", "name": "Uduwei Uhdewui" }, "type": "N", "gender": "ML" } ], "insuredPersonsCount": "1", "bookingDate": "2020-02-27", "packageName": "R14", "geography": "UCI", "travelEndDate": "2020-08-31", "travelStartDate": "2020-02-28", "discountFlag": "" }
ErrorMessage : getdetail-webexception=
InnerExceptionMessage : The remote server returned an error: (400) Bad Request.
ErrorMessage : https://preprod-digitpolicyissuance.godigit.com/policyservice/v1/createQuote
InnerExceptionMessage : { "bookingId": "retail-2020-69287422", "type": "I", "purpose": "L", "customer": { "firstName": "dfgdfg", "lastName": "Justforretail", "address": { "line1": "N.W. College", "line2": "", "line3": "", "state": "27", "city": "dfgdfg", "country": "IND", "pinCode": "411001" }, "documents": [ { "type": "PPT", "id": "D89U0112" } ], "dob": "1990-02-02", "mobile": "9353568667", "email": "Bindu.S@godigit.com", "type": "N" }, "insuredPersons": [ { "firstName": "Neha", "lastName": "Justforretail", "address": { "line1": "N.W. College", "line2": "", "line3": "", "state": "27", "city": "Pune", "country": "IND", "pinCode": "411001" }, "documents": [ { "type": "PPT", "id": "D890112" } ], "dob": "1990-02-02", "mobile": "9879789879", "email": "xfvd@gmail.com", "profession": "", "paxId": "1", "nominee": { "relationship": "S", "name": "Uduwei Uhdewui" }, "type": "N", "gender": "ML" } ], "insuredPersonsCount": "1", "bookingDate": "2020-02-27", "packageName": "R14", "geography": "UCI", "travelEndDate": "2020-08-31", "travelStartDate": "2020-02-28", "discountFlag": "" }
ErrorMessage : getdetail-webexception=
InnerExceptionMessage : The remote server returned an error: (400) Bad Request.
ErrorMessage : https://preprod-digitpolicyissuance.godigit.com/policyservice/v1/createQuote
InnerExceptionMessage : { "bookingId": "retail-2020-9886433", "type": "I", "purpose": "L", "customer": { "firstName": "dfgdfg", "lastName": "Justforretail", "address": { "line1": "N.W. College", "line2": "", "line3": "", "state": "27", "city": "dfgdfg", "country": "IND", "pinCode": "411001" }, "documents": [ { "type": "PPT", "id": "D89U0112" } ], "dob": "1990-02-02", "mobile": "9353568667", "email": "Bindu.S@godigit.com", "type": "N" }, "insuredPersons": [ { "firstName": "Neha", "lastName": "Justforretail", "address": { "line1": "N.W. College", "line2": "", "line3": "", "state": "27", "city": "Pune", "country": "IND", "pinCode": "411001" }, "documents": [ { "type": "PPT", "id": "D890112" } ], "dob": "1990-02-02", "mobile": "9879789879", "email": "xfvd@gmail.com", "profession": "", "paxId": "1", "nominee": { "relationship": "S", "name": "Uduwei Uhdewui" }, "type": "N", "gender": "ML" } ], "insuredPersonsCount": "1", "bookingDate": "2020-02-27", "packageName": "R14", "geography": "UCI", "travelEndDate": "2020-08-31", "travelStartDate": "2020-02-28", "discountFlag": "" }
ErrorMessage : getdetail-webexception=
InnerExceptionMessage : The remote server returned an error: (400) Bad Request.
ErrorMessage : https://preprod-digitpolicyissuance.godigit.com/policyservice/v1/createQuote
InnerExceptionMessage : { "bookingId": "retail-2020-95613277", "type": "I", "purpose": "L", "customer": { "firstName": "dfgdfg", "lastName": "Justforretail", "address": { "line1": "N.W. College", "line2": "", "line3": "", "state": "27", "city": "dfgdfg", "country": "IND", "pinCode": "411001" }, "documents": [ { "type": "PPT", "id": "D89U0112" } ], "dob": "1990-02-02", "mobile": "9353568667", "email": "Bindu.S@godigit.com", "type": "N" }, "insuredPersons": [ { "firstName": "Neha", "lastName": "Justforretail", "address": { "line1": "N.W. College", "line2": "", "line3": "", "state": "27", "city": "Pune", "country": "IND", "pinCode": "411001" }, "documents": [ { "type": "PPT", "id": "D890112" } ], "dob": "1990-02-02", "mobile": "9879789879", "email": "xfvd@gmail.com", "profession": "", "paxId": "1", "nominee": { "relationship": "S", "name": "Uduwei Uhdewui" }, "type": "N", "gender": "ML" } ], "insuredPersonsCount": "1", "bookingDate": "2020-02-27", "packageName": "R14", "geography": "UCI", "travelEndDate": "2020-08-31", "travelStartDate": "2020-02-28", "discountFlag": "" }
ErrorMessage : getdetail-webexception=
InnerExceptionMessage : The remote server returned an error: (400) Bad Request.
ErrorMessage : https://preprod-digitpolicyissuance.godigit.com/policyservice/v1/createQuote
InnerExceptionMessage : { "bookingId": "retail-2020-61294837", "type": "I", "purpose": "L", "customer": { "firstName": "dfgdfg", "lastName": "Justforretail", "address": { "line1": "N.W. College", "line2": "", "line3": "", "state": "27", "city": "dfgdfg", "country": "IND", "pinCode": "411001" }, "documents": [ { "type": "PPT", "id": "D89U0112" } ], "dob": "1990-02-02", "mobile": "9353568667", "email": "Bindu.S@godigit.com", "type": "N" }, "insuredPersons": [ { "firstName": "Neha", "lastName": "Justforretail", "address": { "line1": "N.W. College", "line2": "", "line3": "", "state": "27", "city": "Pune", "country": "IND", "pinCode": "411001" }, "documents": [ { "type": "PPT", "id": "D890112" } ], "dob": "1990-02-02", "mobile": "9879789879", "email": "xfvd@gmail.com", "profession": "", "paxId": "1", "nominee": { "relationship": "S", "name": "Uduwei Uhdewui" }, "type": "N", "gender": "ML" } ], "insuredPersonsCount": "1", "bookingDate": "2020-02-27", "packageName": "R14", "geography": "UCI", "travelEndDate": "2020-08-31", "travelStartDate": "2020-02-28", "discountFlag": "" }
ErrorMessage : getdetail-webexception=
InnerExceptionMessage : The remote server returned an error: (400) Bad Request.
ErrorMessage : https://preprod-digitpolicyissuance.godigit.com/policyservice/v1/createQuote
InnerExceptionMessage : { "bookingId": "retail-2020-18810388", "type": "I", "purpose": "L", "customer": { "firstName": "dfgdfg", "lastName": "Justforretail", "address": { "line1": "N.W. College", "line2": "", "line3": "", "state": "27", "city": "dfgdfg", "country": "IND", "pinCode": "411001" }, "documents": [ { "type": "PPT", "id": "D89U0112" } ], "dob": "1990-02-02", "mobile": "9353568667", "email": "Bindu.S@godigit.com", "type": "N" }, "insuredPersons": [ { "firstName": "Neha", "lastName": "Justforretail", "address": { "line1": "N.W. College", "line2": "", "line3": "", "state": "27", "city": "Pune", "country": "IND", "pinCode": "411001" }, "documents": [ { "type": "PPT", "id": "D890112" } ], "dob": "1990-02-02", "mobile": "9879789879", "email": "xfvd@gmail.com", "profession": "", "paxId": "1", "nominee": { "relationship": "S", "name": "Uduwei Uhdewui" }, "type": "N", "gender": "ML" } ], "insuredPersonsCount": "1", "bookingDate": "2020-02-27", "packageName": "R14", "geography": "UCI", "travelEndDate": "2020-08-31", "travelStartDate": "2020-02-28", "discountFlag": "" }
ErrorMessage : getdetail-webexception=
InnerExceptionMessage : The remote server returned an error: (400) Bad Request.
ErrorMessage : https://preprod-digitpolicyissuance.godigit.com/policyservice/v1/createQuote
InnerExceptionMessage : { "bookingId": "retail-2020-27000785", "type": "I", "purpose": "L", "customer": { "firstName": "dfgdfg", "lastName": "Justforretail", "address": { "line1": "N.W. College", "line2": "", "line3": "", "state": "27", "city": "dfgdfg", "country": "IND", "pinCode": "411001" }, "documents": [ { "type": "PPT", "id": "D89U0112" } ], "dob": "1990-02-02", "mobile": "9353568667", "email": "Bindu.S@godigit.com", "type": "N" }, "insuredPersons": [ { "firstName": "Neha", "lastName": "Justforretail", "address": { "line1": "N.W. College", "line2": "", "line3": "", "state": "27", "city": "Pune", "country": "IND", "pinCode": "411001" }, "documents": [ { "type": "PPT", "id": "D890112" } ], "dob": "1990-02-02", "mobile": "9879789879", "email": "xfvd@gmail.com", "profession": "", "paxId": "1", "nominee": { "relationship": "S", "name": "Uduwei Uhdewui" }, "type": "N", "gender": "ML" } ], "insuredPersonsCount": "1", "bookingDate": "2020-02-27", "packageName": "R14", "geography": "UCI", "travelEndDate": "2020-08-31", "travelStartDate": "2020-02-28", "discountFlag": "" }
ErrorMessage : getdetail-webexception=
InnerExceptionMessage : The remote server returned an error: (400) Bad Request.
