ErrorMessage : dasd=
InnerExceptionMessage : {"genpremdtlsres":{"contractid":"null","quoterefno":"null","refno":"null","scrutinyno":"null","policyref":"null","netpremium":"5105","servicetaxamt":"0","educessamt":"0","totalpremium":"6023","finalpremium":"6023","servicetaxrate":"null","educessrate":"null","stampduty":"null","uwloadingper":"null","uwloadingamt":"null","loadingper":"null","loadingamt":"null","discountper":"null","discountamt":"null","spdiscountper":"null","spdiscountamt":"null","param1":"0","param2":"0","param3":"0","param4":"null"},"errorcoderes":"0","errorlistres":[],"transactionid":7761750,"servicetaxmstobj":{"taxcode":"27_SGST17","taxtype":"SGST","baseamount":"null","sertax":"0","educess":"0","sbtax":"0","kkc":"0","cess1":"0","cess2":"0","cess3":"0","sertaxdesc":"NA","educessdesc":"NA","sbcessdesc":"NA","kkccessdesc":"NA","cess1desc":"NA","cess2desc":"NA","cess3desc":"NA","adjsertax":"null","adjeducess":"null","adjsbtax":"null","adjkkc":"null","adjcess1":"null","adjcess2":"null","adjcess3":"null","addtaxval1":"459","addtaxval2":"0","addtaxval3":"459","addtaxval4":"0","addtaxval5":"0","addtaxval1desc":"State GST","addtaxval2desc":"NA","addtaxval3desc":"Central GST","addtaxval4desc":"NA","addtaxval5desc":"NA"}}
ErrorMessage : dasd=
InnerExceptionMessage : {"premium":3137,"serviceTax":564,"totalPremium":3701}
ErrorMessage : dasd=
InnerExceptionMessage : {"referenceId":"f82bc10bea9b4d99ba19d7f24d14469e","premium":5995,"serviceTax":1080,"totalPremium":7075}
ErrorMessage : dasd=
InnerExceptionMessage : {"genpremdtlsres":{"contractid":"null","quoterefno":"null","refno":"null","scrutinyno":"null","policyref":"null","netpremium":"5105","servicetaxamt":"0","educessamt":"0","totalpremium":"6023","finalpremium":"6023","servicetaxrate":"null","educessrate":"null","stampduty":"null","uwloadingper":"null","uwloadingamt":"null","loadingper":"null","loadingamt":"null","discountper":"null","discountamt":"null","spdiscountper":"null","spdiscountamt":"null","param1":"0","param2":"0","param3":"0","param4":"null"},"errorcoderes":"0","errorlistres":[],"transactionid":7762083,"servicetaxmstobj":{"taxcode":"27_SGST17","taxtype":"SGST","baseamount":"null","sertax":"0","educess":"0","sbtax":"0","kkc":"0","cess1":"0","cess2":"0","cess3":"0","sertaxdesc":"NA","educessdesc":"NA","sbcessdesc":"NA","kkccessdesc":"NA","cess1desc":"NA","cess2desc":"NA","cess3desc":"NA","adjsertax":"null","adjeducess":"null","adjsbtax":"null","adjkkc":"null","adjcess1":"null","adjcess2":"null","adjcess3":"null","addtaxval1":"459","addtaxval2":"0","addtaxval3":"459","addtaxval4":"0","addtaxval5":"0","addtaxval1desc":"State GST","addtaxval2desc":"NA","addtaxval3desc":"Central GST","addtaxval4desc":"NA","addtaxval5desc":"NA"}}
ErrorMessage : dasd=
InnerExceptionMessage : {"premium":3137,"serviceTax":564,"totalPremium":3701}
ErrorMessage : dasd=
InnerExceptionMessage : {"referenceId":"ee665dcf225942e98f4fadf25aac64cd","premium":5995,"serviceTax":1080,"totalPremium":7075}
ErrorMessage : dasd=
InnerExceptionMessage : {"referenceId":"ee665dcf225942e98f4fadf25aac64cd","redirectToken":"57844c892c374199299c52a3067708a0"}
ErrorMessage : dasd=
InnerExceptionMessage : {"genpremdtlsres":{"contractid":"null","quoterefno":"null","refno":"null","scrutinyno":"null","policyref":"null","netpremium":"5105","servicetaxamt":"0","educessamt":"0","totalpremium":"6023","finalpremium":"6023","servicetaxrate":"null","educessrate":"null","stampduty":"null","uwloadingper":"null","uwloadingamt":"null","loadingper":"null","loadingamt":"null","discountper":"null","discountamt":"null","spdiscountper":"null","spdiscountamt":"null","param1":"0","param2":"0","param3":"0","param4":"null"},"errorcoderes":"0","errorlistres":[],"transactionid":7762601,"servicetaxmstobj":{"taxcode":"27_SGST17","taxtype":"SGST","baseamount":"null","sertax":"0","educess":"0","sbtax":"0","kkc":"0","cess1":"0","cess2":"0","cess3":"0","sertaxdesc":"NA","educessdesc":"NA","sbcessdesc":"NA","kkccessdesc":"NA","cess1desc":"NA","cess2desc":"NA","cess3desc":"NA","adjsertax":"null","adjeducess":"null","adjsbtax":"null","adjkkc":"null","adjcess1":"null","adjcess2":"null","adjcess3":"null","addtaxval1":"459","addtaxval2":"0","addtaxval3":"459","addtaxval4":"0","addtaxval5":"0","addtaxval1desc":"State GST","addtaxval2desc":"NA","addtaxval3desc":"Central GST","addtaxval4desc":"NA","addtaxval5desc":"NA"}}
ErrorMessage : dasd=
InnerExceptionMessage : {"premium":3137,"serviceTax":564,"totalPremium":3701}
ErrorMessage : dasd=
InnerExceptionMessage : {"referenceId":"c4a31ff888a04b53bb72614bc89a849e","premium":5995,"serviceTax":1080,"totalPremium":7075}
ErrorMessage : dasd=
InnerExceptionMessage : {"referenceId":"c4a31ff888a04b53bb72614bc89a849e","redirectToken":"c3da35a78fcfd30f8483372f94d8317d"}
ErrorMessage : dasd=
InnerExceptionMessage : {"genpremdtlsres":{"contractid":"null","quoterefno":"null","refno":"null","scrutinyno":"null","policyref":"null","netpremium":"5105","servicetaxamt":"0","educessamt":"0","totalpremium":"6023","finalpremium":"6023","servicetaxrate":"null","educessrate":"null","stampduty":"null","uwloadingper":"null","uwloadingamt":"null","loadingper":"null","loadingamt":"null","discountper":"null","discountamt":"null","spdiscountper":"null","spdiscountamt":"null","param1":"0","param2":"0","param3":"0","param4":"null"},"errorcoderes":"0","errorlistres":[],"transactionid":7763078,"servicetaxmstobj":{"taxcode":"27_SGST17","taxtype":"SGST","baseamount":"null","sertax":"0","educess":"0","sbtax":"0","kkc":"0","cess1":"0","cess2":"0","cess3":"0","sertaxdesc":"NA","educessdesc":"NA","sbcessdesc":"NA","kkccessdesc":"NA","cess1desc":"NA","cess2desc":"NA","cess3desc":"NA","adjsertax":"null","adjeducess":"null","adjsbtax":"null","adjkkc":"null","adjcess1":"null","adjcess2":"null","adjcess3":"null","addtaxval1":"459","addtaxval2":"0","addtaxval3":"459","addtaxval4":"0","addtaxval5":"0","addtaxval1desc":"State GST","addtaxval2desc":"NA","addtaxval3desc":"Central GST","addtaxval4desc":"NA","addtaxval5desc":"NA"}}
ErrorMessage : dasd=
InnerExceptionMessage : {"premium":3137,"serviceTax":564,"totalPremium":3701}
ErrorMessage : dasd=
InnerExceptionMessage : {"referenceId":"9b71d8ab00424735947354c7fc7410a2","premium":5995,"serviceTax":1080,"totalPremium":7075}
ErrorMessage : dasd=
InnerExceptionMessage : {"referenceId":"9b71d8ab00424735947354c7fc7410a2","redirectToken":"7380e097b9276f444c322424b30e601d"}
ErrorMessage : dasd=
InnerExceptionMessage : {"genpremdtlsres":{"contractid":"null","quoterefno":"null","refno":"null","scrutinyno":"null","policyref":"null","netpremium":"5105","servicetaxamt":"0","educessamt":"0","totalpremium":"6023","finalpremium":"6023","servicetaxrate":"null","educessrate":"null","stampduty":"null","uwloadingper":"null","uwloadingamt":"null","loadingper":"null","loadingamt":"null","discountper":"null","discountamt":"null","spdiscountper":"null","spdiscountamt":"null","param1":"0","param2":"0","param3":"0","param4":"null"},"errorcoderes":"0","errorlistres":[],"transactionid":7763420,"servicetaxmstobj":{"taxcode":"27_SGST17","taxtype":"SGST","baseamount":"null","sertax":"0","educess":"0","sbtax":"0","kkc":"0","cess1":"0","cess2":"0","cess3":"0","sertaxdesc":"NA","educessdesc":"NA","sbcessdesc":"NA","kkccessdesc":"NA","cess1desc":"NA","cess2desc":"NA","cess3desc":"NA","adjsertax":"null","adjeducess":"null","adjsbtax":"null","adjkkc":"null","adjcess1":"null","adjcess2":"null","adjcess3":"null","addtaxval1":"459","addtaxval2":"0","addtaxval3":"459","addtaxval4":"0","addtaxval5":"0","addtaxval1desc":"State GST","addtaxval2desc":"NA","addtaxval3desc":"Central GST","addtaxval4desc":"NA","addtaxval5desc":"NA"}}
ErrorMessage : dasd=
InnerExceptionMessage : {"premium":3137,"serviceTax":564,"totalPremium":3701}
ErrorMessage : dasd=
InnerExceptionMessage : {"referenceId":"758ed7cabf414c1ea94b30ec32f0de55","premium":5995,"serviceTax":1080,"totalPremium":7075}
ErrorMessage : dasd=
InnerExceptionMessage : {"referenceId":"758ed7cabf414c1ea94b30ec32f0de55","redirectToken":"6b89535133de993b9a5a27bc7e242eae"}
ErrorMessage : dasd=
InnerExceptionMessage : {"premium":3137,"serviceTax":564,"totalPremium":3701}
ErrorMessage : dasd=
InnerExceptionMessage : {"premium":3137,"serviceTax":564,"totalPremium":3701}
ErrorMessage : https://preprod-digitpolicyissuance.godigit.com/policyservice/v1/createQuote
InnerExceptionMessage : { "bookingId": "retail-2020-95485294", "type": "I", "purpose": "L", "customer": { "firstName": "hdhgs", "lastName": "", "address": { "line1": "N.W. College", "line2": "", "line3": "", "state": "27", "city": "lucknow", "country": "IND", "pinCode": "411001" }, "documents": [ { "type": "PPT", "id": "D89U0112" } ], "dob": "1997-01-01", "mobile": "9353568667", "email": "Bindu.S@godigit.com", "type": "N" }, "insuredPersons": [ { "firstName": "hdhgs", "lastName": "", "address": { "line1": "N.W. College", "line2": "", "line3": "", "state": "27", "city": "Pune", "country": "IND", "pinCode": "411001" }, "documents": [ { "type": "PPT", "id": "D890112" } ], "dob": "1990-02-02", "mobile": "9095893589", "email": "dfdsyf@gmail.com", "profession": "", "paxId": "1", "nominee": { "relationship": "S", "name": "Uduwei Uhdewui" }, "type": "N", "gender": "ML" } ], "insuredPersonsCount": "1", "bookingDate": "2020-07-07", "packageName": "R14", "geography": "UCI", "travelEndDate": "2020-07-29", "travelStartDate": "2020-07-15", "discountFlag": "" }
ErrorMessage : getdetail-webexception=
InnerExceptionMessage : The remote server returned an error: (401) Unauthorized.
ErrorMessage : https://ig.starhealth.in/api/proposal/premium/calculate
InnerExceptionMessage : {"APIKEY":"0b7ac3ec6a6246ef8c1f510c1ea5eaf9","SECRETKEY":"f5e918674da44343bb38212a59cb8bcd","policyTypeName":"OMPIND","travelStartOn":"July 15, 2020","travelEndOn":"July 29, 2020","planId":5,"postalCode":0,"period":2,"searchId":0,"companyId":null,"insureds":[{"dob":"July 07, 1997","sumInsuredId":0,"name":null,"sex":null,"illness":null,"description":null,"relationshipId":0,"occupationId":0,"hospitalCash":null,"height":0,"weight":0,"isPersonalAccidentApplicable":null,"engageManualLabour":null,"engageWinterSports":null,"buyBackPED":0}]}
ErrorMessage : getdetail-webexception=
InnerExceptionMessage : The remote server returned an error: (400) Bad Request.
ErrorMessage : https://preprod-digitpolicyissuance.godigit.com/policyservice/v1/createQuote
InnerExceptionMessage : { "bookingId": "retail-2020-27020330", "type": "I", "purpose": "L", "customer": { "firstName": "dfshgf", "lastName": "", "address": { "line1": "N.W. College", "line2": "", "line3": "", "state": "27", "city": "lucknow", "country": "IND", "pinCode": "411001" }, "documents": [ { "type": "PPT", "id": "D89U0112" } ], "dob": "1997-01-01", "mobile": "9353568667", "email": "Bindu.S@godigit.com", "type": "N" }, "insuredPersons": [ { "firstName": "dfshgf", "lastName": "", "address": { "line1": "N.W. College", "line2": "", "line3": "", "state": "27", "city": "Pune", "country": "IND", "pinCode": "411001" }, "documents": [ { "type": "PPT", "id": "D890112" } ], "dob": "1990-02-02", "mobile": "9978677576", "email": "dd@gmail.com", "profession": "", "paxId": "1", "nominee": { "relationship": "S", "name": "Uduwei Uhdewui" }, "type": "N", "gender": "ML" } ], "insuredPersonsCount": "1", "bookingDate": "2020-07-07", "packageName": "R14", "geography": "UCI", "travelEndDate": "2020-07-28", "travelStartDate": "2020-07-15", "discountFlag": "" }
ErrorMessage : getdetail-webexception=
InnerExceptionMessage : The remote server returned an error: (401) Unauthorized.
ErrorMessage : https://ig.starhealth.in/api/proposal/premium/calculate
InnerExceptionMessage : {"APIKEY":"0b7ac3ec6a6246ef8c1f510c1ea5eaf9","SECRETKEY":"f5e918674da44343bb38212a59cb8bcd","policyTypeName":"OMPIND","travelStartOn":"July 15, 2020","travelEndOn":"July 28, 2020","planId":5,"postalCode":0,"period":2,"searchId":0,"companyId":null,"insureds":[{"dob":"July 07, 1997","sumInsuredId":0,"name":null,"sex":null,"illness":null,"description":null,"relationshipId":0,"occupationId":0,"hospitalCash":null,"height":0,"weight":0,"isPersonalAccidentApplicable":null,"engageManualLabour":null,"engageWinterSports":null,"buyBackPED":0}]}
ErrorMessage : getdetail-webexception=
InnerExceptionMessage : The remote server returned an error: (400) Bad Request.
ErrorMessage : https://ig.starhealth.in/api/proposal/premium/calculate
InnerExceptionMessage : {"APIKEY":"0b7ac3ec6a6246ef8c1f510c1ea5eaf9","SECRETKEY":"f5e918674da44343bb38212a59cb8bcd","policyTypeName":"OMPIND","travelStartOn":"July 15, 2020","travelEndOn":"July 28, 2020","planId":5,"postalCode":0,"period":2,"searchId":0,"companyId":null,"insureds":[{"dob":"July 07, 1997","sumInsuredId":0,"name":null,"sex":null,"illness":null,"description":null,"relationshipId":0,"occupationId":0,"hospitalCash":null,"height":0,"weight":0,"isPersonalAccidentApplicable":null,"engageManualLabour":null,"engageWinterSports":null,"buyBackPED":0}]}
ErrorMessage : getdetail-webexception=
InnerExceptionMessage : The remote server returned an error: (400) Bad Request.
ErrorMessage : dasd=
InnerExceptionMessage : {"genpremdtlsres":{"contractid":"null","quoterefno":"null","refno":"null","scrutinyno":"null","policyref":"null","netpremium":"5105","servicetaxamt":"0","educessamt":"0","totalpremium":"6023","finalpremium":"6023","servicetaxrate":"null","educessrate":"null","stampduty":"null","uwloadingper":"null","uwloadingamt":"null","loadingper":"null","loadingamt":"null","discountper":"null","discountamt":"null","spdiscountper":"null","spdiscountamt":"null","param1":"0","param2":"0","param3":"0","param4":"null"},"errorcoderes":"0","errorlistres":[],"transactionid":7767398,"servicetaxmstobj":{"taxcode":"27_SGST17","taxtype":"SGST","baseamount":"null","sertax":"0","educess":"0","sbtax":"0","kkc":"0","cess1":"0","cess2":"0","cess3":"0","sertaxdesc":"NA","educessdesc":"NA","sbcessdesc":"NA","kkccessdesc":"NA","cess1desc":"NA","cess2desc":"NA","cess3desc":"NA","adjsertax":"null","adjeducess":"null","adjsbtax":"null","adjkkc":"null","adjcess1":"null","adjcess2":"null","adjcess3":"null","addtaxval1":"459","addtaxval2":"0","addtaxval3":"459","addtaxval4":"0","addtaxval5":"0","addtaxval1desc":"State GST","addtaxval2desc":"NA","addtaxval3desc":"Central GST","addtaxval4desc":"NA","addtaxval5desc":"NA"}}
ErrorMessage : dasd=
InnerExceptionMessage : {"genpremdtlsres":{"contractid":"null","quoterefno":"null","refno":"null","scrutinyno":"null","policyref":"null","netpremium":"5105","servicetaxamt":"0","educessamt":"0","totalpremium":"6023","finalpremium":"6023","servicetaxrate":"null","educessrate":"null","stampduty":"null","uwloadingper":"null","uwloadingamt":"null","loadingper":"null","loadingamt":"null","discountper":"null","discountamt":"null","spdiscountper":"null","spdiscountamt":"null","param1":"0","param2":"0","param3":"0","param4":"null"},"errorcoderes":"0","errorlistres":[],"transactionid":7767479,"servicetaxmstobj":{"taxcode":"27_SGST17","taxtype":"SGST","baseamount":"null","sertax":"0","educess":"0","sbtax":"0","kkc":"0","cess1":"0","cess2":"0","cess3":"0","sertaxdesc":"NA","educessdesc":"NA","sbcessdesc":"NA","kkccessdesc":"NA","cess1desc":"NA","cess2desc":"NA","cess3desc":"NA","adjsertax":"null","adjeducess":"null","adjsbtax":"null","adjkkc":"null","adjcess1":"null","adjcess2":"null","adjcess3":"null","addtaxval1":"459","addtaxval2":"0","addtaxval3":"459","addtaxval4":"0","addtaxval5":"0","addtaxval1desc":"State GST","addtaxval2desc":"NA","addtaxval3desc":"Central GST","addtaxval4desc":"NA","addtaxval5desc":"NA"}}
ErrorMessage : dasd=
InnerExceptionMessage : {"genpremdtlsres":{"contractid":"null","quoterefno":"null","refno":"null","scrutinyno":"null","policyref":"null","netpremium":"5105","servicetaxamt":"0","educessamt":"0","totalpremium":"6023","finalpremium":"6023","servicetaxrate":"null","educessrate":"null","stampduty":"null","uwloadingper":"null","uwloadingamt":"null","loadingper":"null","loadingamt":"null","discountper":"null","discountamt":"null","spdiscountper":"null","spdiscountamt":"null","param1":"0","param2":"0","param3":"0","param4":"null"},"errorcoderes":"0","errorlistres":[],"transactionid":7767929,"servicetaxmstobj":{"taxcode":"27_SGST17","taxtype":"SGST","baseamount":"null","sertax":"0","educess":"0","sbtax":"0","kkc":"0","cess1":"0","cess2":"0","cess3":"0","sertaxdesc":"NA","educessdesc":"NA","sbcessdesc":"NA","kkccessdesc":"NA","cess1desc":"NA","cess2desc":"NA","cess3desc":"NA","adjsertax":"null","adjeducess":"null","adjsbtax":"null","adjkkc":"null","adjcess1":"null","adjcess2":"null","adjcess3":"null","addtaxval1":"459","addtaxval2":"0","addtaxval3":"459","addtaxval4":"0","addtaxval5":"0","addtaxval1desc":"State GST","addtaxval2desc":"NA","addtaxval3desc":"Central GST","addtaxval4desc":"NA","addtaxval5desc":"NA"}}
ErrorMessage : dasd=
InnerExceptionMessage : {"genpremdtlsres":{"contractid":"null","quoterefno":"null","refno":"null","scrutinyno":"null","policyref":"null","netpremium":"5105","servicetaxamt":"0","educessamt":"0","totalpremium":"6023","finalpremium":"6023","servicetaxrate":"null","educessrate":"null","stampduty":"null","uwloadingper":"null","uwloadingamt":"null","loadingper":"null","loadingamt":"null","discountper":"null","discountamt":"null","spdiscountper":"null","spdiscountamt":"null","param1":"0","param2":"0","param3":"0","param4":"null"},"errorcoderes":"0","errorlistres":[],"transactionid":7768143,"servicetaxmstobj":{"taxcode":"27_SGST17","taxtype":"SGST","baseamount":"null","sertax":"0","educess":"0","sbtax":"0","kkc":"0","cess1":"0","cess2":"0","cess3":"0","sertaxdesc":"NA","educessdesc":"NA","sbcessdesc":"NA","kkccessdesc":"NA","cess1desc":"NA","cess2desc":"NA","cess3desc":"NA","adjsertax":"null","adjeducess":"null","adjsbtax":"null","adjkkc":"null","adjcess1":"null","adjcess2":"null","adjcess3":"null","addtaxval1":"459","addtaxval2":"0","addtaxval3":"459","addtaxval4":"0","addtaxval5":"0","addtaxval1desc":"State GST","addtaxval2desc":"NA","addtaxval3desc":"Central GST","addtaxval4desc":"NA","addtaxval5desc":"NA"}}
ErrorMessage : dasd=
InnerExceptionMessage : {"genpremdtlsres":{"contractid":"null","quoterefno":"null","refno":"null","scrutinyno":"null","policyref":"null","netpremium":"5105","servicetaxamt":"0","educessamt":"0","totalpremium":"6023","finalpremium":"6023","servicetaxrate":"null","educessrate":"null","stampduty":"null","uwloadingper":"null","uwloadingamt":"null","loadingper":"null","loadingamt":"null","discountper":"null","discountamt":"null","spdiscountper":"null","spdiscountamt":"null","param1":"0","param2":"0","param3":"0","param4":"null"},"errorcoderes":"0","errorlistres":[],"transactionid":7768700,"servicetaxmstobj":{"taxcode":"27_SGST17","taxtype":"SGST","baseamount":"null","sertax":"0","educess":"0","sbtax":"0","kkc":"0","cess1":"0","cess2":"0","cess3":"0","sertaxdesc":"NA","educessdesc":"NA","sbcessdesc":"NA","kkccessdesc":"NA","cess1desc":"NA","cess2desc":"NA","cess3desc":"NA","adjsertax":"null","adjeducess":"null","adjsbtax":"null","adjkkc":"null","adjcess1":"null","adjcess2":"null","adjcess3":"null","addtaxval1":"459","addtaxval2":"0","addtaxval3":"459","addtaxval4":"0","addtaxval5":"0","addtaxval1desc":"State GST","addtaxval2desc":"NA","addtaxval3desc":"Central GST","addtaxval4desc":"NA","addtaxval5desc":"NA"}}
ErrorMessage : dasd=
InnerExceptionMessage : {"genpremdtlsres":{"contractid":"null","quoterefno":"null","refno":"null","scrutinyno":"null","policyref":"null","netpremium":"5105","servicetaxamt":"0","educessamt":"0","totalpremium":"6023","finalpremium":"6023","servicetaxrate":"null","educessrate":"null","stampduty":"null","uwloadingper":"null","uwloadingamt":"null","loadingper":"null","loadingamt":"null","discountper":"null","discountamt":"null","spdiscountper":"null","spdiscountamt":"null","param1":"0","param2":"0","param3":"0","param4":"null"},"errorcoderes":"0","errorlistres":[],"transactionid":7768821,"servicetaxmstobj":{"taxcode":"27_SGST17","taxtype":"SGST","baseamount":"null","sertax":"0","educess":"0","sbtax":"0","kkc":"0","cess1":"0","cess2":"0","cess3":"0","sertaxdesc":"NA","educessdesc":"NA","sbcessdesc":"NA","kkccessdesc":"NA","cess1desc":"NA","cess2desc":"NA","cess3desc":"NA","adjsertax":"null","adjeducess":"null","adjsbtax":"null","adjkkc":"null","adjcess1":"null","adjcess2":"null","adjcess3":"null","addtaxval1":"459","addtaxval2":"0","addtaxval3":"459","addtaxval4":"0","addtaxval5":"0","addtaxval1desc":"State GST","addtaxval2desc":"NA","addtaxval3desc":"Central GST","addtaxval4desc":"NA","addtaxval5desc":"NA"}}
ErrorMessage : dasd=
InnerExceptionMessage : {"genpremdtlsres":{"contractid":"null","quoterefno":"null","refno":"null","scrutinyno":"null","policyref":"null","netpremium":"5105","servicetaxamt":"0","educessamt":"0","totalpremium":"6023","finalpremium":"6023","servicetaxrate":"null","educessrate":"null","stampduty":"null","uwloadingper":"null","uwloadingamt":"null","loadingper":"null","loadingamt":"null","discountper":"null","discountamt":"null","spdiscountper":"null","spdiscountamt":"null","param1":"0","param2":"0","param3":"0","param4":"null"},"errorcoderes":"0","errorlistres":[],"transactionid":7768774,"servicetaxmstobj":{"taxcode":"27_SGST17","taxtype":"SGST","baseamount":"null","sertax":"0","educess":"0","sbtax":"0","kkc":"0","cess1":"0","cess2":"0","cess3":"0","sertaxdesc":"NA","educessdesc":"NA","sbcessdesc":"NA","kkccessdesc":"NA","cess1desc":"NA","cess2desc":"NA","cess3desc":"NA","adjsertax":"null","adjeducess":"null","adjsbtax":"null","adjkkc":"null","adjcess1":"null","adjcess2":"null","adjcess3":"null","addtaxval1":"459","addtaxval2":"0","addtaxval3":"459","addtaxval4":"0","addtaxval5":"0","addtaxval1desc":"State GST","addtaxval2desc":"NA","addtaxval3desc":"Central GST","addtaxval4desc":"NA","addtaxval5desc":"NA"}}
ErrorMessage : dasd=
InnerExceptionMessage : {"genpremdtlsres":{"contractid":"null","quoterefno":"null","refno":"null","scrutinyno":"null","policyref":"null","netpremium":"5105","servicetaxamt":"0","educessamt":"0","totalpremium":"6023","finalpremium":"6023","servicetaxrate":"null","educessrate":"null","stampduty":"null","uwloadingper":"null","uwloadingamt":"null","loadingper":"null","loadingamt":"null","discountper":"null","discountamt":"null","spdiscountper":"null","spdiscountamt":"null","param1":"0","param2":"0","param3":"0","param4":"null"},"errorcoderes":"0","errorlistres":[],"transactionid":7768783,"servicetaxmstobj":{"taxcode":"27_SGST17","taxtype":"SGST","baseamount":"null","sertax":"0","educess":"0","sbtax":"0","kkc":"0","cess1":"0","cess2":"0","cess3":"0","sertaxdesc":"NA","educessdesc":"NA","sbcessdesc":"NA","kkccessdesc":"NA","cess1desc":"NA","cess2desc":"NA","cess3desc":"NA","adjsertax":"null","adjeducess":"null","adjsbtax":"null","adjkkc":"null","adjcess1":"null","adjcess2":"null","adjcess3":"null","addtaxval1":"459","addtaxval2":"0","addtaxval3":"459","addtaxval4":"0","addtaxval5":"0","addtaxval1desc":"State GST","addtaxval2desc":"NA","addtaxval3desc":"Central GST","addtaxval4desc":"NA","addtaxval5desc":"NA"}}
