ErrorMessage : dasd=
InnerExceptionMessage : {"pdfName":"","premium":"8610","totalPremium":"10827","accidentalDeathPremium":"59","permanentDisabilityPremium":"47","criticalIllnessPremium":"399","premiumWaiver":"0","betterHalfPremium":"0","basePremium":"7297","hcbPremium":"1712","error":null,"isValid":true,"sumAssured":null}
ErrorMessage : dasd=
InnerExceptionMessage : {"pdfName":"","premium":"8610","totalPremium":"10827","accidentalDeathPremium":"59","permanentDisabilityPremium":"47","criticalIllnessPremium":"399","premiumWaiver":"0","betterHalfPremium":"0","basePremium":"7297","hcbPremium":"1712","error":null,"isValid":true,"sumAssured":null}
ErrorMessage : dasd=
InnerExceptionMessage : {"pdfName":"","premium":"12082","totalPremium":"14877","accidentalDeathPremium":"59","permanentDisabilityPremium":"47","criticalIllnessPremium":"631","premiumWaiver":"0","betterHalfPremium":"0","basePremium":"10239","hcbPremium":"2058","error":null,"isValid":true,"sumAssured":null}
ErrorMessage : dasd=
InnerExceptionMessage : {"pdfName":"","premium":"12082","totalPremium":"14877","accidentalDeathPremium":"59","permanentDisabilityPremium":"47","criticalIllnessPremium":"631","premiumWaiver":"0","betterHalfPremium":"0","basePremium":"10239","hcbPremium":"2058","error":null,"isValid":true,"sumAssured":null}
ErrorMessage : dasd=
InnerExceptionMessage : {"pdfName":"","premium":"24048","totalPremium":"27663","accidentalDeathPremium":"59","permanentDisabilityPremium":"47","criticalIllnessPremium":"1181","premiumWaiver":"0","betterHalfPremium":"0","basePremium":"20380","hcbPremium":"2328","error":null,"isValid":true,"sumAssured":null}
ErrorMessage : dasd=
InnerExceptionMessage : {"pdfName":"","premium":"24048","totalPremium":"27663","accidentalDeathPremium":"59","permanentDisabilityPremium":"47","criticalIllnessPremium":"1181","premiumWaiver":"0","betterHalfPremium":"0","basePremium":"20380","hcbPremium":"2328","error":null,"isValid":true,"sumAssured":null}
ErrorMessage : https://sis.edelweisstokio.in/shirokuapi/v2/GetPremium
InnerExceptionMessage : { 'product': 'Zindagiplus', 'fullName':  'aysyf', 'cliGender': 'Male', 'age':'28', 'cliDOB': '11/06/1992', 'maturityAge': '0', 'frequency': 'Yearly', 'smoke': 'No', 'policyTerm': '40', 'premiumPayingTerm': '40', 'sumAssured': '10000000', 'staff': 'No', 'workSiteFlag': 'No', 'index': '0', 'ADB': '100000', 'ATPD': '100000', 'CI': '100000', 'HCB': '100000', 'Term': '', 'WOP': 'No', 'pdf': 'No', 'childAge': '', 'childGender': '', 'maturityOption': '', 'flexibleBenefitYear': '', 'postponement': '', 'largeCap': '', 'top250': '', 'bond': '', 'moneyMarket': '', 'PEBased': '', 'managed': '', 'claimsOption': '', 'LAProposerSame': 'false',   'LAFullName': 'aysyf', 'LAEmail': 'dhfd@gmail.com','LAMarriedStatus':'single', 'LANumber': '9785437857', 'LATobacco': 'No', 'LAAge': '28', 'LADOB': '11/06/1992', 'investmentStrategy': '', 'LAGender': 'Male', 'risingStar': 'No', 'policyOption': 'Life Cover with Level Sum Assured', 'distributionChannel': 'Corporate Agent', 'betterHalfBenefit': 'No', 'spouseFirstName': '', 'spouseLastName': ' ', 'spouseDOB': '', 'spouseGender': '', 'spouseAge': '', 'spouseTobaccoUser': '', 'additionalBenefit': '', 'topUpBenefitPercentage': '', 'payoutOption': 'LumpSum', 'payoutMonths': '', 'payoutPercentageLumpsum': '100', 'payoutPercentageLevelIncome': '0', 'payoutPercentageIncreasingIncome': '0', 'tranId': '' }
ErrorMessage : getdetail-webexception=
InnerExceptionMessage : The operation has timed out
ErrorMessage : getdetail-response=
InnerExceptionMessage : Object reference not set to an instance of an object.
ErrorMessage : dasd=
InnerExceptionMessage : {"pdfName":"","premium":"9838","totalPremium":"12292","accidentalDeathPremium":"59","permanentDisabilityPremium":"47","criticalIllnessPremium":"485","premiumWaiver":"0","betterHalfPremium":"0","basePremium":"8337","hcbPremium":"1863","error":null,"isValid":true,"sumAssured":null}
ErrorMessage : dasd=
InnerExceptionMessage : {"pdfName":"","premium":"8068","totalPremium":"10180","accidentalDeathPremium":"59","permanentDisabilityPremium":"47","criticalIllnessPremium":"362","premiumWaiver":"0","betterHalfPremium":"0","basePremium":"6837","hcbPremium":"1644","error":null,"isValid":true,"sumAssured":null}
ErrorMessage : dasd=
InnerExceptionMessage : {"pdfName":"","premium":"8068","totalPremium":"10180","accidentalDeathPremium":"59","permanentDisabilityPremium":"47","criticalIllnessPremium":"362","premiumWaiver":"0","betterHalfPremium":"0","basePremium":"6837","hcbPremium":"1644","error":null,"isValid":true,"sumAssured":null}
ErrorMessage : dasd=
InnerExceptionMessage : {"pdfName":"","premium":"8068","totalPremium":"10180","accidentalDeathPremium":"59","permanentDisabilityPremium":"47","criticalIllnessPremium":"362","premiumWaiver":"0","betterHalfPremium":"0","basePremium":"6837","hcbPremium":"1644","error":null,"isValid":true,"sumAssured":null}
ErrorMessage : dasd=
InnerExceptionMessage : {"pdfName":"","premium":"14923","totalPremium":"17947","accidentalDeathPremium":"59","permanentDisabilityPremium":"47","criticalIllnessPremium":"780","premiumWaiver":"0","betterHalfPremium":"0","basePremium":"12647","hcbPremium":"2138","error":null,"isValid":true,"sumAssured":null}
ErrorMessage : dasd=
InnerExceptionMessage : {"pdfName":"","premium":"14923","totalPremium":"17947","accidentalDeathPremium":"59","permanentDisabilityPremium":"47","criticalIllnessPremium":"780","premiumWaiver":"0","betterHalfPremium":"0","basePremium":"12647","hcbPremium":"2138","error":null,"isValid":true,"sumAssured":null}
ErrorMessage : dasd=
InnerExceptionMessage : {"pdfName":"","premium":"17463","totalPremium":"20664","accidentalDeathPremium":"59","permanentDisabilityPremium":"47","criticalIllnessPremium":"898","premiumWaiver":"0","betterHalfPremium":"0","basePremium":"14799","hcbPremium":"2197","error":null,"isValid":true,"sumAssured":null}
ErrorMessage : dasd=
InnerExceptionMessage : {"pdfName":"","premium":"17463","totalPremium":"20664","accidentalDeathPremium":"59","permanentDisabilityPremium":"47","criticalIllnessPremium":"898","premiumWaiver":"0","betterHalfPremium":"0","basePremium":"14799","hcbPremium":"2197","error":null,"isValid":true,"sumAssured":null}
ErrorMessage : dasd=
InnerExceptionMessage : {"genpremdtlsres":{"contractid":"null","quoterefno":"null","refno":"null","scrutinyno":"null","policyref":"null","netpremium":"5105","servicetaxamt":"0","educessamt":"0","totalpremium":"6023","finalpremium":"6023","servicetaxrate":"null","educessrate":"null","stampduty":"null","uwloadingper":"null","uwloadingamt":"null","loadingper":"null","loadingamt":"null","discountper":"null","discountamt":"null","spdiscountper":"null","spdiscountamt":"null","param1":"0","param2":"0","param3":"0","param4":"null"},"errorcoderes":"0","errorlistres":[],"transactionid":7639900,"servicetaxmstobj":{"taxcode":"27_SGST17","taxtype":"SGST","baseamount":"null","sertax":"0","educess":"0","sbtax":"0","kkc":"0","cess1":"0","cess2":"0","cess3":"0","sertaxdesc":"NA","educessdesc":"NA","sbcessdesc":"NA","kkccessdesc":"NA","cess1desc":"NA","cess2desc":"NA","cess3desc":"NA","adjsertax":"null","adjeducess":"null","adjsbtax":"null","adjkkc":"null","adjcess1":"null","adjcess2":"null","adjcess3":"null","addtaxval1":"459","addtaxval2":"0","addtaxval3":"459","addtaxval4":"0","addtaxval5":"0","addtaxval1desc":"State GST","addtaxval2desc":"NA","addtaxval3desc":"Central GST","addtaxval4desc":"NA","addtaxval5desc":"NA"}}
ErrorMessage : dasd=
InnerExceptionMessage : {"genpremdtlsres":{"contractid":"null","quoterefno":"null","refno":"null","scrutinyno":"null","policyref":"null","netpremium":"5105","servicetaxamt":"0","educessamt":"0","totalpremium":"6023","finalpremium":"6023","servicetaxrate":"null","educessrate":"null","stampduty":"null","uwloadingper":"null","uwloadingamt":"null","loadingper":"null","loadingamt":"null","discountper":"null","discountamt":"null","spdiscountper":"null","spdiscountamt":"null","param1":"0","param2":"0","param3":"0","param4":"null"},"errorcoderes":"0","errorlistres":[],"transactionid":7640069,"servicetaxmstobj":{"taxcode":"27_SGST17","taxtype":"SGST","baseamount":"null","sertax":"0","educess":"0","sbtax":"0","kkc":"0","cess1":"0","cess2":"0","cess3":"0","sertaxdesc":"NA","educessdesc":"NA","sbcessdesc":"NA","kkccessdesc":"NA","cess1desc":"NA","cess2desc":"NA","cess3desc":"NA","adjsertax":"null","adjeducess":"null","adjsbtax":"null","adjkkc":"null","adjcess1":"null","adjcess2":"null","adjcess3":"null","addtaxval1":"459","addtaxval2":"0","addtaxval3":"459","addtaxval4":"0","addtaxval5":"0","addtaxval1desc":"State GST","addtaxval2desc":"NA","addtaxval3desc":"Central GST","addtaxval4desc":"NA","addtaxval5desc":"NA"}}
ErrorMessage : dasd=
InnerExceptionMessage : {"premium":3137,"serviceTax":564,"totalPremium":3701}
ErrorMessage : dasd=
InnerExceptionMessage : {"premium":3137,"serviceTax":564,"totalPremium":3701}
ErrorMessage : dasd=
InnerExceptionMessage : {"premium":3137,"serviceTax":564,"totalPremium":3701}
ErrorMessage : dasd=
InnerExceptionMessage : {"genpremdtlsres":{"contractid":"null","quoterefno":"null","refno":"null","scrutinyno":"null","policyref":"null","netpremium":"5105","servicetaxamt":"0","educessamt":"0","totalpremium":"6023","finalpremium":"6023","servicetaxrate":"null","educessrate":"null","stampduty":"null","uwloadingper":"null","uwloadingamt":"null","loadingper":"null","loadingamt":"null","discountper":"null","discountamt":"null","spdiscountper":"null","spdiscountamt":"null","param1":"0","param2":"0","param3":"0","param4":"null"},"errorcoderes":"0","errorlistres":[],"transactionid":7640377,"servicetaxmstobj":{"taxcode":"27_SGST17","taxtype":"SGST","baseamount":"null","sertax":"0","educess":"0","sbtax":"0","kkc":"0","cess1":"0","cess2":"0","cess3":"0","sertaxdesc":"NA","educessdesc":"NA","sbcessdesc":"NA","kkccessdesc":"NA","cess1desc":"NA","cess2desc":"NA","cess3desc":"NA","adjsertax":"null","adjeducess":"null","adjsbtax":"null","adjkkc":"null","adjcess1":"null","adjcess2":"null","adjcess3":"null","addtaxval1":"459","addtaxval2":"0","addtaxval3":"459","addtaxval4":"0","addtaxval5":"0","addtaxval1desc":"State GST","addtaxval2desc":"NA","addtaxval3desc":"Central GST","addtaxval4desc":"NA","addtaxval5desc":"NA"}}
