ErrorMessage : dasd=
InnerExceptionMessage : {"premium":6274,"serviceTax":1130,"totalPremium":7404}
ErrorMessage : dasd=
InnerExceptionMessage : {"premium":6274,"serviceTax":1130,"totalPremium":7404}
ErrorMessage : dasd=
InnerExceptionMessage : {"premium":6274,"serviceTax":1130,"totalPremium":7404}
ErrorMessage : dasd=
InnerExceptionMessage : {"premium":6274,"serviceTax":1130,"totalPremium":7404}
ErrorMessage : dasd=
InnerExceptionMessage : {"premium":6274,"serviceTax":1130,"totalPremium":7404}
ErrorMessage : dasd=
InnerExceptionMessage : {"premium":6274,"serviceTax":1130,"totalPremium":7404}
ErrorMessage : dasd=
InnerExceptionMessage : {"premium":6274,"serviceTax":1130,"totalPremium":7404}
ErrorMessage : dasd=
InnerExceptionMessage : {"premium":6274,"serviceTax":1130,"totalPremium":7404}
ErrorMessage : dasd=
InnerExceptionMessage : {"premium":6274,"serviceTax":1130,"totalPremium":7404}
ErrorMessage : dasd=
InnerExceptionMessage : {"premium":22940,"serviceTax":4130,"totalPremium":27070}
ErrorMessage : dasd=
InnerExceptionMessage : {"premium":8900,"serviceTax":1602,"totalPremium":10502}
ErrorMessage : dasd=
InnerExceptionMessage : {"premium":8900,"serviceTax":1602,"totalPremium":10502}
ErrorMessage : http://103.118.2.17/
InnerExceptionMessage : { 'product': 'Zindagiplus', 'fullName':  'Ankit', 'cliGender': 'Male', 'age':'21', 'cliDOB': '16/12/1994', 'maturityAge': '0', 'frequency': 'Yearly', 'smoke': 'Yes', 'policyTerm': '40', 'premiumPayingTerm': '40', 'sumAssured': '10000000', 'staff': 'No', 'workSiteFlag': 'No', 'index': '0', 'ADB': '0', 'ATPD': '0', 'CI': '0', 'HCB': '0', 'Term': '', 'WOP': 'No', 'pdf': 'No', 'childAge': '', 'childGender': '', 'maturityOption': '', 'flexibleBenefitYear': '', 'postponement': '', 'largeCap': '', 'top250': '', 'bond': '', 'moneyMarket': '', 'PEBased': '', 'managed': '', 'claimsOption': '', 'LAProposerSame': 'false', 'LAFullName': 'Ankit', 'LAEmail': 'divya@gmail.com', 'LANumber': '9044272331', 'LATobacco': 'Yes', 'LAAge': '21', 'LADOB': '16/12/1994', 'investmentStrategy': '', 'LAGender': 'Male', 'risingStar': 'No', 'policyOption': 'Life Cover with Level Sum Assured', 'distributionChannel': 'Corporate Agent', 'betterHalfBenefit': 'No', 'spouseFirstName': '', 'spouseLastName': ' ', 'spouseDOB': '', 'spouseGender': '', 'spouseAge': '', 'spouseTobaccoUser': 'No', 'additionalBenefit': '', 'topUpBenefitPercentage': '', 'payoutOption': 'LumpSum', 'payoutMonths': '', 'payoutPercentageLumpsum': '100', 'payoutPercentageLevelIncome': '0', 'payoutPercentageIncreasingIncome': '0', 'tranId': '' }
ErrorMessage : getdetail-webexception=
InnerExceptionMessage : The remote server returned an error: (405) Method Not Allowed.
ErrorMessage : http://103.118.2.17/
InnerExceptionMessage : { 'product': 'Zindagiplus', 'fullName':  'Ankit', 'cliGender': 'Male', 'age':'21', 'cliDOB': '16/12/1994', 'maturityAge': '0', 'frequency': 'Yearly', 'smoke': 'Yes', 'policyTerm': '40', 'premiumPayingTerm': '40', 'sumAssured': '10000000', 'staff': 'No', 'workSiteFlag': 'No', 'index': '0', 'ADB': '0', 'ATPD': '0', 'CI': '0', 'HCB': '0', 'Term': '', 'WOP': 'No', 'pdf': 'No', 'childAge': '', 'childGender': '', 'maturityOption': '', 'flexibleBenefitYear': '', 'postponement': '', 'largeCap': '', 'top250': '', 'bond': '', 'moneyMarket': '', 'PEBased': '', 'managed': '', 'claimsOption': '', 'LAProposerSame': 'false', 'LAFullName': 'Ankit', 'LAEmail': 'divya@gmail.com', 'LANumber': '9058857757', 'LATobacco': 'Yes', 'LAAge': '21', 'LADOB': '16/12/1994', 'investmentStrategy': '', 'LAGender': 'Male', 'risingStar': 'No', 'policyOption': 'Life Cover with Level Sum Assured', 'distributionChannel': 'Corporate Agent', 'betterHalfBenefit': 'No', 'spouseFirstName': '', 'spouseLastName': ' ', 'spouseDOB': '', 'spouseGender': '', 'spouseAge': '', 'spouseTobaccoUser': 'No', 'additionalBenefit': '', 'topUpBenefitPercentage': '', 'payoutOption': 'LumpSum', 'payoutMonths': '', 'payoutPercentageLumpsum': '100', 'payoutPercentageLevelIncome': '0', 'payoutPercentageIncreasingIncome': '0', 'tranId': '' }
ErrorMessage : getdetail-webexception=
InnerExceptionMessage : The remote server returned an error: (405) Method Not Allowed.
ErrorMessage : http://103.118.2.17/
InnerExceptionMessage : { 'product': 'Zindagiplus', 'fullName':  'Ankit', 'cliGender': 'Male', 'age':'21', 'cliDOB': '16/12/1994', 'maturityAge': '0', 'frequency': 'Yearly', 'smoke': 'Yes', 'policyTerm': '40', 'premiumPayingTerm': '40', 'sumAssured': '10000000', 'staff': 'No', 'workSiteFlag': 'No', 'index': '0', 'ADB': '0', 'ATPD': '0', 'CI': '0', 'HCB': '0', 'Term': '', 'WOP': 'No', 'pdf': 'No', 'childAge': '', 'childGender': '', 'maturityOption': '', 'flexibleBenefitYear': '', 'postponement': '', 'largeCap': '', 'top250': '', 'bond': '', 'moneyMarket': '', 'PEBased': '', 'managed': '', 'claimsOption': '', 'LAProposerSame': 'false', 'LAFullName': 'Ankit', 'LAEmail': 'divya@gmail.com', 'LANumber': '9044272331', 'LATobacco': 'Yes', 'LAAge': '21', 'LADOB': '16/12/1994', 'investmentStrategy': '', 'LAGender': 'Male', 'risingStar': 'No', 'policyOption': 'Life Cover with Level Sum Assured', 'distributionChannel': 'Corporate Agent', 'betterHalfBenefit': 'No', 'spouseFirstName': '', 'spouseLastName': ' ', 'spouseDOB': '', 'spouseGender': '', 'spouseAge': '', 'spouseTobaccoUser': 'No', 'additionalBenefit': '', 'topUpBenefitPercentage': '', 'payoutOption': 'LumpSum', 'payoutMonths': '', 'payoutPercentageLumpsum': '100', 'payoutPercentageLevelIncome': '0', 'payoutPercentageIncreasingIncome': '0', 'tranId': '' }
ErrorMessage : getdetail-webexception=
InnerExceptionMessage : The remote server returned an error: (405) Method Not Allowed.
ErrorMessage : http://103.118.2.17/
InnerExceptionMessage : { 'product': 'Zindagiplus', 'fullName':  'Ankit', 'cliGender': 'Male', 'age':'21', 'cliDOB': '16/12/1994', 'maturityAge': '0', 'frequency': 'Yearly', 'smoke': 'Yes', 'policyTerm': '40', 'premiumPayingTerm': '40', 'sumAssured': '10000000', 'staff': 'No', 'workSiteFlag': 'No', 'index': '0', 'ADB': '0', 'ATPD': '0', 'CI': '0', 'HCB': '0', 'Term': '', 'WOP': 'No', 'pdf': 'No', 'childAge': '', 'childGender': '', 'maturityOption': '', 'flexibleBenefitYear': '', 'postponement': '', 'largeCap': '', 'top250': '', 'bond': '', 'moneyMarket': '', 'PEBased': '', 'managed': '', 'claimsOption': '', 'LAProposerSame': 'false', 'LAFullName': 'Ankit', 'LAEmail': 'divya@gmail.com', 'LANumber': '9044272331', 'LATobacco': 'Yes', 'LAAge': '21', 'LADOB': '16/12/1994', 'investmentStrategy': '', 'LAGender': 'Male', 'risingStar': 'No', 'policyOption': 'Life Cover with Level Sum Assured', 'distributionChannel': 'Corporate Agent', 'betterHalfBenefit': 'No', 'spouseFirstName': '', 'spouseLastName': ' ', 'spouseDOB': '', 'spouseGender': '', 'spouseAge': '', 'spouseTobaccoUser': 'No', 'additionalBenefit': '', 'topUpBenefitPercentage': '', 'payoutOption': 'LumpSum', 'payoutMonths': '', 'payoutPercentageLumpsum': '100', 'payoutPercentageLevelIncome': '0', 'payoutPercentageIncreasingIncome': '0', 'tranId': '' }
ErrorMessage : getdetail-webexception=
InnerExceptionMessage : The remote server returned an error: (405) Method Not Allowed.
ErrorMessage : http://103.118.2.17/whitelabelapi/v2/getpremium
InnerExceptionMessage : { 'product': 'Zindagiplus', 'fullName':  'Ankit', 'cliGender': 'Male', 'age':'21', 'cliDOB': '16/12/1994', 'maturityAge': '0', 'frequency': 'Yearly', 'smoke': 'Yes', 'policyTerm': '40', 'premiumPayingTerm': '40', 'sumAssured': '10000000', 'staff': 'No', 'workSiteFlag': 'No', 'index': '0', 'ADB': '0', 'ATPD': '0', 'CI': '0', 'HCB': '0', 'Term': '', 'WOP': 'No', 'pdf': 'No', 'childAge': '', 'childGender': '', 'maturityOption': '', 'flexibleBenefitYear': '', 'postponement': '', 'largeCap': '', 'top250': '', 'bond': '', 'moneyMarket': '', 'PEBased': '', 'managed': '', 'claimsOption': '', 'LAProposerSame': 'false', 'LAFullName': 'Ankit', 'LAEmail': 'divya@gmail.com', 'LANumber': '9058857757', 'LATobacco': 'Yes', 'LAAge': '21', 'LADOB': '16/12/1994', 'investmentStrategy': '', 'LAGender': 'Male', 'risingStar': 'No', 'policyOption': 'Life Cover with Level Sum Assured', 'distributionChannel': 'Corporate Agent', 'betterHalfBenefit': 'No', 'spouseFirstName': '', 'spouseLastName': ' ', 'spouseDOB': '', 'spouseGender': '', 'spouseAge': '', 'spouseTobaccoUser': 'No', 'additionalBenefit': '', 'topUpBenefitPercentage': '', 'payoutOption': 'LumpSum', 'payoutMonths': '', 'payoutPercentageLumpsum': '100', 'payoutPercentageLevelIncome': '0', 'payoutPercentageIncreasingIncome': '0', 'tranId': '' }
ErrorMessage : getdetail-webexception=
InnerExceptionMessage : The remote server returned an error: (500) Internal Server Error.
ErrorMessage : http://103.118.2.17/whitelabelapi/v2/getpremium
InnerExceptionMessage : { 'product': 'Zindagiplus', 'fullName':  'Ankit', 'cliGender': 'Male', 'age':'21', 'cliDOB': '16/12/1994', 'maturityAge': '0', 'frequency': 'Yearly', 'smoke': 'Yes', 'policyTerm': '40', 'premiumPayingTerm': '40', 'sumAssured': '10000000', 'staff': 'No', 'workSiteFlag': 'No', 'index': '0', 'ADB': '0', 'ATPD': '0', 'CI': '0', 'HCB': '0', 'Term': '', 'WOP': 'No', 'pdf': 'No', 'childAge': '', 'childGender': '', 'maturityOption': '', 'flexibleBenefitYear': '', 'postponement': '', 'largeCap': '', 'top250': '', 'bond': '', 'moneyMarket': '', 'PEBased': '', 'managed': '', 'claimsOption': '', 'LAProposerSame': 'false', 'LAFullName': 'Ankit', 'LAEmail': 'divya@gmail.com', 'LANumber': '9058857757', 'LATobacco': 'Yes', 'LAAge': '21', 'LADOB': '16/12/1994', 'investmentStrategy': '', 'LAGender': 'Male', 'risingStar': 'No', 'policyOption': 'Life Cover with Level Sum Assured', 'distributionChannel': 'Corporate Agent', 'betterHalfBenefit': 'No', 'spouseFirstName': '', 'spouseLastName': ' ', 'spouseDOB': '', 'spouseGender': '', 'spouseAge': '', 'spouseTobaccoUser': 'No', 'additionalBenefit': '', 'topUpBenefitPercentage': '', 'payoutOption': 'LumpSum', 'payoutMonths': '', 'payoutPercentageLumpsum': '100', 'payoutPercentageLevelIncome': '0', 'payoutPercentageIncreasingIncome': '0', 'tranId': '' }
ErrorMessage : getdetail-webexception=
InnerExceptionMessage : The remote server returned an error: (500) Internal Server Error.
ErrorMessage : http://103.118.2.17/whitelabelapi/v2/getpremium
InnerExceptionMessage : { 'product': 'Zindagiplus', 'fullName':  'Ankit', 'cliGender': 'Male', 'age':'21', 'cliDOB': '16/12/1994', 'maturityAge': '0', 'frequency': 'Yearly', 'smoke': 'Yes', 'policyTerm': '40', 'premiumPayingTerm': '40', 'sumAssured': '10000000', 'staff': 'No', 'workSiteFlag': 'No', 'index': '0', 'ADB': '0', 'ATPD': '0', 'CI': '0', 'HCB': '0', 'Term': '', 'WOP': 'No', 'pdf': 'No', 'childAge': '', 'childGender': '', 'maturityOption': '', 'flexibleBenefitYear': '', 'postponement': '', 'largeCap': '', 'top250': '', 'bond': '', 'moneyMarket': '', 'PEBased': '', 'managed': '', 'claimsOption': '', 'LAProposerSame': 'false', 'LAFullName': 'Ankit', 'LAEmail': 'divya@gmail.com', 'LANumber': '9058857757', 'LATobacco': 'Yes', 'LAAge': '21', 'LADOB': '16/12/1994', 'investmentStrategy': '', 'LAGender': 'Male', 'risingStar': 'No', 'policyOption': 'Life Cover with Level Sum Assured', 'distributionChannel': 'Corporate Agent', 'betterHalfBenefit': 'No', 'spouseFirstName': '', 'spouseLastName': ' ', 'spouseDOB': '', 'spouseGender': '', 'spouseAge': '', 'spouseTobaccoUser': 'No', 'additionalBenefit': '', 'topUpBenefitPercentage': '', 'payoutOption': 'LumpSum', 'payoutMonths': '', 'payoutPercentageLumpsum': '100', 'payoutPercentageLevelIncome': '0', 'payoutPercentageIncreasingIncome': '0', 'tranId': '' }
ErrorMessage : getdetail-webexception=
InnerExceptionMessage : The remote server returned an error: (500) Internal Server Error.
ErrorMessage : http://103.118.2.17/whitelabelapi/v2/getpremium
InnerExceptionMessage : { 'product': 'Zindagiplus', 'fullName':  'Ankit', 'cliGender': 'Male', 'age':'21', 'cliDOB': '16/12/1994', 'maturityAge': '0', 'frequency': 'Yearly', 'smoke': 'Yes', 'policyTerm': '40', 'premiumPayingTerm': '40', 'sumAssured': '10000000', 'staff': 'No', 'workSiteFlag': 'No', 'index': '0', 'ADB': '0', 'ATPD': '0', 'CI': '0', 'HCB': '0', 'Term': '', 'WOP': 'No', 'pdf': 'No', 'childAge': '', 'childGender': '', 'maturityOption': '', 'flexibleBenefitYear': '', 'postponement': '', 'largeCap': '', 'top250': '', 'bond': '', 'moneyMarket': '', 'PEBased': '', 'managed': '', 'claimsOption': '', 'LAProposerSame': 'false', 'LAFullName': 'Ankit', 'LAEmail': 'divya@gmail.com', 'LANumber': '9058857757', 'LATobacco': 'Yes', 'LAAge': '21', 'LADOB': '16/12/1994', 'investmentStrategy': '', 'LAGender': 'Male', 'risingStar': 'No', 'policyOption': 'Life Cover with Level Sum Assured', 'distributionChannel': 'Corporate Agent', 'betterHalfBenefit': 'No', 'spouseFirstName': '', 'spouseLastName': ' ', 'spouseDOB': '', 'spouseGender': '', 'spouseAge': '', 'spouseTobaccoUser': 'No', 'additionalBenefit': '', 'topUpBenefitPercentage': '', 'payoutOption': 'LumpSum', 'payoutMonths': '', 'payoutPercentageLumpsum': '100', 'payoutPercentageLevelIncome': '0', 'payoutPercentageIncreasingIncome': '0', 'tranId': '' }
ErrorMessage : getdetail-webexception=
InnerExceptionMessage : The remote server returned an error: (500) Internal Server Error.
ErrorMessage : http://103.118.2.17/whitelabelapi/v2/getpremium
InnerExceptionMessage : { 'product': 'Zindagiplus', 'fullName':  'Ankit', 'cliGender': 'Male', 'age':'21', 'cliDOB': '16/12/1994', 'maturityAge': '0', 'frequency': 'Yearly', 'smoke': 'Yes', 'policyTerm': '40', 'premiumPayingTerm': '40', 'sumAssured': '10000000', 'staff': 'No', 'workSiteFlag': 'No', 'index': '0', 'ADB': '0', 'ATPD': '0', 'CI': '0', 'HCB': '0', 'Term': '', 'WOP': 'No', 'pdf': 'No', 'childAge': '', 'childGender': '', 'maturityOption': '', 'flexibleBenefitYear': '', 'postponement': '', 'largeCap': '', 'top250': '', 'bond': '', 'moneyMarket': '', 'PEBased': '', 'managed': '', 'claimsOption': '', 'LAProposerSame': 'false', 'LAFullName': 'Ankit', 'LAEmail': 'divya@gmail.com', 'LANumber': '9058857757', 'LATobacco': 'Yes', 'LAAge': '21', 'LADOB': '16/12/1994', 'investmentStrategy': '', 'LAGender': 'Male', 'risingStar': 'No', 'policyOption': 'Life Cover with Level Sum Assured', 'distributionChannel': 'Corporate Agent', 'betterHalfBenefit': 'No', 'spouseFirstName': '', 'spouseLastName': ' ', 'spouseDOB': '', 'spouseGender': '', 'spouseAge': '', 'spouseTobaccoUser': 'No', 'additionalBenefit': '', 'topUpBenefitPercentage': '', 'payoutOption': 'LumpSum', 'payoutMonths': '', 'payoutPercentageLumpsum': '100', 'payoutPercentageLevelIncome': '0', 'payoutPercentageIncreasingIncome': '0', 'tranId': '' }
ErrorMessage : getdetail-webexception=
InnerExceptionMessage : The remote server returned an error: (500) Internal Server Error.
ErrorMessage : dasd=
InnerExceptionMessage : {"pdfName":"http://103.118.2.17/SISONLINE/SISPDF//d891aa23-15c8-45bd-b9d6-d4fc05c35555.pdf","premium":"10633","totalPremium":"10633","accidentalDeathPremium":"0","permanentDisabilityPremium":"0","criticalIllnessPremium":"0","premiumWaiver":"0","betterHalfPremium":"0","basePremium":"10633","hcbPremium":"0","error":"","sumAssured":null}
ErrorMessage : https://igsan.starhealth.in/api/proposal/premium/calculate
InnerExceptionMessage : {"APIKEY":"75dc72e57d2148f5a76676895c18ff11","SECRETKEY":"9ad7d6ccb13343c69d0ceb38d13a5d8f","policyTypeName":"MCINEW","AgeTo":null,"AgeFrom":null,"PlanId":"0","period":"1","postalCode":"","schemeId":0,"sumInsuredId":1,"insureds[0]":{"dob":"December 31, 1993","sumInsuredId":1,"name":null,"sex":null,"illness":null,"relationshipId":0,"occupationId":0,"hospitalCash":null,"height":0,"weight":0,"isPersonalAccidentApplicable":null,"engageManualLabour":null,"engageWinterSports":null,"buyBackPED":0},"insureds[1]":{"dob":"December 31, 1993","sumInsuredId":1,"name":null,"sex":null,"illness":null,"relationshipId":0,"occupationId":0,"hospitalCash":null,"height":0,"weight":0,"isPersonalAccidentApplicable":null,"engageManualLabour":null,"engageWinterSports":null,"buyBackPED":0}}
ErrorMessage : getdetail-webexception=
InnerExceptionMessage : The remote server returned an error: (500) Internal Server Error.
ErrorMessage : https://igsan.starhealth.in/api/proposal/premium/calculate
InnerExceptionMessage : {"APIKEY":"75dc72e57d2148f5a76676895c18ff11","SECRETKEY":"9ad7d6ccb13343c69d0ceb38d13a5d8f","policyTypeName":"MCINEW","AgeTo":null,"AgeFrom":null,"PlanId":"0","period":"1","postalCode":"","schemeId":0,"sumInsuredId":1,"insureds[0]":{"dob":"December 31, 1993","sumInsuredId":1,"name":null,"sex":null,"illness":null,"relationshipId":0,"occupationId":0,"hospitalCash":null,"height":0,"weight":0,"isPersonalAccidentApplicable":null,"engageManualLabour":null,"engageWinterSports":null,"buyBackPED":0},"insureds[1]":{"dob":"December 31, 1993","sumInsuredId":1,"name":null,"sex":null,"illness":null,"relationshipId":0,"occupationId":0,"hospitalCash":null,"height":0,"weight":0,"isPersonalAccidentApplicable":null,"engageManualLabour":null,"engageWinterSports":null,"buyBackPED":0}}
ErrorMessage : getdetail-webexception=
InnerExceptionMessage : The remote server returned an error: (500) Internal Server Error.
ErrorMessage : https://igsan.starhealth.in/api/proposal/premium/calculate
InnerExceptionMessage : {"APIKEY":"75dc72e57d2148f5a76676895c18ff11","SECRETKEY":"9ad7d6ccb13343c69d0ceb38d13a5d8f","policyTypeName":"COMPREHENSIVEIND","AgeTo":null,"AgeFrom":null,"PlanId":"0","period":"1","postalCode":"","schemeId":0,"sumInsuredId":1,"insureds[0]":{"dob":"December 31, 1993","sumInsuredId":1,"name":null,"sex":null,"illness":null,"relationshipId":0,"occupationId":0,"hospitalCash":null,"height":0,"weight":0,"isPersonalAccidentApplicable":null,"engageManualLabour":null,"engageWinterSports":null,"buyBackPED":0},"insureds[1]":{"dob":"December 31, 1993","sumInsuredId":1,"name":null,"sex":null,"illness":null,"relationshipId":0,"occupationId":0,"hospitalCash":null,"height":0,"weight":0,"isPersonalAccidentApplicable":null,"engageManualLabour":null,"engageWinterSports":null,"buyBackPED":0}}
ErrorMessage : getdetail-webexception=
InnerExceptionMessage : The remote server returned an error: (400) Bad Request.
ErrorMessage : https://igsan.starhealth.in/api/proposal/premium/calculate
InnerExceptionMessage : {"APIKEY":"75dc72e57d2148f5a76676895c18ff11","SECRETKEY":"9ad7d6ccb13343c69d0ceb38d13a5d8f","policyTypeName":"MCINEW","AgeTo":null,"AgeFrom":null,"PlanId":"0","period":"1","postalCode":"","schemeId":0,"sumInsuredId":1,"insureds[0]":{"dob":"December 31, 1993","sumInsuredId":1,"name":null,"sex":null,"illness":null,"relationshipId":0,"occupationId":0,"hospitalCash":null,"height":0,"weight":0,"isPersonalAccidentApplicable":null,"engageManualLabour":null,"engageWinterSports":null,"buyBackPED":0},"insureds[1]":{"dob":"December 31, 1993","sumInsuredId":1,"name":null,"sex":null,"illness":null,"relationshipId":0,"occupationId":0,"hospitalCash":null,"height":0,"weight":0,"isPersonalAccidentApplicable":null,"engageManualLabour":null,"engageWinterSports":null,"buyBackPED":0}}
ErrorMessage : dasd=
InnerExceptionMessage : {"premium":6274,"serviceTax":1130,"totalPremium":7404}
ErrorMessage : dasd=
InnerExceptionMessage : {"premium":14030,"serviceTax":2526,"totalPremium":16556}
ErrorMessage : dasd=
InnerExceptionMessage : {"premium":6274,"serviceTax":1130,"totalPremium":7404}
ErrorMessage : dasd=
InnerExceptionMessage : {"premium":14030,"serviceTax":2526,"totalPremium":16556}
ErrorMessage : dasd=
InnerExceptionMessage : {"premium":14030,"serviceTax":2526,"totalPremium":16556}
