ErrorMessage : https://preprod-digitpolicyissuance.godigit.com/policyservice/v1/createQuote
InnerExceptionMessage : { "bookingId": "retail-2020-88277788", "type": "I", "purpose": "L", "customer": { "firstName": "sgsdfg fgjfgj", "lastName": "Justforretail", "address": { "line1": "N.W. College", "line2": "", "line3": "", "state": "27", "city": "lucknow", "country": "IND", "pinCode": "411001" }, "documents": [ { "type": "PPT", "id": "D89U0112" } ], "dob": "1990-02-02", "mobile": "9353568667", "email": "Bindu.S@godigit.com", "type": "N" }, "insuredPersons": [ { "firstName": "Neha", "lastName": "Justforretail", "address": { "line1": "N.W. College", "line2": "", "line3": "", "state": "27", "city": "Pune", "country": "IND", "pinCode": "411001" }, "documents": [ { "type": "PPT", "id": "D890112" } ], "dob": "1990-02-02", "mobile": "7686987978", "email": "zdfdsf@gmail.com", "profession": "", "paxId": "1", "nominee": { "relationship": "S", "name": "Uduwei Uhdewui" }, "type": "N", "gender": "ML" } ], "insuredPersonsCount": "1", "bookingDate": "2020-02-12", "packageName": "R14", "geography": "UCI", "travelEndDate": "2020-02-23", "travelStartDate": "2020-02-20", "discountFlag": "" }
ErrorMessage : getdetail-webexception=
InnerExceptionMessage : The remote server returned an error: (500) Internal Server Error.
ErrorMessage : dasd=
InnerExceptionMessage : {"pdfName":"","premium":"17052","totalPremium":"19780.18","accidentalDeathPremium":"59","permanentDisabilityPremium":"47","criticalIllnessPremium":"588","premiumWaiver":"0","betterHalfPremium":"0","basePremium":"14451","hcbPremium":"2034","error":null,"isValid":true,"sumAssured":null}
ErrorMessage : dasd=
InnerExceptionMessage : {"pdfName":"","premium":"17052","totalPremium":"19780.18","accidentalDeathPremium":"59","permanentDisabilityPremium":"47","criticalIllnessPremium":"588","premiumWaiver":"0","betterHalfPremium":"0","basePremium":"14451","hcbPremium":"2034","error":null,"isValid":true,"sumAssured":null}
ErrorMessage : dasd=
InnerExceptionMessage : {"pdfName":"","premium":"17052","totalPremium":"19780.18","accidentalDeathPremium":"59","permanentDisabilityPremium":"47","criticalIllnessPremium":"588","premiumWaiver":"0","betterHalfPremium":"0","basePremium":"14451","hcbPremium":"2034","error":null,"isValid":true,"sumAssured":null}
ErrorMessage : dasd=
InnerExceptionMessage : {"pdfName":"","premium":"17052","totalPremium":"19780.18","accidentalDeathPremium":"59","permanentDisabilityPremium":"47","criticalIllnessPremium":"588","premiumWaiver":"0","betterHalfPremium":"0","basePremium":"14451","hcbPremium":"2034","error":null,"isValid":true,"sumAssured":null}
ErrorMessage : dasd=
InnerExceptionMessage : {"pdfName":"","premium":"17052","totalPremium":"19780.18","accidentalDeathPremium":"59","permanentDisabilityPremium":"47","criticalIllnessPremium":"588","premiumWaiver":"0","betterHalfPremium":"0","basePremium":"14451","hcbPremium":"2034","error":null,"isValid":true,"sumAssured":null}
ErrorMessage : dasd=
InnerExceptionMessage : {"pdfName":"","premium":"17052","totalPremium":"19780.18","accidentalDeathPremium":"59","permanentDisabilityPremium":"47","criticalIllnessPremium":"588","premiumWaiver":"0","betterHalfPremium":"0","basePremium":"14451","hcbPremium":"2034","error":null,"isValid":true,"sumAssured":null}
ErrorMessage : dasd=
InnerExceptionMessage : {"pdfName":"","premium":"17052","totalPremium":"19780.18","accidentalDeathPremium":"59","permanentDisabilityPremium":"47","criticalIllnessPremium":"588","premiumWaiver":"0","betterHalfPremium":"0","basePremium":"14451","hcbPremium":"2034","error":null,"isValid":true,"sumAssured":null}
ErrorMessage : dasd=
InnerExceptionMessage : {"pdfName":"","premium":"17052","totalPremium":"19780.18","accidentalDeathPremium":"59","permanentDisabilityPremium":"47","criticalIllnessPremium":"588","premiumWaiver":"0","betterHalfPremium":"0","basePremium":"14451","hcbPremium":"2034","error":null,"isValid":true,"sumAssured":null}
ErrorMessage : dasd=
InnerExceptionMessage : {"pdfName":"","premium":"17765","totalPremium":"20492.9","accidentalDeathPremium":"59","permanentDisabilityPremium":"47","criticalIllnessPremium":"588","premiumWaiver":"0","betterHalfPremium":"0","basePremium":"15055","hcbPremium":"2034","error":null,"isValid":true,"sumAssured":null}
ErrorMessage : dasd=
InnerExceptionMessage : {"pdfName":"","premium":"16092","totalPremium":"18661.66","accidentalDeathPremium":"59","permanentDisabilityPremium":"47","criticalIllnessPremium":"561","premiumWaiver":"0","betterHalfPremium":"0","basePremium":"13637","hcbPremium":"1903","error":null,"isValid":true,"sumAssured":null}
ErrorMessage : dasd=
InnerExceptionMessage : {"pdfName":"","premium":"15624","totalPremium":"18116.38","accidentalDeathPremium":"59","permanentDisabilityPremium":"47","criticalIllnessPremium":"546","premiumWaiver":"0","betterHalfPremium":"0","basePremium":"13241","hcbPremium":"1840","error":null,"isValid":true,"sumAssured":null}
ErrorMessage : dasd=
InnerExceptionMessage : {"pdfName":"","premium":"17052","totalPremium":"19780.18","accidentalDeathPremium":"59","permanentDisabilityPremium":"47","criticalIllnessPremium":"588","premiumWaiver":"0","betterHalfPremium":"0","basePremium":"14451","hcbPremium":"2034","error":null,"isValid":true,"sumAssured":null}
ErrorMessage : dasd=
InnerExceptionMessage : {"pdfName":"","premium":"17052","totalPremium":"19780.18","accidentalDeathPremium":"59","permanentDisabilityPremium":"47","criticalIllnessPremium":"588","premiumWaiver":"0","betterHalfPremium":"0","basePremium":"14451","hcbPremium":"2034","error":null,"isValid":true,"sumAssured":null}
ErrorMessage : dasd=
InnerExceptionMessage : {"pdfName":"","premium":"17052","totalPremium":"19780.18","accidentalDeathPremium":"59","permanentDisabilityPremium":"47","criticalIllnessPremium":"588","premiumWaiver":"0","betterHalfPremium":"0","basePremium":"14451","hcbPremium":"2034","error":null,"isValid":true,"sumAssured":null}
ErrorMessage : dasd=
InnerExceptionMessage : {"pdfName":"","premium":"17052","totalPremium":"19780.18","accidentalDeathPremium":"59","permanentDisabilityPremium":"47","criticalIllnessPremium":"588","premiumWaiver":"0","betterHalfPremium":"0","basePremium":"14451","hcbPremium":"2034","error":null,"isValid":true,"sumAssured":null}
ErrorMessage : dasd=
InnerExceptionMessage : {"pdfName":"","premium":"17052","totalPremium":"19780.18","accidentalDeathPremium":"59","permanentDisabilityPremium":"47","criticalIllnessPremium":"588","premiumWaiver":"0","betterHalfPremium":"0","basePremium":"14451","hcbPremium":"2034","error":null,"isValid":true,"sumAssured":null}
ErrorMessage : dasd=
InnerExceptionMessage : {"pdfName":"","premium":"17052","totalPremium":"19780.18","accidentalDeathPremium":"59","permanentDisabilityPremium":"47","criticalIllnessPremium":"588","premiumWaiver":"0","betterHalfPremium":"0","basePremium":"14451","hcbPremium":"2034","error":null,"isValid":true,"sumAssured":null}
ErrorMessage : dasd=
InnerExceptionMessage : {"genpremdtlsres":{"contractid":"null","quoterefno":"null","refno":"null","scrutinyno":"null","policyref":"null","netpremium":"0","servicetaxamt":"0","educessamt":"0","totalpremium":"0","finalpremium":"0","servicetaxrate":"null","educessrate":"null","stampduty":"null","uwloadingper":"null","uwloadingamt":"null","loadingper":"null","loadingamt":"null","discountper":"null","discountamt":"null","spdiscountper":"null","spdiscountamt":"null","param1":"0","param2":"0","param3":"0","param4":"null"},"errorcoderes":"0","errorlistres":[],"transactionid":5025545,"servicetaxmstobj":{"taxcode":"07_IGST17","taxtype":"IGST","baseamount":"null","sertax":"0","educess":"0","sbtax":"0","kkc":"0","cess1":"0","cess2":"0","cess3":"0","sertaxdesc":"NA","educessdesc":"NA","sbcessdesc":"NA","kkccessdesc":"NA","cess1desc":"NA","cess2desc":"NA","cess3desc":"NA","adjsertax":"null","adjeducess":"null","adjsbtax":"null","adjkkc":"null","adjcess1":"null","adjcess2":"null","adjcess3":"null","addtaxval1":"0","addtaxval2":"0","addtaxval3":"0","addtaxval4":"0","addtaxval5":"0","addtaxval1desc":"NA","addtaxval2desc":"NA","addtaxval3desc":"NA","addtaxval4desc":"Integrated GST","addtaxval5desc":"NA"}}
ErrorMessage : https://preprod-digitpolicyissuance.godigit.com/policyservice/v1/createQuote
InnerExceptionMessage : { "bookingId": "retail-2020-4292316", "type": "I", "purpose": "L", "customer": { "firstName": "jjktk jtjtj", "lastName": "Justforretail", "address": { "line1": "N.W. College", "line2": "", "line3": "", "state": "27", "city": "njtjtyj", "country": "IND", "pinCode": "411001" }, "documents": [ { "type": "PPT", "id": "D89U0112" } ], "dob": "1990-02-02", "mobile": "9353568667", "email": "Bindu.S@godigit.com", "type": "N" }, "insuredPersons": [ { "firstName": "Neha", "lastName": "Justforretail", "address": { "line1": "N.W. College", "line2": "", "line3": "", "state": "27", "city": "Pune", "country": "IND", "pinCode": "411001" }, "documents": [ { "type": "PPT", "id": "D890112" } ], "dob": "1990-02-02", "mobile": "7878784714", "email": "j@gmail.com", "profession": "", "paxId": "1", "nominee": { "relationship": "S", "name": "Uduwei Uhdewui" }, "type": "N", "gender": "ML" } ], "insuredPersonsCount": "1", "bookingDate": "2020-02-12", "packageName": "R14", "geography": "UCI", "travelEndDate": "2020-02-28", "travelStartDate": "2020-02-20", "discountFlag": "" }
ErrorMessage : getdetail-webexception=
InnerExceptionMessage : The remote server returned an error: (500) Internal Server Error.
