ErrorMessage : dasd=
InnerExceptionMessage : {"pdfName":"","premium":"9838","totalPremium":"12292","accidentalDeathPremium":"59","permanentDisabilityPremium":"47","criticalIllnessPremium":"485","premiumWaiver":"0","betterHalfPremium":"0","basePremium":"8337","hcbPremium":"1863","error":null,"isValid":true,"sumAssured":null}
ErrorMessage : dasd=
InnerExceptionMessage : {"pdfName":"","premium":"9838","totalPremium":"12292","accidentalDeathPremium":"59","permanentDisabilityPremium":"47","criticalIllnessPremium":"485","premiumWaiver":"0","betterHalfPremium":"0","basePremium":"8337","hcbPremium":"1863","error":null,"isValid":true,"sumAssured":null}
ErrorMessage : https://sis.edelweisstokio.in/shirokuapi/v2/
InnerExceptionMessage : { 'product': 'Zindagiplus', 'fullName':  'vggfg', 'cliGender': 'Male', 'age':'33', 'cliDOB': '07/05/1987', 'maturityAge': '0', 'frequency': 'Yearly', 'smoke': 'No', 'policyTerm': '40', 'premiumPayingTerm': '40', 'sumAssured': '10000000', 'staff': 'No', 'workSiteFlag': 'No', 'index': '0', 'ADB': '100000', 'ATPD': '100000', 'CI': '100000', 'HCB': '100000', 'Term': '', 'WOP': 'No', 'pdf': 'No', 'childAge': '', 'childGender': '', 'maturityOption': '', 'flexibleBenefitYear': '', 'postponement': '', 'largeCap': '', 'top250': '', 'bond': '', 'moneyMarket': '', 'PEBased': '', 'managed': '', 'claimsOption': '', 'LAProposerSame': 'false',   'LAFullName': 'vggfg', 'LAEmail': 'fggf@gmail.com','LAMarriedStatus':'single', 'LANumber': '9876669676', 'LATobacco': 'No', 'LAAge': '33', 'LADOB': '07/05/1987', 'investmentStrategy': '', 'LAGender': 'Male', 'risingStar': 'No', 'policyOption': 'Life Cover with Level Sum Assured', 'distributionChannel': 'Corporate Agent', 'betterHalfBenefit': 'No', 'spouseFirstName': '', 'spouseLastName': ' ', 'spouseDOB': '', 'spouseGender': '', 'spouseAge': '', 'spouseTobaccoUser': '', 'additionalBenefit': '', 'topUpBenefitPercentage': '', 'payoutOption': 'LumpSum', 'payoutMonths': '', 'payoutPercentageLumpsum': '100', 'payoutPercentageLevelIncome': '0', 'payoutPercentageIncreasingIncome': '0', 'tranId': '' }
ErrorMessage : getdetail-webexception=
InnerExceptionMessage : The remote server returned an error: (500) Internal Server Error.
ErrorMessage : dasd=
InnerExceptionMessage : {"pdfName":"","premium":"16066","totalPremium":"19177.7","accidentalDeathPremium":"59","permanentDisabilityPremium":"47","criticalIllnessPremium":"838","premiumWaiver":"0","betterHalfPremium":"0","basePremium":"13615","hcbPremium":"2168","error":null,"isValid":true,"sumAssured":null}
ErrorMessage : dasd=
InnerExceptionMessage : {"pdfName":"","premium":"16066","totalPremium":"19177.7","accidentalDeathPremium":"59","permanentDisabilityPremium":"47","criticalIllnessPremium":"838","premiumWaiver":"0","betterHalfPremium":"0","basePremium":"13615","hcbPremium":"2168","error":null,"isValid":true,"sumAssured":null}
ErrorMessage : dasd=
InnerExceptionMessage : {"pdfName":"","premium":"9184","totalPremium":"11514.94","accidentalDeathPremium":"59","permanentDisabilityPremium":"47","criticalIllnessPremium":"440","premiumWaiver":"0","betterHalfPremium":"0","basePremium":"7783","hcbPremium":"1785","error":null,"isValid":true,"sumAssured":null}
ErrorMessage : https://sis.edelweisstokio.in/shirokuapi/v2/GetPremium
InnerExceptionMessage : { 'product': 'Zindagiplus', 'fullName':  'gdh hgsh', 'cliGender': 'Male', 'age':'43', 'cliDOB': '17/05/1977', 'maturityAge': '0', 'frequency': 'Yearly', 'smoke': 'Yes', 'policyTerm': '40', 'premiumPayingTerm': '40', 'sumAssured': '10000000', 'staff': 'No', 'workSiteFlag': 'No', 'index': '0', 'ADB': '100000', 'ATPD': '100000', 'CI': '100000', 'HCB': '100000', 'Term': '', 'WOP': 'No', 'pdf': 'No', 'childAge': '', 'childGender': '', 'maturityOption': '', 'flexibleBenefitYear': '', 'postponement': '', 'largeCap': '', 'top250': '', 'bond': '', 'moneyMarket': '', 'PEBased': '', 'managed': '', 'claimsOption': '', 'LAProposerSame': 'false',   'LAFullName': 'gdh hgsh', 'LAEmail': 'hdg@gmail.com','LAMarriedStatus':'single', 'LANumber': '9897386784', 'LATobacco': 'Yes', 'LAAge': '43', 'LADOB': '17/05/1977', 'investmentStrategy': '', 'LAGender': 'Male', 'risingStar': 'No', 'policyOption': 'Life Cover with Level Sum Assured', 'distributionChannel': 'Corporate Agent', 'betterHalfBenefit': 'No', 'spouseFirstName': '', 'spouseLastName': ' ', 'spouseDOB': '', 'spouseGender': '', 'spouseAge': '', 'spouseTobaccoUser': '', 'additionalBenefit': '', 'topUpBenefitPercentage': '', 'payoutOption': 'LumpSum', 'payoutMonths': '', 'payoutPercentageLumpsum': '100', 'payoutPercentageLevelIncome': '0', 'payoutPercentageIncreasingIncome': '0', 'tranId': '' }
ErrorMessage : getdetail-webexception=
InnerExceptionMessage : The remote server returned an error: (400) Bad Request.
ErrorMessage : https://sis.edelweisstokio.in/shirokuapi/v2/GetPremium
InnerExceptionMessage : { 'product': 'Zindagiplus', 'fullName':  'gdh hgsh', 'cliGender': 'Male', 'age':'43', 'cliDOB': '17/05/1977', 'maturityAge': '0', 'frequency': 'Yearly', 'smoke': 'Yes', 'policyTerm': '40', 'premiumPayingTerm': '40', 'sumAssured': '10000000', 'staff': 'No', 'workSiteFlag': 'No', 'index': '0', 'ADB': '100000', 'ATPD': '100000', 'CI': '100000', 'HCB': '100000', 'Term': '', 'WOP': 'No', 'pdf': 'No', 'childAge': '', 'childGender': '', 'maturityOption': '', 'flexibleBenefitYear': '', 'postponement': '', 'largeCap': '', 'top250': '', 'bond': '', 'moneyMarket': '', 'PEBased': '', 'managed': '', 'claimsOption': '', 'LAProposerSame': 'false',   'LAFullName': 'gdh hgsh', 'LAEmail': 'hdg@gmail.com','LAMarriedStatus':'single', 'LANumber': '9897386784', 'LATobacco': 'Yes', 'LAAge': '43', 'LADOB': '17/05/1977', 'investmentStrategy': '', 'LAGender': 'Male', 'risingStar': 'No', 'policyOption': 'Life Cover with Level Sum Assured', 'distributionChannel': 'Corporate Agent', 'betterHalfBenefit': 'No', 'spouseFirstName': '', 'spouseLastName': ' ', 'spouseDOB': '', 'spouseGender': '', 'spouseAge': '', 'spouseTobaccoUser': '', 'additionalBenefit': '', 'topUpBenefitPercentage': '', 'payoutOption': 'LumpSum', 'payoutMonths': '', 'payoutPercentageLumpsum': '100', 'payoutPercentageLevelIncome': '0', 'payoutPercentageIncreasingIncome': '0', 'tranId': '' }
ErrorMessage : getdetail-webexception=
InnerExceptionMessage : The remote server returned an error: (400) Bad Request.
ErrorMessage : https://sis.edelweisstokio.in/shirokuapi/v2/GetPremium
InnerExceptionMessage : { 'product': 'Zindagiplus', 'fullName':  'gdh hgsh', 'cliGender': 'Male', 'age':'43', 'cliDOB': '17/05/1977', 'maturityAge': '0', 'frequency': 'Yearly', 'smoke': 'Yes', 'policyTerm': '40', 'premiumPayingTerm': '40', 'sumAssured': '10000000', 'staff': 'No', 'workSiteFlag': 'No', 'index': '0', 'ADB': '100000', 'ATPD': '100000', 'CI': '100000', 'HCB': '100000', 'Term': '', 'WOP': 'No', 'pdf': 'No', 'childAge': '', 'childGender': '', 'maturityOption': '', 'flexibleBenefitYear': '', 'postponement': '', 'largeCap': '', 'top250': '', 'bond': '', 'moneyMarket': '', 'PEBased': '', 'managed': '', 'claimsOption': '', 'LAProposerSame': 'false',   'LAFullName': 'gdh hgsh', 'LAEmail': 'hdg@gmail.com','LAMarriedStatus':'single', 'LANumber': '9897386784', 'LATobacco': 'Yes', 'LAAge': '43', 'LADOB': '17/05/1977', 'investmentStrategy': '', 'LAGender': 'Male', 'risingStar': 'No', 'policyOption': 'Life Cover with Level Sum Assured', 'distributionChannel': 'Corporate Agent', 'betterHalfBenefit': 'No', 'spouseFirstName': '', 'spouseLastName': ' ', 'spouseDOB': '', 'spouseGender': '', 'spouseAge': '', 'spouseTobaccoUser': '', 'additionalBenefit': '', 'topUpBenefitPercentage': '', 'payoutOption': 'LumpSum', 'payoutMonths': '', 'payoutPercentageLumpsum': '100', 'payoutPercentageLevelIncome': '0', 'payoutPercentageIncreasingIncome': '0', 'tranId': '' }
ErrorMessage : getdetail-webexception=
InnerExceptionMessage : The remote server returned an error: (400) Bad Request.
ErrorMessage : dasd=
InnerExceptionMessage : {"pdfName":"","premium":"9838","totalPremium":"12291.66","accidentalDeathPremium":"59","permanentDisabilityPremium":"47","criticalIllnessPremium":"485","premiumWaiver":"0","betterHalfPremium":"0","basePremium":"8337","hcbPremium":"1863","error":null,"isValid":true,"sumAssured":null}
ErrorMessage : dasd=
InnerExceptionMessage : {"pdfName":"","premium":"10542","totalPremium":"13130.12","accidentalDeathPremium":"59","permanentDisabilityPremium":"47","criticalIllnessPremium":"535","premiumWaiver":"0","betterHalfPremium":"0","basePremium":"8934","hcbPremium":"1947","error":null,"isValid":true,"sumAssured":null}
ErrorMessage : dasd=
InnerExceptionMessage : {"pdfName":"","premium":"10542","totalPremium":"13130.12","accidentalDeathPremium":"59","permanentDisabilityPremium":"47","criticalIllnessPremium":"535","premiumWaiver":"0","betterHalfPremium":"0","basePremium":"8934","hcbPremium":"1947","error":null,"isValid":true,"sumAssured":null}
ErrorMessage : dasd=
InnerExceptionMessage : {"pdfName":"","premium":"10542","totalPremium":"13130.12","accidentalDeathPremium":"59","permanentDisabilityPremium":"47","criticalIllnessPremium":"535","premiumWaiver":"0","betterHalfPremium":"0","basePremium":"8934","hcbPremium":"1947","error":null,"isValid":true,"sumAssured":null}
ErrorMessage : dasd=
InnerExceptionMessage : {"pdfName":"","premium":"9838","totalPremium":"12291.66","accidentalDeathPremium":"59","permanentDisabilityPremium":"47","criticalIllnessPremium":"485","premiumWaiver":"0","betterHalfPremium":"0","basePremium":"8337","hcbPremium":"1863","error":null,"isValid":true,"sumAssured":null}
