ErrorMessage : dasd=
InnerExceptionMessage : {"genpremdtlsres":{"contractid":"null","quoterefno":"null","refno":"null","scrutinyno":"null","policyref":"null","netpremium":"0","servicetaxamt":"0","educessamt":"0","totalpremium":"0","finalpremium":"0","servicetaxrate":"null","educessrate":"null","stampduty":"null","uwloadingper":"null","uwloadingamt":"null","loadingper":"null","loadingamt":"null","discountper":"null","discountamt":"null","spdiscountper":"null","spdiscountamt":"null","param1":"0","param2":"0","param3":"0","param4":"null"},"errorcoderes":"0","errorlistres":[],"transactionid":5068272,"servicetaxmstobj":{"taxcode":"07_IGST17","taxtype":"IGST","baseamount":"null","sertax":"0","educess":"0","sbtax":"0","kkc":"0","cess1":"0","cess2":"0","cess3":"0","sertaxdesc":"NA","educessdesc":"NA","sbcessdesc":"NA","kkccessdesc":"NA","cess1desc":"NA","cess2desc":"NA","cess3desc":"NA","adjsertax":"null","adjeducess":"null","adjsbtax":"null","adjkkc":"null","adjcess1":"null","adjcess2":"null","adjcess3":"null","addtaxval1":"0","addtaxval2":"0","addtaxval3":"0","addtaxval4":"0","addtaxval5":"0","addtaxval1desc":"NA","addtaxval2desc":"NA","addtaxval3desc":"NA","addtaxval4desc":"Integrated GST","addtaxval5desc":"NA"}}
ErrorMessage : https://preprod-digitpolicyissuance.godigit.com/policyservice/v1/createQuote
InnerExceptionMessage : { "bookingId": "retail-2020-88979451", "type": "I", "purpose": "L", "customer": { "firstName": "dfjwhefg fwfger", "lastName": "Justforretail", "address": { "line1": "N.W. College", "line2": "", "line3": "", "state": "27", "city": "gergerg", "country": "IND", "pinCode": "411001" }, "documents": [ { "type": "PPT", "id": "D89U0112" } ], "dob": "1990-02-02", "mobile": "9353568667", "email": "Bindu.S@godigit.com", "type": "N" }, "insuredPersons": [ { "firstName": "Neha", "lastName": "Justforretail", "address": { "line1": "N.W. College", "line2": "", "line3": "", "state": "27", "city": "Pune", "country": "IND", "pinCode": "411001" }, "documents": [ { "type": "PPT", "id": "D890112" } ], "dob": "1990-02-02", "mobile": "7825258565", "email": "f@gmail.com", "profession": "", "paxId": "1", "nominee": { "relationship": "S", "name": "Uduwei Uhdewui" }, "type": "N", "gender": "ML" } ], "insuredPersonsCount": "1", "bookingDate": "2020-03-14", "packageName": "", "geography": "UCI", "travelEndDate": "2020-03-25", "travelStartDate": "2020-03-20", "discountFlag": "" }
ErrorMessage : getdetail-webexception=
InnerExceptionMessage : The remote server returned an error: (400) Bad Request.
ErrorMessage : https://preprod-digitpolicyissuance.godigit.com/policyservice/v1/createQuote
InnerExceptionMessage : { "bookingId": "retail-2020-69179555", "type": "I", "purpose": "L", "customer": { "firstName": "fjytjyj jytjy", "lastName": "Justforretail", "address": { "line1": "N.W. College", "line2": "", "line3": "", "state": "27", "city": "ghffhfgh", "country": "IND", "pinCode": "411001" }, "documents": [ { "type": "PPT", "id": "D89U0112" } ], "dob": "1990-02-02", "mobile": "9353568667", "email": "Bindu.S@godigit.com", "type": "N" }, "insuredPersons": [ { "firstName": "Neha", "lastName": "Justforretail", "address": { "line1": "N.W. College", "line2": "", "line3": "", "state": "27", "city": "Pune", "country": "IND", "pinCode": "411001" }, "documents": [ { "type": "PPT", "id": "D890112" } ], "dob": "1990-02-02", "mobile": "7858582565", "email": "f@gmail.com", "profession": "", "paxId": "1", "nominee": { "relationship": "S", "name": "Uduwei Uhdewui" }, "type": "N", "gender": "ML" } ], "insuredPersonsCount": "1", "bookingDate": "2020-03-14", "packageName": "", "geography": "UCI", "travelEndDate": "2020-03-24", "travelStartDate": "2020-03-20", "discountFlag": "" }
ErrorMessage : getdetail-webexception=
InnerExceptionMessage : The remote server returned an error: (400) Bad Request.
ErrorMessage : System.NullReferenceException: Object reference not set to an instance of an object.
   at CheckYourPremiumMVC.Controllers.AdminTermLifeViewController.QHealthList() in e:\Divyanshi16012020\January-2020\CheckYourPremiumMVC-New\CheckYourPremiumMVC\Controllers\AdminTermLifeViewController.cs:line 26
InnerExceptionMessage : 
ErrorMessage : System.NullReferenceException: Object reference not set to an instance of an object.
   at CheckYourPremiumMVC.Controllers.AdminTermLifeViewController.QHealthList() in e:\Divyanshi16012020\January-2020\CheckYourPremiumMVC-New\CheckYourPremiumMVC\Controllers\AdminTermLifeViewController.cs:line 26
InnerExceptionMessage : 
ErrorMessage : System.NullReferenceException: Object reference not set to an instance of an object.
   at CheckYourPremiumMVC.Controllers.AdminTermLifeViewController.QHealthList() in e:\Divyanshi16012020\January-2020\CheckYourPremiumMVC-New\CheckYourPremiumMVC\Controllers\AdminTermLifeViewController.cs:line 26
InnerExceptionMessage : 
ErrorMessage : System.NullReferenceException: Object reference not set to an instance of an object.
   at CheckYourPremiumMVC.Controllers.AdminTermLifeViewController.QHealthList() in e:\Divyanshi16012020\January-2020\CheckYourPremiumMVC-New\CheckYourPremiumMVC\Controllers\AdminTermLifeViewController.cs:line 26
InnerExceptionMessage : 
ErrorMessage : Object reference not set to an instance of an object.
InnerExceptionMessage : 
