ErrorMessage : dasd=
InnerExceptionMessage : {"premium":7088,"serviceTax":1276,"totalPremium":8364}
ErrorMessage : https://igsan.starhealth.in/api/policy/proposals
InnerExceptionMessage : {"sumInsuredId":0,"schemeId":0,"sumAssured":"150000","Amount":"7088","serviceTax":"1276","totalPremium":"8364","NoOfAdults":"1","NoOfChildren":"0","Plan":"Medi Classic Individual","startOn":"February 06, 2020","endOn":"February 05, 2021","policyCategory":"fresh","proposerName":"gdfgfdg","proposerEmail":"d@gmail..com","proposerPhone":"9789789789","proposerAddressOne":"lko","proposerAddressTwo":"lko","proposerAreaId":"61380","proposerAreaPinCode":"226016","proposerAreaCityId":"3090","proposerResidenceAddressOne":"lko","proposerResidenceAddressTwo":"lko","proposerResidenceAreaId":"61490","proposerResidenceAreaPinCode":"226016","proposerResidenceAreaCityId":"3090","proposerDob":"February 05, 1983","panNumber":"","gstTypeId":"","gstIdNumber":"","aadharNumber":"","eiaNumber":"","socialStatus":"0","socialStatusBpl":"0","socialStatusDisabled":"0","socialStatusInformal":"0","socialStatusUnorganized":"0","previousMedicalInsurance":"","annualIncome":"100000","criticalIllness":"false","insureds[0]":{"dob":"February 01, 1991","sumInsuredId":1,"name":"etreter ","sex":"Female","illness":"None","description":"","relationshipId":1,"occupationId":10,"hospitalCash":"0","height":156,"weight":56},"insureds[1]":{"dob":"","sumInsuredId":1,"name":"","sex":"","illness":"","description":"","relationshipId":0,"occupationId":0,"hospitalCash":"0","height":0,"weight":0},"nomineeName":"sfdgdsg","nomineeAge":"23","nomineeRelationship":"SoninLaw","nomineePercentClaim":"100","appointeeName":"","appointeeAge":"","appointeeRelationship":"","nomineeNameTwo":"","nomineeAgeTwo":"","nomineeRelationshipTwo":"","nomineePercentClaimTwo":"","appointeeNameTwo":"","appointeeAgeTwo":"","appointeeRelationshipTwo":"","APIKEY":"75dc72e57d2148f5a76676895c18ff11","SECRETKEY":"9ad7d6ccb13343c69d0ceb38d13a5d8f","policyTypeName":"MCINEW","travelStartOn":"","travelEndOn":"","planId":10252,"postalCode":0,"period":1,"searchId":20307,"companyId":"10006"}
ErrorMessage : getdetail-webexception=
InnerExceptionMessage : The remote server returned an error: (400) Bad Request.
ErrorMessage : https://igsan.starhealth.in/api/policy/proposals
InnerExceptionMessage : {"sumInsuredId":0,"schemeId":0,"sumAssured":"150000","Amount":"7088","serviceTax":"1276","totalPremium":"8364","NoOfAdults":"1","NoOfChildren":"0","Plan":"Medi Classic Individual","startOn":"February 06, 2020","endOn":"February 05, 2021","policyCategory":"fresh","proposerName":"gdfgfdg","proposerEmail":"ed@gmail.com","proposerPhone":"9789789789","proposerAddressOne":"lko","proposerAddressTwo":"lko","proposerAreaId":"61555","proposerAreaPinCode":"226015","proposerAreaCityId":"3090","proposerResidenceAddressOne":"lko","proposerResidenceAddressTwo":"lko","proposerResidenceAreaId":"61555","proposerResidenceAreaPinCode":"226015","proposerResidenceAreaCityId":"3090","proposerDob":"February 05, 1983","panNumber":"","gstTypeId":"","gstIdNumber":"","aadharNumber":"","eiaNumber":"","socialStatus":"0","socialStatusBpl":"0","socialStatusDisabled":"0","socialStatusInformal":"0","socialStatusUnorganized":"0","previousMedicalInsurance":"","annualIncome":"100000","criticalIllness":"false","insureds[0]":{"dob":"February 01, 1991","sumInsuredId":1,"name":"etreter ","sex":"Female","illness":"None","description":"","relationshipId":1,"occupationId":10,"hospitalCash":"0","height":156,"weight":56},"insureds[1]":{"dob":"","sumInsuredId":1,"name":"","sex":"","illness":"","description":"","relationshipId":0,"occupationId":0,"hospitalCash":"0","height":0,"weight":0},"nomineeName":"sfdgdsg","nomineeAge":"23","nomineeRelationship":"SoninLaw","nomineePercentClaim":"100","appointeeName":"","appointeeAge":"","appointeeRelationship":"","nomineeNameTwo":"","nomineeAgeTwo":"","nomineeRelationshipTwo":"","nomineePercentClaimTwo":"","appointeeNameTwo":"","appointeeAgeTwo":"","appointeeRelationshipTwo":"","APIKEY":"75dc72e57d2148f5a76676895c18ff11","SECRETKEY":"9ad7d6ccb13343c69d0ceb38d13a5d8f","policyTypeName":"MCINEW","travelStartOn":"","travelEndOn":"","planId":10252,"postalCode":0,"period":1,"searchId":20307,"companyId":"10006"}
ErrorMessage : getdetail-webexception=
InnerExceptionMessage : The remote server returned an error: (400) Bad Request.
ErrorMessage : https://igsan.starhealth.in/api/policy/proposals
InnerExceptionMessage : {"sumInsuredId":0,"schemeId":0,"sumAssured":"150000","Amount":"7088","serviceTax":"1276","totalPremium":"8364","NoOfAdults":"1","NoOfChildren":"0","Plan":"Medi Classic Individual","startOn":"February 06, 2020","endOn":"February 05, 2021","policyCategory":"fresh","proposerName":"gdfgfdg","proposerEmail":"d@gmail.com","proposerPhone":"9789789789","proposerAddressOne":"lko","proposerAddressTwo":"lko","proposerAreaId":"61758","proposerAreaPinCode":"226014","proposerAreaCityId":"3090","proposerResidenceAddressOne":"lko","proposerResidenceAddressTwo":"lko","proposerResidenceAreaId":"61759","proposerResidenceAreaPinCode":"226014","proposerResidenceAreaCityId":"3090","proposerDob":"February 05, 1983","panNumber":"","gstTypeId":"","gstIdNumber":"","aadharNumber":"","eiaNumber":"","socialStatus":"0","socialStatusBpl":"0","socialStatusDisabled":"0","socialStatusInformal":"0","socialStatusUnorganized":"0","previousMedicalInsurance":"","annualIncome":"1000000","criticalIllness":"false","insureds[0]":{"dob":"February 01, 1991","sumInsuredId":1,"name":"etreter ","sex":"Female","illness":"None","description":"","relationshipId":1,"occupationId":10,"hospitalCash":"0","height":156,"weight":56},"insureds[1]":{"dob":"","sumInsuredId":1,"name":"","sex":"","illness":"","description":"","relationshipId":0,"occupationId":0,"hospitalCash":"0","height":0,"weight":0},"nomineeName":"sfdgdsg","nomineeAge":"23","nomineeRelationship":"SoninLaw","nomineePercentClaim":"100","appointeeName":"","appointeeAge":"","appointeeRelationship":"","nomineeNameTwo":"","nomineeAgeTwo":"","nomineeRelationshipTwo":"","nomineePercentClaimTwo":"","appointeeNameTwo":"","appointeeAgeTwo":"","appointeeRelationshipTwo":"","APIKEY":"75dc72e57d2148f5a76676895c18ff11","SECRETKEY":"9ad7d6ccb13343c69d0ceb38d13a5d8f","policyTypeName":"MCINEW","travelStartOn":"","travelEndOn":"","planId":10252,"postalCode":0,"period":1,"searchId":20307,"companyId":"10006"}
ErrorMessage : getdetail-webexception=
InnerExceptionMessage : The remote server returned an error: (400) Bad Request.
ErrorMessage : dasd=
InnerExceptionMessage : {"referenceId":"a384dd94ff444de59635610b51c8b72d","premium":3137,"serviceTax":564,"totalPremium":3701}
ErrorMessage : dasd=
InnerExceptionMessage : {"referenceId":"a384dd94ff444de59635610b51c8b72d","redirectToken":"85c76a4cb027d2e3998e5f4a897d199a"}
ErrorMessage : dasd=
InnerExceptionMessage : {
  "bookingId" : "retail-2020-21973445",
  "insuredPersons" : [ {
    "paxId" : "1",
    "paymentDetails" : {
      "policyPremium" : "1130.0",
      "sgst" : "86.0",
      "cgst" : "86.0",
      "ugst" : "0.0",
      "igst" : "0.0",
      "invoiceNumber" : "IA001102222",
      "policyNetPremium" : "958.0"
    },
    "policyID" : "D400252996",
    "transactionDate" : "05-02-2020T11:41:42",
    "status" : {
      "code" : "200",
      "message" : "Success"
    },
    "policyStatus" : "INCOMPLETE",
    "applicationId" : "V23C8EE75EBD6E943A278CBF99100ABBF216825C69946446AF437D05D186E9A71A64C0BF762E47FD16958D794DED111C03",
    "paymentLink" : "https://preprod-digitpaymentgateway.godigit.com/DigitPaymentGateway/payments?target=903A57E23DD5371041C0BBECD15E757C"
  } ],
  "status" : {
    "code" : "200",
    "message" : "SUCCESS"
  }
}
ErrorMessage : dasd=
InnerExceptionMessage : {"premium":10420,"serviceTax":1876,"totalPremium":12296}
ErrorMessage : https://igsan.starhealth.in/api/policy/proposals
InnerExceptionMessage : {"sumInsuredId":1,"schemeId":1,"sumAssured":"500000","Amount":"10420","serviceTax":"1876","totalPremium":"12296","NoOfAdults":"2","NoOfChildren":"0","Plan":"Comprehensive","startOn":"February 06, 2020","endOn":"February 05, 2021","policyCategory":"fresh","proposerName":"divya ","proposerEmail":"d@gmail.com","proposerPhone":"9734767654","proposerAddressOne":"lko","proposerAddressTwo":"lko","proposerAreaId":"61380","proposerAreaPinCode":"226016","proposerAreaCityId":"3090","proposerResidenceAddressOne":"lko","proposerResidenceAddressTwo":"lko","proposerResidenceAreaId":"61547","proposerResidenceAreaPinCode":"226016","proposerResidenceAreaCityId":"3090","proposerDob":"February 05, 1991","panNumber":"","gstTypeId":"","gstIdNumber":"","aadharNumber":"","eiaNumber":"","socialStatus":"1","socialStatusBpl":"1","socialStatusDisabled":"1","socialStatusInformal":"1","socialStatusUnorganized":"1","previousMedicalInsurance":"","annualIncome":"1000000","criticalIllness":"false","insureds[0]":{"dob":"February 06, 1991","sumInsuredId":1,"name":"divya","sex":"Female","illness":"None","description":"","relationshipId":1,"occupationId":10,"hospitalCash":"0","height":156,"weight":56,"isPersonalAccidentApplicable":"false","engageManualLabour":"Nil","engageWinterSports":"Nil","buyBackPED":0},"insureds[1]":{"dob":"February 02, 1991","sumInsuredId":1,"name":"abcdfg","sex":"Male","illness":"None","description":"","relationshipId":2,"occupationId":3,"hospitalCash":"0","height":156,"weight":56,"isPersonalAccidentApplicable":"false","engageManualLabour":"Nil","engageWinterSports":"Nil","buyBackPED":0},"nomineeName":"sfdgdsg","nomineeAge":"23","nomineeRelationship":"Daughter in Law","nomineePercentClaim":"100","appointeeName":"","appointeeAge":"","appointeeRelationship":"","nomineeNameTwo":"","nomineeAgeTwo":"","nomineeRelationshipTwo":"","nomineePercentClaimTwo":"","appointeeNameTwo":"","appointeeAgeTwo":"","appointeeRelationshipTwo":"","APIKEY":"75dc72e57d2148f5a76676895c18ff11","SECRETKEY":"9ad7d6ccb13343c69d0ceb38d13a5d8f","policyTypeName":"COMPREHENSIVE","travelStartOn":"","travelEndOn":"","planId":9507,"postalCode":0,"period":1,"searchId":21309,"companyId":"10006"}
ErrorMessage : getdetail-webexception=
InnerExceptionMessage : The remote server returned an error: (400) Bad Request.
ErrorMessage : https://igsan.starhealth.in/api/policy/proposals
InnerExceptionMessage : {"sumInsuredId":1,"schemeId":1,"sumAssured":"500000","Amount":"10420","serviceTax":"1876","totalPremium":"12296","NoOfAdults":"2","NoOfChildren":"0","Plan":"Comprehensive","startOn":"February 06, 2020","endOn":"February 05, 2021","policyCategory":"fresh","proposerName":"divya ","proposerEmail":"d@gmail.com","proposerPhone":"9734767654","proposerAddressOne":"lko","proposerAddressTwo":"lko","proposerAreaId":"61555","proposerAreaPinCode":"226015","proposerAreaCityId":"3090","proposerResidenceAddressOne":"lko","proposerResidenceAddressTwo":"lko","proposerResidenceAreaId":"61548","proposerResidenceAreaPinCode":"226015","proposerResidenceAreaCityId":"3090","proposerDob":"February 05, 1991","panNumber":"","gstTypeId":"","gstIdNumber":"","aadharNumber":"","eiaNumber":"","socialStatus":"1","socialStatusBpl":"1","socialStatusDisabled":"1","socialStatusInformal":"1","socialStatusUnorganized":"1","previousMedicalInsurance":"","annualIncome":"1000000","criticalIllness":"false","insureds[0]":{"dob":"February 06, 1991","sumInsuredId":1,"name":"divya","sex":"Female","illness":"None","description":"","relationshipId":1,"occupationId":10,"hospitalCash":"0","height":156,"weight":56,"isPersonalAccidentApplicable":"false","engageManualLabour":"Nil","engageWinterSports":"Nil","buyBackPED":0},"insureds[1]":{"dob":"February 02, 1991","sumInsuredId":1,"name":"abcdfg","sex":"Male","illness":"None","description":"","relationshipId":2,"occupationId":3,"hospitalCash":"0","height":156,"weight":56,"isPersonalAccidentApplicable":"false","engageManualLabour":"Nil","engageWinterSports":"Nil","buyBackPED":0},"nomineeName":"sfdgdsg","nomineeAge":"23","nomineeRelationship":"Daughter in Law","nomineePercentClaim":"100","appointeeName":"","appointeeAge":"","appointeeRelationship":"","nomineeNameTwo":"","nomineeAgeTwo":"","nomineeRelationshipTwo":"","nomineePercentClaimTwo":"","appointeeNameTwo":"","appointeeAgeTwo":"","appointeeRelationshipTwo":"","APIKEY":"75dc72e57d2148f5a76676895c18ff11","SECRETKEY":"9ad7d6ccb13343c69d0ceb38d13a5d8f","policyTypeName":"COMPREHENSIVE","travelStartOn":"","travelEndOn":"","planId":9507,"postalCode":0,"period":1,"searchId":21309,"companyId":"10006"}
ErrorMessage : getdetail-webexception=
InnerExceptionMessage : The remote server returned an error: (400) Bad Request.
ErrorMessage : https://igsan.starhealth.in/api/policy/proposals
InnerExceptionMessage : {"sumInsuredId":1,"schemeId":1,"sumAssured":"500000","Amount":"10420","serviceTax":"1876","totalPremium":"12296","NoOfAdults":"2","NoOfChildren":"0","Plan":"Comprehensive","startOn":"February 06, 2020","endOn":"February 05, 2021","policyCategory":"fresh","proposerName":"divya ","proposerEmail":"d@gmail.com","proposerPhone":"9734767654","proposerAddressOne":"lko","proposerAddressTwo":"lko","proposerAreaId":"61555","proposerAreaPinCode":"226015","proposerAreaCityId":"3090","proposerResidenceAddressOne":"lko","proposerResidenceAddressTwo":"lko","proposerResidenceAreaId":"61548","proposerResidenceAreaPinCode":"226015","proposerResidenceAreaCityId":"3090","proposerDob":"February 05, 1991","panNumber":"","gstTypeId":"","gstIdNumber":"","aadharNumber":"","eiaNumber":"","socialStatus":"1","socialStatusBpl":"1","socialStatusDisabled":"1","socialStatusInformal":"1","socialStatusUnorganized":"1","previousMedicalInsurance":"","annualIncome":"1000000","criticalIllness":"false","insureds[0]":{"dob":"February 06, 1991","sumInsuredId":1,"name":"divya","sex":"Female","illness":"None","description":"","relationshipId":1,"occupationId":10,"hospitalCash":"0","height":156,"weight":56,"isPersonalAccidentApplicable":"false","engageManualLabour":"Nil","engageWinterSports":"Nil","buyBackPED":0},"insureds[1]":{"dob":"February 02, 1991","sumInsuredId":1,"name":"abcdfg","sex":"Male","illness":"None","description":"","relationshipId":2,"occupationId":3,"hospitalCash":"0","height":156,"weight":56,"isPersonalAccidentApplicable":"false","engageManualLabour":"Nil","engageWinterSports":"Nil","buyBackPED":0},"nomineeName":"sfdgdsg","nomineeAge":"23","nomineeRelationship":"Daughter in Law","nomineePercentClaim":"100","appointeeName":"","appointeeAge":"","appointeeRelationship":"","nomineeNameTwo":"","nomineeAgeTwo":"","nomineeRelationshipTwo":"","nomineePercentClaimTwo":"","appointeeNameTwo":"","appointeeAgeTwo":"","appointeeRelationshipTwo":"","APIKEY":"75dc72e57d2148f5a76676895c18ff11","SECRETKEY":"9ad7d6ccb13343c69d0ceb38d13a5d8f","policyTypeName":"COMPREHENSIVE","travelStartOn":"","travelEndOn":"","planId":9507,"postalCode":0,"period":1,"searchId":21309,"companyId":"10006"}
ErrorMessage : getdetail-webexception=
InnerExceptionMessage : The remote server returned an error: (400) Bad Request.
ErrorMessage : https://igsan.starhealth.in/api/policy/proposals
InnerExceptionMessage : {"sumInsuredId":1,"schemeId":1,"sumAssured":"500000","Amount":"10420","serviceTax":"1876","totalPremium":"12296","NoOfAdults":"2","NoOfChildren":"0","Plan":"Comprehensive","startOn":"February 06, 2020","endOn":"February 05, 2021","policyCategory":"fresh","proposerName":"divya ","proposerEmail":"d@gmail.com","proposerPhone":"9734767654","proposerAddressOne":"lko","proposerAddressTwo":"lko","proposerAreaId":"61758","proposerAreaPinCode":"226014","proposerAreaCityId":"3090","proposerResidenceAddressOne":"lko","proposerResidenceAddressTwo":"lko","proposerResidenceAreaId":"61547","proposerResidenceAreaPinCode":"226016","proposerResidenceAreaCityId":"3090","proposerDob":"February 05, 1991","panNumber":"","gstTypeId":"","gstIdNumber":"","aadharNumber":"","eiaNumber":"","socialStatus":"1","socialStatusBpl":"1","socialStatusDisabled":"1","socialStatusInformal":"1","socialStatusUnorganized":"1","previousMedicalInsurance":"","annualIncome":"1000000","criticalIllness":"false","insureds[0]":{"dob":"February 06, 1991","sumInsuredId":1,"name":"divya","sex":"Female","illness":"None","description":"","relationshipId":1,"occupationId":10,"hospitalCash":"0","height":156,"weight":56,"isPersonalAccidentApplicable":"false","engageManualLabour":"Nil","engageWinterSports":"Nil","buyBackPED":0},"insureds[1]":{"dob":"February 02, 1991","sumInsuredId":1,"name":"abcdfg","sex":"Male","illness":"None","description":"","relationshipId":2,"occupationId":3,"hospitalCash":"0","height":156,"weight":56,"isPersonalAccidentApplicable":"false","engageManualLabour":"Nil","engageWinterSports":"Nil","buyBackPED":0},"nomineeName":"sfdgdsg","nomineeAge":"23","nomineeRelationship":"Daughter in Law","nomineePercentClaim":"100","appointeeName":"","appointeeAge":"","appointeeRelationship":"","nomineeNameTwo":"","nomineeAgeTwo":"","nomineeRelationshipTwo":"","nomineePercentClaimTwo":"","appointeeNameTwo":"","appointeeAgeTwo":"","appointeeRelationshipTwo":"","APIKEY":"75dc72e57d2148f5a76676895c18ff11","SECRETKEY":"9ad7d6ccb13343c69d0ceb38d13a5d8f","policyTypeName":"COMPREHENSIVE","travelStartOn":"","travelEndOn":"","planId":9507,"postalCode":0,"period":1,"searchId":21309,"companyId":"10006"}
ErrorMessage : getdetail-webexception=
InnerExceptionMessage : The remote server returned an error: (400) Bad Request.
ErrorMessage : dasd=
InnerExceptionMessage : {"referenceId":"f67348ed7a3141dbbff361f21a190dbc","premium":10420,"serviceTax":1876,"totalPremium":12296}
ErrorMessage : dasd=
InnerExceptionMessage : {"referenceId":"f67348ed7a3141dbbff361f21a190dbc","redirectToken":"056b6a664cbab75bd240f537ef252eec"}
ErrorMessage : dasd=
InnerExceptionMessage : {"premium":16150,"serviceTax":2908,"totalPremium":19058}
ErrorMessage : dasd=
InnerExceptionMessage : {"referenceId":"0496c3be0d5b4b9b82346431b246d6ea","premium":7015,"serviceTax":1262,"totalPremium":8277}
ErrorMessage : dasd=
InnerExceptionMessage : {"referenceId":"0496c3be0d5b4b9b82346431b246d6ea","redirectToken":"682bfe8f5fb658bb50f5f437a486c814"}
ErrorMessage : dasd=
InnerExceptionMessage : {"premium":49650,"serviceTax":8938,"totalPremium":58588}
ErrorMessage : https://igsan.starhealth.in/api/policy/proposals
InnerExceptionMessage : {"sumInsuredId":2,"schemeId":1,"sumAssured":"1500000","Amount":"49650","serviceTax":"8938","totalPremium":"58588","NoOfAdults":"2","NoOfChildren":"0","Plan":"Red Carpet","startOn":"February 06, 2020","endOn":"February 05, 2021","policyCategory":"fresh","proposerName":"fsdgfsg","proposerEmail":"d@gmail.com","proposerPhone":"9698978987","proposerAddressOne":"sgdfh","proposerAddressTwo":"dhgfhfg","proposerAreaId":"61380","proposerAreaPinCode":"226016","proposerAreaCityId":"3090","proposerResidenceAddressOne":"thjfrgj","proposerResidenceAddressTwo":"gjghjgh","proposerResidenceAreaId":"61490","proposerResidenceAreaPinCode":"226016","proposerResidenceAreaCityId":"3090","proposerDob":"February 05, 1959","panNumber":"","gstTypeId":"","gstIdNumber":"","aadharNumber":"","eiaNumber":"","socialStatus":"1","socialStatusBpl":"1","socialStatusDisabled":"1","socialStatusInformal":"1","socialStatusUnorganized":"1","previousMedicalInsurance":"","annualIncome":"100000","criticalIllness":"false","insureds[0]":{"dob":"February 05, 1953","sumInsuredId":2,"name":"etreter ","sex":"Male","illness":"None","description":"","relationshipId":1,"occupationId":4,"hospitalCash":"0","height":155,"weight":55},"insureds[1]":{"dob":"February 01, 1991","sumInsuredId":2,"name":"srfes dfgds","sex":"Female","illness":"None","description":"","relationshipId":2,"occupationId":10,"hospitalCash":"0","height":156,"weight":56,"isPersonalAccidentApplicable":"false","engageManualLabour":"","engageWinterSports":"","buyBackPED":0},"nomineeName":"sfdgdsg","nomineeAge":"23","nomineeRelationship":"Cousin Son","nomineePercentClaim":"100","appointeeName":"","appointeeAge":"","appointeeRelationship":"","nomineeNameTwo":"","nomineeAgeTwo":"","nomineeRelationshipTwo":"","nomineePercentClaimTwo":"","appointeeNameTwo":"","appointeeAgeTwo":"","appointeeRelationshipTwo":"","APIKEY":"75dc72e57d2148f5a76676895c18ff11","SECRETKEY":"9ad7d6ccb13343c69d0ceb38d13a5d8f","policyTypeName":"REDCARPETFMLY","travelStartOn":"","travelEndOn":"","planId":11713,"postalCode":0,"period":1,"searchId":21314,"companyId":"10006"}
ErrorMessage : getdetail-webexception=
InnerExceptionMessage : The remote server returned an error: (400) Bad Request.
ErrorMessage : dasd=
InnerExceptionMessage : {"referenceId":"a0295e39d2bc4b8eb99bbcc76f6d994e","premium":49650,"serviceTax":8938,"totalPremium":58588}
ErrorMessage : dasd=
InnerExceptionMessage : {"referenceId":"a0295e39d2bc4b8eb99bbcc76f6d994e","redirectToken":"5342533afd0107d321c869b19331440d"}
ErrorMessage : dasd=
InnerExceptionMessage : {"premium":8900,"serviceTax":1602,"totalPremium":10502}
ErrorMessage : dasd=
InnerExceptionMessage : {"referenceId":"47c4ebf48c2b40f3b00a7a7f41c3377c","premium":4450,"serviceTax":802,"totalPremium":5252}
ErrorMessage : dasd=
InnerExceptionMessage : {"referenceId":"47c4ebf48c2b40f3b00a7a7f41c3377c","redirectToken":"3af5159d6daac740ea3f75857de6e03b"}
ErrorMessage : dasd=
InnerExceptionMessage : {"premium":14480,"serviceTax":2606,"totalPremium":17086}
