ErrorMessage : dasd=
InnerExceptionMessage : {"premium":307,"serviceTax":56,"totalPremium":363}
ErrorMessage : dasd=
InnerExceptionMessage : {"referenceId":"5381bc46902c40008db2f227ffe4c7da","premium":307,"serviceTax":56,"totalPremium":363}
ErrorMessage : dasd=
InnerExceptionMessage : {"referenceId":"5381bc46902c40008db2f227ffe4c7da","redirectToken":"59e2a48aea01ecd2642f8ada796cbb22"}
ErrorMessage : dasd=
InnerExceptionMessage : {"referenceId":"5381bc46902c40008db2f227ffe4c7da","redirectToken":"76b1ff51890172cff0dae3cfc50d81ff"}
ErrorMessage : dasd=
InnerExceptionMessage : {"referenceId":"5381bc46902c40008db2f227ffe4c7da","redirectToken":"9ca465e95e7128e078c9c81ca2d5a9e9"}
ErrorMessage : dasd=
InnerExceptionMessage : {"referenceId":"5381bc46902c40008db2f227ffe4c7da","redirectToken":"0b4aca1a5f2fe35019a680247c4b7670"}
ErrorMessage : dasd=
InnerExceptionMessage : {"referenceId":"5381bc46902c40008db2f227ffe4c7da","redirectToken":"476c094f2a6bb9f8d7ffc63c6cfadd42"}
ErrorMessage : dasd=
InnerExceptionMessage : {"premium":307,"serviceTax":56,"totalPremium":363}
ErrorMessage : dasd=
InnerExceptionMessage : {"referenceId":"c4344787679849aaa123e0f687f2cd76","premium":307,"serviceTax":56,"totalPremium":363}
ErrorMessage : dasd=
InnerExceptionMessage : {"referenceId":"c4344787679849aaa123e0f687f2cd76","redirectToken":"0cbaf850f437ae0027b739ee4f4e76f3"}
ErrorMessage : dasd=
InnerExceptionMessage : {"referenceId":"70614a758cba4f8f9f155d4c7876d2b3","premium":307,"serviceTax":56,"totalPremium":363}
ErrorMessage : dasd=
InnerExceptionMessage : {"premium":307,"serviceTax":56,"totalPremium":363}
ErrorMessage : dasd=
InnerExceptionMessage : {"referenceId":"085b5dd2cacc468b9c5518a26b695e81","premium":307,"serviceTax":56,"totalPremium":363}
ErrorMessage : dasd=
InnerExceptionMessage : {"premium":307,"serviceTax":56,"totalPremium":363}
ErrorMessage : dasd=
InnerExceptionMessage : {"referenceId":"31e554715d404012b8afb1ec82e09d3c","premium":307,"serviceTax":56,"totalPremium":363}
ErrorMessage : dasd=
InnerExceptionMessage : {"premium":307,"serviceTax":56,"totalPremium":363}
ErrorMessage : dasd=
InnerExceptionMessage : {"referenceId":"1496b35684fa4ee4b02592a6809deac1","premium":307,"serviceTax":56,"totalPremium":363}
ErrorMessage : dasd=
InnerExceptionMessage : {"premium":307,"serviceTax":56,"totalPremium":363}
ErrorMessage : dasd=
InnerExceptionMessage : {"referenceId":"cb570916680e4f6dbd118601a17dc104","premium":307,"serviceTax":56,"totalPremium":363}
ErrorMessage : dasd=
InnerExceptionMessage : {"premium":307,"serviceTax":56,"totalPremium":363}
ErrorMessage : dasd=
InnerExceptionMessage : {"referenceId":"02aaf86d42724b459b19bc32398d7956","premium":307,"serviceTax":56,"totalPremium":363}
ErrorMessage : dasd=
InnerExceptionMessage : {"premium":307,"serviceTax":56,"totalPremium":363}
ErrorMessage : dasd=
InnerExceptionMessage : {"referenceId":"ce7b1017a169426a88b21febcd012749","premium":307,"serviceTax":56,"totalPremium":363}
ErrorMessage : dasd=
InnerExceptionMessage : {"referenceId":"ce7b1017a169426a88b21febcd012749","redirectToken":"63cba5d474560f8dde03bfecf0dac53d"}
ErrorMessage : dasd=
InnerExceptionMessage : {"premium":6274,"serviceTax":1130,"totalPremium":7404}
ErrorMessage : dasd=
InnerExceptionMessage : {"premium":6274,"serviceTax":1130,"totalPremium":7404}
ErrorMessage : dasd=
InnerExceptionMessage : {"premium":6274,"serviceTax":1130,"totalPremium":7404}
ErrorMessage : https://igsan.starhealth.in/api/policy/proposals
InnerExceptionMessage : {"sumInsuredId":0,"schemeId":0,"sumAssured":"150000.00","Amount":"6274","serviceTax":"1130","totalPremium":"7404","NoOfAdults":"1","NoOfChildren":"0","Plan":"Medi Classic Individual","startOn":"December 28, 2019","endOn":"December 27, 2020","policyCategory":"fresh","proposerName":"Ankit","proposerEmail":"codingbrains5@gmail.com","proposerPhone":"9044272331","proposerAddressOne":"dasd","proposerAddressTwo":"asdad","proposerAreaId":"599367","proposerAreaPinCode":"227304","proposerAreaCityId":"529042","proposerResidenceAddressOne":"asdasd","proposerResidenceAddressTwo":"asdasd","proposerResidenceAreaId":"61593","proposerResidenceAreaPinCode":"226001","proposerResidenceAreaCityId":"3090","proposerDob":"December 27, 1994","panNumber":"","gstTypeId":"","gstIdNumber":"","aadharNumber":"","eiaNumber":"","socialStatus":"1","socialStatusBpl":"1","socialStatusDisabled":"1","socialStatusInformal":"1","socialStatusUnorganized":"1","previousMedicalInsurance":"","annualIncome":"1000000","criticalIllness":"false","insureds[0]":{"dob":"December 23, 1999","sumInsuredId":1,"name":"Divyanshi","sex":"Female","illness":"None","relationshipId":14,"occupationId":3,"hospitalCash":"1","height":166,"weight":55},"nomineeName":"ABC","nomineeAge":"30","nomineeRelationship":"3","nomineePercentClaim":"100","appointeeName":"","appointeeAge":"","appointeeRelationship":"","nomineeNameTwo":"","nomineeAgeTwo":"","nomineeRelationshipTwo":"","nomineePercentClaimTwo":"","appointeeNameTwo":"","appointeeAgeTwo":"","appointeeRelationshipTwo":"","APIKEY":"","SECRETKEY":"","policyTypeName":"MCINEW","travelStartOn":"","travelEndOn":"","planId":10209,"postalCode":0,"period":1,"searchId":12148,"companyId":""}
ErrorMessage : getdetail-webexception=
InnerExceptionMessage : The remote server returned an error: (401) Unauthorized.
ErrorMessage : https://igsan.starhealth.in/api/policy/proposals
InnerExceptionMessage : {"sumInsuredId":0,"schemeId":0,"sumAssured":"150000.00","Amount":"6274","serviceTax":"1130","totalPremium":"7404","NoOfAdults":"1","NoOfChildren":"0","Plan":"Medi Classic Individual","startOn":"December 28, 2019","endOn":"December 27, 2020","policyCategory":"fresh","proposerName":"Ankit","proposerEmail":"codingbrains5@gmail.com","proposerPhone":"9044272331","proposerAddressOne":"dasd","proposerAddressTwo":"asdad","proposerAreaId":"569401","proposerAreaPinCode":"227305","proposerAreaCityId":"499098","proposerResidenceAddressOne":"asdasd","proposerResidenceAddressTwo":"asdasd","proposerResidenceAreaId":"61422","proposerResidenceAreaPinCode":"226002","proposerResidenceAreaCityId":"3090","proposerDob":"December 27, 1994","panNumber":"","gstTypeId":"","gstIdNumber":"","aadharNumber":"","eiaNumber":"","socialStatus":"1","socialStatusBpl":"1","socialStatusDisabled":"1","socialStatusInformal":"1","socialStatusUnorganized":"1","previousMedicalInsurance":"","annualIncome":"1000000","criticalIllness":"false","insureds[0]":{"dob":"December 23, 1999","sumInsuredId":1,"name":"Divyanshi","sex":"Female","illness":"None","relationshipId":14,"occupationId":3,"hospitalCash":"1","height":166,"weight":55},"nomineeName":"ABC","nomineeAge":"30","nomineeRelationship":"3","nomineePercentClaim":"100","appointeeName":"","appointeeAge":"","appointeeRelationship":"","nomineeNameTwo":"","nomineeAgeTwo":"","nomineeRelationshipTwo":"","nomineePercentClaimTwo":"","appointeeNameTwo":"","appointeeAgeTwo":"","appointeeRelationshipTwo":"","APIKEY":"","SECRETKEY":"","policyTypeName":"MCINEW","travelStartOn":"","travelEndOn":"","planId":10209,"postalCode":0,"period":1,"searchId":12148,"companyId":""}
ErrorMessage : getdetail-webexception=
InnerExceptionMessage : The remote server returned an error: (401) Unauthorized.
ErrorMessage : https://igsan.starhealth.in/api/policy/proposals
InnerExceptionMessage : {"sumInsuredId":0,"schemeId":0,"sumAssured":"150000.00","Amount":"6274","serviceTax":"1130","totalPremium":"7404","NoOfAdults":"1","NoOfChildren":"0","Plan":"Medi Classic Individual","startOn":"December 28, 2019","endOn":"December 27, 2020","policyCategory":"fresh","proposerName":"Ankit","proposerEmail":"codingbrains5@gmail.com","proposerPhone":"9044272331","proposerAddressOne":"dasd","proposerAddressTwo":"asdad","proposerAreaId":"569401","proposerAreaPinCode":"227305","proposerAreaCityId":"499098","proposerResidenceAddressOne":"asdasd","proposerResidenceAddressTwo":"asdasd","proposerResidenceAreaId":"61422","proposerResidenceAreaPinCode":"226002","proposerResidenceAreaCityId":"3090","proposerDob":"December 27, 1994","panNumber":"","gstTypeId":"","gstIdNumber":"","aadharNumber":"","eiaNumber":"","socialStatus":"1","socialStatusBpl":"1","socialStatusDisabled":"1","socialStatusInformal":"1","socialStatusUnorganized":"1","previousMedicalInsurance":"","annualIncome":"1000000","criticalIllness":"false","insureds[0]":{"dob":"December 23, 1999","sumInsuredId":1,"name":"Divyanshi","sex":"Female","illness":"None","relationshipId":14,"occupationId":3,"hospitalCash":"1","height":166,"weight":55},"nomineeName":"ABC","nomineeAge":"30","nomineeRelationship":"3","nomineePercentClaim":"100","appointeeName":"","appointeeAge":"","appointeeRelationship":"","nomineeNameTwo":"","nomineeAgeTwo":"","nomineeRelationshipTwo":"","nomineePercentClaimTwo":"","appointeeNameTwo":"","appointeeAgeTwo":"","appointeeRelationshipTwo":"","APIKEY":"","SECRETKEY":"","policyTypeName":"MCINEW","travelStartOn":"","travelEndOn":"","planId":10209,"postalCode":0,"period":1,"searchId":12148,"companyId":""}
ErrorMessage : getdetail-webexception=
InnerExceptionMessage : The remote server returned an error: (401) Unauthorized.
ErrorMessage : dasd=
InnerExceptionMessage : {"premium":6274,"serviceTax":1130,"totalPremium":7404}
ErrorMessage : dasd=
InnerExceptionMessage : {"referenceId":"8ab08a6698de40e4907fd27a944fae5e","premium":3867,"serviceTax":696,"totalPremium":4563}
ErrorMessage : dasd=
InnerExceptionMessage : {"referenceId":"8ab08a6698de40e4907fd27a944fae5e","redirectToken":"b71efa563c08fd1addf0551686679ea3"}
ErrorMessage : dasd=
InnerExceptionMessage : {"premium":6274,"serviceTax":1130,"totalPremium":7404}
ErrorMessage : dasd=
InnerExceptionMessage : {"referenceId":"8422f416a42742d59a5bb96104145ba9","premium":3137,"serviceTax":564,"totalPremium":3701}
ErrorMessage : dasd=
InnerExceptionMessage : {"referenceId":"8422f416a42742d59a5bb96104145ba9","redirectToken":"e28e94b3260c9fd6a24f1abb063a8f45"}
ErrorMessage : dasd=
InnerExceptionMessage : {"premium":6274,"serviceTax":1130,"totalPremium":7404}
ErrorMessage : dasd=
InnerExceptionMessage : {"referenceId":"e42ad8f0c3394fb19398e48fe93f2611","premium":3867,"serviceTax":696,"totalPremium":4563}
ErrorMessage : dasd=
InnerExceptionMessage : {"referenceId":"e42ad8f0c3394fb19398e48fe93f2611","redirectToken":"22c1b2b7ba039f1aae53798a16d13e30"}
