ErrorMessage : dasd=
InnerExceptionMessage : {
  "bookingId" : "retail-2020-12365828",
  "insuredPersons" : [ {
    "paxId" : "1",
    "paymentDetails" : {
      "policyPremium" : "973.0",
      "sgst" : "74.0",
      "cgst" : "74.0",
      "ugst" : "0.0",
      "igst" : "0.0",
      "invoiceNumber" : "IA001084423",
      "policyNetPremium" : "825.0"
    },
    "policyID" : "D400235103",
    "transactionDate" : "17-01-2020T10:42:48",
    "status" : {
      "code" : "200",
      "message" : "Success"
    },
    "policyStatus" : "INCOMPLETE",
    "applicationId" : "V2A939CBD87F4838C25B1DF125895B0AB8EFB9301D3C738FE14E7D904281D1D149C7ED1888F9E24B121EFEFCD71BA81104",
    "paymentLink" : "https://preprod-digitpaymentgateway.godigit.com/DigitPaymentGateway/payments?target=F73EC7DA30B6BB051FC9E598D4C0D793"
  } ],
  "status" : {
    "code" : "200",
    "message" : "SUCCESS"
  }
}
ErrorMessage : dasd=
InnerExceptionMessage : {
  "bookingId" : "retail-2020-12365828",
  "insuredPersons" : [ {
    "paxId" : "1",
    "paymentDetails" : {
      "policyPremium" : "973.0",
      "sgst" : "74.0",
      "cgst" : "74.0",
      "ugst" : "0.0",
      "igst" : "0.0",
      "invoiceNumber" : "IA001084423",
      "policyNetPremium" : "825.0"
    },
    "policyID" : "D400235103",
    "transactionDate" : "17-01-2020T11:14:01",
    "status" : {
      "code" : "200",
      "message" : "Success"
    },
    "policyStatus" : "INCOMPLETE",
    "applicationId" : "V2A939CBD87F4838C25B1DF125895B0AB8EFB9301D3C738FE14E7D904281D1D149C7ED1888F9E24B121EFEFCD71BA81104",
    "paymentLink" : "https://preprod-digitpaymentgateway.godigit.com/DigitPaymentGateway/payments?target=B2AAC53C3AD37AB541994AEEA85AD98F"
  } ],
  "status" : {
    "code" : "200",
    "message" : "SUCCESS"
  }
}
ErrorMessage : dasd=
InnerExceptionMessage : {"pdfName":"","premium":"10633","totalPremium":"12398.98","accidentalDeathPremium":"59","permanentDisabilityPremium":"47","criticalIllnessPremium":"250","premiumWaiver":"0","betterHalfPremium":"0","basePremium":"9011","hcbPremium":"1410","error":null,"isValid":true,"sumAssured":null}
ErrorMessage : dasd=
InnerExceptionMessage : {
  "bookingId" : "retail-2020-12365828",
  "insuredPersons" : [ {
    "paxId" : "1",
    "paymentDetails" : {
      "policyPremium" : "973.0",
      "sgst" : "74.0",
      "cgst" : "74.0",
      "ugst" : "0.0",
      "igst" : "0.0",
      "invoiceNumber" : "IA001084423",
      "policyNetPremium" : "825.0"
    },
    "policyID" : "D400235103",
    "transactionDate" : "17-01-2020T11:25:02",
    "status" : {
      "code" : "200",
      "message" : "Success"
    },
    "policyStatus" : "INCOMPLETE",
    "applicationId" : "V2A939CBD87F4838C25B1DF125895B0AB8EFB9301D3C738FE14E7D904281D1D149C7ED1888F9E24B121EFEFCD71BA81104",
    "paymentLink" : "https://preprod-digitpaymentgateway.godigit.com/DigitPaymentGateway/payments?target=4906916A4EE91522E91447551EFD6028"
  } ],
  "status" : {
    "code" : "200",
    "message" : "SUCCESS"
  }
}
ErrorMessage : https://preprod-digitpolicyissuance.godigit.com/policyservice/v1/createQuote
InnerExceptionMessage : { "bookingId": "retail-2020-12365828", "type": "I", "purpose": "L", "customer": { "firstName": "Neha", "lastName": "Justforretail", "address": { "line1": "N.W. College", "line2": "", "line3": "", "state": "27", "city": "Pune", "country": "IND", "pinCode": "411001" }, "documents": [ { "type": "PPT", "id": "D89U0112" } ], "dob": "1990-02-02", "mobile": "9353568667", "email": "Bindu.S@godigit.com", "type": "N" }, "insuredPersons": [ { "firstName": "Neha", "lastName": "Justforretail", "address": { "line1": "N.W. College", "line2": "", "line3": "", "state": "27", "city": "Pune", "country": "IND", "pinCode": "411001" }, "documents": [ { "type": "PPT", "id": "D890112" } ], "dob": "1990-02-02", "mobile": "9353568667", "email": "Bindu.S@godigit.com", "profession": "", "paxId": "1", "nominee": { "relationship": "S", "name": "Uduwei Uhdewui" }, "type": "N", "gender": "ML" } ], "insuredPersonsCount": "1", "bookingDate": "2020-01-13", "packageName": "R13", "geography": "UCI", "travelEndDate": "2020-01-13", "travelStartDate": "2020-01-13", "discountFlag": "" }
ErrorMessage : getdetail-webexception=
InnerExceptionMessage : The remote server returned an error: (500) Internal Server Error.
ErrorMessage : dasd=
InnerExceptionMessage : {
  "bookingId" : "retail-2020-12365828",
  "insuredPersons" : [ {
    "paxId" : "1",
    "paymentDetails" : {
      "policyPremium" : "973.0",
      "sgst" : "74.0",
      "cgst" : "74.0",
      "ugst" : "0.0",
      "igst" : "0.0",
      "invoiceNumber" : "IA001084423",
      "policyNetPremium" : "825.0"
    },
    "policyID" : "D400235103",
    "transactionDate" : "17-01-2020T11:29:30",
    "status" : {
      "code" : "200",
      "message" : "Success"
    },
    "policyStatus" : "INCOMPLETE",
    "applicationId" : "V2A939CBD87F4838C25B1DF125895B0AB8EFB9301D3C738FE14E7D904281D1D149C7ED1888F9E24B121EFEFCD71BA81104",
    "paymentLink" : "https://preprod-digitpaymentgateway.godigit.com/DigitPaymentGateway/payments?target=50D65F3412EA4B3471E88D4D773C8B61"
  } ],
  "status" : {
    "code" : "200",
    "message" : "SUCCESS"
  }
}
ErrorMessage : dasd=
InnerExceptionMessage : {
  "bookingId" : "retail-2020-12365828",
  "insuredPersons" : [ {
    "paxId" : "1",
    "paymentDetails" : {
      "policyPremium" : "973.0",
      "sgst" : "74.0",
      "cgst" : "74.0",
      "ugst" : "0.0",
      "igst" : "0.0",
      "invoiceNumber" : "IA001084423",
      "policyNetPremium" : "825.0"
    },
    "policyID" : "D400235103",
    "transactionDate" : "17-01-2020T11:39:47",
    "status" : {
      "code" : "200",
      "message" : "Success"
    },
    "policyStatus" : "INCOMPLETE",
    "applicationId" : "V2A939CBD87F4838C25B1DF125895B0AB8EFB9301D3C738FE14E7D904281D1D149C7ED1888F9E24B121EFEFCD71BA81104",
    "paymentLink" : "https://preprod-digitpaymentgateway.godigit.com/DigitPaymentGateway/payments?target=625C72E7F06412136C34A369B81C1D84"
  } ],
  "status" : {
    "code" : "200",
    "message" : "SUCCESS"
  }
}
ErrorMessage : dasd=
InnerExceptionMessage : {
  "bookingId" : "retail-2020-12365828",
  "insuredPersons" : [ {
    "paxId" : "1",
    "paymentDetails" : {
      "policyPremium" : "973.0",
      "sgst" : "74.0",
      "cgst" : "74.0",
      "ugst" : "0.0",
      "igst" : "0.0",
      "invoiceNumber" : "IA001084423",
      "policyNetPremium" : "825.0"
    },
    "policyID" : "D400235103",
    "transactionDate" : "17-01-2020T11:42:51",
    "status" : {
      "code" : "200",
      "message" : "Success"
    },
    "policyStatus" : "INCOMPLETE",
    "applicationId" : "V2A939CBD87F4838C25B1DF125895B0AB8EFB9301D3C738FE14E7D904281D1D149C7ED1888F9E24B121EFEFCD71BA81104",
    "paymentLink" : "https://preprod-digitpaymentgateway.godigit.com/DigitPaymentGateway/payments?target=AD042B4475AC2A74FC9A0826118BAF2F"
  } ],
  "status" : {
    "code" : "200",
    "message" : "SUCCESS"
  }
}
ErrorMessage : dasd=
InnerExceptionMessage : {
  "bookingId" : "retail-2020-12365828",
  "insuredPersons" : [ {
    "paxId" : "1",
    "paymentDetails" : {
      "policyPremium" : "973.0",
      "sgst" : "74.0",
      "cgst" : "74.0",
      "ugst" : "0.0",
      "igst" : "0.0",
      "invoiceNumber" : "IA001084423",
      "policyNetPremium" : "825.0"
    },
    "policyID" : "D400235103",
    "transactionDate" : "17-01-2020T11:47:37",
    "status" : {
      "code" : "200",
      "message" : "Success"
    },
    "policyStatus" : "INCOMPLETE",
    "applicationId" : "V2A939CBD87F4838C25B1DF125895B0AB8EFB9301D3C738FE14E7D904281D1D149C7ED1888F9E24B121EFEFCD71BA81104",
    "paymentLink" : "https://preprod-digitpaymentgateway.godigit.com/DigitPaymentGateway/payments?target=869A7E2320DAA428168E89EC89011943"
  } ],
  "status" : {
    "code" : "200",
    "message" : "SUCCESS"
  }
}
ErrorMessage : dasd=
InnerExceptionMessage : {
  "bookingId" : "retail-2020-12365828",
  "insuredPersons" : [ {
    "paxId" : "1",
    "paymentDetails" : {
      "policyPremium" : "973.0",
      "sgst" : "74.0",
      "cgst" : "74.0",
      "ugst" : "0.0",
      "igst" : "0.0",
      "invoiceNumber" : "IA001084423",
      "policyNetPremium" : "825.0"
    },
    "policyID" : "D400235103",
    "transactionDate" : "17-01-2020T11:48:51",
    "status" : {
      "code" : "200",
      "message" : "Success"
    },
    "policyStatus" : "INCOMPLETE",
    "applicationId" : "V2A939CBD87F4838C25B1DF125895B0AB8EFB9301D3C738FE14E7D904281D1D149C7ED1888F9E24B121EFEFCD71BA81104",
    "paymentLink" : "https://preprod-digitpaymentgateway.godigit.com/DigitPaymentGateway/payments?target=4F91C817823C77398F64C0F5C23844CE"
  } ],
  "status" : {
    "code" : "200",
    "message" : "SUCCESS"
  }
}
ErrorMessage : dasd=
InnerExceptionMessage : {
  "bookingId" : "retail-2020-12365828",
  "insuredPersons" : [ {
    "paxId" : "1",
    "paymentDetails" : {
      "policyPremium" : "973.0",
      "sgst" : "74.0",
      "cgst" : "74.0",
      "ugst" : "0.0",
      "igst" : "0.0",
      "invoiceNumber" : "IA001084423",
      "policyNetPremium" : "825.0"
    },
    "policyID" : "D400235103",
    "transactionDate" : "17-01-2020T11:50:39",
    "status" : {
      "code" : "200",
      "message" : "Success"
    },
    "policyStatus" : "INCOMPLETE",
    "applicationId" : "V2A939CBD87F4838C25B1DF125895B0AB8EFB9301D3C738FE14E7D904281D1D149C7ED1888F9E24B121EFEFCD71BA81104",
    "paymentLink" : "https://preprod-digitpaymentgateway.godigit.com/DigitPaymentGateway/payments?target=1DCCABF17C689D2E3E1B11EDCA82DEBF"
  } ],
  "status" : {
    "code" : "200",
    "message" : "SUCCESS"
  }
}
ErrorMessage : dasd=
InnerExceptionMessage : {
  "bookingId" : "retail-2020-12365828",
  "insuredPersons" : [ {
    "paxId" : "1",
    "paymentDetails" : {
      "policyPremium" : "973.0",
      "sgst" : "74.0",
      "cgst" : "74.0",
      "ugst" : "0.0",
      "igst" : "0.0",
      "invoiceNumber" : "IA001084423",
      "policyNetPremium" : "825.0"
    },
    "policyID" : "D400235103",
    "transactionDate" : "17-01-2020T11:53:26",
    "status" : {
      "code" : "200",
      "message" : "Success"
    },
    "policyStatus" : "INCOMPLETE",
    "applicationId" : "V2A939CBD87F4838C25B1DF125895B0AB8EFB9301D3C738FE14E7D904281D1D149C7ED1888F9E24B121EFEFCD71BA81104",
    "paymentLink" : "https://preprod-digitpaymentgateway.godigit.com/DigitPaymentGateway/payments?target=FAD3DF3B6D5AF5343E0AA63724D98AA8"
  } ],
  "status" : {
    "code" : "200",
    "message" : "SUCCESS"
  }
}
ErrorMessage : dasd=
InnerExceptionMessage : {
  "bookingId" : "retail-2020-12365828",
  "insuredPersons" : [ {
    "paxId" : "1",
    "paymentDetails" : {
      "policyPremium" : "973.0",
      "sgst" : "74.0",
      "cgst" : "74.0",
      "ugst" : "0.0",
      "igst" : "0.0",
      "invoiceNumber" : "IA001084423",
      "policyNetPremium" : "825.0"
    },
    "policyID" : "D400235103",
    "transactionDate" : "17-01-2020T11:58:29",
    "status" : {
      "code" : "200",
      "message" : "Success"
    },
    "policyStatus" : "INCOMPLETE",
    "applicationId" : "V2A939CBD87F4838C25B1DF125895B0AB8EFB9301D3C738FE14E7D904281D1D149C7ED1888F9E24B121EFEFCD71BA81104",
    "paymentLink" : "https://preprod-digitpaymentgateway.godigit.com/DigitPaymentGateway/payments?target=AB1D67535EDB5D17EC4D99C16A5FEA48"
  } ],
  "status" : {
    "code" : "200",
    "message" : "SUCCESS"
  }
}
ErrorMessage : dasd=
InnerExceptionMessage : {
  "bookingId" : "retail-2020-12365828",
  "insuredPersons" : [ {
    "paxId" : "1",
    "paymentDetails" : {
      "policyPremium" : "973.0",
      "sgst" : "74.0",
      "cgst" : "74.0",
      "ugst" : "0.0",
      "igst" : "0.0",
      "invoiceNumber" : "IA001084423",
      "policyNetPremium" : "825.0"
    },
    "policyID" : "D400235103",
    "transactionDate" : "17-01-2020T12:03:28",
    "status" : {
      "code" : "200",
      "message" : "Success"
    },
    "policyStatus" : "INCOMPLETE",
    "applicationId" : "V2A939CBD87F4838C25B1DF125895B0AB8EFB9301D3C738FE14E7D904281D1D149C7ED1888F9E24B121EFEFCD71BA81104",
    "paymentLink" : "https://preprod-digitpaymentgateway.godigit.com/DigitPaymentGateway/payments?target=06C4276E411C995A6252685D0B4DB755"
  } ],
  "status" : {
    "code" : "200",
    "message" : "SUCCESS"
  }
}
ErrorMessage : dasd=
InnerExceptionMessage : {
  "bookingId" : "retail-2020-12365828",
  "insuredPersons" : [ {
    "paxId" : "1",
    "paymentDetails" : {
      "policyPremium" : "973.0",
      "sgst" : "74.0",
      "cgst" : "74.0",
      "ugst" : "0.0",
      "igst" : "0.0",
      "invoiceNumber" : "IA001084423",
      "policyNetPremium" : "825.0"
    },
    "policyID" : "D400235103",
    "transactionDate" : "17-01-2020T12:08:25",
    "status" : {
      "code" : "200",
      "message" : "Success"
    },
    "policyStatus" : "INCOMPLETE",
    "applicationId" : "V2A939CBD87F4838C25B1DF125895B0AB8EFB9301D3C738FE14E7D904281D1D149C7ED1888F9E24B121EFEFCD71BA81104",
    "paymentLink" : "https://preprod-digitpaymentgateway.godigit.com/DigitPaymentGateway/payments?target=8F371F05661D75047561D4BB79D27C48"
  } ],
  "status" : {
    "code" : "200",
    "message" : "SUCCESS"
  }
}
ErrorMessage : https://preprod-digitpolicyissuance.godigit.com/policyservice/v1/createQuote
InnerExceptionMessage : { "bookingId": "retail-2020-12365828", "type": "I", "purpose": "L", "customer": { "firstName": "Neha", "lastName": "Justforretail", "address": { "line1": "N.W. College", "line2": "", "line3": "", "state": "27", "city": "Pune", "country": "IND", "pinCode": "411001" }, "documents": [ { "type": "PPT", "id": "D89U0112" } ], "dob": "1990-02-02", "mobile": "9353568667", "email": "Bindu.S@godigit.com", "type": "N" }, "insuredPersons": [ { "firstName": "Neha", "lastName": "Justforretail", "address": { "line1": "N.W. College", "line2": "", "line3": "", "state": "27", "city": "Pune", "country": "IND", "pinCode": "411001" }, "documents": [ { "type": "PPT", "id": "D890112" } ], "dob": "1990-02-02", "mobile": "9353568667", "email": "Bindu.S@godigit.com", "profession": "", "paxId": "1", "nominee": { "relationship": "S", "name": "Uduwei Uhdewui" }, "type": "N", "gender": "ML" } ], "insuredPersonsCount": "1", "bookingDate": "2020-01-13", "packageName": "R13", "geography": "UCI", "travelEndDate": "2020-01-13", "travelStartDate": "2020-01-13", "discountFlag": "" }
ErrorMessage : getdetail-webexception=
InnerExceptionMessage : The remote server returned an error: (504) Gateway Timeout.
ErrorMessage : https://preprod-digitpolicyissuance.godigit.com/policyservice/v1/createQuote
InnerExceptionMessage : { "bookingId": "retail-2020-12365828", "type": "I", "purpose": "L", "customer": { "firstName": "Neha", "lastName": "Justforretail", "address": { "line1": "N.W. College", "line2": "", "line3": "", "state": "27", "city": "Pune", "country": "IND", "pinCode": "411001" }, "documents": [ { "type": "PPT", "id": "D89U0112" } ], "dob": "1990-02-02", "mobile": "9353568667", "email": "Bindu.S@godigit.com", "type": "N" }, "insuredPersons": [ { "firstName": "Neha", "lastName": "Justforretail", "address": { "line1": "N.W. College", "line2": "", "line3": "", "state": "27", "city": "Pune", "country": "IND", "pinCode": "411001" }, "documents": [ { "type": "PPT", "id": "D890112" } ], "dob": "1990-02-02", "mobile": "9353568667", "email": "Bindu.S@godigit.com", "profession": "", "paxId": "1", "nominee": { "relationship": "S", "name": "Uduwei Uhdewui" }, "type": "N", "gender": "ML" } ], "insuredPersonsCount": "1", "bookingDate": "2020-01-13", "packageName": "R13", "geography": "UCI", "travelEndDate": "2020-01-13", "travelStartDate": "2020-01-13", "discountFlag": "" }
ErrorMessage : getdetail-webexception=
InnerExceptionMessage : The remote server returned an error: (500) Internal Server Error.
ErrorMessage : https://preprod-digitpolicyissuance.godigit.com/policyservice/v1/createQuote
InnerExceptionMessage : { "bookingId": "retail-2020-12365828", "type": "I", "purpose": "L", "customer": { "firstName": "Neha", "lastName": "Justforretail", "address": { "line1": "N.W. College", "line2": "", "line3": "", "state": "27", "city": "Pune", "country": "IND", "pinCode": "411001" }, "documents": [ { "type": "PPT", "id": "D89U0112" } ], "dob": "1990-02-02", "mobile": "9353568667", "email": "Bindu.S@godigit.com", "type": "N" }, "insuredPersons": [ { "firstName": "Neha", "lastName": "Justforretail", "address": { "line1": "N.W. College", "line2": "", "line3": "", "state": "27", "city": "Pune", "country": "IND", "pinCode": "411001" }, "documents": [ { "type": "PPT", "id": "D890112" } ], "dob": "1990-02-02", "mobile": "9353568667", "email": "Bindu.S@godigit.com", "profession": "", "paxId": "1", "nominee": { "relationship": "S", "name": "Uduwei Uhdewui" }, "type": "N", "gender": "ML" } ], "insuredPersonsCount": "1", "bookingDate": "2020-01-13", "packageName": "R13", "geography": "UCI", "travelEndDate": "2020-01-13", "travelStartDate": "2020-01-13", "discountFlag": "" }
ErrorMessage : getdetail-webexception=
InnerExceptionMessage : The remote server returned an error: (500) Internal Server Error.
ErrorMessage : https://preprod-digitpolicyissuance.godigit.com/policyservice/v1/createQuote
InnerExceptionMessage : { "bookingId": "retail-2020-12365828", "type": "I", "purpose": "L", "customer": { "firstName": "Neha", "lastName": "Justforretail", "address": { "line1": "N.W. College", "line2": "", "line3": "", "state": "27", "city": "Pune", "country": "IND", "pinCode": "411001" }, "documents": [ { "type": "PPT", "id": "D89U0112" } ], "dob": "1990-02-02", "mobile": "9353568667", "email": "Bindu.S@godigit.com", "type": "N" }, "insuredPersons": [ { "firstName": "Neha", "lastName": "Justforretail", "address": { "line1": "N.W. College", "line2": "", "line3": "", "state": "27", "city": "Pune", "country": "IND", "pinCode": "411001" }, "documents": [ { "type": "PPT", "id": "D890112" } ], "dob": "1990-02-02", "mobile": "9353568667", "email": "Bindu.S@godigit.com", "profession": "", "paxId": "1", "nominee": { "relationship": "S", "name": "Uduwei Uhdewui" }, "type": "N", "gender": "ML" } ], "insuredPersonsCount": "1", "bookingDate": "2020-01-13", "packageName": "R13", "geography": "UCI", "travelEndDate": "2020-01-13", "travelStartDate": "2020-01-13", "discountFlag": "" }
ErrorMessage : getdetail-webexception=
InnerExceptionMessage : The remote server returned an error: (500) Internal Server Error.
ErrorMessage : https://preprod-digitpolicyissuance.godigit.com/policyservice/v1/createQuote
InnerExceptionMessage : { "bookingId": "retail-2020-12365828", "type": "I", "purpose": "L", "customer": { "firstName": "Neha", "lastName": "Justforretail", "address": { "line1": "N.W. College", "line2": "", "line3": "", "state": "27", "city": "Pune", "country": "IND", "pinCode": "411001" }, "documents": [ { "type": "PPT", "id": "D89U0112" } ], "dob": "1990-02-02", "mobile": "9353568667", "email": "Bindu.S@godigit.com", "type": "N" }, "insuredPersons": [ { "firstName": "Neha", "lastName": "Justforretail", "address": { "line1": "N.W. College", "line2": "", "line3": "", "state": "27", "city": "Pune", "country": "IND", "pinCode": "411001" }, "documents": [ { "type": "PPT", "id": "D890112" } ], "dob": "1990-02-02", "mobile": "9353568667", "email": "Bindu.S@godigit.com", "profession": "", "paxId": "1", "nominee": { "relationship": "S", "name": "Uduwei Uhdewui" }, "type": "N", "gender": "ML" } ], "insuredPersonsCount": "1", "bookingDate": "2020-01-13", "packageName": "R13", "geography": "UCI", "travelEndDate": "2020-01-13", "travelStartDate": "2020-01-13", "discountFlag": "" }
ErrorMessage : getdetail-webexception=
InnerExceptionMessage : The remote server returned an error: (500) Internal Server Error.
ErrorMessage : https://preprod-digitpolicyissuance.godigit.com/policyservice/v1/createQuote
InnerExceptionMessage : { "bookingId": "retail-2020-12365828", "type": "I", "purpose": "L", "customer": { "firstName": "Neha", "lastName": "Justforretail", "address": { "line1": "N.W. College", "line2": "", "line3": "", "state": "27", "city": "Pune", "country": "IND", "pinCode": "411001" }, "documents": [ { "type": "PPT", "id": "D89U0112" } ], "dob": "1990-02-02", "mobile": "9353568667", "email": "Bindu.S@godigit.com", "type": "N" }, "insuredPersons": [ { "firstName": "Neha", "lastName": "Justforretail", "address": { "line1": "N.W. College", "line2": "", "line3": "", "state": "27", "city": "Pune", "country": "IND", "pinCode": "411001" }, "documents": [ { "type": "PPT", "id": "D890112" } ], "dob": "1990-02-02", "mobile": "9353568667", "email": "Bindu.S@godigit.com", "profession": "", "paxId": "1", "nominee": { "relationship": "S", "name": "Uduwei Uhdewui" }, "type": "N", "gender": "ML" } ], "insuredPersonsCount": "1", "bookingDate": "2020-01-13", "packageName": "R13", "geography": "UCI", "travelEndDate": "2020-01-13", "travelStartDate": "2020-01-13", "discountFlag": "" }
ErrorMessage : https://preprod-digitpolicyissuance.godigit.com/policyservice/v1/createQuote
InnerExceptionMessage : { "bookingId": "retail-2020-12365828", "type": "I", "purpose": "L", "customer": { "firstName": "Neha", "lastName": "Justforretail", "address": { "line1": "N.W. College", "line2": "", "line3": "", "state": "27", "city": "Pune", "country": "IND", "pinCode": "411001" }, "documents": [ { "type": "PPT", "id": "D89U0112" } ], "dob": "1990-02-02", "mobile": "9353568667", "email": "Bindu.S@godigit.com", "type": "N" }, "insuredPersons": [ { "firstName": "Neha", "lastName": "Justforretail", "address": { "line1": "N.W. College", "line2": "", "line3": "", "state": "27", "city": "Pune", "country": "IND", "pinCode": "411001" }, "documents": [ { "type": "PPT", "id": "D890112" } ], "dob": "1990-02-02", "mobile": "9353568667", "email": "Bindu.S@godigit.com", "profession": "", "paxId": "1", "nominee": { "relationship": "S", "name": "Uduwei Uhdewui" }, "type": "N", "gender": "ML" } ], "insuredPersonsCount": "1", "bookingDate": "2020-01-13", "packageName": "R13", "geography": "UCI", "travelEndDate": "2020-01-13", "travelStartDate": "2020-01-13", "discountFlag": "" }
ErrorMessage : getdetail-webexception=
InnerExceptionMessage : The remote server returned an error: (500) Internal Server Error.
ErrorMessage : https://preprod-digitpolicyissuance.godigit.com/policyservice/v1/createQuote
InnerExceptionMessage : { "bookingId": "retail-2020-12365828", "type": "I", "purpose": "L", "customer": { "firstName": "Neha", "lastName": "Justforretail", "address": { "line1": "N.W. College", "line2": "", "line3": "", "state": "27", "city": "Pune", "country": "IND", "pinCode": "411001" }, "documents": [ { "type": "PPT", "id": "D89U0112" } ], "dob": "1990-02-02", "mobile": "9353568667", "email": "Bindu.S@godigit.com", "type": "N" }, "insuredPersons": [ { "firstName": "Neha", "lastName": "Justforretail", "address": { "line1": "N.W. College", "line2": "", "line3": "", "state": "27", "city": "Pune", "country": "IND", "pinCode": "411001" }, "documents": [ { "type": "PPT", "id": "D890112" } ], "dob": "1990-02-02", "mobile": "9353568667", "email": "Bindu.S@godigit.com", "profession": "", "paxId": "1", "nominee": { "relationship": "S", "name": "Uduwei Uhdewui" }, "type": "N", "gender": "ML" } ], "insuredPersonsCount": "1", "bookingDate": "2020-01-13", "packageName": "R13", "geography": "UCI", "travelEndDate": "2020-01-13", "travelStartDate": "2020-01-13", "discountFlag": "" }
ErrorMessage : getdetail-webexception=
InnerExceptionMessage : The remote server returned an error: (500) Internal Server Error.
ErrorMessage : https://preprod-digitpolicyissuance.godigit.com/policyservice/v1/createQuote
InnerExceptionMessage : { "bookingId": "retail-2020-12365828", "type": "I", "purpose": "L", "customer": { "firstName": "Neha", "lastName": "Justforretail", "address": { "line1": "N.W. College", "line2": "", "line3": "", "state": "27", "city": "Pune", "country": "IND", "pinCode": "411001" }, "documents": [ { "type": "PPT", "id": "D89U0112" } ], "dob": "1990-02-02", "mobile": "9353568667", "email": "Bindu.S@godigit.com", "type": "N" }, "insuredPersons": [ { "firstName": "Neha", "lastName": "Justforretail", "address": { "line1": "N.W. College", "line2": "", "line3": "", "state": "27", "city": "Pune", "country": "IND", "pinCode": "411001" }, "documents": [ { "type": "PPT", "id": "D890112" } ], "dob": "1990-02-02", "mobile": "9353568667", "email": "Bindu.S@godigit.com", "profession": "", "paxId": "1", "nominee": { "relationship": "S", "name": "Uduwei Uhdewui" }, "type": "N", "gender": "ML" } ], "insuredPersonsCount": "1", "bookingDate": "2020-01-13", "packageName": "R13", "geography": "UCI", "travelEndDate": "2020-01-13", "travelStartDate": "2020-01-13", "discountFlag": "" }
ErrorMessage : getdetail-webexception=
InnerExceptionMessage : The remote server returned an error: (504) Gateway Timeout.
ErrorMessage : https://preprod-digitpolicyissuance.godigit.com/policyservice/v1/createQuote
InnerExceptionMessage : { "bookingId": "retail-2020-12365828", "type": "I", "purpose": "L", "customer": { "firstName": "Neha", "lastName": "Justforretail", "address": { "line1": "N.W. College", "line2": "", "line3": "", "state": "27", "city": "Pune", "country": "IND", "pinCode": "411001" }, "documents": [ { "type": "PPT", "id": "D89U0112" } ], "dob": "1990-02-02", "mobile": "9353568667", "email": "Bindu.S@godigit.com", "type": "N" }, "insuredPersons": [ { "firstName": "Neha", "lastName": "Justforretail", "address": { "line1": "N.W. College", "line2": "", "line3": "", "state": "27", "city": "Pune", "country": "IND", "pinCode": "411001" }, "documents": [ { "type": "PPT", "id": "D890112" } ], "dob": "1990-02-02", "mobile": "9353568667", "email": "Bindu.S@godigit.com", "profession": "", "paxId": "1", "nominee": { "relationship": "S", "name": "Uduwei Uhdewui" }, "type": "N", "gender": "ML" } ], "insuredPersonsCount": "1", "bookingDate": "2020-01-13", "packageName": "R13", "geography": "UCI", "travelEndDate": "2020-01-13", "travelStartDate": "2020-01-13", "discountFlag": "" }
ErrorMessage : getdetail-webexception=
InnerExceptionMessage : The remote server returned an error: (500) Internal Server Error.
ErrorMessage : dasd=
InnerExceptionMessage : {
  "bookingId" : "retail-2020-12366829",
  "insuredPersons" : [ {
    "paxId" : "1",
    "paymentDetails" : {
      "policyPremium" : "973.0",
      "sgst" : "74.0",
      "cgst" : "74.0",
      "ugst" : "0.0",
      "igst" : "0.0",
      "invoiceNumber" : "IA001084953",
      "policyNetPremium" : "825.0"
    },
    "policyID" : "D400235606",
    "transactionDate" : "17-01-2020T13:31:44",
    "status" : {
      "code" : "200",
      "message" : "Success"
    },
    "policyStatus" : "INCOMPLETE",
    "applicationId" : "V2F29DC607F6524223B4D3B53FEB0A2ABA66BD7E67CA9D4A829151E250008F2398C7ED1888F9E24B121EFEFCD71BA81104",
    "paymentLink" : "https://preprod-digitpaymentgateway.godigit.com/DigitPaymentGateway/payments?target=AB4C606DAE35063B171577B46E31AA0B"
  } ],
  "status" : {
    "code" : "200",
    "message" : "SUCCESS"
  }
}
ErrorMessage : dasd=
InnerExceptionMessage : {
  "bookingId" : "retail-2020-12366829",
  "insuredPersons" : [ {
    "paxId" : "1",
    "paymentDetails" : {
      "policyPremium" : "973.0",
      "sgst" : "74.0",
      "cgst" : "74.0",
      "ugst" : "0.0",
      "igst" : "0.0",
      "invoiceNumber" : "IA001084953",
      "policyNetPremium" : "825.0"
    },
    "policyID" : "D400235606",
    "transactionDate" : "17-01-2020T13:33:50",
    "status" : {
      "code" : "200",
      "message" : "Success"
    },
    "policyStatus" : "INCOMPLETE",
    "applicationId" : "V2F29DC607F6524223B4D3B53FEB0A2ABA66BD7E67CA9D4A829151E250008F2398C7ED1888F9E24B121EFEFCD71BA81104",
    "paymentLink" : "https://preprod-digitpaymentgateway.godigit.com/DigitPaymentGateway/payments?target=45E1DB6CDE64689B52D1DD7B95D36593"
  } ],
  "status" : {
    "code" : "200",
    "message" : "SUCCESS"
  }
}
ErrorMessage : dasd=
InnerExceptionMessage : {
  "bookingId" : "retail-2020-12366829",
  "insuredPersons" : [ {
    "paxId" : "1",
    "paymentDetails" : {
      "policyPremium" : "973.0",
      "sgst" : "74.0",
      "cgst" : "74.0",
      "ugst" : "0.0",
      "igst" : "0.0",
      "invoiceNumber" : "IA001084953",
      "policyNetPremium" : "825.0"
    },
    "policyID" : "D400235606",
    "transactionDate" : "17-01-2020T13:43:55",
    "status" : {
      "code" : "200",
      "message" : "Success"
    },
    "policyStatus" : "INCOMPLETE",
    "applicationId" : "V2F29DC607F6524223B4D3B53FEB0A2ABA66BD7E67CA9D4A829151E250008F2398C7ED1888F9E24B121EFEFCD71BA81104",
    "paymentLink" : "https://preprod-digitpaymentgateway.godigit.com/DigitPaymentGateway/payments?target=1EF5D1D054B9D18EF01D1E8396DA0ADD"
  } ],
  "status" : {
    "code" : "200",
    "message" : "SUCCESS"
  }
}
ErrorMessage : https://preprod-digitpolicyissuance.godigit.com/policyservice/v1/createQuote
InnerExceptionMessage : { "bookingId": "retail-2020-12366829", "type": "I", "purpose": "L", "customer": { "firstName": "Neha", "lastName": "Justforretail", "address": { "line1": "N.W. College", "line2": "", "line3": "", "state": "27", "city": "Pune", "country": "IND", "pinCode": "411001" }, "documents": [ { "type": "PPT", "id": "D89U0112" } ], "dob": "1990-02-02", "mobile": "9353568667", "email": "Bindu.S@godigit.com", "type": "N" }, "insuredPersons": [ { "firstName": "Neha", "lastName": "Justforretail", "address": { "line1": "N.W. College", "line2": "", "line3": "", "state": "27", "city": "Pune", "country": "IND", "pinCode": "411001" }, "documents": [ { "type": "PPT", "id": "D890112" } ], "dob": "1990-02-02", "mobile": "9353568667", "email": "Bindu.S@godigit.com", "profession": "", "paxId": "1", "nominee": { "relationship": "S", "name": "Uduwei Uhdewui" }, "type": "N", "gender": "ML" } ], "insuredPersonsCount": "1", "bookingDate": "2020-01-13", "packageName": "R13", "geography": "UCI", "travelEndDate": "2020-01-13", "travelStartDate": "2020-01-13", "discountFlag": "" }
ErrorMessage : getdetail-webexception=
InnerExceptionMessage : The remote server returned an error: (500) Internal Server Error.
ErrorMessage : dasd=
InnerExceptionMessage : {
  "bookingId" : "retail-2020-12366929",
  "insuredPersons" : [ {
    "paxId" : "1",
    "paymentDetails" : {
      "policyPremium" : "973.0",
      "sgst" : "74.0",
      "cgst" : "74.0",
      "ugst" : "0.0",
      "igst" : "0.0",
      "invoiceNumber" : "IA001084958",
      "policyNetPremium" : "825.0"
    },
    "policyID" : "D400235611",
    "transactionDate" : "17-01-2020T13:45:51",
    "status" : {
      "code" : "200",
      "message" : "Success"
    },
    "policyStatus" : "INCOMPLETE",
    "applicationId" : "V29E73A0A6B1DDB8118F045B5DA9C015B366BD7E67CA9D4A829151E250008F2398C7ED1888F9E24B121EFEFCD71BA81104",
    "paymentLink" : "https://preprod-digitpaymentgateway.godigit.com/DigitPaymentGateway/payments?target=2290A55039A9FB168E92EF97C3C9F97E"
  } ],
  "status" : {
    "code" : "200",
    "message" : "SUCCESS"
  }
}
ErrorMessage : dasd=
InnerExceptionMessage : {
  "bookingId" : "retail-2020-12366929",
  "insuredPersons" : [ {
    "paxId" : "1",
    "paymentDetails" : {
      "policyPremium" : "973.0",
      "sgst" : "74.0",
      "cgst" : "74.0",
      "ugst" : "0.0",
      "igst" : "0.0",
      "invoiceNumber" : "IA001084958",
      "policyNetPremium" : "825.0"
    },
    "policyID" : "D400235611",
    "transactionDate" : "17-01-2020T13:50:05",
    "status" : {
      "code" : "200",
      "message" : "Success"
    },
    "policyStatus" : "INCOMPLETE",
    "applicationId" : "V29E73A0A6B1DDB8118F045B5DA9C015B366BD7E67CA9D4A829151E250008F2398C7ED1888F9E24B121EFEFCD71BA81104",
    "paymentLink" : "https://preprod-digitpaymentgateway.godigit.com/DigitPaymentGateway/payments?target=8A32ED012BB43649A9209E06E41AAE0C"
  } ],
  "status" : {
    "code" : "200",
    "message" : "SUCCESS"
  }
}
ErrorMessage : https://preprod-digitpolicyissuance.godigit.com/policyservice/v1/createQuote
InnerExceptionMessage : { "bookingId": "retail-2020-12366929", "type": "I", "purpose": "L", "customer": { "firstName": "Neha", "lastName": "Justforretail", "address": { "line1": "N.W. College", "line2": "", "line3": "", "state": "27", "city": "Pune", "country": "IND", "pinCode": "411001" }, "documents": [ { "type": "PPT", "id": "D89U0112" } ], "dob": "1990-02-02", "mobile": "9353568667", "email": "Bindu.S@godigit.com", "type": "N" }, "insuredPersons": [ { "firstName": "Neha", "lastName": "Justforretail", "address": { "line1": "N.W. College", "line2": "", "line3": "", "state": "27", "city": "Pune", "country": "IND", "pinCode": "411001" }, "documents": [ { "type": "PPT", "id": "D890112" } ], "dob": "1990-02-02", "mobile": "9353568667", "email": "Bindu.S@godigit.com", "profession": "", "paxId": "1", "nominee": { "relationship": "S", "name": "Uduwei Uhdewui" }, "type": "N", "gender": "ML" } ], "insuredPersonsCount": "1", "bookingDate": "2020-01-13", "packageName": "R13", "geography": "UCI", "travelEndDate": "2020-01-13", "travelStartDate": "2020-01-13", "discountFlag": "" }
ErrorMessage : getdetail-webexception=
InnerExceptionMessage : The remote server returned an error: (504) Gateway Timeout.
ErrorMessage : dasd=
InnerExceptionMessage : {
  "bookingId" : "retail-2020-12366939",
  "insuredPersons" : [ {
    "paxId" : "1",
    "paymentDetails" : {
      "policyPremium" : "973.0",
      "sgst" : "74.0",
      "cgst" : "74.0",
      "ugst" : "0.0",
      "igst" : "0.0",
      "invoiceNumber" : "IA001084961",
      "policyNetPremium" : "825.0"
    },
    "policyID" : "D400235614",
    "transactionDate" : "17-01-2020T13:53:54",
    "status" : {
      "code" : "200",
      "message" : "Success"
    },
    "policyStatus" : "INCOMPLETE",
    "applicationId" : "V2A67BA0EDFB02994351D90201FFDA797F66BD7E67CA9D4A829151E250008F2398C7ED1888F9E24B121EFEFCD71BA81104",
    "paymentLink" : "https://preprod-digitpaymentgateway.godigit.com/DigitPaymentGateway/payments?target=5C890D5891026E5ABAA2B23FC30A22DA"
  } ],
  "status" : {
    "code" : "200",
    "message" : "SUCCESS"
  }
}
ErrorMessage : dasd=
InnerExceptionMessage : {
  "bookingId" : "retail-2020-12366939",
  "insuredPersons" : [ {
    "paxId" : "1",
    "paymentDetails" : {
      "policyPremium" : "973.0",
      "sgst" : "74.0",
      "cgst" : "74.0",
      "ugst" : "0.0",
      "igst" : "0.0",
      "invoiceNumber" : "IA001084961",
      "policyNetPremium" : "825.0"
    },
    "policyID" : "D400235614",
    "transactionDate" : "17-01-2020T13:57:14",
    "status" : {
      "code" : "200",
      "message" : "Success"
    },
    "policyStatus" : "INCOMPLETE",
    "applicationId" : "V2A67BA0EDFB02994351D90201FFDA797F66BD7E67CA9D4A829151E250008F2398C7ED1888F9E24B121EFEFCD71BA81104",
    "paymentLink" : "https://preprod-digitpaymentgateway.godigit.com/DigitPaymentGateway/payments?target=45FDE07381A78116CD1EFC9FF3E024A5"
  } ],
  "status" : {
    "code" : "200",
    "message" : "SUCCESS"
  }
}
ErrorMessage : dasd=
InnerExceptionMessage : {"pdfName":"","premium":"10633","totalPremium":"12398.98","accidentalDeathPremium":"59","permanentDisabilityPremium":"47","criticalIllnessPremium":"250","premiumWaiver":"0","betterHalfPremium":"0","basePremium":"9011","hcbPremium":"1410","error":null,"isValid":true,"sumAssured":null}
ErrorMessage : dasd=
InnerExceptionMessage : {"pdfName":"","premium":"10633","totalPremium":"12398.98","accidentalDeathPremium":"59","permanentDisabilityPremium":"47","criticalIllnessPremium":"250","premiumWaiver":"0","betterHalfPremium":"0","basePremium":"9011","hcbPremium":"1410","error":null,"isValid":true,"sumAssured":null}
ErrorMessage : https://preprod-digitpolicyissuance.godigit.com/policyservice/v1/createQuote
InnerExceptionMessage : { "bookingId": "retail-2020-12366939", "type": "I", "purpose": "L", "customer": { "firstName": "Neha", "lastName": "Justforretail", "address": { "line1": "N.W. College", "line2": "", "line3": "", "state": "27", "city": "Pune", "country": "IND", "pinCode": "411001" }, "documents": [ { "type": "PPT", "id": "D89U0112" } ], "dob": "1990-02-02", "mobile": "9353568667", "email": "Bindu.S@godigit.com", "type": "N" }, "insuredPersons": [ { "firstName": "Neha", "lastName": "Justforretail", "address": { "line1": "N.W. College", "line2": "", "line3": "", "state": "27", "city": "Pune", "country": "IND", "pinCode": "411001" }, "documents": [ { "type": "PPT", "id": "D890112" } ], "dob": "1990-02-02", "mobile": "9353568667", "email": "Bindu.S@godigit.com", "profession": "", "paxId": "1", "nominee": { "relationship": "S", "name": "Uduwei Uhdewui" }, "type": "N", "gender": "ML" } ], "insuredPersonsCount": "1", "bookingDate": "2020-01-13", "packageName": "R13", "geography": "UCI", "travelEndDate": "2020-01-13", "travelStartDate": "2020-01-13", "discountFlag": "" }
ErrorMessage : getdetail-webexception=
InnerExceptionMessage : The remote server returned an error: (504) Gateway Timeout.
ErrorMessage : https://preprod-digitpolicyissuance.godigit.com/policyservice/v1/createQuote
InnerExceptionMessage : { "bookingId": "retail-2020-12366939", "type": "I", "purpose": "L", "customer": { "firstName": "Neha", "lastName": "Justforretail", "address": { "line1": "N.W. College", "line2": "", "line3": "", "state": "27", "city": "Pune", "country": "IND", "pinCode": "411001" }, "documents": [ { "type": "PPT", "id": "D89U0112" } ], "dob": "1990-02-02", "mobile": "9353568667", "email": "Bindu.S@godigit.com", "type": "N" }, "insuredPersons": [ { "firstName": "Neha", "lastName": "Justforretail", "address": { "line1": "N.W. College", "line2": "", "line3": "", "state": "27", "city": "Pune", "country": "IND", "pinCode": "411001" }, "documents": [ { "type": "PPT", "id": "D890112" } ], "dob": "1990-02-02", "mobile": "9353568667", "email": "Bindu.S@godigit.com", "profession": "", "paxId": "1", "nominee": { "relationship": "S", "name": "Uduwei Uhdewui" }, "type": "N", "gender": "ML" } ], "insuredPersonsCount": "1", "bookingDate": "2020-01-13", "packageName": "R13", "geography": "UCI", "travelEndDate": "2020-01-13", "travelStartDate": "2020-01-13", "discountFlag": "" }
ErrorMessage : getdetail-webexception=
InnerExceptionMessage : The remote server returned an error: (504) Gateway Timeout.
ErrorMessage : dasd=
InnerExceptionMessage : {
  "bookingId" : "retail-2020-12366949",
  "insuredPersons" : [ {
    "paxId" : "1",
    "paymentDetails" : {
      "policyPremium" : "973.0",
      "sgst" : "74.0",
      "cgst" : "74.0",
      "ugst" : "0.0",
      "igst" : "0.0",
      "invoiceNumber" : "IA001084963",
      "policyNetPremium" : "825.0"
    },
    "policyID" : "D400235617",
    "transactionDate" : "17-01-2020T14:06:12",
    "status" : {
      "code" : "200",
      "message" : "Success"
    },
    "policyStatus" : "INCOMPLETE",
    "applicationId" : "V29949D199E5414DE4178DB33445C0CC0A66BD7E67CA9D4A829151E250008F2398C7ED1888F9E24B121EFEFCD71BA81104",
    "paymentLink" : "https://preprod-digitpaymentgateway.godigit.com/DigitPaymentGateway/payments?target=A60A5AD1C09F9C29C9BA02EE45AFE07A"
  } ],
  "status" : {
    "code" : "200",
    "message" : "SUCCESS"
  }
}
ErrorMessage : dasd=
InnerExceptionMessage : {
  "bookingId" : "retail-2020-12366949",
  "insuredPersons" : [ {
    "paxId" : "1",
    "paymentDetails" : {
      "policyPremium" : "973.0",
      "sgst" : "74.0",
      "cgst" : "74.0",
      "ugst" : "0.0",
      "igst" : "0.0",
      "invoiceNumber" : "IA001084963",
      "policyNetPremium" : "825.0"
    },
    "policyID" : "D400235617",
    "transactionDate" : "17-01-2020T14:08:11",
    "status" : {
      "code" : "200",
      "message" : "Success"
    },
    "policyStatus" : "INCOMPLETE",
    "applicationId" : "V29949D199E5414DE4178DB33445C0CC0A66BD7E67CA9D4A829151E250008F2398C7ED1888F9E24B121EFEFCD71BA81104",
    "paymentLink" : "https://preprod-digitpaymentgateway.godigit.com/DigitPaymentGateway/payments?target=B74EA4323D43C126C01C6E472C7A34A7"
  } ],
  "status" : {
    "code" : "200",
    "message" : "SUCCESS"
  }
}
ErrorMessage : dasd=
InnerExceptionMessage : {
  "bookingId" : "retail-2020-12366949",
  "insuredPersons" : [ {
    "paxId" : "1",
    "paymentDetails" : {
      "policyPremium" : "973.0",
      "sgst" : "74.0",
      "cgst" : "74.0",
      "ugst" : "0.0",
      "igst" : "0.0",
      "invoiceNumber" : "IA001084963",
      "policyNetPremium" : "825.0"
    },
    "policyID" : "D400235617",
    "transactionDate" : "17-01-2020T14:08:45",
    "status" : {
      "code" : "200",
      "message" : "Success"
    },
    "policyStatus" : "INCOMPLETE",
    "applicationId" : "V29949D199E5414DE4178DB33445C0CC0A66BD7E67CA9D4A829151E250008F2398C7ED1888F9E24B121EFEFCD71BA81104",
    "paymentLink" : "https://preprod-digitpaymentgateway.godigit.com/DigitPaymentGateway/payments?target=38074C158BC1EC740E18CEE331DE65D7"
  } ],
  "status" : {
    "code" : "200",
    "message" : "SUCCESS"
  }
}
ErrorMessage : https://preprod-digitpolicyissuance.godigit.com/policyservice/v1/createQuote
InnerExceptionMessage : { "bookingId": "retail-2020-12366949", "type": "I", "purpose": "L", "customer": { "firstName": "Neha", "lastName": "Justforretail", "address": { "line1": "N.W. College", "line2": "", "line3": "", "state": "27", "city": "Pune", "country": "IND", "pinCode": "411001" }, "documents": [ { "type": "PPT", "id": "D89U0112" } ], "dob": "1990-02-02", "mobile": "9353568667", "email": "Bindu.S@godigit.com", "type": "N" }, "insuredPersons": [ { "firstName": "Neha", "lastName": "Justforretail", "address": { "line1": "N.W. College", "line2": "", "line3": "", "state": "27", "city": "Pune", "country": "IND", "pinCode": "411001" }, "documents": [ { "type": "PPT", "id": "D890112" } ], "dob": "1990-02-02", "mobile": "9353568667", "email": "Bindu.S@godigit.com", "profession": "", "paxId": "1", "nominee": { "relationship": "S", "name": "Uduwei Uhdewui" }, "type": "N", "gender": "ML" } ], "insuredPersonsCount": "1", "bookingDate": "2020-01-13", "packageName": "R13", "geography": "UCI", "travelEndDate": "2020-01-13", "travelStartDate": "2020-01-13", "discountFlag": "" }
ErrorMessage : getdetail-webexception=
InnerExceptionMessage : The remote server returned an error: (504) Gateway Timeout.
ErrorMessage : dasd=
InnerExceptionMessage : {
  "bookingId" : "retail-2020-12366947",
  "insuredPersons" : [ {
    "paxId" : "1",
    "paymentDetails" : {
      "policyPremium" : "973.0",
      "sgst" : "74.0",
      "cgst" : "74.0",
      "ugst" : "0.0",
      "igst" : "0.0",
      "invoiceNumber" : "IA001084982",
      "policyNetPremium" : "825.0"
    },
    "policyID" : "D400235634",
    "transactionDate" : "17-01-2020T14:31:20",
    "status" : {
      "code" : "200",
      "message" : "Success"
    },
    "policyStatus" : "INCOMPLETE",
    "applicationId" : "V22BEA2C2B09EC8A80CF3E2038B040CDC566BD7E67CA9D4A829151E250008F2398C7ED1888F9E24B121EFEFCD71BA81104",
    "paymentLink" : "https://preprod-digitpaymentgateway.godigit.com/DigitPaymentGateway/payments?target=3311A502197F84CD65458EEC00E389FE"
  } ],
  "status" : {
    "code" : "200",
    "message" : "SUCCESS"
  }
}
ErrorMessage : dasd=
InnerExceptionMessage : {
  "bookingId" : "retail-2020-12366947",
  "insuredPersons" : [ {
    "paxId" : "1",
    "paymentDetails" : {
      "policyPremium" : "973.0",
      "sgst" : "74.0",
      "cgst" : "74.0",
      "ugst" : "0.0",
      "igst" : "0.0",
      "invoiceNumber" : "IA001084982",
      "policyNetPremium" : "825.0"
    },
    "policyID" : "D400235634",
    "transactionDate" : "17-01-2020T14:39:09",
    "status" : {
      "code" : "200",
      "message" : "Success"
    },
    "policyStatus" : "INCOMPLETE",
    "applicationId" : "V22BEA2C2B09EC8A80CF3E2038B040CDC566BD7E67CA9D4A829151E250008F2398C7ED1888F9E24B121EFEFCD71BA81104",
    "paymentLink" : "https://preprod-digitpaymentgateway.godigit.com/DigitPaymentGateway/payments?target=03CDBBB45C866B0E89EBD52CC0EFEAA7"
  } ],
  "status" : {
    "code" : "200",
    "message" : "SUCCESS"
  }
}
ErrorMessage : dasd=
InnerExceptionMessage : {
  "bookingId" : "retail-2020-12366947",
  "insuredPersons" : [ {
    "paxId" : "1",
    "paymentDetails" : {
      "policyPremium" : "973.0",
      "sgst" : "74.0",
      "cgst" : "74.0",
      "ugst" : "0.0",
      "igst" : "0.0",
      "invoiceNumber" : "IA001084982",
      "policyNetPremium" : "825.0"
    },
    "policyID" : "D400235634",
    "transactionDate" : "17-01-2020T14:40:10",
    "status" : {
      "code" : "200",
      "message" : "Success"
    },
    "policyStatus" : "INCOMPLETE",
    "applicationId" : "V22BEA2C2B09EC8A80CF3E2038B040CDC566BD7E67CA9D4A829151E250008F2398C7ED1888F9E24B121EFEFCD71BA81104",
    "paymentLink" : "https://preprod-digitpaymentgateway.godigit.com/DigitPaymentGateway/payments?target=18EE0DAC4B8821F0E9FE3750962E450A"
  } ],
  "status" : {
    "code" : "200",
    "message" : "SUCCESS"
  }
}
ErrorMessage : dasd=
InnerExceptionMessage : {
  "bookingId" : "retail-2020-12366947",
  "insuredPersons" : [ {
    "paxId" : "1",
    "paymentDetails" : {
      "policyPremium" : "973.0",
      "sgst" : "74.0",
      "cgst" : "74.0",
      "ugst" : "0.0",
      "igst" : "0.0",
      "invoiceNumber" : "IA001084982",
      "policyNetPremium" : "825.0"
    },
    "policyID" : "D400235634",
    "transactionDate" : "17-01-2020T14:44:01",
    "status" : {
      "code" : "200",
      "message" : "Success"
    },
    "policyStatus" : "INCOMPLETE",
    "applicationId" : "V22BEA2C2B09EC8A80CF3E2038B040CDC566BD7E67CA9D4A829151E250008F2398C7ED1888F9E24B121EFEFCD71BA81104",
    "paymentLink" : "https://preprod-digitpaymentgateway.godigit.com/DigitPaymentGateway/payments?target=9018420C45EB33CAFCC1102E00E8BF0B"
  } ],
  "status" : {
    "code" : "200",
    "message" : "SUCCESS"
  }
}
ErrorMessage : dasd=
InnerExceptionMessage : {
  "bookingId" : "retail-2020-12366947",
  "insuredPersons" : [ {
    "paxId" : "1",
    "paymentDetails" : {
      "policyPremium" : "973.0",
      "sgst" : "74.0",
      "cgst" : "74.0",
      "ugst" : "0.0",
      "igst" : "0.0",
      "invoiceNumber" : "IA001084982",
      "policyNetPremium" : "825.0"
    },
    "policyID" : "D400235634",
    "transactionDate" : "17-01-2020T14:48:28",
    "status" : {
      "code" : "200",
      "message" : "Success"
    },
    "policyStatus" : "INCOMPLETE",
    "applicationId" : "V22BEA2C2B09EC8A80CF3E2038B040CDC566BD7E67CA9D4A829151E250008F2398C7ED1888F9E24B121EFEFCD71BA81104",
    "paymentLink" : "https://preprod-digitpaymentgateway.godigit.com/DigitPaymentGateway/payments?target=DD8DDBEDD0F48438104BAAA1DE627747"
  } ],
  "status" : {
    "code" : "200",
    "message" : "SUCCESS"
  }
}
ErrorMessage : dasd=
InnerExceptionMessage : {
  "bookingId" : "retail-2020-12366947",
  "insuredPersons" : [ {
    "paxId" : "1",
    "paymentDetails" : {
      "policyPremium" : "973.0",
      "sgst" : "74.0",
      "cgst" : "74.0",
      "ugst" : "0.0",
      "igst" : "0.0",
      "invoiceNumber" : "IA001084982",
      "policyNetPremium" : "825.0"
    },
    "policyID" : "D400235634",
    "transactionDate" : "17-01-2020T15:14:13",
    "status" : {
      "code" : "200",
      "message" : "Success"
    },
    "policyStatus" : "INCOMPLETE",
    "applicationId" : "V22BEA2C2B09EC8A80CF3E2038B040CDC566BD7E67CA9D4A829151E250008F2398C7ED1888F9E24B121EFEFCD71BA81104",
    "paymentLinkSent" : false,
    "paymentLink" : "Failed"
  } ],
  "status" : {
    "code" : "200",
    "message" : "SUCCESS"
  }
}
ErrorMessage : dasd=
InnerExceptionMessage : {
  "bookingId" : "retail-2020-12366947",
  "insuredPersons" : [ {
    "paxId" : "1",
    "paymentDetails" : {
      "policyPremium" : "973.0",
      "sgst" : "74.0",
      "cgst" : "74.0",
      "ugst" : "0.0",
      "igst" : "0.0",
      "invoiceNumber" : "IA001084982",
      "policyNetPremium" : "825.0"
    },
    "policyID" : "D400235634",
    "transactionDate" : "17-01-2020T15:16:52",
    "status" : {
      "code" : "200",
      "message" : "Success"
    },
    "policyStatus" : "INCOMPLETE",
    "applicationId" : "V22BEA2C2B09EC8A80CF3E2038B040CDC566BD7E67CA9D4A829151E250008F2398C7ED1888F9E24B121EFEFCD71BA81104",
    "paymentLink" : "https://preprod-digitpaymentgateway.godigit.com/DigitPaymentGateway/payments?target=36B0F26901A0E4B0F977064B2046395F"
  } ],
  "status" : {
    "code" : "200",
    "message" : "SUCCESS"
  }
}
ErrorMessage : dasd=
InnerExceptionMessage : {
  "bookingId" : "retail-2020-12366947",
  "insuredPersons" : [ {
    "paxId" : "1",
    "paymentDetails" : {
      "policyPremium" : "973.0",
      "sgst" : "74.0",
      "cgst" : "74.0",
      "ugst" : "0.0",
      "igst" : "0.0",
      "invoiceNumber" : "IA001084982",
      "policyNetPremium" : "825.0"
    },
    "policyID" : "D400235634",
    "transactionDate" : "17-01-2020T15:24:56",
    "status" : {
      "code" : "200",
      "message" : "Success"
    },
    "policyStatus" : "INCOMPLETE",
    "applicationId" : "V22BEA2C2B09EC8A80CF3E2038B040CDC566BD7E67CA9D4A829151E250008F2398C7ED1888F9E24B121EFEFCD71BA81104",
    "paymentLink" : "https://preprod-digitpaymentgateway.godigit.com/DigitPaymentGateway/payments?target=C88726F31C1022B05AC4CC2D7D99B21D"
  } ],
  "status" : {
    "code" : "200",
    "message" : "SUCCESS"
  }
}
ErrorMessage : dasd=
InnerExceptionMessage : {
  "bookingId" : "retail-2020-12366947",
  "insuredPersons" : [ {
    "paxId" : "1",
    "paymentDetails" : {
      "policyPremium" : "973.0",
      "sgst" : "74.0",
      "cgst" : "74.0",
      "ugst" : "0.0",
      "igst" : "0.0",
      "invoiceNumber" : "IA001084982",
      "policyNetPremium" : "825.0"
    },
    "policyID" : "D400235634",
    "transactionDate" : "17-01-2020T15:42:10",
    "status" : {
      "code" : "200",
      "message" : "Success"
    },
    "policyStatus" : "INCOMPLETE",
    "applicationId" : "V22BEA2C2B09EC8A80CF3E2038B040CDC566BD7E67CA9D4A829151E250008F2398C7ED1888F9E24B121EFEFCD71BA81104",
    "paymentLink" : "https://preprod-digitpaymentgateway.godigit.com/DigitPaymentGateway/payments?target=502B8523B0098402981D9835A6C37E40"
  } ],
  "status" : {
    "code" : "200",
    "message" : "SUCCESS"
  }
}
ErrorMessage : dasd=
InnerExceptionMessage : {
  "bookingId" : "retail-2020-12367959",
  "insuredPersons" : [ {
    "paxId" : "1",
    "paymentDetails" : {
      "policyPremium" : "973.0",
      "sgst" : "74.0",
      "cgst" : "74.0",
      "ugst" : "0.0",
      "igst" : "0.0",
      "invoiceNumber" : "IA001085097",
      "policyNetPremium" : "825.0"
    },
    "policyID" : "D400235734",
    "transactionDate" : "17-01-2020T16:18:33",
    "status" : {
      "code" : "200",
      "message" : "Success"
    },
    "policyStatus" : "INCOMPLETE",
    "applicationId" : "V2E42E39F445E92B7D3D2B45FE1C06735866BD7E67CA9D4A829151E250008F2398C7ED1888F9E24B121EFEFCD71BA81104",
    "paymentLink" : "https://preprod-digitpaymentgateway.godigit.com/DigitPaymentGateway/payments?target=91C7D174DE331DD449949C4D59B48FF8"
  } ],
  "status" : {
    "code" : "200",
    "message" : "SUCCESS"
  }
}
ErrorMessage : https://preprod-digitpolicyissuance.godigit.com/policyservice/v1/createQuote
InnerExceptionMessage : { "bookingId": "retail-2020-12367959", "type": "I", "purpose": "L", "customer": { "firstName": "Neha", "lastName": "Justforretail", "address": { "line1": "N.W. College", "line2": "", "line3": "", "state": "27", "city": "Pune", "country": "IND", "pinCode": "411001" }, "documents": [ { "type": "PPT", "id": "D89U0112" } ], "dob": "1990-02-02", "mobile": "9353568667", "email": "Bindu.S@godigit.com", "type": "N" }, "insuredPersons": [ { "firstName": "Neha", "lastName": "Justforretail", "address": { "line1": "N.W. College", "line2": "", "line3": "", "state": "27", "city": "Pune", "country": "IND", "pinCode": "411001" }, "documents": [ { "type": "PPT", "id": "D890112" } ], "dob": "1990-02-02", "mobile": "9353568667", "email": "Bindu.S@godigit.com", "profession": "", "paxId": "1", "nominee": { "relationship": "S", "name": "Uduwei Uhdewui" }, "type": "N", "gender": "ML" } ], "insuredPersonsCount": "1", "bookingDate": "2020-01-13", "packageName": "R13", "geography": "UCI", "travelEndDate": "2020-01-13", "travelStartDate": "2020-01-13", "discountFlag": "" }
ErrorMessage : getdetail-webexception=
InnerExceptionMessage : The remote server returned an error: (504) Gateway Timeout.
ErrorMessage : dasd=
InnerExceptionMessage : {
  "bookingId" : "retail-2020-12369959",
  "insuredPersons" : [ {
    "paxId" : "1",
    "paymentDetails" : {
      "policyPremium" : "973.0",
      "sgst" : "74.0",
      "cgst" : "74.0",
      "ugst" : "0.0",
      "igst" : "0.0",
      "invoiceNumber" : "IA001085116",
      "policyNetPremium" : "825.0"
    },
    "policyID" : "D400235752",
    "transactionDate" : "17-01-2020T16:33:24",
    "status" : {
      "code" : "200",
      "message" : "Success"
    },
    "policyStatus" : "INCOMPLETE",
    "applicationId" : "V263A219641F8CA520414370947F61E62266BD7E67CA9D4A829151E250008F2398C7ED1888F9E24B121EFEFCD71BA81104",
    "paymentLink" : "https://preprod-digitpaymentgateway.godigit.com/DigitPaymentGateway/payments?target=D3ADCB283F30C6F425BC9EEDE806FF55"
  } ],
  "status" : {
    "code" : "200",
    "message" : "SUCCESS"
  }
}
ErrorMessage : dasd=
InnerExceptionMessage : {
  "bookingId" : "retail-2020-12367959",
  "insuredPersons" : [ {
    "paxId" : "1",
    "paymentDetails" : {
      "policyPremium" : "973.0",
      "sgst" : "74.0",
      "cgst" : "74.0",
      "ugst" : "0.0",
      "igst" : "0.0",
      "invoiceNumber" : "IA001085097",
      "policyNetPremium" : "825.0"
    },
    "policyID" : "D400235734",
    "transactionDate" : "17-01-2020T16:41:54",
    "status" : {
      "code" : "200",
      "message" : "Success"
    },
    "policyStatus" : "INCOMPLETE",
    "applicationId" : "V2E42E39F445E92B7D3D2B45FE1C06735866BD7E67CA9D4A829151E250008F2398C7ED1888F9E24B121EFEFCD71BA81104",
    "paymentLink" : "https://preprod-digitpaymentgateway.godigit.com/DigitPaymentGateway/payments?target=ACD52F468005139115FF0AADC482DB58"
  } ],
  "status" : {
    "code" : "200",
    "message" : "SUCCESS"
  }
}
ErrorMessage : dasd=
InnerExceptionMessage : {
  "bookingId" : "retail-2020-12367959",
  "insuredPersons" : [ {
    "paxId" : "1",
    "paymentDetails" : {
      "policyPremium" : "973.0",
      "sgst" : "74.0",
      "cgst" : "74.0",
      "ugst" : "0.0",
      "igst" : "0.0",
      "invoiceNumber" : "IA001085097",
      "policyNetPremium" : "825.0"
    },
    "policyID" : "D400235734",
    "transactionDate" : "17-01-2020T16:44:42",
    "status" : {
      "code" : "200",
      "message" : "Success"
    },
    "policyStatus" : "INCOMPLETE",
    "applicationId" : "V2E42E39F445E92B7D3D2B45FE1C06735866BD7E67CA9D4A829151E250008F2398C7ED1888F9E24B121EFEFCD71BA81104",
    "paymentLinkSent" : false,
    "paymentLink" : "Failed"
  } ],
  "status" : {
    "code" : "200",
    "message" : "SUCCESS"
  }
}
ErrorMessage : https://preprod-digitpolicyissuance.godigit.com/policyservice/v1/createQuote
InnerExceptionMessage : { "bookingId": "retail-2020-12367959", "type": "I", "purpose": "L", "customer": { "firstName": "Neha", "lastName": "Justforretail", "address": { "line1": "N.W. College", "line2": "", "line3": "", "state": "27", "city": "Pune", "country": "IND", "pinCode": "411001" }, "documents": [ { "type": "PPT", "id": "D89U0112" } ], "dob": "1990-02-02", "mobile": "9353568667", "email": "Bindu.S@godigit.com", "type": "N" }, "insuredPersons": [ { "firstName": "Neha", "lastName": "Justforretail", "address": { "line1": "N.W. College", "line2": "", "line3": "", "state": "27", "city": "Pune", "country": "IND", "pinCode": "411001" }, "documents": [ { "type": "PPT", "id": "D890112" } ], "dob": "1990-02-02", "mobile": "9353568667", "email": "Bindu.S@godigit.com", "profession": "", "paxId": "1", "nominee": { "relationship": "S", "name": "Uduwei Uhdewui" }, "type": "N", "gender": "ML" } ], "insuredPersonsCount": "1", "bookingDate": "2020-01-13", "packageName": "R13", "geography": "UCI", "travelEndDate": "2020-01-13", "travelStartDate": "2020-01-13", "discountFlag": "" }
ErrorMessage : getdetail-webexception=
InnerExceptionMessage : The remote server returned an error: (500) Internal Server Error.
ErrorMessage : dasd=
InnerExceptionMessage : {
  "bookingId" : "retail-2020-12367959",
  "insuredPersons" : [ {
    "paxId" : "1",
    "paymentDetails" : {
      "policyPremium" : "973.0",
      "sgst" : "74.0",
      "cgst" : "74.0",
      "ugst" : "0.0",
      "igst" : "0.0",
      "invoiceNumber" : "IA001085097",
      "policyNetPremium" : "825.0"
    },
    "policyID" : "D400235734",
    "transactionDate" : "17-01-2020T17:09:19",
    "status" : {
      "code" : "200",
      "message" : "Success"
    },
    "policyStatus" : "INCOMPLETE",
    "applicationId" : "V2E42E39F445E92B7D3D2B45FE1C06735866BD7E67CA9D4A829151E250008F2398C7ED1888F9E24B121EFEFCD71BA81104",
    "paymentLink" : "https://preprod-digitpaymentgateway.godigit.com/DigitPaymentGateway/payments?target=5398CB5A728761433A7D4BE4EA654B9E"
  } ],
  "status" : {
    "code" : "200",
    "message" : "SUCCESS"
  }
}
ErrorMessage : dasd=
InnerExceptionMessage : {
  "bookingId" : "retail-2020-12367959",
  "insuredPersons" : [ {
    "paxId" : "1",
    "paymentDetails" : {
      "policyPremium" : "973.0",
      "sgst" : "74.0",
      "cgst" : "74.0",
      "ugst" : "0.0",
      "igst" : "0.0",
      "invoiceNumber" : "IA001085097",
      "policyNetPremium" : "825.0"
    },
    "policyID" : "D400235734",
    "transactionDate" : "17-01-2020T17:09:56",
    "status" : {
      "code" : "200",
      "message" : "Success"
    },
    "policyStatus" : "INCOMPLETE",
    "applicationId" : "V2E42E39F445E92B7D3D2B45FE1C06735866BD7E67CA9D4A829151E250008F2398C7ED1888F9E24B121EFEFCD71BA81104",
    "paymentLink" : "https://preprod-digitpaymentgateway.godigit.com/DigitPaymentGateway/payments?target=E9BED360E5D5A161F2C4A584B4A93E5E"
  } ],
  "status" : {
    "code" : "200",
    "message" : "SUCCESS"
  }
}
ErrorMessage : dasd=
InnerExceptionMessage : {
  "bookingId" : "retail-2020-12367959",
  "insuredPersons" : [ {
    "paxId" : "1",
    "paymentDetails" : {
      "policyPremium" : "973.0",
      "sgst" : "74.0",
      "cgst" : "74.0",
      "ugst" : "0.0",
      "igst" : "0.0",
      "invoiceNumber" : "IA001085097",
      "policyNetPremium" : "825.0"
    },
    "policyID" : "D400235734",
    "transactionDate" : "17-01-2020T17:42:03",
    "status" : {
      "code" : "200",
      "message" : "Success"
    },
    "policyStatus" : "INCOMPLETE",
    "applicationId" : "V2E42E39F445E92B7D3D2B45FE1C06735866BD7E67CA9D4A829151E250008F2398C7ED1888F9E24B121EFEFCD71BA81104",
    "paymentLinkSent" : false,
    "paymentLink" : "Failed"
  } ],
  "status" : {
    "code" : "200",
    "message" : "SUCCESS"
  }
}
ErrorMessage : dasd=
InnerExceptionMessage : {
  "bookingId" : "retail-2020-12367959",
  "insuredPersons" : [ {
    "paxId" : "1",
    "paymentDetails" : {
      "policyPremium" : "973.0",
      "sgst" : "74.0",
      "cgst" : "74.0",
      "ugst" : "0.0",
      "igst" : "0.0",
      "invoiceNumber" : "IA001085097",
      "policyNetPremium" : "825.0"
    },
    "policyID" : "D400235734",
    "transactionDate" : "17-01-2020T17:45:05",
    "status" : {
      "code" : "200",
      "message" : "Success"
    },
    "policyStatus" : "INCOMPLETE",
    "applicationId" : "V2E42E39F445E92B7D3D2B45FE1C06735866BD7E67CA9D4A829151E250008F2398C7ED1888F9E24B121EFEFCD71BA81104",
    "paymentLink" : "https://preprod-digitpaymentgateway.godigit.com/DigitPaymentGateway/payments?target=D86CB51464A1E0AF0EEC3C28769ADDFC"
  } ],
  "status" : {
    "code" : "200",
    "message" : "SUCCESS"
  }
}
ErrorMessage : dasd=
InnerExceptionMessage : {
  "bookingId" : "retail-2020-12367959",
  "insuredPersons" : [ {
    "paxId" : "1",
    "paymentDetails" : {
      "policyPremium" : "973.0",
      "sgst" : "74.0",
      "cgst" : "74.0",
      "ugst" : "0.0",
      "igst" : "0.0",
      "invoiceNumber" : "IA001085097",
      "policyNetPremium" : "825.0"
    },
    "policyID" : "D400235734",
    "transactionDate" : "17-01-2020T17:50:51",
    "status" : {
      "code" : "200",
      "message" : "Success"
    },
    "policyStatus" : "INCOMPLETE",
    "applicationId" : "V2E42E39F445E92B7D3D2B45FE1C06735866BD7E67CA9D4A829151E250008F2398C7ED1888F9E24B121EFEFCD71BA81104",
    "paymentLink" : "https://preprod-digitpaymentgateway.godigit.com/DigitPaymentGateway/payments?target=D8F06E139D62484081AE28A96B55E6D3"
  } ],
  "status" : {
    "code" : "200",
    "message" : "SUCCESS"
  }
}
ErrorMessage : https://preprod-digitpolicyissuance.godigit.com/policyservice/v1/createQuote
InnerExceptionMessage : { "bookingId": "retail-2020-12367959", "type": "I", "purpose": "L", "customer": { "firstName": "Neha", "lastName": "Justforretail", "address": { "line1": "N.W. College", "line2": "", "line3": "", "state": "27", "city": "Pune", "country": "IND", "pinCode": "411001" }, "documents": [ { "type": "PPT", "id": "D89U0112" } ], "dob": "1990-02-02", "mobile": "9353568667", "email": "Bindu.S@godigit.com", "type": "N" }, "insuredPersons": [ { "firstName": "Neha", "lastName": "Justforretail", "address": { "line1": "N.W. College", "line2": "", "line3": "", "state": "27", "city": "Pune", "country": "IND", "pinCode": "411001" }, "documents": [ { "type": "PPT", "id": "D890112" } ], "dob": "1990-02-02", "mobile": "9353568667", "email": "Bindu.S@godigit.com", "profession": "", "paxId": "1", "nominee": { "relationship": "S", "name": "Uduwei Uhdewui" }, "type": "N", "gender": "ML" } ], "insuredPersonsCount": "1", "bookingDate": "2020-01-13", "packageName": "R13", "geography": "UCI", "travelEndDate": "2020-01-13", "travelStartDate": "2020-01-13", "discountFlag": "" }
ErrorMessage : getdetail-webexception=
InnerExceptionMessage : The remote server returned an error: (500) Internal Server Error.
ErrorMessage : dasd=
InnerExceptionMessage : {
  "bookingId" : "retail-2020-12367999",
  "insuredPersons" : [ {
    "paxId" : "1",
    "paymentDetails" : {
      "policyPremium" : "973.0",
      "sgst" : "74.0",
      "cgst" : "74.0",
      "ugst" : "0.0",
      "igst" : "0.0",
      "invoiceNumber" : "IA001085195",
      "policyNetPremium" : "825.0"
    },
    "policyID" : "D400235814",
    "transactionDate" : "17-01-2020T17:54:04",
    "status" : {
      "code" : "200",
      "message" : "Success"
    },
    "policyStatus" : "INCOMPLETE",
    "applicationId" : "V23B50D62885ACF2234BDA984F8C11A324EE917E555BAB599EDEF38D51C6089100C7ED1888F9E24B121EFEFCD71BA81104",
    "paymentLink" : "https://preprod-digitpaymentgateway.godigit.com/DigitPaymentGateway/payments?target=E884FF9E9ACDE9483D06F21658DF95B6"
  } ],
  "status" : {
    "code" : "200",
    "message" : "SUCCESS"
  }
}
ErrorMessage : https://preprod-digitpolicyissuance.godigit.com/policyservice/v1/createQuote
InnerExceptionMessage : { "bookingId": "retail-2020-12367998", "type": "I", "purpose": "L", "customer": { "firstName": "Neha", "lastName": "Justforretail", "address": { "line1": "N.W. College", "line2": "", "line3": "", "state": "27", "city": "Pune", "country": "IND", "pinCode": "411001" }, "documents": [ { "type": "PPT", "id": "D89U0112" } ], "dob": "1990-02-02", "mobile": "9353568667", "email": "Bindu.S@godigit.com", "type": "N" }, "insuredPersons": [ { "firstName": "Neha", "lastName": "Justforretail", "address": { "line1": "N.W. College", "line2": "", "line3": "", "state": "27", "city": "Pune", "country": "IND", "pinCode": "411001" }, "documents": [ { "type": "PPT", "id": "D890112" } ], "dob": "1990-02-02", "mobile": "9353568667", "email": "Bindu.S@godigit.com", "profession": "", "paxId": "1", "nominee": { "relationship": "S", "name": "Uduwei Uhdewui" }, "type": "N", "gender": "ML" } ], "insuredPersonsCount": "1", "bookingDate": "2020-01-13", "packageName": "R13", "geography": "UCI", "travelEndDate": "2020-01-13", "travelStartDate": "2020-01-13", "discountFlag": "" }
ErrorMessage : getdetail-webexception=
InnerExceptionMessage : The remote server returned an error: (500) Internal Server Error.
ErrorMessage : dasd=
InnerExceptionMessage : {
  "bookingId" : "retail-2020-12367998",
  "insuredPersons" : [ {
    "paxId" : "1",
    "paymentDetails" : {
      "policyPremium" : "973.0",
      "sgst" : "74.0",
      "cgst" : "74.0",
      "ugst" : "0.0",
      "igst" : "0.0",
      "invoiceNumber" : "IA001085204",
      "policyNetPremium" : "825.0"
    },
    "policyID" : "D400235823",
    "transactionDate" : "17-01-2020T18:05:26",
    "status" : {
      "code" : "200",
      "message" : "Success"
    },
    "policyStatus" : "INCOMPLETE",
    "applicationId" : "V294808853B59A47B46E948F68D65DF1E7EE917E555BAB599EDEF38D51C6089100C7ED1888F9E24B121EFEFCD71BA81104",
    "paymentLink" : "https://preprod-digitpaymentgateway.godigit.com/DigitPaymentGateway/payments?target=B56A2C7DD565150149C1211A4D422C25"
  } ],
  "status" : {
    "code" : "200",
    "message" : "SUCCESS"
  }
}
ErrorMessage : getdetail-business=
InnerExceptionMessage : Object reference not set to an instance of an object.
