ErrorMessage : dasd=
InnerExceptionMessage : {
  "bookingId" : "retail-2020-58018812",
  "insuredPersons" : [ {
    "paxId" : "1",
    "paymentDetails" : {
      "policyPremium" : "726.0",
      "sgst" : "55.0",
      "cgst" : "55.0",
      "ugst" : "0.0",
      "igst" : "0.0",
      "invoiceNumber" : "IA001087127",
      "policyNetPremium" : "616.0"
    },
    "policyID" : "D400237738",
    "transactionDate" : "22-01-2020T11:37:28",
    "status" : {
      "code" : "200",
      "message" : "Success"
    },
    "policyStatus" : "INCOMPLETE",
    "applicationId" : "V20AF2E63F24D58422A7095763B94324C893308D7AB283180DCC3659E6FDA075A2C7ED1888F9E24B121EFEFCD71BA81104",
    "paymentLink" : "https://preprod-digitpaymentgateway.godigit.com/DigitPaymentGateway/payments?target=DABBE868B87588D5E16002D18AF30F7A"
  } ],
  "status" : {
    "code" : "200",
    "message" : "SUCCESS"
  }
}
ErrorMessage : dasd=
InnerExceptionMessage : {
  "bookingId" : "retail-2020-10958571",
  "insuredPersons" : [ {
    "paxId" : "1",
    "paymentDetails" : {
      "policyPremium" : "726.0",
      "sgst" : "55.0",
      "cgst" : "55.0",
      "ugst" : "0.0",
      "igst" : "0.0",
      "invoiceNumber" : "IA001087128",
      "policyNetPremium" : "616.0"
    },
    "policyID" : "D400237739",
    "transactionDate" : "22-01-2020T11:37:44",
    "status" : {
      "code" : "200",
      "message" : "Success"
    },
    "policyStatus" : "INCOMPLETE",
    "applicationId" : "V2674A3A92892ACAD3F006F38CA0C1E58793308D7AB283180DCC3659E6FDA075A2C7ED1888F9E24B121EFEFCD71BA81104",
    "paymentLink" : "https://preprod-digitpaymentgateway.godigit.com/DigitPaymentGateway/payments?target=F98E871ADD2E37F383E49EC998170F07"
  } ],
  "status" : {
    "code" : "200",
    "message" : "SUCCESS"
  }
}
ErrorMessage : dasd=
InnerExceptionMessage : {
  "bookingId" : "retail-2020-60194299",
  "insuredPersons" : [ {
    "paxId" : "1",
    "paymentDetails" : {
      "policyPremium" : "726.0",
      "sgst" : "55.0",
      "cgst" : "55.0",
      "ugst" : "0.0",
      "igst" : "0.0",
      "invoiceNumber" : "IA001087132",
      "policyNetPremium" : "616.0"
    },
    "policyID" : "D400237743",
    "transactionDate" : "22-01-2020T11:38:46",
    "status" : {
      "code" : "200",
      "message" : "Success"
    },
    "policyStatus" : "INCOMPLETE",
    "applicationId" : "V2009B61B11A48602AED2C0018C5898D0393308D7AB283180DCC3659E6FDA075A2C7ED1888F9E24B121EFEFCD71BA81104",
    "paymentLink" : "https://preprod-digitpaymentgateway.godigit.com/DigitPaymentGateway/payments?target=532D03408DD89B96F8D44786E8167BB8"
  } ],
  "status" : {
    "code" : "200",
    "message" : "SUCCESS"
  }
}
ErrorMessage : dasd=
InnerExceptionMessage : {
  "bookingId" : "retail-2020-17499364",
  "insuredPersons" : [ {
    "paxId" : "1",
    "paymentDetails" : {
      "policyPremium" : "726.0",
      "sgst" : "55.0",
      "cgst" : "55.0",
      "ugst" : "0.0",
      "igst" : "0.0",
      "invoiceNumber" : "IA001087181",
      "policyNetPremium" : "616.0"
    },
    "policyID" : "D400237799",
    "transactionDate" : "22-01-2020T12:12:12",
    "status" : {
      "code" : "200",
      "message" : "Success"
    },
    "policyStatus" : "INCOMPLETE",
    "applicationId" : "V2BD6E0264B5A626EA7726857A0A3E670B93308D7AB283180DCC3659E6FDA075A2C7ED1888F9E24B121EFEFCD71BA81104",
    "paymentLink" : "https://preprod-digitpaymentgateway.godigit.com/DigitPaymentGateway/payments?target=32C252F45D1924373273289014BBCDD7"
  } ],
  "status" : {
    "code" : "200",
    "message" : "SUCCESS"
  }
}
ErrorMessage : https://igsan.starhealth.in/api/policy/proposals/message-The request was aborted: Could not create SSL/TLS secure channel./token
InnerExceptionMessage : {"APIKEY":"75dc72e57d2148f5a76676895c18ff11","SECRETKEY":"9ad7d6ccb13343c69d0ceb38d13a5d8f","referenceId":"message-The request was aborted: Could not create SSL/TLS secure channel."}
ErrorMessage : getdetail-webexception=
InnerExceptionMessage : The remote server returned an error: (404) Not Found.
ErrorMessage : https://igsan.starhealth.in/api/policy/proposals/message-The request was aborted: Could not create SSL/TLS secure channel./token
InnerExceptionMessage : {"APIKEY":"75dc72e57d2148f5a76676895c18ff11","SECRETKEY":"9ad7d6ccb13343c69d0ceb38d13a5d8f","referenceId":"message-The request was aborted: Could not create SSL/TLS secure channel."}
ErrorMessage : getdetail-webexception=
InnerExceptionMessage : The remote server returned an error: (404) Not Found.
