ErrorMessage : dasd=
InnerExceptionMessage : {"genpremdtlsres":{"contractid":"null","quoterefno":"null","refno":"null","scrutinyno":"null","policyref":"null","netpremium":"0","servicetaxamt":"0","educessamt":"0","totalpremium":"0","finalpremium":"0","servicetaxrate":"null","educessrate":"null","stampduty":"null","uwloadingper":"null","uwloadingamt":"null","loadingper":"null","loadingamt":"null","discountper":"null","discountamt":"null","spdiscountper":"null","spdiscountamt":"null","param1":"0","param2":"0","param3":"0","param4":"null"},"errorcoderes":"0","errorlistres":[],"transactionid":5023968,"servicetaxmstobj":{"taxcode":"07_IGST17","taxtype":"IGST","baseamount":"null","sertax":"0","educess":"0","sbtax":"0","kkc":"0","cess1":"0","cess2":"0","cess3":"0","sertaxdesc":"NA","educessdesc":"NA","sbcessdesc":"NA","kkccessdesc":"NA","cess1desc":"NA","cess2desc":"NA","cess3desc":"NA","adjsertax":"null","adjeducess":"null","adjsbtax":"null","adjkkc":"null","adjcess1":"null","adjcess2":"null","adjcess3":"null","addtaxval1":"0","addtaxval2":"0","addtaxval3":"0","addtaxval4":"0","addtaxval5":"0","addtaxval1desc":"NA","addtaxval2desc":"NA","addtaxval3desc":"NA","addtaxval4desc":"Integrated GST","addtaxval5desc":"NA"}}
ErrorMessage : dasd=
InnerExceptionMessage : {"genpremdtlsres":{"contractid":"null","quoterefno":"null","refno":"null","scrutinyno":"null","policyref":"null","netpremium":"5774","servicetaxamt":"0","educessamt":"0","totalpremium":"6813","finalpremium":"6813","servicetaxrate":"null","educessrate":"null","stampduty":"null","uwloadingper":"null","uwloadingamt":"null","loadingper":"null","loadingamt":"null","discountper":"null","discountamt":"null","spdiscountper":"null","spdiscountamt":"null","param1":"0","param2":"0","param3":"0","param4":"null"},"errorcoderes":"0","errorlistres":[],"transactionid":5023970,"servicetaxmstobj":{"taxcode":"07_IGST17","taxtype":"IGST","baseamount":"null","sertax":"0","educess":"0","sbtax":"0","kkc":"0","cess1":"0","cess2":"0","cess3":"0","sertaxdesc":"NA","educessdesc":"NA","sbcessdesc":"NA","kkccessdesc":"NA","cess1desc":"NA","cess2desc":"NA","cess3desc":"NA","adjsertax":"null","adjeducess":"null","adjsbtax":"null","adjkkc":"null","adjcess1":"null","adjcess2":"null","adjcess3":"null","addtaxval1":"0","addtaxval2":"0","addtaxval3":"0","addtaxval4":"1039","addtaxval5":"0","addtaxval1desc":"NA","addtaxval2desc":"NA","addtaxval3desc":"NA","addtaxval4desc":"Integrated GST","addtaxval5desc":"NA"}}
ErrorMessage : dasd=
InnerExceptionMessage : {"genpremdtlsres":{"contractid":"null","quoterefno":"null","refno":"null","scrutinyno":"null","policyref":"null","netpremium":"0","servicetaxamt":"0","educessamt":"0","totalpremium":"0","finalpremium":"0","servicetaxrate":"null","educessrate":"null","stampduty":"null","uwloadingper":"null","uwloadingamt":"null","loadingper":"null","loadingamt":"null","discountper":"null","discountamt":"null","spdiscountper":"null","spdiscountamt":"null","param1":"0","param2":"0","param3":"0","param4":"null"},"errorcoderes":"0","errorlistres":[],"transactionid":5023972,"servicetaxmstobj":{"taxcode":"07_IGST17","taxtype":"IGST","baseamount":"null","sertax":"0","educess":"0","sbtax":"0","kkc":"0","cess1":"0","cess2":"0","cess3":"0","sertaxdesc":"NA","educessdesc":"NA","sbcessdesc":"NA","kkccessdesc":"NA","cess1desc":"NA","cess2desc":"NA","cess3desc":"NA","adjsertax":"null","adjeducess":"null","adjsbtax":"null","adjkkc":"null","adjcess1":"null","adjcess2":"null","adjcess3":"null","addtaxval1":"0","addtaxval2":"0","addtaxval3":"0","addtaxval4":"0","addtaxval5":"0","addtaxval1desc":"NA","addtaxval2desc":"NA","addtaxval3desc":"NA","addtaxval4desc":"Integrated GST","addtaxval5desc":"NA"}}
ErrorMessage : dasd=
InnerExceptionMessage : {"genpremdtlsres":{"contractid":"null","quoterefno":"null","refno":"null","scrutinyno":"null","policyref":"null","netpremium":"5774","servicetaxamt":"0","educessamt":"0","totalpremium":"6813","finalpremium":"6813","servicetaxrate":"null","educessrate":"null","stampduty":"null","uwloadingper":"null","uwloadingamt":"null","loadingper":"null","loadingamt":"null","discountper":"null","discountamt":"null","spdiscountper":"null","spdiscountamt":"null","param1":"0","param2":"0","param3":"0","param4":"null"},"errorcoderes":"0","errorlistres":[],"transactionid":5023974,"servicetaxmstobj":{"taxcode":"07_IGST17","taxtype":"IGST","baseamount":"null","sertax":"0","educess":"0","sbtax":"0","kkc":"0","cess1":"0","cess2":"0","cess3":"0","sertaxdesc":"NA","educessdesc":"NA","sbcessdesc":"NA","kkccessdesc":"NA","cess1desc":"NA","cess2desc":"NA","cess3desc":"NA","adjsertax":"null","adjeducess":"null","adjsbtax":"null","adjkkc":"null","adjcess1":"null","adjcess2":"null","adjcess3":"null","addtaxval1":"0","addtaxval2":"0","addtaxval3":"0","addtaxval4":"1039","addtaxval5":"0","addtaxval1desc":"NA","addtaxval2desc":"NA","addtaxval3desc":"NA","addtaxval4desc":"Integrated GST","addtaxval5desc":"NA"}}
ErrorMessage : dasd=
InnerExceptionMessage : {"genpremdtlsres":{"contractid":"null","quoterefno":"null","refno":"null","scrutinyno":"null","policyref":"null","netpremium":"4457","servicetaxamt":"0","educessamt":"0","totalpremium":"5259","finalpremium":"5259","servicetaxrate":"null","educessrate":"null","stampduty":"null","uwloadingper":"null","uwloadingamt":"null","loadingper":"null","loadingamt":"null","discountper":"null","discountamt":"null","spdiscountper":"null","spdiscountamt":"null","param1":"0","param2":"0","param3":"0","param4":"null"},"errorcoderes":"0","errorlistres":[],"transactionid":5023976,"servicetaxmstobj":{"taxcode":"07_IGST17","taxtype":"IGST","baseamount":"null","sertax":"0","educess":"0","sbtax":"0","kkc":"0","cess1":"0","cess2":"0","cess3":"0","sertaxdesc":"NA","educessdesc":"NA","sbcessdesc":"NA","kkccessdesc":"NA","cess1desc":"NA","cess2desc":"NA","cess3desc":"NA","adjsertax":"null","adjeducess":"null","adjsbtax":"null","adjkkc":"null","adjcess1":"null","adjcess2":"null","adjcess3":"null","addtaxval1":"0","addtaxval2":"0","addtaxval3":"0","addtaxval4":"802","addtaxval5":"0","addtaxval1desc":"NA","addtaxval2desc":"NA","addtaxval3desc":"NA","addtaxval4desc":"Integrated GST","addtaxval5desc":"NA"}}
ErrorMessage : dasd=
InnerExceptionMessage : {"genpremdtlsres":{"contractid":"null","quoterefno":"null","refno":"null","scrutinyno":"null","policyref":"null","netpremium":"0","servicetaxamt":"0","educessamt":"0","totalpremium":"0","finalpremium":"0","servicetaxrate":"null","educessrate":"null","stampduty":"null","uwloadingper":"null","uwloadingamt":"null","loadingper":"null","loadingamt":"null","discountper":"null","discountamt":"null","spdiscountper":"null","spdiscountamt":"null","param1":"0","param2":"0","param3":"0","param4":"null"},"errorcoderes":"0","errorlistres":[],"transactionid":5023978,"servicetaxmstobj":{"taxcode":"07_IGST17","taxtype":"IGST","baseamount":"null","sertax":"0","educess":"0","sbtax":"0","kkc":"0","cess1":"0","cess2":"0","cess3":"0","sertaxdesc":"NA","educessdesc":"NA","sbcessdesc":"NA","kkccessdesc":"NA","cess1desc":"NA","cess2desc":"NA","cess3desc":"NA","adjsertax":"null","adjeducess":"null","adjsbtax":"null","adjkkc":"null","adjcess1":"null","adjcess2":"null","adjcess3":"null","addtaxval1":"0","addtaxval2":"0","addtaxval3":"0","addtaxval4":"0","addtaxval5":"0","addtaxval1desc":"NA","addtaxval2desc":"NA","addtaxval3desc":"NA","addtaxval4desc":"Integrated GST","addtaxval5desc":"NA"}}
ErrorMessage : dasd=
InnerExceptionMessage : {"genpremdtlsres":{"contractid":"null","quoterefno":"null","refno":"null","scrutinyno":"null","policyref":"null","netpremium":"5774","servicetaxamt":"0","educessamt":"0","totalpremium":"6813","finalpremium":"6813","servicetaxrate":"null","educessrate":"null","stampduty":"null","uwloadingper":"null","uwloadingamt":"null","loadingper":"null","loadingamt":"null","discountper":"null","discountamt":"null","spdiscountper":"null","spdiscountamt":"null","param1":"0","param2":"0","param3":"0","param4":"null"},"errorcoderes":"0","errorlistres":[],"transactionid":5023980,"servicetaxmstobj":{"taxcode":"07_IGST17","taxtype":"IGST","baseamount":"null","sertax":"0","educess":"0","sbtax":"0","kkc":"0","cess1":"0","cess2":"0","cess3":"0","sertaxdesc":"NA","educessdesc":"NA","sbcessdesc":"NA","kkccessdesc":"NA","cess1desc":"NA","cess2desc":"NA","cess3desc":"NA","adjsertax":"null","adjeducess":"null","adjsbtax":"null","adjkkc":"null","adjcess1":"null","adjcess2":"null","adjcess3":"null","addtaxval1":"0","addtaxval2":"0","addtaxval3":"0","addtaxval4":"1039","addtaxval5":"0","addtaxval1desc":"NA","addtaxval2desc":"NA","addtaxval3desc":"NA","addtaxval4desc":"Integrated GST","addtaxval5desc":"NA"}}
ErrorMessage : dasd=
InnerExceptionMessage : {"genpremdtlsres":{"contractid":"null","quoterefno":"null","refno":"null","scrutinyno":"null","policyref":"null","netpremium":"5774","servicetaxamt":"0","educessamt":"0","totalpremium":"6813","finalpremium":"6813","servicetaxrate":"null","educessrate":"null","stampduty":"null","uwloadingper":"null","uwloadingamt":"null","loadingper":"null","loadingamt":"null","discountper":"null","discountamt":"null","spdiscountper":"null","spdiscountamt":"null","param1":"0","param2":"0","param3":"0","param4":"null"},"errorcoderes":"0","errorlistres":[],"transactionid":5023982,"servicetaxmstobj":{"taxcode":"07_IGST17","taxtype":"IGST","baseamount":"null","sertax":"0","educess":"0","sbtax":"0","kkc":"0","cess1":"0","cess2":"0","cess3":"0","sertaxdesc":"NA","educessdesc":"NA","sbcessdesc":"NA","kkccessdesc":"NA","cess1desc":"NA","cess2desc":"NA","cess3desc":"NA","adjsertax":"null","adjeducess":"null","adjsbtax":"null","adjkkc":"null","adjcess1":"null","adjcess2":"null","adjcess3":"null","addtaxval1":"0","addtaxval2":"0","addtaxval3":"0","addtaxval4":"1039","addtaxval5":"0","addtaxval1desc":"NA","addtaxval2desc":"NA","addtaxval3desc":"NA","addtaxval4desc":"Integrated GST","addtaxval5desc":"NA"}}
ErrorMessage : dasd=
InnerExceptionMessage : {"genpremdtlsres":{"contractid":"null","quoterefno":"null","refno":"null","scrutinyno":"null","policyref":"null","netpremium":"0","servicetaxamt":"0","educessamt":"0","totalpremium":"0","finalpremium":"0","servicetaxrate":"null","educessrate":"null","stampduty":"null","uwloadingper":"null","uwloadingamt":"null","loadingper":"null","loadingamt":"null","discountper":"null","discountamt":"null","spdiscountper":"null","spdiscountamt":"null","param1":"0","param2":"0","param3":"0","param4":"null"},"errorcoderes":"0","errorlistres":[],"transactionid":5023984,"servicetaxmstobj":{"taxcode":"07_IGST17","taxtype":"IGST","baseamount":"null","sertax":"0","educess":"0","sbtax":"0","kkc":"0","cess1":"0","cess2":"0","cess3":"0","sertaxdesc":"NA","educessdesc":"NA","sbcessdesc":"NA","kkccessdesc":"NA","cess1desc":"NA","cess2desc":"NA","cess3desc":"NA","adjsertax":"null","adjeducess":"null","adjsbtax":"null","adjkkc":"null","adjcess1":"null","adjcess2":"null","adjcess3":"null","addtaxval1":"0","addtaxval2":"0","addtaxval3":"0","addtaxval4":"0","addtaxval5":"0","addtaxval1desc":"NA","addtaxval2desc":"NA","addtaxval3desc":"NA","addtaxval4desc":"Integrated GST","addtaxval5desc":"NA"}}
ErrorMessage : dasd=
InnerExceptionMessage : {"genpremdtlsres":{"contractid":"null","quoterefno":"null","refno":"null","scrutinyno":"null","policyref":"null","netpremium":"0","servicetaxamt":"0","educessamt":"0","totalpremium":"0","finalpremium":"0","servicetaxrate":"null","educessrate":"null","stampduty":"null","uwloadingper":"null","uwloadingamt":"null","loadingper":"null","loadingamt":"null","discountper":"null","discountamt":"null","spdiscountper":"null","spdiscountamt":"null","param1":"0","param2":"0","param3":"0","param4":"null"},"errorcoderes":"0","errorlistres":[],"transactionid":5023986,"servicetaxmstobj":{"taxcode":"07_IGST17","taxtype":"IGST","baseamount":"null","sertax":"0","educess":"0","sbtax":"0","kkc":"0","cess1":"0","cess2":"0","cess3":"0","sertaxdesc":"NA","educessdesc":"NA","sbcessdesc":"NA","kkccessdesc":"NA","cess1desc":"NA","cess2desc":"NA","cess3desc":"NA","adjsertax":"null","adjeducess":"null","adjsbtax":"null","adjkkc":"null","adjcess1":"null","adjcess2":"null","adjcess3":"null","addtaxval1":"0","addtaxval2":"0","addtaxval3":"0","addtaxval4":"0","addtaxval5":"0","addtaxval1desc":"NA","addtaxval2desc":"NA","addtaxval3desc":"NA","addtaxval4desc":"Integrated GST","addtaxval5desc":"NA"}}
ErrorMessage : dasd=
InnerExceptionMessage : {"genpremdtlsres":{"contractid":"null","quoterefno":"null","refno":"null","scrutinyno":"null","policyref":"null","netpremium":"7027","servicetaxamt":"0","educessamt":"0","totalpremium":"8292","finalpremium":"8292","servicetaxrate":"null","educessrate":"null","stampduty":"null","uwloadingper":"null","uwloadingamt":"null","loadingper":"null","loadingamt":"null","discountper":"null","discountamt":"null","spdiscountper":"null","spdiscountamt":"null","param1":"0","param2":"0","param3":"0","param4":"null"},"errorcoderes":"0","errorlistres":[],"transactionid":5023988,"servicetaxmstobj":{"taxcode":"07_IGST17","taxtype":"IGST","baseamount":"null","sertax":"0","educess":"0","sbtax":"0","kkc":"0","cess1":"0","cess2":"0","cess3":"0","sertaxdesc":"NA","educessdesc":"NA","sbcessdesc":"NA","kkccessdesc":"NA","cess1desc":"NA","cess2desc":"NA","cess3desc":"NA","adjsertax":"null","adjeducess":"null","adjsbtax":"null","adjkkc":"null","adjcess1":"null","adjcess2":"null","adjcess3":"null","addtaxval1":"0","addtaxval2":"0","addtaxval3":"0","addtaxval4":"1265","addtaxval5":"0","addtaxval1desc":"NA","addtaxval2desc":"NA","addtaxval3desc":"NA","addtaxval4desc":"Integrated GST","addtaxval5desc":"NA"}}
ErrorMessage : dasd=
InnerExceptionMessage : {"premium":14800,"serviceTax":2664,"totalPremium":17464}
ErrorMessage : dasd=
InnerExceptionMessage : {"premium":14800,"serviceTax":2664,"totalPremium":17464}
ErrorMessage : dasd=
InnerExceptionMessage : {"premium":14800,"serviceTax":2664,"totalPremium":17464}
ErrorMessage : dasd=
InnerExceptionMessage : {"premium":14800,"serviceTax":2664,"totalPremium":17464}
ErrorMessage : dasd=
InnerExceptionMessage : {"premium":14800,"serviceTax":2664,"totalPremium":17464}
ErrorMessage : dasd=
InnerExceptionMessage : {"premium":14800,"serviceTax":2664,"totalPremium":17464}
ErrorMessage : dasd=
InnerExceptionMessage : {"premium":14800,"serviceTax":2664,"totalPremium":17464}
ErrorMessage : dasd=
InnerExceptionMessage : {"premium":14800,"serviceTax":2664,"totalPremium":17464}
ErrorMessage : dasd=
InnerExceptionMessage : {"premium":14800,"serviceTax":2664,"totalPremium":17464}
ErrorMessage : dasd=
InnerExceptionMessage : {"premium":14800,"serviceTax":2664,"totalPremium":17464}
ErrorMessage : dasd=
InnerExceptionMessage : {"premium":14800,"serviceTax":2664,"totalPremium":17464}
ErrorMessage : dasd=
InnerExceptionMessage : {"premium":14800,"serviceTax":2664,"totalPremium":17464}
ErrorMessage : dasd=
InnerExceptionMessage : {"premium":14800,"serviceTax":2664,"totalPremium":17464}
ErrorMessage : dasd=
InnerExceptionMessage : {"premium":14800,"serviceTax":2664,"totalPremium":17464}
ErrorMessage : dasd=
InnerExceptionMessage : {"premium":14800,"serviceTax":2664,"totalPremium":17464}
ErrorMessage : dasd=
InnerExceptionMessage : {"premium":14800,"serviceTax":2664,"totalPremium":17464}
ErrorMessage : dasd=
InnerExceptionMessage : {"premium":14800,"serviceTax":2664,"totalPremium":17464}
ErrorMessage : dasd=
InnerExceptionMessage : {"premium":14800,"serviceTax":2664,"totalPremium":17464}
ErrorMessage : dasd=
InnerExceptionMessage : {"premium":14800,"serviceTax":2664,"totalPremium":17464}
ErrorMessage : dasd=
InnerExceptionMessage : {"premium":14800,"serviceTax":2664,"totalPremium":17464}
ErrorMessage : dasd=
InnerExceptionMessage : {"premium":14800,"serviceTax":2664,"totalPremium":17464}
ErrorMessage : dasd=
InnerExceptionMessage : {"premium":14800,"serviceTax":2664,"totalPremium":17464}
ErrorMessage : dasd=
InnerExceptionMessage : {"premium":14800,"serviceTax":2664,"totalPremium":17464}
ErrorMessage : https://preprod-digitpolicyissuance.godigit.com/policyservice/v1/createQuote
InnerExceptionMessage : { "bookingId": "retail-2020-8120301", "type": "I", "purpose": "L", "customer": { "firstName": "abc test", "lastName": "Justforretail", "address": { "line1": "N.W. College", "line2": "", "line3": "", "state": "27", "city": "Lucknow", "country": "IND", "pinCode": "411001" }, "documents": [ { "type": "PPT", "id": "D89U0112" } ], "dob": "1990-02-02", "mobile": "9353568667", "email": "Bindu.S@godigit.com", "type": "N" }, "insuredPersons": [ { "firstName": "Neha", "lastName": "Justforretail", "address": { "line1": "N.W. College", "line2": "", "line3": "", "state": "27", "city": "Pune", "country": "IND", "pinCode": "411001" }, "documents": [ { "type": "PPT", "id": "D890112" } ], "dob": "1990-02-02", "mobile": "9879879879", "email": "test@gmail.com", "profession": "", "paxId": "1", "nominee": { "relationship": "S", "name": "Uduwei Uhdewui" }, "type": "N", "gender": "ML" } ], "insuredPersonsCount": "1", "bookingDate": "2020-02-11", "packageName": "R14", "geography": "UCI", "travelEndDate": "2020-02-27", "travelStartDate": "2020-02-19", "discountFlag": "" }
ErrorMessage : getdetail-webexception=
InnerExceptionMessage : The remote server returned an error: (500) Internal Server Error.
ErrorMessage : https://preprod-digitpolicyissuance.godigit.com/policyservice/v1/createQuote
InnerExceptionMessage : { "bookingId": "retail-2020-58142878", "type": "I", "purpose": "L", "customer": { "firstName": "abc test", "lastName": "Justforretail", "address": { "line1": "N.W. College", "line2": "", "line3": "", "state": "27", "city": "Lucknow", "country": "IND", "pinCode": "411001" }, "documents": [ { "type": "PPT", "id": "D89U0112" } ], "dob": "1990-02-02", "mobile": "9353568667", "email": "Bindu.S@godigit.com", "type": "N" }, "insuredPersons": [ { "firstName": "Neha", "lastName": "Justforretail", "address": { "line1": "N.W. College", "line2": "", "line3": "", "state": "27", "city": "Pune", "country": "IND", "pinCode": "411001" }, "documents": [ { "type": "PPT", "id": "D890112" } ], "dob": "1990-02-02", "mobile": "9879879879", "email": "test@gmail.com", "profession": "", "paxId": "1", "nominee": { "relationship": "S", "name": "Uduwei Uhdewui" }, "type": "N", "gender": "ML" } ], "insuredPersonsCount": "1", "bookingDate": "2020-02-11", "packageName": "R14", "geography": "UCI", "travelEndDate": "2020-02-27", "travelStartDate": "2020-02-19", "discountFlag": "" }
ErrorMessage : getdetail-webexception=
InnerExceptionMessage : The remote server returned an error: (500) Internal Server Error.
ErrorMessage : dasd=
InnerExceptionMessage : {"genpremdtlsres":{"contractid":"null","quoterefno":"null","refno":"null","scrutinyno":"null","policyref":"null","netpremium":"0","servicetaxamt":"0","educessamt":"0","totalpremium":"0","finalpremium":"0","servicetaxrate":"null","educessrate":"null","stampduty":"null","uwloadingper":"null","uwloadingamt":"null","loadingper":"null","loadingamt":"null","discountper":"null","discountamt":"null","spdiscountper":"null","spdiscountamt":"null","param1":"0","param2":"0","param3":"0","param4":"null"},"errorcoderes":"0","errorlistres":[],"transactionid":5024099,"servicetaxmstobj":{"taxcode":"07_IGST17","taxtype":"IGST","baseamount":"null","sertax":"0","educess":"0","sbtax":"0","kkc":"0","cess1":"0","cess2":"0","cess3":"0","sertaxdesc":"NA","educessdesc":"NA","sbcessdesc":"NA","kkccessdesc":"NA","cess1desc":"NA","cess2desc":"NA","cess3desc":"NA","adjsertax":"null","adjeducess":"null","adjsbtax":"null","adjkkc":"null","adjcess1":"null","adjcess2":"null","adjcess3":"null","addtaxval1":"0","addtaxval2":"0","addtaxval3":"0","addtaxval4":"0","addtaxval5":"0","addtaxval1desc":"NA","addtaxval2desc":"NA","addtaxval3desc":"NA","addtaxval4desc":"Integrated GST","addtaxval5desc":"NA"}}
ErrorMessage : dasd=
InnerExceptionMessage : {"genpremdtlsres":{"contractid":"null","quoterefno":"null","refno":"null","scrutinyno":"null","policyref":"null","netpremium":"0","servicetaxamt":"0","educessamt":"0","totalpremium":"0","finalpremium":"0","servicetaxrate":"null","educessrate":"null","stampduty":"null","uwloadingper":"null","uwloadingamt":"null","loadingper":"null","loadingamt":"null","discountper":"null","discountamt":"null","spdiscountper":"null","spdiscountamt":"null","param1":"0","param2":"0","param3":"0","param4":"null"},"errorcoderes":"0","errorlistres":[],"transactionid":5024101,"servicetaxmstobj":{"taxcode":"07_IGST17","taxtype":"IGST","baseamount":"null","sertax":"0","educess":"0","sbtax":"0","kkc":"0","cess1":"0","cess2":"0","cess3":"0","sertaxdesc":"NA","educessdesc":"NA","sbcessdesc":"NA","kkccessdesc":"NA","cess1desc":"NA","cess2desc":"NA","cess3desc":"NA","adjsertax":"null","adjeducess":"null","adjsbtax":"null","adjkkc":"null","adjcess1":"null","adjcess2":"null","adjcess3":"null","addtaxval1":"0","addtaxval2":"0","addtaxval3":"0","addtaxval4":"0","addtaxval5":"0","addtaxval1desc":"NA","addtaxval2desc":"NA","addtaxval3desc":"NA","addtaxval4desc":"Integrated GST","addtaxval5desc":"NA"}}
ErrorMessage : dasd=
InnerExceptionMessage : {"genpremdtlsres":{"contractid":"null","quoterefno":"null","refno":"null","scrutinyno":"null","policyref":"null","netpremium":"3637","servicetaxamt":"0","educessamt":"0","totalpremium":"4292","finalpremium":"4292","servicetaxrate":"null","educessrate":"null","stampduty":"null","uwloadingper":"null","uwloadingamt":"null","loadingper":"null","loadingamt":"null","discountper":"null","discountamt":"null","spdiscountper":"null","spdiscountamt":"null","param1":"0","param2":"0","param3":"0","param4":"null"},"errorcoderes":"0","errorlistres":[],"transactionid":5024107,"servicetaxmstobj":{"taxcode":"07_IGST17","taxtype":"IGST","baseamount":"null","sertax":"0","educess":"0","sbtax":"0","kkc":"0","cess1":"0","cess2":"0","cess3":"0","sertaxdesc":"NA","educessdesc":"NA","sbcessdesc":"NA","kkccessdesc":"NA","cess1desc":"NA","cess2desc":"NA","cess3desc":"NA","adjsertax":"null","adjeducess":"null","adjsbtax":"null","adjkkc":"null","adjcess1":"null","adjcess2":"null","adjcess3":"null","addtaxval1":"0","addtaxval2":"0","addtaxval3":"0","addtaxval4":"655","addtaxval5":"0","addtaxval1desc":"NA","addtaxval2desc":"NA","addtaxval3desc":"NA","addtaxval4desc":"Integrated GST","addtaxval5desc":"NA"}}
ErrorMessage : dasd=
InnerExceptionMessage : {"genpremdtlsres":{"contractid":"null","quoterefno":"null","refno":"null","scrutinyno":"null","policyref":"null","netpremium":"7027","servicetaxamt":"0","educessamt":"0","totalpremium":"8292","finalpremium":"8292","servicetaxrate":"null","educessrate":"null","stampduty":"null","uwloadingper":"null","uwloadingamt":"null","loadingper":"null","loadingamt":"null","discountper":"null","discountamt":"null","spdiscountper":"null","spdiscountamt":"null","param1":"0","param2":"0","param3":"0","param4":"null"},"errorcoderes":"0","errorlistres":[],"transactionid":5024111,"servicetaxmstobj":{"taxcode":"07_IGST17","taxtype":"IGST","baseamount":"null","sertax":"0","educess":"0","sbtax":"0","kkc":"0","cess1":"0","cess2":"0","cess3":"0","sertaxdesc":"NA","educessdesc":"NA","sbcessdesc":"NA","kkccessdesc":"NA","cess1desc":"NA","cess2desc":"NA","cess3desc":"NA","adjsertax":"null","adjeducess":"null","adjsbtax":"null","adjkkc":"null","adjcess1":"null","adjcess2":"null","adjcess3":"null","addtaxval1":"0","addtaxval2":"0","addtaxval3":"0","addtaxval4":"1265","addtaxval5":"0","addtaxval1desc":"NA","addtaxval2desc":"NA","addtaxval3desc":"NA","addtaxval4desc":"Integrated GST","addtaxval5desc":"NA"}}
ErrorMessage : dasd=
InnerExceptionMessage : {"premium":14800,"serviceTax":2664,"totalPremium":17464}
ErrorMessage : dasd=
InnerExceptionMessage : {"premium":14800,"serviceTax":2664,"totalPremium":17464}
ErrorMessage : dasd=
InnerExceptionMessage : {"premium":14800,"serviceTax":2664,"totalPremium":17464}
ErrorMessage : dasd=
InnerExceptionMessage : {"premium":14800,"serviceTax":2664,"totalPremium":17464}
ErrorMessage : dasd=
InnerExceptionMessage : {"premium":14800,"serviceTax":2664,"totalPremium":17464}
ErrorMessage : dasd=
InnerExceptionMessage : {"premium":14800,"serviceTax":2664,"totalPremium":17464}
ErrorMessage : dasd=
InnerExceptionMessage : {"premium":14800,"serviceTax":2664,"totalPremium":17464}
ErrorMessage : dasd=
InnerExceptionMessage : {"premium":14800,"serviceTax":2664,"totalPremium":17464}
ErrorMessage : dasd=
InnerExceptionMessage : {"premium":14800,"serviceTax":2664,"totalPremium":17464}
ErrorMessage : dasd=
InnerExceptionMessage : {"premium":14800,"serviceTax":2664,"totalPremium":17464}
ErrorMessage : dasd=
InnerExceptionMessage : {"premium":14800,"serviceTax":2664,"totalPremium":17464}
ErrorMessage : dasd=
InnerExceptionMessage : {"premium":14800,"serviceTax":2664,"totalPremium":17464}
ErrorMessage : dasd=
InnerExceptionMessage : {"premium":14800,"serviceTax":2664,"totalPremium":17464}
ErrorMessage : dasd=
InnerExceptionMessage : {"premium":14800,"serviceTax":2664,"totalPremium":17464}
ErrorMessage : dasd=
InnerExceptionMessage : {"premium":14800,"serviceTax":2664,"totalPremium":17464}
ErrorMessage : dasd=
InnerExceptionMessage : {"premium":14800,"serviceTax":2664,"totalPremium":17464}
ErrorMessage : dasd=
InnerExceptionMessage : {"premium":14800,"serviceTax":2664,"totalPremium":17464}
ErrorMessage : dasd=
InnerExceptionMessage : {"premium":14800,"serviceTax":2664,"totalPremium":17464}
ErrorMessage : dasd=
InnerExceptionMessage : {"premium":14800,"serviceTax":2664,"totalPremium":17464}
ErrorMessage : dasd=
InnerExceptionMessage : {"premium":14800,"serviceTax":2664,"totalPremium":17464}
ErrorMessage : dasd=
InnerExceptionMessage : {"premium":14800,"serviceTax":2664,"totalPremium":17464}
ErrorMessage : dasd=
InnerExceptionMessage : {"premium":14800,"serviceTax":2664,"totalPremium":17464}
ErrorMessage : dasd=
InnerExceptionMessage : {"premium":14800,"serviceTax":2664,"totalPremium":17464}
ErrorMessage : dasd=
InnerExceptionMessage : {"premium":14800,"serviceTax":2664,"totalPremium":17464}
ErrorMessage : dasd=
InnerExceptionMessage : {"premium":14800,"serviceTax":2664,"totalPremium":17464}
ErrorMessage : dasd=
InnerExceptionMessage : {"premium":14800,"serviceTax":2664,"totalPremium":17464}
ErrorMessage : dasd=
InnerExceptionMessage : {"premium":14800,"serviceTax":2664,"totalPremium":17464}
ErrorMessage : dasd=
InnerExceptionMessage : {"premium":14800,"serviceTax":2664,"totalPremium":17464}
ErrorMessage : dasd=
InnerExceptionMessage : {"premium":14800,"serviceTax":2664,"totalPremium":17464}
ErrorMessage : dasd=
InnerExceptionMessage : {"premium":14800,"serviceTax":2664,"totalPremium":17464}
ErrorMessage : dasd=
InnerExceptionMessage : {"premium":14800,"serviceTax":2664,"totalPremium":17464}
ErrorMessage : dasd=
InnerExceptionMessage : {"premium":14800,"serviceTax":2664,"totalPremium":17464}
ErrorMessage : dasd=
InnerExceptionMessage : {"premium":14800,"serviceTax":2664,"totalPremium":17464}
ErrorMessage : dasd=
InnerExceptionMessage : {"premium":14800,"serviceTax":2664,"totalPremium":17464}
ErrorMessage : dasd=
InnerExceptionMessage : {"premium":14800,"serviceTax":2664,"totalPremium":17464}
ErrorMessage : dasd=
InnerExceptionMessage : {"premium":14800,"serviceTax":2664,"totalPremium":17464}
ErrorMessage : https://igsan.starhealth.in/api/policy/proposals
InnerExceptionMessage : {"sumInsuredId":1,"schemeId":6,"sumAssured":"500000","Amount":"14800","serviceTax":"2664","totalPremium":"17464","NoOfAdults":"2","NoOfChildren":"2","Plan":"Comprehensive","startOn":"February 12, 2020","endOn":"February 11, 2021","policyCategory":"fresh","proposerName":"re6te rzytrdy","proposerEmail":"d@gmail.com","proposerPhone":"9879789879","proposerAddressOne":"thfgjh","proposerAddressTwo":"ghjghj","proposerAreaId":"61380","proposerAreaPinCode":"226016","proposerAreaCityId":"3090","proposerResidenceAddressOne":"sgfsfg","proposerResidenceAddressTwo":"dgdfgd","proposerResidenceAreaId":"61380","proposerResidenceAreaPinCode":"226016","proposerResidenceAreaCityId":"3090","proposerDob":"February 11, 1991","panNumber":"","gstTypeId":"","gstIdNumber":"","aadharNumber":"","eiaNumber":"","socialStatus":"1","socialStatusBpl":"1","socialStatusDisabled":"1","socialStatusInformal":"1","socialStatusUnorganized":"1","previousMedicalInsurance":"","annualIncome":"100000000","criticalIllness":"false","insureds[0]":{"dob":"February 06, 1992","sumInsuredId":1,"name":"gdfgd","sex":"Male","illness":"None","description":"","relationshipId":1,"occupationId":2,"hospitalCash":"0","height":156,"weight":46,"isPersonalAccidentApplicable":"true","engageManualLabour":"Nil","engageWinterSports":"Nil","buyBackPED":0},"insureds[1]":{"dob":"February 03, 1993","sumInsuredId":1,"name":"dgdfgd","sex":"Female","illness":"None","description":"","relationshipId":2,"occupationId":10,"hospitalCash":"0","height":156,"weight":50,"isPersonalAccidentApplicable":"false","engageManualLabour":"Nil","engageWinterSports":"Nil","buyBackPED":0},"insureds[2]":{"dob":"February 03, 2011","sumInsuredId":1,"name":"gdfghdf","sex":"Male","illness":"None","description":"","relationshipId":3,"occupationId":12,"hospitalCash":"0","height":130,"weight":30,"isPersonalAccidentApplicable":"false","engageManualLabour":"Nil","engageWinterSports":"Nil","buyBackPED":0},"insureds[3]":{"dob":"July 01, 2001","sumInsuredId":1,"name":"gddfgfd","sex":"Female","illness":"None","description":"","relationshipId":4,"occupationId":12,"hospitalCash":"0","height":140,"weight":30,"isPersonalAccidentApplicable":"false","engageManualLabour":"Nil","engageWinterSports":"Nil","buyBackPED":0},"nomineeName":"afsdf","nomineeAge":"23","nomineeRelationship":"Daughter in Law","nomineePercentClaim":"100","appointeeName":"","appointeeAge":"","appointeeRelationship":"","nomineeNameTwo":"","nomineeAgeTwo":"","nomineeRelationshipTwo":"","nomineePercentClaimTwo":"","appointeeNameTwo":"","appointeeAgeTwo":"","appointeeRelationshipTwo":"","APIKEY":"75dc72e57d2148f5a76676895c18ff11","SECRETKEY":"9ad7d6ccb13343c69d0ceb38d13a5d8f","policyTypeName":"COMPREHENSIVE","travelStartOn":"","travelEndOn":"","planId":9519,"postalCode":0,"period":1,"searchId":21385,"companyId":"10006"}
ErrorMessage : getdetail-webexception=
InnerExceptionMessage : The remote server returned an error: (400) Bad Request.
ErrorMessage : dasd=
InnerExceptionMessage : {"referenceId":"991547fe4b8d49228260086c0d421750","premium":14800,"serviceTax":2664,"totalPremium":17464}
ErrorMessage : dasd=
InnerExceptionMessage : {"referenceId":"991547fe4b8d49228260086c0d421750","redirectToken":"061c6bc12e5fc3c78fd9bf55ac9b813a"}
ErrorMessage : dasd=
InnerExceptionMessage : {"premium":14800,"serviceTax":2664,"totalPremium":17464}
ErrorMessage : dasd=
InnerExceptionMessage : {"premium":14800,"serviceTax":2664,"totalPremium":17464}
ErrorMessage : dasd=
InnerExceptionMessage : {"pdfName":"","premium":"9567","totalPremium":"11425.44","accidentalDeathPremium":"59","permanentDisabilityPremium":"47","criticalIllnessPremium":"194","premiumWaiver":"0","betterHalfPremium":"0","basePremium":"8108","hcbPremium":"1558","error":null,"isValid":true,"sumAssured":null}
ErrorMessage : dasd=
InnerExceptionMessage : {"pdfName":"","premium":"26642","totalPremium":"29976.04","accidentalDeathPremium":"59","permanentDisabilityPremium":"47","criticalIllnessPremium":"772","premiumWaiver":"0","betterHalfPremium":"0","basePremium":"22578","hcbPremium":"2456","error":null,"isValid":true,"sumAssured":null}
ErrorMessage : https://preprod-digitpolicyissuance.godigit.com/policyservice/v1/createQuote
InnerExceptionMessage : { "bookingId": "retail-2020-80978158", "type": "I", "purpose": "L", "customer": { "firstName": "Poonam yadav", "lastName": "Justforretail", "address": { "line1": "N.W. College", "line2": "", "line3": "", "state": "27", "city": "lkoik", "country": "IND", "pinCode": "411001" }, "documents": [ { "type": "PPT", "id": "D89U0112" } ], "dob": "1990-02-02", "mobile": "9353568667", "email": "Bindu.S@godigit.com", "type": "N" }, "insuredPersons": [ { "firstName": "Neha", "lastName": "Justforretail", "address": { "line1": "N.W. College", "line2": "", "line3": "", "state": "27", "city": "Pune", "country": "IND", "pinCode": "411001" }, "documents": [ { "type": "PPT", "id": "D890112" } ], "dob": "1990-02-02", "mobile": "9084594756", "email": "p@gmail.com", "profession": "", "paxId": "1", "nominee": { "relationship": "S", "name": "Uduwei Uhdewui" }, "type": "N", "gender": "ML" } ], "insuredPersonsCount": "1", "bookingDate": "2020-02-11", "packageName": "R14", "geography": "UCI", "travelEndDate": "2020-02-18", "travelStartDate": "2020-02-13", "discountFlag": "" }
ErrorMessage : getdetail-webexception=
InnerExceptionMessage : The remote server returned an error: (500) Internal Server Error.
ErrorMessage : dasd=
InnerExceptionMessage : {"premium":606,"serviceTax":110,"totalPremium":716}
ErrorMessage : dasd=
InnerExceptionMessage : {"pdfName":"","premium":"9567","totalPremium":"11307.44","accidentalDeathPremium":"59","permanentDisabilityPremium":"47","criticalIllnessPremium":"177","premiumWaiver":"0","betterHalfPremium":"0","basePremium":"8108","hcbPremium":"1457","error":null,"isValid":true,"sumAssured":null}
ErrorMessage : dasd=
InnerExceptionMessage : {"pdfName":"","premium":"24516","totalPremium":"27781.68","accidentalDeathPremium":"59","permanentDisabilityPremium":"47","criticalIllnessPremium":"728","premiumWaiver":"0","betterHalfPremium":"0","basePremium":"20776","hcbPremium":"2432","error":null,"isValid":true,"sumAssured":null}
ErrorMessage : http://103.118.2.17/whitelabelapi/v2/getpremium
InnerExceptionMessage : { 'product': 'Zindagiplus', 'fullName':  'hfjc njkdfhvnk', 'cliGender': 'Male', 'age':'39', 'cliDOB': '14/02/1980', 'maturityAge': '0', 'frequency': 'Yearly', 'smoke': 'No', 'policyTerm': '40', 'premiumPayingTerm': '40', 'sumAssured': '10000000', 'staff': 'No', 'workSiteFlag': 'No', 'index': '0', 'ADB': '100000', 'ATPD': '100000', 'CI': '100000', 'HCB': '100000', 'Term': '', 'WOP': 'No', 'pdf': 'No', 'childAge': '', 'childGender': '', 'maturityOption': '', 'flexibleBenefitYear': '', 'postponement': '', 'largeCap': '', 'top250': '', 'bond': '', 'moneyMarket': '', 'PEBased': '', 'managed': '', 'claimsOption': '', 'LAProposerSame': 'false',   'LAFullName': 'hfjc njkdfhvnk', 'LAEmail': 'p@gmail.com','LAMarriedStatus':'single', 'LANumber': '8759347890', 'LATobacco': 'No', 'LAAge': '39', 'LADOB': '14/02/1980', 'investmentStrategy': '', 'LAGender': 'Male', 'risingStar': 'No', 'policyOption': 'Life Cover with Level Sum Assured', 'distributionChannel': 'Corporate Agent', 'betterHalfBenefit': 'No', 'spouseFirstName': '', 'spouseLastName': ' ', 'spouseDOB': '', 'spouseGender': '', 'spouseAge': '', 'spouseTobaccoUser': '', 'additionalBenefit': '', 'topUpBenefitPercentage': '', 'payoutOption': 'LumpSum', 'payoutMonths': '', 'payoutPercentageLumpsum': '100', 'payoutPercentageLevelIncome': '0', 'payoutPercentageIncreasingIncome': '0', 'tranId': '' }
ErrorMessage : getdetail-webexception=
InnerExceptionMessage : The remote server returned an error: (400) Bad Request.
ErrorMessage : dasd=
InnerExceptionMessage : {"genpremdtlsres":{"contractid":"null","quoterefno":"null","refno":"null","scrutinyno":"null","policyref":"null","netpremium":"0","servicetaxamt":"0","educessamt":"0","totalpremium":"0","finalpremium":"0","servicetaxrate":"null","educessrate":"null","stampduty":"null","uwloadingper":"null","uwloadingamt":"null","loadingper":"null","loadingamt":"null","discountper":"null","discountamt":"null","spdiscountper":"null","spdiscountamt":"null","param1":"0","param2":"0","param3":"0","param4":"null"},"errorcoderes":"0","errorlistres":[],"transactionid":5024650,"servicetaxmstobj":{"taxcode":"07_IGST17","taxtype":"IGST","baseamount":"null","sertax":"0","educess":"0","sbtax":"0","kkc":"0","cess1":"0","cess2":"0","cess3":"0","sertaxdesc":"NA","educessdesc":"NA","sbcessdesc":"NA","kkccessdesc":"NA","cess1desc":"NA","cess2desc":"NA","cess3desc":"NA","adjsertax":"null","adjeducess":"null","adjsbtax":"null","adjkkc":"null","adjcess1":"null","adjcess2":"null","adjcess3":"null","addtaxval1":"0","addtaxval2":"0","addtaxval3":"0","addtaxval4":"0","addtaxval5":"0","addtaxval1desc":"NA","addtaxval2desc":"NA","addtaxval3desc":"NA","addtaxval4desc":"Integrated GST","addtaxval5desc":"NA"}}
ErrorMessage : dasd=
InnerExceptionMessage : {"genpremdtlsres":{"contractid":"null","quoterefno":"null","refno":"null","scrutinyno":"null","policyref":"null","netpremium":"0","servicetaxamt":"0","educessamt":"0","totalpremium":"0","finalpremium":"0","servicetaxrate":"null","educessrate":"null","stampduty":"null","uwloadingper":"null","uwloadingamt":"null","loadingper":"null","loadingamt":"null","discountper":"null","discountamt":"null","spdiscountper":"null","spdiscountamt":"null","param1":"0","param2":"0","param3":"0","param4":"null"},"errorcoderes":"0","errorlistres":[],"transactionid":5024658,"servicetaxmstobj":{"taxcode":"07_IGST17","taxtype":"IGST","baseamount":"null","sertax":"0","educess":"0","sbtax":"0","kkc":"0","cess1":"0","cess2":"0","cess3":"0","sertaxdesc":"NA","educessdesc":"NA","sbcessdesc":"NA","kkccessdesc":"NA","cess1desc":"NA","cess2desc":"NA","cess3desc":"NA","adjsertax":"null","adjeducess":"null","adjsbtax":"null","adjkkc":"null","adjcess1":"null","adjcess2":"null","adjcess3":"null","addtaxval1":"0","addtaxval2":"0","addtaxval3":"0","addtaxval4":"0","addtaxval5":"0","addtaxval1desc":"NA","addtaxval2desc":"NA","addtaxval3desc":"NA","addtaxval4desc":"Integrated GST","addtaxval5desc":"NA"}}
ErrorMessage : dasd=
InnerExceptionMessage : {"genpremdtlsres":{"contractid":"null","quoterefno":"null","refno":"null","scrutinyno":"null","policyref":"null","netpremium":"0","servicetaxamt":"0","educessamt":"0","totalpremium":"0","finalpremium":"0","servicetaxrate":"null","educessrate":"null","stampduty":"null","uwloadingper":"null","uwloadingamt":"null","loadingper":"null","loadingamt":"null","discountper":"null","discountamt":"null","spdiscountper":"null","spdiscountamt":"null","param1":"0","param2":"0","param3":"0","param4":"null"},"errorcoderes":"0","errorlistres":[],"transactionid":5024666,"servicetaxmstobj":{"taxcode":"07_IGST17","taxtype":"IGST","baseamount":"null","sertax":"0","educess":"0","sbtax":"0","kkc":"0","cess1":"0","cess2":"0","cess3":"0","sertaxdesc":"NA","educessdesc":"NA","sbcessdesc":"NA","kkccessdesc":"NA","cess1desc":"NA","cess2desc":"NA","cess3desc":"NA","adjsertax":"null","adjeducess":"null","adjsbtax":"null","adjkkc":"null","adjcess1":"null","adjcess2":"null","adjcess3":"null","addtaxval1":"0","addtaxval2":"0","addtaxval3":"0","addtaxval4":"0","addtaxval5":"0","addtaxval1desc":"NA","addtaxval2desc":"NA","addtaxval3desc":"NA","addtaxval4desc":"Integrated GST","addtaxval5desc":"NA"}}
ErrorMessage : http://103.118.2.17/whitelabelapi/v2/getpremium
InnerExceptionMessage : { 'product': 'Zindagiplus', 'fullName':  'pofdf jhfvbjkvnhhbgnj ', 'cliGender': 'Female', 'age':'62', 'cliDOB': '12/02/1957', 'maturityAge': '0', 'frequency': 'Yearly', 'smoke': 'Yes', 'policyTerm': '40', 'premiumPayingTerm': '40', 'sumAssured': '10000000', 'staff': 'No', 'workSiteFlag': 'No', 'index': '0', 'ADB': '100000', 'ATPD': '100000', 'CI': '100000', 'HCB': '100000', 'Term': '', 'WOP': 'No', 'pdf': 'No', 'childAge': '', 'childGender': '', 'maturityOption': '', 'flexibleBenefitYear': '', 'postponement': '', 'largeCap': '', 'top250': '', 'bond': '', 'moneyMarket': '', 'PEBased': '', 'managed': '', 'claimsOption': '', 'LAProposerSame': 'false',   'LAFullName': 'pofdf jhfvbjkvnhhbgnj ', 'LAEmail': 'p@gmail.com','LAMarriedStatus':'single', 'LANumber': '9475894769', 'LATobacco': 'Yes', 'LAAge': '62', 'LADOB': '12/02/1957', 'investmentStrategy': '', 'LAGender': 'Female', 'risingStar': 'No', 'policyOption': 'Life Cover with Level Sum Assured', 'distributionChannel': 'Corporate Agent', 'betterHalfBenefit': 'No', 'spouseFirstName': '', 'spouseLastName': ' ', 'spouseDOB': '', 'spouseGender': '', 'spouseAge': '', 'spouseTobaccoUser': '', 'additionalBenefit': '', 'topUpBenefitPercentage': '', 'payoutOption': 'LumpSum', 'payoutMonths': '', 'payoutPercentageLumpsum': '100', 'payoutPercentageLevelIncome': '0', 'payoutPercentageIncreasingIncome': '0', 'tranId': '' }
ErrorMessage : getdetail-webexception=
InnerExceptionMessage : The remote server returned an error: (400) Bad Request.
ErrorMessage : http://103.118.2.17/whitelabelapi/v2/getpremium
InnerExceptionMessage : { 'product': 'Zindagiplus', 'fullName':  'poonam tafscv hj', 'cliGender': 'Female', 'age':'20', 'cliDOB': '24/02/1999', 'maturityAge': '0', 'frequency': 'Yearly', 'smoke': 'Yes', 'policyTerm': '40', 'premiumPayingTerm': '40', 'sumAssured': '10000000', 'staff': 'No', 'workSiteFlag': 'No', 'index': '0', 'ADB': '100000', 'ATPD': '100000', 'CI': '100000', 'HCB': '100000', 'Term': '', 'WOP': 'No', 'pdf': 'No', 'childAge': '', 'childGender': '', 'maturityOption': '', 'flexibleBenefitYear': '', 'postponement': '', 'largeCap': '', 'top250': '', 'bond': '', 'moneyMarket': '', 'PEBased': '', 'managed': '', 'claimsOption': '', 'LAProposerSame': 'false',   'LAFullName': 'poonam tafscv hj', 'LAEmail': 'jjhnk@gmail.com','LAMarriedStatus':'single', 'LANumber': '9475987698', 'LATobacco': 'Yes', 'LAAge': '20', 'LADOB': '24/02/1999', 'investmentStrategy': '', 'LAGender': 'Female', 'risingStar': 'No', 'policyOption': 'Life Cover with Level Sum Assured', 'distributionChannel': 'Corporate Agent', 'betterHalfBenefit': 'No', 'spouseFirstName': '', 'spouseLastName': ' ', 'spouseDOB': '', 'spouseGender': '', 'spouseAge': '', 'spouseTobaccoUser': '', 'additionalBenefit': '', 'topUpBenefitPercentage': '', 'payoutOption': 'LumpSum', 'payoutMonths': '', 'payoutPercentageLumpsum': '100', 'payoutPercentageLevelIncome': '0', 'payoutPercentageIncreasingIncome': '0', 'tranId': '' }
ErrorMessage : getdetail-webexception=
InnerExceptionMessage : The remote server returned an error: (400) Bad Request.
