ErrorMessage : dasd=
InnerExceptionMessage : {"premium":14030,"serviceTax":2526,"totalPremium":16556}
ErrorMessage : dasd=
InnerExceptionMessage : {"premium":14030,"serviceTax":2526,"totalPremium":16556}
ErrorMessage : https://preprod-digitpolicyissuance.godigit.com/policyservice/v1/createQuote
InnerExceptionMessage : { "bookingId": "retail-2020-9912381", "type": "I", "purpose": "L", "customer": { "firstName": "divya mishra", "lastName": "Justforretail", "address": { "line1": "N.W. College", "line2": "", "line3": "", "state": "27", "city": "lucknow", "country": "IND", "pinCode": "411001" }, "documents": [ { "type": "PPT", "id": "D89U0112" } ], "dob": "1990-02-02", "mobile": "9353568667", "email": "Bindu.S@godigit.com", "type": "N" }, "insuredPersons": [ { "firstName": "Neha", "lastName": "Justforretail", "address": { "line1": "N.W. College", "line2": "", "line3": "", "state": "27", "city": "Pune", "country": "IND", "pinCode": "411001" }, "documents": [ { "type": "PPT", "id": "D890112" } ], "dob": "1990-02-02", "mobile": "9856453635", "email": "divay@gmail.com", "profession": "", "paxId": "1", "nominee": { "relationship": "S", "name": "Uduwei Uhdewui" }, "type": "N", "gender": "ML" } ], "insuredPersonsCount": "1", "bookingDate": "2020-01-24", "packageName": "R14", "geography": "UCI", "travelEndDate": "2020-01-26", "travelStartDate": "2020-01-25", "discountFlag": "" }
ErrorMessage : getdetail-webexception=
InnerExceptionMessage : The remote server returned an error: (502) Bad Gateway.
ErrorMessage : https://preprod-digitpolicyissuance.godigit.com/policyservice/v1/createQuote
InnerExceptionMessage : { "bookingId": "retail-2020-40129748", "type": "I", "purpose": "L", "customer": { "firstName": "divya mishra", "lastName": "Justforretail", "address": { "line1": "N.W. College", "line2": "", "line3": "", "state": "27", "city": "lucknow", "country": "IND", "pinCode": "411001" }, "documents": [ { "type": "PPT", "id": "D89U0112" } ], "dob": "1990-02-02", "mobile": "9353568667", "email": "Bindu.S@godigit.com", "type": "N" }, "insuredPersons": [ { "firstName": "Neha", "lastName": "Justforretail", "address": { "line1": "N.W. College", "line2": "", "line3": "", "state": "27", "city": "Pune", "country": "IND", "pinCode": "411001" }, "documents": [ { "type": "PPT", "id": "D890112" } ], "dob": "1990-02-02", "mobile": "9856453635", "email": "divay@gmail.com", "profession": "", "paxId": "1", "nominee": { "relationship": "S", "name": "Uduwei Uhdewui" }, "type": "N", "gender": "ML" } ], "insuredPersonsCount": "1", "bookingDate": "2020-01-24", "packageName": "", "geography": "UCI", "travelEndDate": "2020-01-26", "travelStartDate": "2020-01-25", "discountFlag": "" }
ErrorMessage : getdetail-webexception=
InnerExceptionMessage : The remote server returned an error: (502) Bad Gateway.
ErrorMessage : https://preprod-digitpolicyissuance.godigit.com/policyservice/v1/createQuote
InnerExceptionMessage : { "bookingId": "retail-2020-76744506", "type": "I", "purpose": "L", "customer": { "firstName": "divya mishra", "lastName": "Justforretail", "address": { "line1": "N.W. College", "line2": "", "line3": "", "state": "27", "city": "lucknow", "country": "IND", "pinCode": "411001" }, "documents": [ { "type": "PPT", "id": "D89U0112" } ], "dob": "1990-02-02", "mobile": "9353568667", "email": "Bindu.S@godigit.com", "type": "N" }, "insuredPersons": [ { "firstName": "Neha", "lastName": "Justforretail", "address": { "line1": "N.W. College", "line2": "", "line3": "", "state": "27", "city": "Pune", "country": "IND", "pinCode": "411001" }, "documents": [ { "type": "PPT", "id": "D890112" } ], "dob": "1990-02-02", "mobile": "9856453635", "email": "divay@gmail.com", "profession": "", "paxId": "1", "nominee": { "relationship": "S", "name": "Uduwei Uhdewui" }, "type": "N", "gender": "ML" } ], "insuredPersonsCount": "1", "bookingDate": "2020-01-24", "packageName": "R15", "geography": "UCI", "travelEndDate": "2020-01-26", "travelStartDate": "2020-01-25", "discountFlag": "" }
ErrorMessage : getdetail-webexception=
InnerExceptionMessage : The remote server returned an error: (502) Bad Gateway.
ErrorMessage : https://preprod-digitpolicyissuance.godigit.com/policyservice/v1/createQuote
InnerExceptionMessage : { "bookingId": "retail-2020-44777092", "type": "I", "purpose": "L", "customer": { "firstName": "divya mishra", "lastName": "Justforretail", "address": { "line1": "N.W. College", "line2": "", "line3": "", "state": "27", "city": "lucknow", "country": "IND", "pinCode": "411001" }, "documents": [ { "type": "PPT", "id": "D89U0112" } ], "dob": "1990-02-02", "mobile": "9353568667", "email": "Bindu.S@godigit.com", "type": "N" }, "insuredPersons": [ { "firstName": "Neha", "lastName": "Justforretail", "address": { "line1": "N.W. College", "line2": "", "line3": "", "state": "27", "city": "Pune", "country": "IND", "pinCode": "411001" }, "documents": [ { "type": "PPT", "id": "D890112" } ], "dob": "1990-02-02", "mobile": "9856453635", "email": "divay@gmail.com", "profession": "", "paxId": "1", "nominee": { "relationship": "S", "name": "Uduwei Uhdewui" }, "type": "N", "gender": "ML" } ], "insuredPersonsCount": "1", "bookingDate": "2020-01-24", "packageName": "", "geography": "UCI", "travelEndDate": "2020-01-26", "travelStartDate": "2020-01-25", "discountFlag": "" }
ErrorMessage : getdetail-webexception=
InnerExceptionMessage : The remote server returned an error: (502) Bad Gateway.
ErrorMessage : https://preprod-digitpolicyissuance.godigit.com/policyservice/v1/createQuote
InnerExceptionMessage : { "bookingId": "retail-2020-42795908", "type": "I", "purpose": "L", "customer": { "firstName": "divya mishra", "lastName": "Justforretail", "address": { "line1": "N.W. College", "line2": "", "line3": "", "state": "27", "city": "lucknow", "country": "IND", "pinCode": "411001" }, "documents": [ { "type": "PPT", "id": "D89U0112" } ], "dob": "1990-02-02", "mobile": "9353568667", "email": "Bindu.S@godigit.com", "type": "N" }, "insuredPersons": [ { "firstName": "Neha", "lastName": "Justforretail", "address": { "line1": "N.W. College", "line2": "", "line3": "", "state": "27", "city": "Pune", "country": "IND", "pinCode": "411001" }, "documents": [ { "type": "PPT", "id": "D890112" } ], "dob": "1990-02-02", "mobile": "9856453635", "email": "divay@gmail.com", "profession": "", "paxId": "1", "nominee": { "relationship": "S", "name": "Uduwei Uhdewui" }, "type": "N", "gender": "ML" } ], "insuredPersonsCount": "1", "bookingDate": "2020-01-24", "packageName": "", "geography": "UCI", "travelEndDate": "2020-01-26", "travelStartDate": "2020-01-25", "discountFlag": "" }
ErrorMessage : getdetail-webexception=
InnerExceptionMessage : The remote server returned an error: (502) Bad Gateway.
ErrorMessage : https://preprod-digitpolicyissuance.godigit.com/policyservice/v1/createQuote
InnerExceptionMessage : { "bookingId": "retail-2020-46048602", "type": "I", "purpose": "L", "customer": { "firstName": "divya mishra", "lastName": "Justforretail", "address": { "line1": "N.W. College", "line2": "", "line3": "", "state": "27", "city": "lucknow", "country": "IND", "pinCode": "411001" }, "documents": [ { "type": "PPT", "id": "D89U0112" } ], "dob": "1990-02-02", "mobile": "9353568667", "email": "Bindu.S@godigit.com", "type": "N" }, "insuredPersons": [ { "firstName": "Neha", "lastName": "Justforretail", "address": { "line1": "N.W. College", "line2": "", "line3": "", "state": "27", "city": "Pune", "country": "IND", "pinCode": "411001" }, "documents": [ { "type": "PPT", "id": "D890112" } ], "dob": "1990-02-02", "mobile": "9856453635", "email": "divay@gmail.com", "profession": "", "paxId": "1", "nominee": { "relationship": "S", "name": "Uduwei Uhdewui" }, "type": "N", "gender": "ML" } ], "insuredPersonsCount": "1", "bookingDate": "2020-01-24", "packageName": "", "geography": "UCI", "travelEndDate": "2020-01-26", "travelStartDate": "2020-01-25", "discountFlag": "" }
ErrorMessage : getdetail-webexception=
InnerExceptionMessage : The remote server returned an error: (502) Bad Gateway.
ErrorMessage : https://preprod-digitpolicyissuance.godigit.com/policyservice/v1/createQuote
InnerExceptionMessage : { "bookingId": "retail-2020-91260742", "type": "I", "purpose": "L", "customer": { "firstName": "divya mishra", "lastName": "Justforretail", "address": { "line1": "N.W. College", "line2": "", "line3": "", "state": "27", "city": "lucknow", "country": "IND", "pinCode": "411001" }, "documents": [ { "type": "PPT", "id": "D89U0112" } ], "dob": "1990-02-02", "mobile": "9353568667", "email": "Bindu.S@godigit.com", "type": "N" }, "insuredPersons": [ { "firstName": "Neha", "lastName": "Justforretail", "address": { "line1": "N.W. College", "line2": "", "line3": "", "state": "27", "city": "Pune", "country": "IND", "pinCode": "411001" }, "documents": [ { "type": "PPT", "id": "D890112" } ], "dob": "1990-02-02", "mobile": "9856453635", "email": "divay@gmail.com", "profession": "", "paxId": "1", "nominee": { "relationship": "S", "name": "Uduwei Uhdewui" }, "type": "N", "gender": "ML" } ], "insuredPersonsCount": "1", "bookingDate": "2020-01-24", "packageName": "", "geography": "UCI", "travelEndDate": "2020-01-26", "travelStartDate": "2020-01-25", "discountFlag": "" }
ErrorMessage : getdetail-webexception=
InnerExceptionMessage : The remote server returned an error: (502) Bad Gateway.
ErrorMessage : https://preprod-digitpolicyissuance.godigit.com/policyservice/v1/createQuote
InnerExceptionMessage : { "bookingId": "retail-2020-64527206", "type": "I", "purpose": "L", "customer": { "firstName": "divya mishra", "lastName": "Justforretail", "address": { "line1": "N.W. College", "line2": "", "line3": "", "state": "27", "city": "lucknow", "country": "IND", "pinCode": "411001" }, "documents": [ { "type": "PPT", "id": "D89U0112" } ], "dob": "1990-02-02", "mobile": "9353568667", "email": "Bindu.S@godigit.com", "type": "N" }, "insuredPersons": [ { "firstName": "Neha", "lastName": "Justforretail", "address": { "line1": "N.W. College", "line2": "", "line3": "", "state": "27", "city": "Pune", "country": "IND", "pinCode": "411001" }, "documents": [ { "type": "PPT", "id": "D890112" } ], "dob": "1990-02-02", "mobile": "9856453635", "email": "divay@gmail.com", "profession": "", "paxId": "1", "nominee": { "relationship": "S", "name": "Uduwei Uhdewui" }, "type": "N", "gender": "ML" } ], "insuredPersonsCount": "1", "bookingDate": "2020-01-24", "packageName": "", "geography": "UCI", "travelEndDate": "2020-01-26", "travelStartDate": "2020-01-25", "discountFlag": "" }
ErrorMessage : getdetail-webexception=
InnerExceptionMessage : The remote server returned an error: (502) Bad Gateway.
ErrorMessage : https://preprod-digitpolicyissuance.godigit.com/policyservice/v1/createQuote
InnerExceptionMessage : { "bookingId": "retail-2020-12380923", "type": "I", "purpose": "L", "customer": { "firstName": "divya mishra", "lastName": "Justforretail", "address": { "line1": "N.W. College", "line2": "", "line3": "", "state": "27", "city": "lucknow", "country": "IND", "pinCode": "411001" }, "documents": [ { "type": "PPT", "id": "D89U0112" } ], "dob": "1990-02-02", "mobile": "9353568667", "email": "Bindu.S@godigit.com", "type": "N" }, "insuredPersons": [ { "firstName": "Neha", "lastName": "Justforretail", "address": { "line1": "N.W. College", "line2": "", "line3": "", "state": "27", "city": "Pune", "country": "IND", "pinCode": "411001" }, "documents": [ { "type": "PPT", "id": "D890112" } ], "dob": "1990-02-02", "mobile": "9856453635", "email": "divay@gmail.com", "profession": "", "paxId": "1", "nominee": { "relationship": "S", "name": "Uduwei Uhdewui" }, "type": "N", "gender": "ML" } ], "insuredPersonsCount": "1", "bookingDate": "2020-01-24", "packageName": "", "geography": "UCI", "travelEndDate": "2020-01-26", "travelStartDate": "2020-01-25", "discountFlag": "" }
ErrorMessage : getdetail-webexception=
InnerExceptionMessage : The remote server returned an error: (502) Bad Gateway.
ErrorMessage : https://preprod-digitpolicyissuance.godigit.com/policyservice/v1/createQuote
InnerExceptionMessage : { "bookingId": "retail-2020-79092720", "type": "I", "purpose": "L", "customer": { "firstName": "divya mishra", "lastName": "Justforretail", "address": { "line1": "N.W. College", "line2": "", "line3": "", "state": "27", "city": "lucknow", "country": "IND", "pinCode": "411001" }, "documents": [ { "type": "PPT", "id": "D89U0112" } ], "dob": "1990-02-02", "mobile": "9353568667", "email": "Bindu.S@godigit.com", "type": "N" }, "insuredPersons": [ { "firstName": "Neha", "lastName": "Justforretail", "address": { "line1": "N.W. College", "line2": "", "line3": "", "state": "27", "city": "Pune", "country": "IND", "pinCode": "411001" }, "documents": [ { "type": "PPT", "id": "D890112" } ], "dob": "1990-02-02", "mobile": "9856453635", "email": "divay@gmail.com", "profession": "", "paxId": "1", "nominee": { "relationship": "S", "name": "Uduwei Uhdewui" }, "type": "N", "gender": "ML" } ], "insuredPersonsCount": "1", "bookingDate": "2020-01-24", "packageName": "", "geography": "UCI", "travelEndDate": "2020-01-26", "travelStartDate": "2020-01-25", "discountFlag": "" }
ErrorMessage : getdetail-webexception=
InnerExceptionMessage : The remote server returned an error: (502) Bad Gateway.
ErrorMessage : https://preprod-digitpolicyissuance.godigit.com/policyservice/v1/createQuote
InnerExceptionMessage : { "bookingId": "retail-2020-82675612", "type": "I", "purpose": "L", "customer": { "firstName": "divya mishra", "lastName": "Justforretail", "address": { "line1": "N.W. College", "line2": "", "line3": "", "state": "27", "city": "lucknow", "country": "IND", "pinCode": "411001" }, "documents": [ { "type": "PPT", "id": "D89U0112" } ], "dob": "1990-02-02", "mobile": "9353568667", "email": "Bindu.S@godigit.com", "type": "N" }, "insuredPersons": [ { "firstName": "Neha", "lastName": "Justforretail", "address": { "line1": "N.W. College", "line2": "", "line3": "", "state": "27", "city": "Pune", "country": "IND", "pinCode": "411001" }, "documents": [ { "type": "PPT", "id": "D890112" } ], "dob": "1990-02-02", "mobile": "9856453635", "email": "divay@gmail.com", "profession": "", "paxId": "1", "nominee": { "relationship": "S", "name": "Uduwei Uhdewui" }, "type": "N", "gender": "ML" } ], "insuredPersonsCount": "1", "bookingDate": "2020-01-24", "packageName": "", "geography": "UCI", "travelEndDate": "2020-01-26", "travelStartDate": "2020-01-25", "discountFlag": "" }
ErrorMessage : getdetail-webexception=
InnerExceptionMessage : The remote server returned an error: (502) Bad Gateway.
ErrorMessage : https://preprod-digitpolicyissuance.godigit.com/policyservice/v1/createQuote
InnerExceptionMessage : { "bookingId": "retail-2020-212902", "type": "I", "purpose": "L", "customer": { "firstName": "divya mishra", "lastName": "Justforretail", "address": { "line1": "N.W. College", "line2": "", "line3": "", "state": "27", "city": "lucknow", "country": "IND", "pinCode": "411001" }, "documents": [ { "type": "PPT", "id": "D89U0112" } ], "dob": "1990-02-02", "mobile": "9353568667", "email": "Bindu.S@godigit.com", "type": "N" }, "insuredPersons": [ { "firstName": "Neha", "lastName": "Justforretail", "address": { "line1": "N.W. College", "line2": "", "line3": "", "state": "27", "city": "Pune", "country": "IND", "pinCode": "411001" }, "documents": [ { "type": "PPT", "id": "D890112" } ], "dob": "1990-02-02", "mobile": "9856453635", "email": "divay@gmail.com", "profession": "", "paxId": "1", "nominee": { "relationship": "S", "name": "Uduwei Uhdewui" }, "type": "N", "gender": "ML" } ], "insuredPersonsCount": "1", "bookingDate": "2020-01-24", "packageName": "", "geography": "UCI", "travelEndDate": "2020-01-26", "travelStartDate": "2020-01-25", "discountFlag": "" }
ErrorMessage : getdetail-webexception=
InnerExceptionMessage : The remote server returned an error: (502) Bad Gateway.
ErrorMessage : https://preprod-digitpolicyissuance.godigit.com/policyservice/v1/createQuote
InnerExceptionMessage : { "bookingId": "retail-2020-28878343", "type": "I", "purpose": "L", "customer": { "firstName": "divya mishra", "lastName": "Justforretail", "address": { "line1": "N.W. College", "line2": "", "line3": "", "state": "27", "city": "lucknow", "country": "IND", "pinCode": "411001" }, "documents": [ { "type": "PPT", "id": "D89U0112" } ], "dob": "1990-02-02", "mobile": "9353568667", "email": "Bindu.S@godigit.com", "type": "N" }, "insuredPersons": [ { "firstName": "Neha", "lastName": "Justforretail", "address": { "line1": "N.W. College", "line2": "", "line3": "", "state": "27", "city": "Pune", "country": "IND", "pinCode": "411001" }, "documents": [ { "type": "PPT", "id": "D890112" } ], "dob": "1990-02-02", "mobile": "9856453635", "email": "divay@gmail.com", "profession": "", "paxId": "1", "nominee": { "relationship": "S", "name": "Uduwei Uhdewui" }, "type": "N", "gender": "ML" } ], "insuredPersonsCount": "1", "bookingDate": "2020-01-24", "packageName": "", "geography": "UCI", "travelEndDate": "2020-01-26", "travelStartDate": "2020-01-25", "discountFlag": "" }
ErrorMessage : getdetail-webexception=
InnerExceptionMessage : The remote server returned an error: (502) Bad Gateway.
ErrorMessage : https://preprod-digitpolicyissuance.godigit.com/policyservice/v1/createQuote
InnerExceptionMessage : { "bookingId": "retail-2020-51979708", "type": "I", "purpose": "L", "customer": { "firstName": "divya mishra", "lastName": "Justforretail", "address": { "line1": "N.W. College", "line2": "", "line3": "", "state": "27", "city": "lucknow", "country": "IND", "pinCode": "411001" }, "documents": [ { "type": "PPT", "id": "D89U0112" } ], "dob": "1990-02-02", "mobile": "9353568667", "email": "Bindu.S@godigit.com", "type": "N" }, "insuredPersons": [ { "firstName": "Neha", "lastName": "Justforretail", "address": { "line1": "N.W. College", "line2": "", "line3": "", "state": "27", "city": "Pune", "country": "IND", "pinCode": "411001" }, "documents": [ { "type": "PPT", "id": "D890112" } ], "dob": "1990-02-02", "mobile": "9856453635", "email": "divay@gmail.com", "profession": "", "paxId": "1", "nominee": { "relationship": "S", "name": "Uduwei Uhdewui" }, "type": "N", "gender": "ML" } ], "insuredPersonsCount": "1", "bookingDate": "2020-01-24", "packageName": "", "geography": "UCI", "travelEndDate": "2020-01-26", "travelStartDate": "2020-01-25", "discountFlag": "" }
ErrorMessage : getdetail-webexception=
InnerExceptionMessage : The remote server returned an error: (502) Bad Gateway.
ErrorMessage : https://preprod-digitpolicyissuance.godigit.com/policyservice/v1/createQuote
InnerExceptionMessage : { "bookingId": "retail-2020-56015743", "type": "I", "purpose": "L", "customer": { "firstName": "divya mishra", "lastName": "Justforretail", "address": { "line1": "N.W. College", "line2": "", "line3": "", "state": "27", "city": "lucknow", "country": "IND", "pinCode": "411001" }, "documents": [ { "type": "PPT", "id": "D89U0112" } ], "dob": "1990-02-02", "mobile": "9353568667", "email": "Bindu.S@godigit.com", "type": "N" }, "insuredPersons": [ { "firstName": "Neha", "lastName": "Justforretail", "address": { "line1": "N.W. College", "line2": "", "line3": "", "state": "27", "city": "Pune", "country": "IND", "pinCode": "411001" }, "documents": [ { "type": "PPT", "id": "D890112" } ], "dob": "1990-02-02", "mobile": "9856453635", "email": "divay@gmail.com", "profession": "", "paxId": "1", "nominee": { "relationship": "S", "name": "Uduwei Uhdewui" }, "type": "N", "gender": "ML" } ], "insuredPersonsCount": "1", "bookingDate": "2020-01-24", "packageName": "", "geography": "UCI", "travelEndDate": "2020-01-26", "travelStartDate": "2020-01-25", "discountFlag": "" }
ErrorMessage : getdetail-webexception=
InnerExceptionMessage : The remote server returned an error: (502) Bad Gateway.
ErrorMessage : https://preprod-digitpolicyissuance.godigit.com/policyservice/v1/createQuote
InnerExceptionMessage : { "bookingId": "retail-2020-66764417", "type": "I", "purpose": "L", "customer": { "firstName": "divya mishra", "lastName": "Justforretail", "address": { "line1": "N.W. College", "line2": "", "line3": "", "state": "27", "city": "lucknow", "country": "IND", "pinCode": "411001" }, "documents": [ { "type": "PPT", "id": "D89U0112" } ], "dob": "1990-02-02", "mobile": "9353568667", "email": "Bindu.S@godigit.com", "type": "N" }, "insuredPersons": [ { "firstName": "Neha", "lastName": "Justforretail", "address": { "line1": "N.W. College", "line2": "", "line3": "", "state": "27", "city": "Pune", "country": "IND", "pinCode": "411001" }, "documents": [ { "type": "PPT", "id": "D890112" } ], "dob": "1990-02-02", "mobile": "9856453635", "email": "divay@gmail.com", "profession": "", "paxId": "1", "nominee": { "relationship": "S", "name": "Uduwei Uhdewui" }, "type": "N", "gender": "ML" } ], "insuredPersonsCount": "1", "bookingDate": "2020-01-24", "packageName": "", "geography": "UCI", "travelEndDate": "2020-01-26", "travelStartDate": "2020-01-25", "discountFlag": "" }
ErrorMessage : getdetail-webexception=
InnerExceptionMessage : The remote server returned an error: (502) Bad Gateway.
ErrorMessage : dasd=
InnerExceptionMessage : {"pdfName":"","premium":"10633","totalPremium":"12398.98","accidentalDeathPremium":"59","permanentDisabilityPremium":"47","criticalIllnessPremium":"250","premiumWaiver":"0","betterHalfPremium":"0","basePremium":"9011","hcbPremium":"1410","error":null,"isValid":true,"sumAssured":null}
ErrorMessage : dasd=
InnerExceptionMessage : {"pdfName":"","premium":"10633","totalPremium":"12398.98","accidentalDeathPremium":"59","permanentDisabilityPremium":"47","criticalIllnessPremium":"250","premiumWaiver":"0","betterHalfPremium":"0","basePremium":"9011","hcbPremium":"1410","error":null,"isValid":true,"sumAssured":null}
ErrorMessage : dasd=
InnerExceptionMessage : {"pdfName":"","premium":"10633","totalPremium":"12398.98","accidentalDeathPremium":"59","permanentDisabilityPremium":"47","criticalIllnessPremium":"250","premiumWaiver":"0","betterHalfPremium":"0","basePremium":"9011","hcbPremium":"1410","error":null,"isValid":true,"sumAssured":null}
ErrorMessage : dasd=
InnerExceptionMessage : {"pdfName":"","premium":"10633","totalPremium":"12398.98","accidentalDeathPremium":"59","permanentDisabilityPremium":"47","criticalIllnessPremium":"250","premiumWaiver":"0","betterHalfPremium":"0","basePremium":"9011","hcbPremium":"1410","error":null,"isValid":true,"sumAssured":null}
ErrorMessage : dasd=
InnerExceptionMessage : {"pdfName":"","premium":"10633","totalPremium":"12398.98","accidentalDeathPremium":"59","permanentDisabilityPremium":"47","criticalIllnessPremium":"250","premiumWaiver":"0","betterHalfPremium":"0","basePremium":"9011","hcbPremium":"1410","error":null,"isValid":true,"sumAssured":null}
ErrorMessage : dasd=
InnerExceptionMessage : {"pdfName":"","premium":"10633","totalPremium":"12398.98","accidentalDeathPremium":"59","permanentDisabilityPremium":"47","criticalIllnessPremium":"250","premiumWaiver":"0","betterHalfPremium":"0","basePremium":"9011","hcbPremium":"1410","error":null,"isValid":true,"sumAssured":null}
ErrorMessage : dasd=
InnerExceptionMessage : {"pdfName":"","premium":"10633","totalPremium":"12398.98","accidentalDeathPremium":"59","permanentDisabilityPremium":"47","criticalIllnessPremium":"250","premiumWaiver":"0","betterHalfPremium":"0","basePremium":"9011","hcbPremium":"1410","error":null,"isValid":true,"sumAssured":null}
ErrorMessage : dasd=
InnerExceptionMessage : {"pdfName":"","premium":"10633","totalPremium":"12398.98","accidentalDeathPremium":"59","permanentDisabilityPremium":"47","criticalIllnessPremium":"250","premiumWaiver":"0","betterHalfPremium":"0","basePremium":"9011","hcbPremium":"1410","error":null,"isValid":true,"sumAssured":null}
ErrorMessage : dasd=
InnerExceptionMessage : {"pdfName":"","premium":"10633","totalPremium":"12398.98","accidentalDeathPremium":"59","permanentDisabilityPremium":"47","criticalIllnessPremium":"250","premiumWaiver":"0","betterHalfPremium":"0","basePremium":"9011","hcbPremium":"1410","error":null,"isValid":true,"sumAssured":null}
ErrorMessage : dasd=
InnerExceptionMessage : {"pdfName":"","premium":"10633","totalPremium":"12398.98","accidentalDeathPremium":"59","permanentDisabilityPremium":"47","criticalIllnessPremium":"250","premiumWaiver":"0","betterHalfPremium":"0","basePremium":"9011","hcbPremium":"1410","error":null,"isValid":true,"sumAssured":null}
ErrorMessage : dasd=
InnerExceptionMessage : {"pdfName":"","premium":"10633","totalPremium":"12398.98","accidentalDeathPremium":"59","permanentDisabilityPremium":"47","criticalIllnessPremium":"250","premiumWaiver":"0","betterHalfPremium":"0","basePremium":"9011","hcbPremium":"1410","error":null,"isValid":true,"sumAssured":null}
ErrorMessage : dasd=
InnerExceptionMessage : {"pdfName":"","premium":"10633","totalPremium":"12398.98","accidentalDeathPremium":"59","permanentDisabilityPremium":"47","criticalIllnessPremium":"250","premiumWaiver":"0","betterHalfPremium":"0","basePremium":"9011","hcbPremium":"1410","error":null,"isValid":true,"sumAssured":null}
ErrorMessage : dasd=
InnerExceptionMessage : {"pdfName":"","premium":"10633","totalPremium":"12398.98","accidentalDeathPremium":"59","permanentDisabilityPremium":"47","criticalIllnessPremium":"250","premiumWaiver":"0","betterHalfPremium":"0","basePremium":"9011","hcbPremium":"1410","error":null,"isValid":true,"sumAssured":null}
ErrorMessage : dasd=
InnerExceptionMessage : {"pdfName":"","premium":"10633","totalPremium":"12398.98","accidentalDeathPremium":"59","permanentDisabilityPremium":"47","criticalIllnessPremium":"250","premiumWaiver":"0","betterHalfPremium":"0","basePremium":"9011","hcbPremium":"1410","error":null,"isValid":true,"sumAssured":null}
ErrorMessage : dasd=
InnerExceptionMessage : {"pdfName":"","premium":"10633","totalPremium":"12398.98","accidentalDeathPremium":"59","permanentDisabilityPremium":"47","criticalIllnessPremium":"250","premiumWaiver":"0","betterHalfPremium":"0","basePremium":"9011","hcbPremium":"1410","error":null,"isValid":true,"sumAssured":null}
ErrorMessage : dasd=
InnerExceptionMessage : {"pdfName":"","premium":"10633","totalPremium":"12398.98","accidentalDeathPremium":"59","permanentDisabilityPremium":"47","criticalIllnessPremium":"250","premiumWaiver":"0","betterHalfPremium":"0","basePremium":"9011","hcbPremium":"1410","error":null,"isValid":true,"sumAssured":null}
ErrorMessage : dasd=
InnerExceptionMessage : {"pdfName":"","premium":"10633","totalPremium":"12398.98","accidentalDeathPremium":"59","permanentDisabilityPremium":"47","criticalIllnessPremium":"250","premiumWaiver":"0","betterHalfPremium":"0","basePremium":"9011","hcbPremium":"1410","error":null,"isValid":true,"sumAssured":null}
ErrorMessage : dasd=
InnerExceptionMessage : {"pdfName":"","premium":"10633","totalPremium":"12398.98","accidentalDeathPremium":"59","permanentDisabilityPremium":"47","criticalIllnessPremium":"250","premiumWaiver":"0","betterHalfPremium":"0","basePremium":"9011","hcbPremium":"1410","error":null,"isValid":true,"sumAssured":null}
ErrorMessage : dasd=
InnerExceptionMessage : {"pdfName":"","premium":"10633","totalPremium":"12398.98","accidentalDeathPremium":"59","permanentDisabilityPremium":"47","criticalIllnessPremium":"250","premiumWaiver":"0","betterHalfPremium":"0","basePremium":"9011","hcbPremium":"1410","error":null,"isValid":true,"sumAssured":null}
ErrorMessage : dasd=
InnerExceptionMessage : {"pdfName":"","premium":"10633","totalPremium":"12398.98","accidentalDeathPremium":"59","permanentDisabilityPremium":"47","criticalIllnessPremium":"250","premiumWaiver":"0","betterHalfPremium":"0","basePremium":"9011","hcbPremium":"1410","error":null,"isValid":true,"sumAssured":null}
ErrorMessage : dasd=
InnerExceptionMessage : {"pdfName":"","premium":"10633","totalPremium":"12398.98","accidentalDeathPremium":"59","permanentDisabilityPremium":"47","criticalIllnessPremium":"250","premiumWaiver":"0","betterHalfPremium":"0","basePremium":"9011","hcbPremium":"1410","error":null,"isValid":true,"sumAssured":null}
ErrorMessage : dasd=
InnerExceptionMessage : {"pdfName":"","premium":"10633","totalPremium":"12398.98","accidentalDeathPremium":"59","permanentDisabilityPremium":"47","criticalIllnessPremium":"250","premiumWaiver":"0","betterHalfPremium":"0","basePremium":"9011","hcbPremium":"1410","error":null,"isValid":true,"sumAssured":null}
ErrorMessage : dasd=
InnerExceptionMessage : {"pdfName":"","premium":"10633","totalPremium":"12398.98","accidentalDeathPremium":"59","permanentDisabilityPremium":"47","criticalIllnessPremium":"250","premiumWaiver":"0","betterHalfPremium":"0","basePremium":"9011","hcbPremium":"1410","error":null,"isValid":true,"sumAssured":null}
ErrorMessage : dasd=
InnerExceptionMessage : {"pdfName":"","premium":"10633","totalPremium":"12398.98","accidentalDeathPremium":"59","permanentDisabilityPremium":"47","criticalIllnessPremium":"250","premiumWaiver":"0","betterHalfPremium":"0","basePremium":"9011","hcbPremium":"1410","error":null,"isValid":true,"sumAssured":null}
